#-----------------------------------------------------------
# Vivado v2018.3.1 (64-bit)
# SW Build 2489853 on Tue Mar 26 04:20:25 MDT 2019
# IP Build 2486929 on Tue Mar 26 06:44:21 MDT 2019
# Start of session at: Mon Jan 15 20:36:03 2024
# Process ID: 19004
# Current directory: D:/IDEA_Projects/auto-fx
# Command line: vivado.exe -mode tcl -source D:\vivado_projects\blank.tcl
# Log file: D:/IDEA_Projects/auto-fx/vivado.log
# Journal file: D:/IDEA_Projects/auto-fx\vivado.jou
#----------------------------------------------------------sosource {D:\vivado_projects\blank.tclopen_hw
connect_hw_server
INFO: [Labtools 27-2285] Connecting to hw_server url TCP:localhost:3121
close_hw_target {localhost:3121/xilinx_tcf/Xilinx/80806580066901}
INFO: [Labtoolstcl 44-464] Closing hw_target localhost:3121/xilinx_tcf/Xilinx/80806580066901
INFO: [Labtoolstcl 44-468] Target hw_target localhost:3121/xilinx_tcf/Xilinx/80806580066901 is already closed
close_hw_target {localhost:3121/xilinx_tcf/Xilinx/8080658006c001}
INFO: [Labtoolstcl 44-464] Closing hw_target localhost:3121/xilinx_tcf/Xilinx/8080658006c001
INFO: [Labtoolstcl 44-468] Target hw_target localhost:3121/xilinx_tcf/Xilinx/8080658006c001 is already closed
open_hw_target {localhost:3121/xilinx_tcf/Xilinx/8080658006c101}
INFO: [Labtoolstcl 44-466] Opening hw_target localhost:3121/xilinx_tcf/Xilinx/8080658006c101
current_hw_device [get_hw_devices xc7vx690t_0]
refresh_hw_device -update_hw_probes false [lindex [get_hw_devices xc7vx690t_0] 0]
INFO: [Labtools 27-2302] Device xc7vx690t (JTAG device index = 0) is programmed with a design that has 5 ILA core(s).
refresh_hw_device: Time (s): cpu = 00:00:05 ; elapsed = 00:00:08 . Memory (MB): peak = 1250.766 ; gain = 997.066
set_property PROBES.FILE {E:/wx/1_auto-test/about vivado/bit_file_from_yangjiashuo/TOP_test2_2.ltx} [get_hw_devices xc7vx690t_0]
set_property FULL_PROBES.FILE {E:/wx/1_auto-test/about vivado/bit_file_from_yangjiashuo/TOP_test2_2.ltx} [get_hw_devices xc7vx690t_0]
set_property PROGRAM.FILE {E:/wx/1_auto-test/about vivado/bit_file_from_yangjiashuo/TOP_test2_2.bit} [get_hw_devices xc7vx690t_0]
program_hw_devices [get_hw_devices xc7vx690t_0]
INFO: [Labtools 27-3164] End of startup status: HIGH
program_hw_devices: Time (s): cpu = 00:00:57 ; elapsed = 00:01:02 . Memory (MB): peak = 1251.301 ; gain = 0.535
refresh_hw_device [lindex [get_hw_devices xc7vx690t_0] 0]
INFO: [Labtools 27-2302] Device xc7vx690t (JTAG device index = 0) is programmed with a design that has 6 ILA core(s).
INFO: [Labtools 27-2302] Device xc7vx690t (JTAG device index = 0) is programmed with a design that has 18 VIO core(s).
INFO: [Labtools 27-1889] Uploading output probe values for VIO core [hw_vio_11]
INFO: [Labtools 27-1889] Uploading output probe values for VIO core [hw_vio_12]
INFO: [Labtools 27-1889] Uploading output probe values for VIO core [hw_vio_13]
INFO: [Labtools 27-1889] Uploading output probe values for VIO core [hw_vio_14]
INFO: [Labtools 27-1889] Uploading output probe values for VIO core [hw_vio_15]
INFO: [Labtools 27-1889] Uploading output probe values for VIO core [hw_vio_16]
INFO: [Labtools 27-1889] Uploading output probe values for VIO core [hw_vio_17]
INFO: [Labtools 27-1889] Uploading output probe values for VIO core [hw_vio_18]
refresh_hw_device: Time (s): cpu = 00:00:00 ; elapsed = 00:00:07 . Memory (MB): peak = 1254.996 ; gain = 3.695
display_hw_ila_data [ get_hw_ila_data hw_ila_data_1 -of_objects [get_hw_ilas -of_objects [get_hw_devices xc7vx690t_0] -filter {CELL_NAME=~"ADandDA_inst/AD_SPI_inst/ila_spi_inst"}]]
display_hw_ila_data [ get_hw_ila_data hw_ila_data_2 -of_objects [get_hw_ilas -of_objects [get_hw_devices xc7vx690t_0] -filter {CELL_NAME=~"ADandDA_inst/DA_SPI_INST/ila_daspi_INST"}]]
display_hw_ila_data [ get_hw_ila_data hw_ila_data_3 -of_objects [get_hw_ilas -of_objects [get_hw_devices xc7vx690t_0] -filter {CELL_NAME=~"ADandDA_inst/ila_addata_inst"}]]
display_hw_ila_data [ get_hw_ila_data hw_ila_data_4 -of_objects [get_hw_ilas -of_objects [get_hw_devices xc7vx690t_0] -filter {CELL_NAME=~"TCTM_INST/ila_tctm_inst"}]]
WARNING: [Labtoolstcl 44-129] No matching hw_ila_data was found.
display_hw_ila_data [ get_hw_ila_data hw_ila_data_5 -of_objects [get_hw_ilas -of_objects [get_hw_devices xc7vx690t_0] -filter {CELL_NAME=~"rec_Calib_inst/ila_rec_calib_simp_inst"}]]
WARNING: [Labtoolstcl 44-129] No matching hw_ila_data was found.
display_hw_ila_data [ get_hw_ila_data hw_ila_data_6 -of_objects [get_hw_ilas -of_objects [get_hw_devices xc7vx690t_0] -filter {CELL_NAME=~"uut_beam_gth/dut_54/ila_54beam_inst"}]]
WARNING: [Labtoolstcl 44-130] No matching hw_ilas were found.
WARNING: [Labtoolstcl 44-129] No matching hw_ila_data was found.
display_hw_ila_data [ get_hw_ila_data hw_ila_data_7 -of_objects [get_hw_ilas -of_objects [get_hw_devices xc7vx690t_0] -filter {CELL_NAME=~"uut_beam_gth/ila_dds_inst"}]]
WARNING: [Labtoolstcl 44-130] No matching hw_ilas were found.
WARNING: [Labtoolstcl 44-129] No matching hw_ila_data was found.
display_hw_ila_data [ get_hw_ila_data hw_ila_data_8 -of_objects [get_hw_ilas -of_objects [get_hw_devices xc7vx690t_0] -filter {CELL_NAME=~"uut_beam_gth/uut_para539/uut_ila_5"}]]
WARNING: [Labtoolstcl 44-130] No matching hw_ilas were found.
WARNING: [Labtoolstcl 44-129] No matching hw_ila_data was found.
set_property TRIGGER_COMPARE_VALUE eq3'bXXX [get_hw_probes ADandDA_inst/pps_r -of_objects [get_hw_ilas -of_objects [get_hw_devices xc7vx690t_0] -filter {CELL_NAME=~"ADandDA_inst/ila_addata_inst"}]]
set_property TRIGGER_COMPARE_VALUE eq3'b100 [get_hw_probes ADandDA_inst/pps_r -of_objects [get_hw_ilas -of_objects [get_hw_devices xc7vx690t_0] -filter {CELL_NAME=~"ADandDA_inst/ila_addata_inst"}]]
startgroup
set_property CONTROL.DATA_DEPTH 8192 [get_hw_ilas -of_objects [get_hw_devices xc7vx690t_0] -filter {CELL_NAME=~"ADandDA_inst/ila_addata_inst"}]
set_property CONTROL.TRIGGER_POSITION 8191 [get_hw_ilas -of_objects [get_hw_devices xc7vx690t_0] -filter {CELL_NAME=~"ADandDA_inst/ila_addata_inst"}]
endgroup
set_property CONTROL.TRIGGER_POSITION 10set_property OUTPUT_VALUE_RADIX UNSIGNED [get_hw_probes ADandDA_inst/CNTVALUEIN -of_objects [get_hw_vios -of_objects [get_hw_devices xc7vx690t_0] -filter {CELL_NAME=~"ADandDA_inst/vio_delay_all_inst"}]]
set_property OUTPUT_VALUE_RADIX UNSIGNED [get_hw_probes ADandDA_inst/CNTVALUEIN_CLK -of_objects [get_hw_vios set_property OUTPUT_VALUE_RADIX UNSIGNED [get_hw_probes ADandDA_inst/CNTVALUEIN_CLK -of_objects [gset_property OUTPUT_VALUE 0 [get_hw_probes ADandDA_inst/delay_load_en -of_objects [get_hw_vios -of_objects [gset_property OUTPUT_VALUE 0 [get_hw_probes ADandDA_inst/delay_load_en -of_objects [gcommit_hw_vio [get_hw_probes {ADandDA_inst/delay_load_en} -of_objects [get_hw_vios -of_objects [get_hw_devicecommit_hw_vio [get_hw_probes {ADandDA_inst/delay_load_en} -of_objects [gset_property OUTPUT_VALUE 1 [get_hw_probes ADandDA_inst/delay_load_en -of_objects [get_hw_vios -of_objects [gset_property OUTPUT_VALUE 1 [get_hw_probes ADandDA_inst/delay_load_en -of_objects [gcommit_hw_vio [get_hw_probes {ADandDA_inst/delay_load_en} -of_objects [get_hw_vios -of_objects [get_hw_devicecommit_hw_vio [get_hw_probes {ADandDA_inst/delay_load_en} -of_objects [gset_property OUTPUT_VALUE 0 [get_hw_probes ADandDA_inst/delay_load_en_CLK -of_objects [get_hw_vios -of_objectset_property OUTPUT_VALUE 0 [get_hw_probes ADandDA_inst/delay_load_en_CLK -of_objects [gcommit_hw_vio [get_hw_probes {ADandDA_inst/delay_load_en_CLK} -of_objects [get_hw_vios -of_objects [get_hw_decommit_hw_vio [get_hw_probes {ADandDA_inst/delay_load_en_CLK} -of_objects [gset_property OUTPUT_VALUE 1 [get_hw_probes ADandDA_inst/delay_load_en_CLK -of_objects [get_hw_vios -of_objectset_property OUTPUT_VALUE 1 [get_hw_probes ADandDA_inst/delay_load_en_CLK -of_objects [gcommit_hw_vio [get_hw_probes {ADandDA_inst/delay_load_en_CLK} -of_objects [get_hw_vios -of_objects [get_hw_decommit_hw_vio [get_hw_probes {ADandDA_inst/delay_load_en_CLK} -of_objects [gset_property OUTPUT_VALUE 0 [get_hw_probes ADandDA_inst/CNTVALUEIN_CLK -of_objects [get_hw_vios -of_objects [set_property OUTPUT_VALUE 0 [get_hw_probes ADandDA_inst/CNTVALUEIN_CLK -of_objects [gcommit_hw_vio [get_hw_probes {ADandDA_inst/CNTVALUEIN_CLK} -of_objects [get_hw_vios -of_objects [get_hw_deviccommit_hw_vio [get_hw_probes {ADandDA_inst/CNTVALUEIN_CLK} -of_objects [gset_property OUTPUT_VALUE 0 [get_hw_probes ADandDA_inst/CNTVALUEIN_CLK -of_objects [get_hw_vios -of_objects [set_property OUTPUT_VALUE 0 [get_hw_probes ADandDA_inst/CNTVALUEIN_CLK -of_objects [gcommit_hw_vio [get_hw_probes {ADandDA_inst/CNTVALUEIN} -of_objects [get_hw_vios -of_objects [get_hw_devices xcommit_hw_vio [get_hw_probes {ADandDA_inst/CNTVALUEIN} -of_objects [grun_hw_ila [get_hw_ilas -of_objects [get_hw_devices xc7vx690t_0] -filter {CELL_NAME=~"ADandDA_inst/ila_addatarun_hw_ilINFO: [Labtools 27-1964] The ILA core 'hw_ila_3' trigger was armed at 2024-Jan-15 20:41:11
wait_on_hw_ila [get_hw_ilas -of_objects [get_hw_devices xc7vx690t_0] -filter {CELL_NAME=~"ADandDA_inst/ila_adwait_on_hw_ilupload_hw_ila_data [get_hw_ilas -of_objects [get_hw_devices xc7vx690t_0] -filter {CELL_NAME=~"ADandDA_inst/ila_addata_inst"}]
INFO: [Labtools 27-1966] The ILA core 'hw_ila_3' triggered at 2024-Jan-15 20:41:13
upload_hw_ila_data: Time (s): cpu = 00:00:00 ; elapsed = 00:01:06 . Memory (MB): peak = 1264.410 ; gain = 6.6upload_hw_ila_data: Time (s): cpu = 00:00:00 ; elapsed = 00:01:07 . Memory (MB): peak = 1263.637 ; gain = 6.629
write_hw_ilaset_property OUTPUT_VALUE_RADIX UNSIGNED [get_hw_probes ADandDA_inst/CNTVALUEIN -of_objects [get_hw_vios -of_set_property OUTPUT_VALUE_RADIX UNSIGNED [get_hw_probes ADandDA_inst/CNTVALUEIN -of_objects [gset_property OUTPUT_VALUE_RADIX UNSIGNED [get_hw_probes ADandDA_inst/CNTVALUEIN_CLK -of_objects [get_hw_vios -of_objects [get_hw_devices xc7vx690t_0] -filter {CELL_NAME=~"ADandDA_inst/vio_delay_all_inst"}]]
set_property OUTPUT_VALUE 0 [get_hw_probes ADandDA_inst/delay_load_en -of_objects [get_hw_vios -of_objects [gset_property OUTPUT_VALUE 0 [get_hw_probes ADandDA_inst/delay_load_en -of_objects [gcommit_hw_vio [get_hw_probes {ADandDA_inst/delay_load_en} -of_objects [get_hw_vios -of_objects [get_hw_devices xc7vx690t_0] -filter {CELL_NAME=~"ADandDA_inst/vio_delay_all_inst"}]]
set_property OUTPUT_VALUE 1 [get_hw_probes ADandDA_inst/delay_load_en -of_objects [get_hw_vios -of_objects [get_hw_devices xc7vx690t_0] -filter {CELL_NAME=~"ADandDA_inst/vio_delay_all_inst"}]]
commit_hw_vio [get_hw_probes {ADandDA_inst/delay_load_en} -of_objects [get_hw_vios -of_objects [get_hw_devices xc7vx690t_0] -filter {CELL_NAME=~"ADandDA_inst/vio_delay_all_inst"}]]
set_property OUTPUT_VALUE 0 [get_hw_probes ADandDA_inst/delay_load_en_CLK -of_objects [get_hw_vios -of_objectset_property OUTPUT_VALUE 0 [get_hw_probes ADandDA_inst/delay_load_en_CLK -of_objects [gcommit_hw_vio [get_hw_probes {ADandDA_inst/delay_load_en_CLK} -of_objects [get_hw_vios -of_objects [get_hw_decommit_hw_vio [get_hw_probes {ADandDA_inst/delay_load_en_CLK} -of_objects [gset_property OUTPUT_VALUE 1 [get_hw_probes ADandDA_inst/delay_load_en_CLK -of_objects [get_hw_vios -of_objectset_property OUTPUT_VALUE 1 [get_hw_probes ADandDA_inst/delay_load_en_CLK -of_objects [gcommit_hw_vio [get_hw_probes {ADandDA_inst/delay_load_en_CLK} -of_objects [get_hw_vios -of_objects [get_hw_decommit_hw_vio [get_hw_probes {ADandDA_inst/delay_load_en_CLK} -of_objects [gset_property OUTPUT_VALUE 0 [get_hw_probes ADandDA_inst/CNTVALUEIN_CLK -of_objects [get_hw_vios -of_objects [set_property OUTPUT_VALUE 0 [get_hw_probes ADandDA_inst/CNTVALUEIN_CLK -of_objects [gcommit_hw_vio [get_hw_probes {ADandDA_inst/CNTVALUEIN_CLK} -of_objects [get_hw_vios -of_objects [get_hw_deviccommit_hw_vio [get_hw_probes {ADandDA_inst/CNTVALUEIN_CLK} -of_objects [gset_property OUTPUT_VALUE 1 [get_hw_probes ADandDA_inst/CNTVALUEIN_CLK -of_objects [get_hw_vios -of_objects [set_property OUTPUT_VALUE 1 [get_hw_probes ADandDA_inst/CNTVALUEIN_CLK -of_objects [gcommit_hw_vio [get_hw_probes {ADandDA_inst/CNTVALUEIN} -of_objects [get_hw_vios -of_objects [get_hw_devices xcommit_hw_vio [get_hw_probes {ADandDA_inst/CNTVALUEIN} -of_objects [grun_hw_ila [get_hw_ilas -of_objects [get_hw_devices xc7vx690t_0] -filter {CELL_NAME=~"ADandDA_inst/ila_addata_inst"}]
INFO: [Labtools 27-1964] The ILA core 'hw_ila_3' trigger was armed at 2024-Jan-15 20:42:41
wait_on_hw_ila [get_hw_ilas -of_objects [get_hw_devices xc7vx690t_0] -filter {CELL_NAME=~"ADandDA_inst/ila_addata_inst"}]
upload_hw_ila_data [get_hw_ilas -of_objects [get_hw_devices xc7vx690t_0] -filter {CELL_NAME=~"ADandDA_inst/ilupload_hw_ila_datINFO: [Labtools 27-1966] The ILA core 'hw_ila_3' triggered at 2024-Jan-15 20:42:43
upload_hw_ila_data: Time (s): cpu = 00:00:00 ; elapsed = 00:01:07 . Memory (MB): peak = 1276.336 ; gain = 6.195
write_hw_ila_data -csv_file {E:\wx\1_auto-test\about vivado\bit_file_from_yangjiashuo\0111\process1_1.csv} hw_ila_data_3
set_property OUTPUT_VALUE_RADIX UNSIGNED [get_hw_probes ADandDA_inst/CNTVALUEIN -of_objects [get_hw_vios -of_objects [get_hw_devices xc7vx690t_0] -filter {CELL_NAME=~"ADandDA_inst/vio_delay_all_inst"}]]
set_property OUTPUT_VALUE_RADIX UNSIGNED [get_hw_probes ADandDA_inst/CNTVALUEIN_CLK -of_objects [get_hw_vios set_property OUTPUT_VALUE_RADIX UNSIGNED [get_hw_probes ADandDA_inst/CNTVALUEIN_CLK -of_objects [gset_property OUTPUT_VALUE 0 [get_hw_probes ADandDA_inst/delay_load_en -of_objects [get_hw_vios -of_objects [get_hw_devices xc7vx690t_0] -filter {CELL_NAME=~"ADandDA_inst/vio_delay_all_inst"}]]
commit_hw_vio [get_hw_probes {ADandDA_inst/delay_load_en} -of_objects [get_hw_vios -of_objects [get_hw_devices xc7vx690t_0] -filter {CELL_NAME=~"ADandDA_inst/vio_delay_all_inst"}]]
set_property OUTPUT_VALUE 1 [get_hw_probes ADandDA_inst/delay_load_en -of_objects [get_hw_vios -of_objects [get_hw_devices xc7vx690t_0] -filter {CELL_NAME=~"ADandDA_inst/vio_delay_all_inst"}]]
commit_hw_vio [get_hw_probes {ADandDA_inst/delay_load_en} -of_objects [get_hw_vios -of_objects [get_hw_devices xc7vx690t_0] -filter {CELL_NAME=~"ADandDA_inst/vio_delay_all_inst"}]]
set_property OUTPUT_VALUE 0 [get_hw_probes ADandDA_inst/delay_load_en_CLK -of_objects [get_hw_vios -of_objects [get_hw_devices xc7vx690t_0] -filter {CELL_NAME=~"ADandDA_inst/vio_delay_all_inst"}]]
commit_hw_vio [get_hw_probes {ADandDA_inst/delay_load_en_CLK} -of_objects [get_hw_vios -of_objects [get_hw_devices xc7vx690t_0] -filter {CELL_NAME=~"ADandDA_inst/vio_delay_all_inst"}]]
set_property OUTPUT_VALUE 1 [get_hw_probes ADandDA_inst/delay_load_en_CLK -of_objects [get_hw_vios -of_objects [get_hw_devices xc7vx690t_0] -filter {CELL_NAME=~"ADandDA_inst/vio_delay_all_inst"}]]
commit_hw_vio [get_hw_probes {ADandDA_inst/delay_load_en_CLK} -of_objects [get_hw_vios -of_objects [get_hw_devices xc7vx690t_0] -filter {CELL_NAME=~"ADandDA_inst/vio_delay_all_inst"}]]
set_property OUTPUT_VALUE 0 [get_hw_probes ADandDA_inst/CNTVALUEIN_CLK -of_objects [get_hw_vios -of_objects [get_hw_devices xc7vx690t_0] -filter {CELL_NAME=~"ADandDA_inst/vio_delay_all_inst"}]]
commit_hw_vio [get_hw_probes {ADandDA_inst/CNTVALUEIN_CLK} -of_objects [get_hw_vios -of_objects [get_hw_devices xc7vx690t_0] -filter {CELL_NAME=~"ADandDA_inst/vio_delay_all_inst"}]]
set_property OUTPUT_VALUE 2 [get_hw_probes ADandDA_inst/CNTVALUEIN_CLK -of_objects [get_hw_vios -of_objects [get_hw_devices xc7vx690t_0] -filter {CELL_NAME=~"ADandDA_inst/vio_delay_all_inst"}]]
commit_hw_vio [get_hw_probes {ADandDA_inst/CNTVALUEIN} -of_objects [get_hw_vios -of_objects [get_hw_devices xc7vx690t_0] -filter {CELL_NAME=~"ADandDA_inst/vio_delay_all_inst"}]]
run_hw_ila [get_hw_ilas -of_objects [get_hw_devices xc7vx690t_0] -filter {CELL_NAME=~"ADandDA_inst/ila_addata_inst"}]
INFO: [Labtools 27-1964] The ILA core 'hw_ila_3' trigger was armed at 2024-Jan-15 20:44:10
wait_on_hw_ila [get_hw_ilas -of_objects [get_hw_devices xc7vx690t_0] -filter {CELL_NAME=~"ADandDA_inst/ila_addata_inst"}]
upload_hw_ila_data [get_hw_ilas -of_objects [get_hw_devices xc7vx690t_0] -filter {CELL_NAME=~"ADandDA_inst/ilupload_hw_ila_datINFO: [Labtools 27-1966] The ILA core 'hw_ila_3' triggered at 2024-Jan-15 20:44:13
upload_hw_ila_data: Time (s): cpu = 00:00:00 ; elapsed = 00:01:08 . Memory (MB): peak = 1278.660 ; gain = 2.3upload_hw_ila_data: Time (s): cpu = 00:00:01 ; elapsed = 00:01:08 . Memory (MB): peak = 1277.863 ; gain = 2.246
write_hw_ilaset_property OUTPUT_VALUE_RADIX UNSIGNED [get_hw_probes ADandDA_inst/CNTVALUEIN -of_objects [get_hw_vios -of_set_property OUTPUT_VALUE_RADIX UNSIGNED [get_hw_probes ADandDA_inst/CNTVALUEIN -of_objects [gset_property OUTPUT_VALUE_RADIX UNSIGNED [get_hw_probes ADandDA_inst/CNTVALUEIN_CLK -of_objects [get_hw_vios -of_objects [get_hw_devices xc7vx690t_0] -filter {CELL_NAME=~"ADandDA_inst/vio_delay_all_inst"}]]
set_property OUTPUT_VALUE 0 [get_hw_probes ADandDA_inst/delay_load_en -of_objects [get_hw_vios -of_objects [get_hw_devices xc7vx690t_0] -filter {CELL_NAME=~"ADandDA_inst/vio_delay_all_inst"}]]
commit_hw_vio [get_hw_probes {ADandDA_inst/delay_load_en} -of_objects [get_hw_vios -of_objects [get_hw_devices xc7vx690t_0] -filter {CELL_NAME=~"ADandDA_inst/vio_delay_all_inst"}]]
set_property OUTPUT_VALUE 1 [get_hw_probes ADandDA_inst/delay_load_en -of_objects [get_hw_vios -of_objects [get_hw_devices xc7vx690t_0] -filter {CELL_NAME=~"ADandDA_inst/vio_delay_all_inst"}]]
commit_hw_vio [get_hw_probes {ADandDA_inst/delay_load_en} -of_objects [get_hw_vios -of_objects [get_hw_devices xc7vx690t_0] -filter {CELL_NAME=~"ADandDA_inst/vio_delay_all_inst"}]]
set_property OUTPUT_VALUE 0 [get_hw_probes ADandDA_inst/delay_load_en_CLK -of_objects [get_hw_vios -of_objects [get_hw_devices xc7vx690t_0] -filter {CELL_NAME=~"ADandDA_inst/vio_delay_all_inst"}]]
commit_hw_vio [get_hw_probes {ADandDA_inst/delay_load_en_CLK} -of_objects [get_hw_vios -of_objects [get_hw_devices xc7vx690t_0] -filter {CELL_NAME=~"ADandDA_inst/vio_delay_all_inst"}]]
set_property OUTPUT_VALUE 1 [get_hw_probes ADandDA_inst/delay_load_en_CLK -of_objects [get_hw_vios -of_objects [get_hw_devices xc7vx690t_0] -filter {CELL_NAME=~"ADandDA_inst/vio_delay_all_inst"}]]
commit_hw_vio [get_hw_probes {ADandDA_inst/delay_load_en_CLK} -of_objects [get_hw_vios -of_objects [get_hw_devices xc7vx690t_0] -filter {CELL_NAME=~"ADandDA_inst/vio_delay_all_inst"}]]
set_property OUTPUT_VALUE 0 [get_hw_probes ADandDA_inst/CNTVALUEIN_CLK -of_objects [get_hw_vios -of_objects [get_hw_devices xc7vx690t_0] -filter {CELL_NAME=~"ADandDA_inst/vio_delay_all_inst"}]]
commit_hw_vio [get_hw_probes {ADandDA_inst/CNTVALUEIN_CLK} -of_objects [get_hw_vios -of_objects [get_hw_devices xc7vx690t_0] -filter {CELL_NAME=~"ADandDA_inst/vio_delay_all_inst"}]]
set_property OUTPUT_VALUE 3 [get_hw_probes ADandDA_inst/CNTVALUEIN_CLK -of_objects [get_hw_vios -of_objects [get_hw_devices xc7vx690t_0] -filter {CELL_NAME=~"ADandDA_inst/vio_delay_all_inst"}]]
commit_hw_vio [get_hw_probes {ADandDA_inst/CNTVALUEIN} -of_objects [get_hw_vios -of_objects [get_hw_devices xc7vx690t_0] -filter {CELL_NAME=~"ADandDA_inst/vio_delay_all_inst"}]]
run_hw_ila [get_hw_ilas -of_objects [get_hw_devices xc7vx690t_0] -filter {CELL_NAME=~"ADandDA_inst/ila_addata_inst"}]
INFO: [Labtools 27-1964] The ILA core 'hw_ila_3' trigger was armed at 2024-Jan-15 20:45:41
wait_on_hw_ila [get_hw_ilas -of_objects [get_hw_devices xc7vx690t_0] -filter {CELL_NAME=~"ADandDA_inst/ila_addata_inst"}]
upload_hw_ila_data [get_hw_ilas -of_objects [get_hw_devices xc7vx690t_0] -filter {CELL_NAME=~"ADandDA_inst/ila_addata_inst"}]
INFO: [Labtools 27-1966] The ILA core 'hw_ila_3' triggered at 2024-Jan-15 20:45:44
upload_hw_ila_data: Time (s): cpu = 00:00:00 ; elapsed = 00:01:11 . Memory (MB): peak = 1278.891 ; gain = 0.2upload_hw_ila_data: Time (s): cpu = 00:00:00 ; elapsed = 00:01:11 . Memory (MB): peak = 1278.145 ; gain = 0.281
write_hw_ilaset_property OUTPUT_VALUE_RADIX UNSIGNED [get_hw_probes ADandDA_inst/CNTVALUEIN -of_objects [get_hw_vios -of_set_property OUTPUT_VALUE_RADIX UNSIGNED [get_hw_probes ADandDA_inst/CNTVALUEIN -of_objects [gset_property OUTPUT_VALUE_RADIX UNSIGNED [get_hw_probes ADandDA_inst/CNTVALUEIN_CLK -of_objects [get_hw_vios -of_objects [get_hw_devices xc7vx690t_0] -filter {CELL_NAME=~"ADandDA_inst/vio_delay_all_inst"}]]
set_property OUTPUT_VALUE 0 [get_hw_probes ADandDA_inst/delay_load_en -of_objects [get_hw_vios -of_objects [gset_property OUTPUT_VALUE 0 [get_hw_probes ADandDA_inst/delay_load_en -of_objects [gcommit_hw_vio [get_hw_probes {ADandDA_inst/delay_load_en} -of_objects [get_hw_vios -of_objects [get_hw_devices xc7vx690t_0] -filter {CELL_NAME=~"ADandDA_inst/vio_delay_all_inst"}]]
set_property OUTPUT_VALUE 1 [get_hw_probes ADandDA_inst/delay_load_en -of_objects [get_hw_vios -of_objects [gset_property OUTPUT_VALUE 1 [get_hw_probes ADandDA_inst/delay_load_en -of_objects [gcommit_hw_vio [get_hw_probes {ADandDA_inst/delay_load_en} -of_objects [get_hw_vios -of_objects [get_hw_devicecommit_hw_vio [get_hw_probes {ADandDA_inst/delay_load_en} -of_objects [gset_property OUTPUT_VALUE 0 [get_hw_probes ADandDA_inst/delay_load_en_CLK -of_objects [get_hw_vios -of_objectset_property OUTPUT_VALUE 0 [get_hw_probes ADandDA_inst/delay_load_en_CLK -of_objects [gcommit_hw_vio [get_hw_probes {ADandDA_inst/delay_load_en_CLK} -of_objects [get_hw_vios -of_objects [get_hw_decommit_hw_vio [get_hw_probes {ADandDA_inst/delay_load_en_CLK} -of_objects [gset_property OUTPUT_VALUE 1 [get_hw_probes ADandDA_inst/delay_load_en_CLK -of_objects [get_hw_vios -of_objectset_property OUTPUT_VALUE 1 [get_hw_probes ADandDA_inst/delay_load_en_CLK -of_objects [gcommit_hw_vio [get_hw_probes {ADandDA_inst/delay_load_en_CLK} -of_objects [get_hw_vios -of_objects [get_hw_decommit_hw_vio [get_hw_probes {ADandDA_inst/delay_load_en_CLK} -of_objects [gset_property OUTPUT_VALUE 0 [get_hw_probes ADandDA_inst/CNTVALUEIN_CLK -of_objects [get_hw_vios -of_objects [set_property OUTPUT_VALUE 0 [get_hw_probes ADandDA_inst/CNTVALUEIN_CLK -of_objects [gcommit_hw_vio [get_hw_probes {ADandDA_inst/CNTVALUEIN_CLK} -of_objects [get_hw_vios -of_objects [get_hw_deviccommit_hw_vio [get_hw_probes {ADandDA_inst/CNTVALUEIN_CLK} -of_objects [gset_property OUTPUT_VALUE 4 [get_hw_probes ADandDA_inst/CNTVALUEIN_CLK -of_objects [get_hw_vios -of_objects [set_property OUTPUT_VALUE 4 [get_hw_probes ADandDA_inst/CNTVALUEIN_CLK -of_objects [gcommit_hw_vio [get_hw_probes {ADandDA_inst/CNTVALUEIN} -of_objects [get_hw_vios -of_objects [get_hw_devices xcommit_hw_vio [get_hw_probes {ADandDA_inst/CNTVALUEIN} -of_objects [grun_hw_ila [get_hw_ilas -of_objects [get_hw_devices xc7vx690t_0] -filter {CELL_NAME=~"ADandDA_inst/ila_addatarun_hw_ilINFO: [Labtools 27-1964] The ILA core 'hw_ila_3' trigger was armed at 2024-Jan-15 20:47:15
wait_on_hw_ila [get_hw_ilas -of_objects [get_hw_devices xc7vx690t_0] -filter {CELL_NAME=~"ADandDA_inst/ila_addata_inst"}]
upload_hw_ila_data [get_hw_ilas -of_objects [get_hw_devices xc7vx690t_0] -filter {CELL_NAME=~"ADandDA_inst/ila_addata_inst"}]
INFO: [Labtools 27-1966] The ILA core 'hw_ila_3' triggered at 2024-Jan-15 20:47:17
upload_hw_ila_data: Time (s): cpu = 00:00:00 ; elapsed = 00:01:21 . Memory (MB): peak = 1278.891 ; gain = 0.0upload_hw_ila_data: Time (s): cpu = 00:00:00 ; elapsed = 00:01:22 . Memory (MB): peak = 1278.145 ; gain = 0.000
write_hw_ilaset_property OUTPUT_VALUE_RADIX UNSIGNED [get_hw_probes ADandDA_inst/CNTVALUEIN -of_objects [get_hw_vios -of_set_property OUTPUT_VALUE_RADIX UNSIGNED [get_hw_probes ADandDA_inst/CNTVALUEIN -of_objects [gset_property OUTPUT_VALUE_RADIX UNSIGNED [get_hw_probes ADandDA_inst/CNTVALUEIN_CLK -of_objects [get_hw_vios set_property OUTPUT_VALUE_RADIX UNSIGNED [get_hw_probes ADandDA_inst/CNTVALUEIN_CLK -of_objects [gset_property OUTPUT_VALUE 0 [get_hw_probes ADandDA_inst/delay_load_en -of_objects [get_hw_vios -of_objects [get_hw_devices xc7vx690t_0] -filter {CELL_NAME=~"ADandDA_inst/vio_delay_all_inst"}]]
commit_hw_vio [get_hw_probes {ADandDA_inst/delay_load_en} -of_objects [get_hw_vios -of_objects [get_hw_devicecommit_hw_vio [get_hw_probes {ADandDA_inst/delay_load_en} -of_objects [gset_property OUTPUT_VALUE 1 [get_hw_probes ADandDA_inst/delay_load_en -of_objects [get_hw_vios -of_objects [gset_property OUTPUT_VALUE 1 [get_hw_probes ADandDA_inst/delay_load_en -of_objects [gcommit_hw_vio [get_hw_probes {ADandDA_inst/delay_load_en} -of_objects [get_hw_vios -of_objects [get_hw_devicecommit_hw_vio [get_hw_probes {ADandDA_inst/delay_load_en} -of_objects [gset_property OUTPUT_VALUE 0 [get_hw_probes ADandDA_inst/delay_load_en_CLK -of_objects [get_hw_vios -of_objectset_property OUTPUT_VALUE 0 [get_hw_probes ADandDA_inst/delay_load_en_CLK -of_objects [gcommit_hw_vio [get_hw_probes {ADandDA_inst/delay_load_en_CLK} -of_objects [get_hw_vios -of_objects [get_hw_decommit_hw_vio [get_hw_probes {ADandDA_inst/delay_load_en_CLK} -of_objects [gset_property OUTPUT_VALUE 1 [get_hw_probes ADandDA_inst/delay_load_en_CLK -of_objects [get_hw_vios -of_objectset_property OUTPUT_VALUE 1 [get_hw_probes ADandDA_inst/delay_load_en_CLK -of_objects [gcommit_hw_vio [get_hw_probes {ADandDA_inst/delay_load_en_CLK} -of_objects [get_hw_vios -of_objects [get_hw_decommit_hw_vio [get_hw_probes {ADandDA_inst/delay_load_en_CLK} -of_objects [gset_property OUTPUT_VALUE 0 [get_hw_probes ADandDA_inst/CNTVALUEIN_CLK -of_objects [get_hw_vios -of_objects [set_property OUTPUT_VALUE 0 [get_hw_probes ADandDA_inst/CNTVALUEIN_CLK -of_objects [gcommit_hw_vio [get_hw_probes {ADandDA_inst/CNTVALUEIN_CLK} -of_objects [get_hw_vios -of_objects [get_hw_deviccommit_hw_vio [get_hw_probes {ADandDA_inst/CNTVALUEIN_CLK} -of_objects [gset_property OUTPUT_VALUE 5 [get_hw_probes ADandDA_inst/CNTVALUEIN_CLK -of_objects [get_hw_vios -of_objects [set_property OUTPUT_VALUE 5 [get_hw_probes ADandDA_inst/CNTVALUEIN_CLK -of_objects [gcommit_hw_vio [get_hw_probes {ADandDA_inst/CNTVALUEIN} -of_objects [get_hw_vios -of_objects [get_hw_devices xcommit_hw_vio [get_hw_probes {ADandDA_inst/CNTVALUEIN} -of_objects [grun_hw_ila [get_hw_ilas -of_objects [get_hw_devices xc7vx690t_0] -filter {CELL_NAME=~"ADandDA_inst/ila_addatarun_hw_ilINFO: [Labtools 27-1964] The ILA core 'hw_ila_3' trigger was armed at 2024-Jan-15 20:49:00
wait_on_hw_ila [get_hw_ilas -of_objects [get_hw_devices xc7vx690t_0] -filter {CELL_NAME=~"ADandDA_inst/ila_adwait_on_hw_ilERROR: [Xicom 50-38] xicom: Unable to connect to debug core(s) on the target device. Check cable connectivityERROR: [Xicom 50-38] xicom: Unable to connect to debug core(s) on the target device. Check cable connectivity and that the target board is powered up then use the disconnect_hw_server and connect_hw_server to re-initialize the hardware target. Use open_hw_target to re-register the hardware device.
ERROR: [Xicom 50-38] xicom: Unable to connect to debug core(s) on the target device. Check cable connectivity and that the target board is powered up then use the disconnect_hw_server and connect_hw_server to re-initialize the hardware target. Use open_hw_target to re-register the hardware device.
ERROR: [Xicom 50-38] xicom: Unable to connect to debug core(s) on the target device. Check cable connectivity and that the target board is powered up then use the disconnect_hw_server and connect_hw_server to re-initialize the hardware target. Use open_hw_target to re-register the hardware device.
ERROR: [Xicom 50-38] xicom: Unable to connect to debug core(s) on the target device. Check cable connectivity and that the target board is powered up then use the disconnect_hw_server and connect_hw_server to re-initialize the hardware target. Use open_hw_target to re-register the hardware device.
ERROR: [Xicom 50-38] xicom: Unable to connect to debug core(s) on the target device. Check cable connectivity and that the target board is powered up then use the disconnect_hw_server and connect_hw_server to re-initialize the hardware target. Use open_hw_target to re-register the hardware device.
ERROR: [Xicom 50-38] xicom: Unable to connect to debug core(s) on the target device. Check cable connectivity and that the target board is powered up then use the disconnect_hw_server and connect_hw_server to re-initialize the hardware target. Use open_hw_target to re-register the hardware device.
ERROR: [Xicom 50-38] xicom: Unable to connect to debug core(s) on the target device. Check cable connectivity and that the target board is powered up then use the disconnect_hw_server and connect_hw_server to re-initialize the hardware target. Use open_hw_target to re-register the hardware device.
ERROR: [Xicom 50-38] xicom: Unable to connect to debug core(s) on the target device. Check cable connectivity and that the target board is powered up then use the disconnect_hw_server and connect_hw_server to re-initialize the hardware target. Use open_hw_target to re-register the hardware device.
ERROR: [Xicom 50-38] xicom: Unable to connect to debug core(s) on the target device. Check cable connectivity and that the target board is powered up then use the disconnect_hw_server and connect_hw_server to re-initialize the hardware target. Use open_hw_target to re-register the hardware device.
ERROR: [Xicom 50-38] xicom: Unable to connect to debug core(s) on the target device. Check cable connectivity and that the target board is powered up then use the disconnect_hw_server and connect_hw_server to re-initialize the hardware target. Use open_hw_target to re-register the hardware device.
ERROR: [Xicom 50-38] xicom: Unable to connect to debug core(s) on the target device. Check cable connectivity and that the target board is powered up then use the disconnect_hw_server and connect_hw_server to re-initialize the hardware target. Use open_hw_target to re-register the hardware device.
ERROR: [Xicom 50-38] xicom: Unable to connect to debug core(s) on the target device. Check cable connectivity and that the target board is powered up then use the disconnect_hw_server and connect_hw_server to re-initialize the hardware target. Use open_hw_target to re-register the hardware device.
ERROR: [Xicom 50-38] xicom: Unable to connect to debug core(s) on the target device. Check cable connectivity and that the target board is powered up then use the disconnect_hw_server and coERROR: [Xicom 50-38] xicom: Unable to connect to debug core(s) on the target device. Check cable connectivityERROR: [Xicom 50-38] xicom: Unable to connect to debug core(s) on the target device. Check cable connectivity and that the target board is powered up then use the disconnect_hw_server and connect_hw_server to re-initialize the hardware target. Use open_hw_target to re-register the hardware device.
ERROR: [Xicom 50-38] xicom: Unable to connect to debug core(s) on the target device. Check cable connectivity and ERROR: [Xicom 50-38] xicom: Unable to connect to debug core(s) on the target device. Check cable connectivity and that the target board is powered up then use the disconnect_hw_server and connect_hw_server to re-initialize the hardware target. Use open_hw_target to re-register the hardware device.
ERROR: [Xicom 50-38] xicom: Unable to connect to debug core(s) on the target device. Check cable connectivity and that the target board is powered up then use the disconnect_hw_server and connect_hw_server to re-initialize the hardware target. Use open_hw_target to re-register the hardware device.
ERROR: [Xicom 50-38] xicom: Unable to connect to debug core(s) on the target device. Check cable connectivity and that the target board is powered up then use the disconnect_hw_server and connect_hw_server to re-initialize the hardware target. Use open_hw_target to re-register the hardware device.
ERROR: [Xicom 50-38] xicom: Unable to connect to debug core(s) on the target device. Check cable connectivity and that the target board is powered up then use the disconnect_hw_server and connect_hw_server to re-initialize the hardware target. Use open_hw_target to re-register the hardware device.
ERROR: [Xicom 50-38] xicom: Unable to connect to debug core(s) on the target device. Check cable connectivity and that the target board is powered up then use the disconnect_hw_server and connect_hw_server to re-initialize the hardware target. Use open_hw_target to re-register the hardware device.
ERROR: [Xicom 50-38] xicom: Unable to connect to debug core(s) on the target device. Check cable connectivity and that the target board is powered up then use the disconnect_hw_server and connect_hw_server to re-initialize the hardware target. Use open_hw_target to re-register the hardware device.
ERROR: [Xicom 50-38] xicom: Unable to connect to debug core(s) on the target device. Check cable connectivity and that the target board is powered up then use the disconnect_hw_server and connect_hw_server to re-initialize the hardware target. Use open_hw_target to re-register the hardware device.
ERROR: [Xicom 50-38] xicom: Unable to connect to debug core(s) on the target device. Check cable connectivity and that the target board is powered up then use the disconnect_hw_server and connect_hw_server to re-initialize the hardware target. Use open_hw_target to re-register the hardware device.
ERROR: [Xicom 50-38] xicom: Unable to connect to debug core(s) on the target device. Check cable connectivity and that the target board is powered up then use the disconnect_hw_server and connect_hw_server to re-initialize the hardware target. Use open_hw_target to re-register the hardware device.
ERROR: [Xicom 50-38] xicom: Unable to connect to debug core(s) on the target device. Check cable connectivity and that the target board is powered up then use the disconnect_hw_server and connect_hw_server to re-initialize the hardware target. Use open_hw_target to re-register the hardware device.
ERROR: [Xicom 50-38] xicom: Unable to connect to debug core(s) on the target device. Check cable connectivity and that the target board is powered up then use the disconnect_hw_server and connect_hw_server to re-initialize the hardware target. Use open_hw_target to re-register the hardware device.
ERROR: [Xicom 50-38] xicom: Unable to connect to debug core(s) on the target device. Check cable connectivity and that the target board is powered up then use the disconnect_hw_server and connect_hw_server to re-initialize the hardware target. Use open_hw_target to re-register the hardware device.
ERROR: [Xicom 50-38] xicom: Unable to connect to debug core(s) on the target device. Check cable connectivity and that the target board is powered up then use the disconnect_hw_server and connect_hw_server to re-initialize the hardware target. Use open_hw_target to re-register the hardware device.
ERROR: [Xicom 50-38] xicom: Unable to connect to debug core(s) on the targetERROR: [Xicom 50-38] xicom: Unable to connect to debug core(s) on the target device. Check cable connectivityERROR: [Xicom 50-38] xicom: Unable to connect to debug core(s) on the target device. Check cable connectivity and ERROR: [Xicom 50-38] xicom: Unable to connect to debug core(s) on the target device. Check cable connectivity and that the target board is powered up then use the disconnect_hw_server and connect_hw_server to re-initialize the hardware target. Use open_hw_target to re-register the hardware device.
ERROR: [Xicom 50-38] xicom: Unable to connect to debug core(s) on the target device. Check cable connectivity and that the target board is powered up then use the disconnect_hw_server and connect_hw_server to re-initialize the hardware target. Use open_hw_target to re-register the hardware device.
ERROR: [Xicom 50-38] xicom: Unable to connect to debug core(s) on the target device. Check cable connectivity and that the target board is powered up then use the disconnect_hw_server and connect_hw_server to re-initialize the hardware target. Use open_hw_target to re-register the hardware device.
ERROR: [Xicom 50-38] xicom: Unable to connect to debug core(s) on the target device. Check cable connectivity and that the target board is powered up then use the disconnect_hw_server and connect_hw_server to re-initialize the hardware target. Use open_hw_target to re-register the hardware device.
ERROR: [Xicom 50-38] xicom: Unable to connect to debug core(s) on the target device. Check cable connectivity and that the target board is powered up then use the disconnect_hw_server and connect_hw_server to re-initialize the hardware target. Use open_hw_target to re-register the hardware device.
ERROR: [Xicom 50-38] xicom: Unable to connect to debug core(s) on the target device. Check cable connectivity and that the target board is powered up then use the disconnect_hw_server and connect_hw_server to re-initialize the hardware target. Use open_hw_target to re-register the hardware device.
ERROR: [Xicom 50-38] xicom: Unable to connect to debug core(s) on the target device. Check cable connectivity and that the target board is powered up then use the disconnect_hw_server and connect_hw_server to re-initialize the hardware target. Use open_hw_target to re-register the hardware device.
ERROR: [Xicom 50-38] xicom: Unable to connect to debug core(s) on the target device. Check cable connectivity and that the target board is powered up then use the disconnect_hw_server and connect_hw_server to re-initialize the hardware target. Use open_hw_target to re-register the hardware device.
ERROR: [Xicom 50-38] xicom: Unable to connect to debug core(s) on the target device. Check cable connectivity and that the target board is powered up then use the disconnect_hw_server and connect_hw_server to re-initialize the hardware target. Use open_hw_target to re-register the hardware device.
ERROR: [Xicom 50-38] xicom: Unable to connect to debug core(s) on the target device. Check cable connectivity and that the target board is powered up then use the disconnect_hw_server and connect_hw_server to re-initialize the hardware target. Use open_hw_target to re-register the hardware device.
ERROR: [Xicom 50-38] xicom: Unable to connect to debug core(s) on the target device. Check cable connectivity and that the target board is powered up then use the disconnect_hw_server and connect_hw_server to re-initialize the hardware target. Use open_hw_target to re-register the hardware device.
ERROR: [Xicom 50-38] xicom: Unable to connect to debug core(s) on the target device. Check cable connectivity and that the target board is powered up then use the disconnect_hw_server and connect_hw_server to re-initialize the hardware target. Use open_hw_target to re-register the hardware device.
ERROR: [Xicom 50-38] xicom: Unable to connect to debug core(s) on the target device. Check cable connectivity and that the target board is powered up then use the disconnect_hw_server and connect_hw_server to re-initialize the hardware target. Use open_hw_target to re-register the hardware device.
ERROR: [Xicom 50-38] xicom: Unable to connect to debug core(s) on the targetERROR: [Xicom 50-38] xicom: Unable to connect to debug core(s) on the target device. Check cable connectivity and that the target board is powered up then use the disconnect_hw_server and connect_hw_server to re-initialize ERROR: [Xicom 50-38] xicom: Unable to connect to debug core(s) on the target device. Check cable connectivity and that the target board is powered up then use the disconnect_hw_server and connect_hw_server to re-initialize the hardware target. Use open_hw_target to re-register the hardware device.
ERROR: [Xicom 50-38] xicom: Unable to connect to debug core(s) on the target device. Check cable connectivity and that the target board is powered up then use the disconnect_hw_server and connect_hw_server to re-initialize the hardware target. Use open_hw_target to re-register the hardware device.
ERROR: [Xicom 50-38] xicom: Unable to connect to debug core(s) on the target device. Check cable connectivity and that the target board is powered up then use the disconnect_hw_server and connect_hw_server to re-initialize the hardware target. Use open_hw_target to re-register the hardware device.
ERROR: [Xicom 50-38] xicom: Unable to connect to debug core(s) on the target device. Check cable connectivity and that the target board is powered up then use the disconnect_hw_server and connect_hw_server to re-initialize the hardware target. Use open_hw_target to re-register the hardware device.
ERROR: [Xicom 50-38] xicom: Unable to connect to debug core(s) on the target device. Check cable connectivity and that the target board is powered up then use the disconnect_hw_server and connect_hw_server to re-initialize the hardware target. Use open_hw_target to re-register the hardware device.
ERROR: [Xicom 50-38] xicom: Unable to connect to debug core(s) on the target device. Check cable connectivity and that the target board is powered up then use the disconnect_hw_server and connect_hw_server to re-initialize the hardware target. Use open_hw_target to re-register the hardware device.
ERROR: [Xicom 50-38] xicom: Unable to connect to debug core(s) on the target device. Check cable connectivity and that the target board is powered up then use the disconnect_hw_server and connect_hw_server to re-initialize the hardware target. Use open_hw_target to re-register the hardware device.
ERROR: [Xicom 50-38] xicom: Unable to connect to debug core(s) on the target device. Check cable connectivity and that the target board is powered up then use the disconnect_hw_server and connect_hw_server to re-initialize the hardware target. Use open_hw_target to re-register the hardware device.
ERROR: [Xicom 50-38] xicom: Unable to connect to debug core(s) on the target device. Check cable connectivity and that the target board is powered up then use the disconnect_hw_server and connect_hw_server to re-initialize the hardware target. Use open_hw_target to re-register the hardware device.
ERROR: [Xicom 50-38] xicom: Unable to connect to debug core(s) on the target device. Check cable connectivity and that the target board is powered up then use the disconnect_hw_server and connect_hw_server to re-initialize the hardware target. Use open_hw_target to re-register the hardware device.
ERROR: [Xicom 50-38] xicom: Unable to connect to debug core(s) on the target device. Check cable connectivity and that the target board is powered up then use the disconnect_hw_server and connect_hw_server to re-initialize the hardware target. Use open_hw_target to re-register the hardware device.
ERROR: [Xicom 50-38] xicom: Unable to connect to debug core(s) on the target device. Check cable connectivity and that the target board is powered up then use the disconnect_hw_server and connect_hw_server to re-initialize the hardware target. Use open_hw_target to re-register the hardware device.
ERROR: [Xicom 50-38] xicom: Unable to connect to debug core(s) on the target device. Check cable connectivity and that the target board is powered up then use the disconnect_hw_server and connect_hw_server to re-initialize the hardware target. Use open_hw_target to re-register the hardware device.
ERROR: [Xicom 50-38] xicom: Unable to connect to debug core(s) on the targetERROR: [Xicom 50-38] xicom: Unable to connect to debug core(s) on the target device. Check cable connectivity and that the target board is powered up then use the disconnect_hw_server and connect_hw_server to re-initialize ERROR: [Xicom 50-38] xicom: Unable to connect to debug core(s) on the target device. Check cable connectivity and that the target board is powered up then use the disconnect_hw_server and connect_hw_server to re-initialize the hardware target. Use open_hw_target to re-register the hardware device.
ERROR: [Xicom 50-38] xicom: Unable to connect to debug core(s) on the target device. Check cable connectivity and that the target board is powered up then use the disconnect_hw_server and connect_hw_server to re-initialize the hardware target. Use open_hw_target to re-register the hardware device.
ERROR: [Xicom 50-38] xicom: Unable to connect to debug core(s) on the target device. Check cable connectivity and that the target board is powered up then use the disconnect_hw_server and connect_hw_server to re-initialize the hardware target. Use open_hw_target to re-register the hardware device.
ERROR: [Xicom 50-38] xicom: Unable to connect to debug core(s) on the target device. Check cable connectivity and that the target board is powered up then use the disconnect_hw_server and connect_hw_server to re-initialize the hardware target. Use open_hw_target to re-register the hardware device.
ERROR: [Xicom 50-38] xicom: Unable to connect to debug core(s) on the target device. Check cable connectivity and that the target board is powered up then use the disconnect_hw_server and connect_hw_server to re-initialize the hardware target. Use open_hw_target to re-register the hardware device.
ERROR: [Xicom 50-38] xicom: Unable to connect to debug core(s) on the target device. Check cable connectivity and that the target board is powered up then use the disconnect_hw_server and connect_hw_server to re-initialize the hardware target. Use open_hw_target to re-register the hardware device.
ERROR: [Xicom 50-38] xicom: Unable to connect to debug core(s) on the target device. Check cable connectivity and that the target board is powered up then use the disconnect_hw_server and connect_hw_server to re-initialize the hardware target. Use open_hw_target to re-register the hardware device.
ERROR: [Xicom 50-38] xicom: Unable to connect to debug core(s) on the target device. Check cable connectivity and that the target board is powered up then use the disconnect_hw_server and connect_hw_server to re-initialize the hardware target. Use open_hw_target to re-register the hardware device.
ERROR: [Xicom 50-38] xicom: Unable to connect to debug core(s) on the target device. Check cable connectivity and that the target board is powered up then use the disconnect_hw_server and connect_hw_server to re-initialize the hardware target. Use open_hw_target to re-register the hardware device.
ERROR: [Xicom 50-38] xicom: Unable to connect to debug core(s) on the target device. Check cable connectivity and that the target board is powered up then use the disconnect_hw_server and connect_hw_server to re-initialize the hardware target. Use open_hw_target to re-register the hardware device.
ERROR: [Xicom 50-38] xicom: Unable to connect to debug core(s) on the target device. Check cable connectivity and that the target board is powered up then use the disconnect_hw_server and connect_hw_server to re-initialize the hardware target. Use open_hw_target to re-register the hardware device.
ERROR: [Xicom 50-38] xicom: Unable to connect to debug core(s) on the target device. Check cable connectivity and that the target board is powered up then use the disconnect_hw_server and connect_hw_server to re-initialize the hardware target. Use open_hw_target to re-register the hardware device.
ERROR: [Xicom 50-38] xicom: Unable to connect to debug core(s) on the target device. Check cable connectivity and that the target board is powered up then use the disconnect_hw_server and connect_hw_server to re-initialize the hardware target. Use open_hw_target to re-register the hardware device.
ERROR: [Xicom 50-38] xicom: Unable to connect to debug core(s) on the targetERROR: [Xicom 50-38] xicom: Unable to connect to debug core(s) on the target device. Check cable connectivity and that the target board is powered up then use the disconnect_hw_server and connect_hw_server to re-initialize ERROR: [Xicom 50-38] xicom: Unable to connect to debug core(s) on the target device. Check cable connectivity and that the target board is powered up then use the disconnect_hw_server and connect_hw_server to re-initialize the hardware target. Use open_hw_target to re-register the hardware device.
ERROR: [Xicom 50-38] xicom: Unable to connect to debug core(s) on the target device. Check cable connectivity and that the target board is powered up then use the disconnect_hw_server and connect_hw_server to re-initialize the hardware target. Use open_hw_target to re-register the hardware device.
ERROR: [Xicom 50-38] xicom: Unable to connect to debug core(s) on the target device. Check cable connectivity and that the target board is powered up then use the disconnect_hw_server and connect_hw_server to re-initialize the hardware target. Use open_hw_target to re-register the hardware device.
ERROR: [Xicom 50-38] xicom: Unable to connect to debug core(s) on the target device. Check cable connectivity and that the target board is powered up then use the disconnect_hw_server and connect_hw_server to re-initialize the hardware target. Use open_hw_target to re-register the hardware device.
ERROR: [Xicom 50-38] xicom: Unable to connect to debug core(s) on the target device. Check cable connectivity and that the target board is powered up then use the disconnect_hw_server and connect_hw_server to re-initialize the hardware target. Use open_hw_target to re-register the hardware device.
ERROR: [Xicom 50-38] xicom: Unable to connect to debug core(s) on the target device. Check cable connectivity and that the target board is powered up then use the disconnect_hw_server and connect_hw_server to re-initialize the hardware target. Use open_hw_target to re-register the hardware device.
ERROR: [Xicom 50-38] xicom: Unable to connect to debug core(s) on the target device. Check cable connectivity and that the target board is powered up then use the disconnect_hw_server and connect_hw_server to re-initialize the hardware target. Use open_hw_target to re-register the hardware device.
ERROR: [Xicom 50-38] xicom: Unable to connect to debug core(s) on the target device. Check cable connectivity and that the target board is powered up then use the disconnect_hw_server and connect_hw_server to re-initialize the hardware target. Use open_hw_target to re-register the hardware device.
ERROR: [Xicom 50-38] xicom: Unable to connect to debug core(s) on the target device. Check cable connectivity and that the target board is powered up then use the disconnect_hw_server and connect_hw_server to re-initialize the hardware target. Use open_hw_target to re-register the hardware device.
ERROR: [Xicom 50-38] xicom: Unable to connect to debug core(s) on the target device. Check cable connectivity and that the target board is powered up then use the disconnect_hw_server and connect_hw_server to re-initialize the hardware target. Use open_hw_target to re-register the hardware device.
ERROR: [Xicom 50-38] xicom: Unable to connect to debug core(s) on the target device. Check cable connectivity and that the target board is powered up then use the disconnect_hw_server and connect_hw_server to re-initialize the hardware target. Use open_hw_target to re-register the hardware device.
ERROR: [Xicom 50-38] xicom: Unable to connect to debug core(s) on the target device. Check cable connectivity and that the target board is powered up then use the disconnect_hw_server and connect_hw_server to re-initialize the hardware target. Use open_hw_target to re-register the hardware device.
ERROR: [Xicom 50-38] xicom: Unable to connect to debug core(s) on the target device. Check cable connectivity and that the target board is powered up then use the disconnect_hw_server and connect_hw_server to re-initialize the hardware target. Use open_hw_target to re-register the hardware device.
ERROR: [Xicom 50-38] xicom: Unable to connect to debug core(s) on the targetERROR: [Xicom 50-38] xicom: Unable to connect to debug core(s) on the target device. Check cable connectivity and that the target board is powered up then use the disconnect_hw_server and connect_hw_server to re-initialize ERROR: [Xicom 50-38] xicom: Unable to connect to debug core(s) on the target device. Check cable connectivity and that the target board is powered up then use the disconnect_hw_server and connect_hw_server to re-initialize the hardware target. Use open_hw_target to re-register the hardware device.
ERROR: [Xicom 50-38] xicom: Unable to connect to debug core(s) on the target device. Check cable connectivity and that the target board is powered up then use the disconnect_hw_server and connect_hw_server to re-initialize the hardware target. Use open_hw_target to re-register the hardware device.
ERROR: [Xicom 50-38] xicom: Unable to connect to debug core(s) on the target device. Check cable connectivity and that the target board is powered up then use the disconnect_hw_server and connect_hw_server to re-initialize the hardware target. Use open_hw_target to re-register the hardware device.
ERROR: [Xicom 50-38] xicom: Unable to connect to debug core(s) on the target device. Check cable connectivity and that the target board is powered up then use the disconnect_hw_server and connect_hw_server to re-initialize the hardware target. Use open_hw_target to re-register the hardware device.
ERROR: [Xicom 50-38] xicom: Unable to connect to debug core(s) on the target device. Check cable connectivity and that the target board is powered up then use the disconnect_hw_server and connect_hw_server to re-initialize the hardware target. Use open_hw_target to re-register the hardware device.
ERROR: [Xicom 50-38] xicom: Unable to connect to debug core(s) on the target device. Check cable connectivity and that the target board is powered up then use the disconnect_hw_server and connect_hw_server to re-initialize the hardware target. Use open_hw_target to re-register the hardware device.
ERROR: [Xicom 50-38] xicom: Unable to connect to debug core(s) on the target device. Check cable connectivity and that the target board is powered up then use the disconnect_hw_server and connect_hw_server to re-initialize the hardware target. Use open_hw_target to re-register the hardware device.
ERROR: [Xicom 50-38] xicom: Unable to connect to debug core(s) on the target device. Check cable connectivity and that the target board is powered up then use the disconnect_hw_server and connect_hw_server to re-initialize the hardware target. Use open_hw_target to re-register the hardware device.
ERROR: [Xicom 50-38] xicom: Unable to connect to debug core(s) on the target device. Check cable connectivity and that the target board is powered up then use the disconnect_hw_server and connect_hw_server to re-initialize the hardware target. Use open_hw_target to re-register the hardware device.
ERROR: [Xicom 50-38] xicom: Unable to connect to debug core(s) on the target device. Check cable connectivity and that the target board is powered up then use the disconnect_hw_server and connect_hw_server to re-initialize the hardware target. Use open_hw_target to re-register the hardware device.
ERROR: [Xicom 50-38] xicom: Unable to connect to debug core(s) on the target device. Check cable connectivity and that the target board is powered up then use the disconnect_hw_server and connect_hw_server to re-initialize the hardware target. Use open_hw_target to re-register the hardware device.
ERROR: [Xicom 50-38] xicom: Unable to connect to debug core(s) on the target device. Check cable connectivity and that the target board is powered up then use the disconnect_hw_server and connect_hw_server to re-initialize the hardware target. Use open_hw_target to re-register the hardware device.
ERROR: [Xicom 50-38] xicom: Unable to connect to debug core(s) on the target device. Check cable connectivity and that the target board is powered up then use the disconnect_hw_server and connect_hw_server to re-initialize the hardware target. Use open_hw_target to re-register the hardware device.
ERROR: [Xicom 50-38] xicom: Unable to connect to debug core(s) on the targetERROR: [Xicom 50-38] xicom: Unable to connect to debug core(s) on the target device. Check cable connectivity and that the target board is powered up then use the disconnect_hw_server and connect_hw_server to re-initialize ERROR: [Xicom 50-38] xicom: Unable to connect to debug core(s) on the target device. Check cable connectivity and that the target board is powered up then use the disconnect_hw_server and connect_hw_server to re-initialize the hardware target. Use open_hw_target to re-register the hardware device.
ERROR: [Xicom 50-38] xicom: Unable to connect to debug core(s) on the target device. Check cable connectivity and that the target board is powered up then use the disconnect_hw_server and connect_hw_server to re-initialize the hardware target. Use open_hw_target to re-register the hardware device.
INFO: [Common 17-14] Message 'Xicom 50-38' appears 100 times and further instances of the messages will be disabled. Use the Tcl command set_msg_config to change the current settings.
