#-----------------------------------------------------------
# Vivado v2018.3.1 (64-bit)
# SW Build 2489853 on Tue Mar 26 04:20:25 MDT 2019
# IP Build 2486929 on Tue Mar 26 06:44:21 MDT 2019
# Start of session at: Mon Jan 15 19:23:08 2024
# Process ID: 20564
# Current directory: D:/IDEA_Projects/auto-fx
# Command line: vivado.exe -mode tcl -source D:\vivado_projects\blank.tcl
# Log file: D:/IDEA_Projects/auto-fx/vivado.log
# Journal file: D:/IDEA_Projects/auto-fx\vivado.jou
#-----------------------------------------------------------ssource {D:\vivado_projects\blank.tcl}
open_hwcconnect_hw_server
INFO: [Labtools 27-2285] Connecting to hw_server url TCP:localhost:3121cclose_hw_target {localhost:3121/xilinx_tcf/Xilinx/80806580066901}
INFO: [Labtoolstcl 44-464] Closing hw_target localhost:3121/xilinx_tcf/Xilinx/80806580066901
INFO: [Labtoolstcl 44-468] Target hw_target localhost:3121/xilinx_tcf/Xilinx/80806580066901 is already closed
close_hw_target {localhost:3121/xilinx_tcf/Xilinx/8080658006c001}
INFO: [Labtoolstcl 44-464] Closing hw_target localhost:3121/xilinx_tcf/Xilinx/8080658006c001
INFO: [Labtoolstcl 44-468] Target hw_target localhost:3121/xilinx_tcf/Xilinx/8080658006c001 is already closed
open_hw_target {localhost:3121/xilinx_tcf/Xilinx/8080658006c101}
INFO: [Labtoolstcl 44-466] Opening hw_target localhost:3121/xilinx_tcf/Xilinx/8080658006c101ccurrent_hw_device [get_hw_devices xc7vx690t_0]
refresh_hw_device -update_hw_probes false [lindex [get_hw_devices xc7vx690t_0] 0]
INFO: [Labtools 27-2302] Device xc7vx690t (JTAG device index = 0) is programmed with a design that has 5 ILA core(s).
refresh_hw_device: Time (s): cpu = 00:00:10 ; elapsed = 00:00:53 . Memory (MB): peak = 1251.637 ; gain = 999.020
set_property PROBES.FILE {E:/wx/1_auto-test/about vivado/bit_file_from_yangjiashuo/TOP_test2_2.ltx} [get_hw_devices xc7vx690t_0]
set_property FULL_PROBES.FILE {E:/wx/1_auto-test/about vivado/bit_file_from_yangjiashuo/TOP_test2_2.ltx} [get_hw_devices xc7vx690t_0]
set_property PROGRAM.FILE {E:/wx/1_auto-test/about vivado/bit_file_from_yangjiashuo/TOP_test2_2.bit} [get_hw_devices xc7vx690t_0]
program_hw_devices [get_hw_INFO:INFO: [Labtools INFO: [Labtools 27-3164] End of startup status: HIGH
program_hw_devices: Time (s): cpu = 00:01:37 ; elapsed = 00:01:42 . Memory (MB): peak = 1252.242 ; gain = 0.605
refresh_hw_device [lindex [get_hw_devices xc7vx690t_0] 0]
INFO: [Labtools 27-2302] Device xc7vx690t (JTAG device index = 0) is programmed with a design that has 6 ILA core(s).
INFO: [Labtools 27-2302] Device xc7vx690t (JTAG device index = 0) is programmed with a design that has 18 VIO core(s).
ERROR: [Xicom 50-38] xicom: Unable to connect to debug core(s) on the target device. Check cable connectivity and that the target board is powered up then use the disconnect_hw_server and connect_hw_server to re-initialize the hardware target. Use open_hw_target to re-register the hardware device.
ERROR: [Xicom 50-38] xicom: Unable to connect to debug core(s) on the target device. Check cable connectivity and that the target board is powered up then use the disconnect_hw_server and connect_hw_server to re-initialize the hardware target. Use open_hw_target to re-register the hardware device.
ERROR: [Xicom 50-38] xicom: Unable to connect to debug core(s) on the target device. Check cable connectivity and that the target board is powered up then use the disconnect_hw_server and connect_hw_server to re-initialize the hardware target. Use open_hw_target to re-register the hardware device.
ERROR: [Xicom 50-38] xicom: Unable to connect to debug core(s) on the target device. Check cable connectivity and that the target board is powered up then use the disconnect_hw_server and connect_hw_server to re-initialize the hardware target. Use open_hw_target to re-register the hardware device.
ERROR: [Xicom 50-38] xicom: Unable to connect to debug core(s) on the target device. Check cable connectivity and that the target board is powered up then use the disconnect_hw_server and connect_hw_server to re-initialize the hardware target. Use open_hw_target to re-register the hardware device.
ERROR: [Xicom 50-38] xicom: Unable to connect to debug core(s) on the target device. Check cable connectivity and that the target board is powered up then use the disconnect_hw_server and connect_hw_server to re-initialize the hardware target. Use open_hw_target to re-register the hardware device.
ERROR: [Xicom 50-38] xicom: Unable to connect to debug core(s) on the target device. Check cable connectivity and that the target board is powered up then use the disconnect_hw_server and connect_hw_server to re-initialize the hardware target. Use open_hw_target to re-register the hardware device.
ERROR: [Xicom 50-38] xicom: Unable to connect to debug core(s) on the target device. Check cable connectivity and that the target board is powered up then use the disconnect_hw_server and connect_hw_server to re-initialize the hardware target. Use open_hw_target to re-register the hardware device.
ERROR: [Xicom 50-38] xicom: Unable to connect to debug core(s) on the target device. Check cable connectivity and that the target board is powered up then use the disconnect_hw_server and connect_hw_server to re-initialize the hardware target. Use open_hw_target to re-register the hardware device.
ERROR: [Xicom 50-38] xicom: Unable to connect to debug core(s) on the target device. Check cable connectivity and that the target board is powered up then use the disconnect_hw_server and connect_hw_server to re-initialize the hardware target. Use open_hw_target to re-register the hardware device.
ERROR: [Xicom 50-38] xicom: Unable to connect to debug core(s) on the target device. Check cable connectivity and that the target board is powered up then use the disconnect_hw_server and connect_hw_server to re-initialize the hardware target. Use open_hw_target to re-register the hardware device.
ERROR: [Xicom 50-38] xicom: Unable to connect to debug core(s) on the target device. Check cable connectivity and that the target board is powered up then use the disconnect_hw_server and connect_hw_server to re-initialize the set_property OUTPUT_VALUE_RADIX UNSIGNED [get_hw_probes CNTVALUEIN -of_objects [get_hw_vios -of_objects [get_hw_devices xc7vx690t_0] -filter {CELL_NAME=~"vio_pps_inst"}]]
set_property INPUT_VALUE_RADIX UNSIGNED [get_hw_probes CNTVALUEOUT -of_objects [get_hw_vios -of_objects [get_hw_devices xc7vx690t_0] -filter {CELL_NAME=~"vio_pps_inst"}]]
set_property OUTPUT_VALUE_RADIX UNSIGNED [get_hw_probes LD -of_objects [get_hw_vios -of_objects [get_hw_devices xc7vx690t_0] -filter {CELL_NAME=~"vio_pps_inst"}]]
set_property OUTPUT_VALUE 1 [get_hw_probes LD -of_objects [get_hw_vios -of_objects [get_hw_devices xc7vx690t_0] -filter {CELL_NAME=~"vio_pps_inst"}]]
commit_hw_vio [get_hw_probes {LD} -of_objects [get_hw_vios -of_objects [get_hw_devices xc7vx690t_0] -filter {CELL_NAME=~"vio_pps_inst"}]]
set_property OUTPUT_VALUE 10 [get_hw_probes CNTVALUEIN -of_objects [get_hw_vios -of_objects [get_hw_devices xc7vx690t_0] -filter {CELL_NAME=~"vio_pps_inst"}]]
commit_hw_vio [get_hw_probes {CNTVALUEIN} -of_objects [get_hw_vios -of_objects [get_hw_devices xc7vx690t_0] -filter {CELL_NAME=~"vio_pps_instset_pset_property OUTPUT_VALUE_RADIX UNSIGNED [get_hw_probes ADandDA_inst/CNTVALUEIN -of_objects [get_hw_vios -of_objects [get_hw_devices xc7vx690t_0] -filter {CELL_NAME=~"ADandDA_inst/vio_delay_all_instset_property OUTPUT_VALUE_RADIX UNSIGNED [get_hw_probes ADandDA_inst/CNTVALUEIN_CLK -of_objects [get_hw_vios -of_objects [get_hw_devices xc7vx690t_0] -filter {CELL_NAME=~"ADandDA_inst/vio_delay_all_inst"}]]
set_pset_property OUTPUT_VALUE 0 [get_hw_probes ADandDA_inst/delay_load_en -of_objects [get_hw_vios -of_objects [get_hw_devices xc7vx690t_0] -filter {CELL_NAME=~"ADandDA_inst/vio_delay_all_instcommit_hw_vio [get_hw_probes {ADandDA_inst/delay_load_en} -of_objects [get_hw_vios -of_objects [get_hw_devices xc7vx690t_0] -filter {CELL_NAME=~"ADandDA_inst/vio_delay_all_inst"}]]
set_property OUTPUT_VALUE 1 [get_hw_probes ADandDA_inst/delay_load_en -of_objects [get_hw_vios -of_objects [get_hw_devices xc7vx690t_0] -filter {CELL_NAME=~"ADandDA_inst/vio_delay_all_inst"}]]
commit_hw_vio [get_hw_probes {ADandDA_inst/delay_load_en} -of_objects [get_hw_vios -of_objects [get_hw_devices xc7vx690t_0] -filter {CELL_NAME=~"ADandDA_inst/vio_delay_all_inst"}]]
set_property OUTPUT_VALUE 0 [get_hw_probes ADandDA_inst/delay_load_en_CLK -of_objects [get_hw_vios -of_objects [get_hw_devices xc7vx690t_0] -filter {CELL_NAME=~"ADandDA_inst/vio_delay_all_inst"}]]
commit_hw_vio [get_hw_probes {ADandDA_inst/delay_load_en_CLK} -of_objects [get_hw_vios -of_objects [get_hw_devices xc7vx690t_0] -filter {CELL_NAME=~"ADandDA_inst/vio_delay_all_inst"}]]
set_pset_property OUTPUT_VALUE 1 [get_hw_probes ADandDA_inst/delay_load_en_CLK -of_objects [get_hw_vios -of_objects [get_hw_devices xc7vx690t_0] -filter {CELL_NAME=~"ADandDA_inst/vio_delay_all_instcommicommit_hw_vio [get_hw_probes {ADandDA_inst/delay_load_en_CLK} -of_objects [get_hw_vios -of_objects [get_hw_devices xc7vx690t_0] -filter {CELL_NAME=~"ADandDA_inst/vio_delay_all_instset_property OUTPUT_VALUE 0 [get_hw_probes ADandDA_inst/CNTVALUEIN_CLK -of_objects [get_hw_vios -of_objects [get_hw_devices xc7vx690t_0] -filter {CELL_NAME=~"ADandDA_inst/vio_delay_all_inst"}]]
commit_hw_vio [get_hw_probes {ADandDA_inst/CNTVALUEIN_CLK} -of_objects [get_hw_vios -of_objects [get_hw_devices xc7vx690t_0] -filter {CELL_NAME=~"ADandDA_inst/vio_delay_all_inst"}]]
set_property OUTPUT_VALUE 0 [get_hw_probes ADandDA_inst/CNTVALUEIN_CLK -of_objects [get_hw_vios -of_objects [get_hw_devices xc7vx690t_0] -filter {CELL_NAME=~"ADandDA_inst/vio_delay_all_inst"}]]
commit_hw_vio [get_hw_probes {ADandDA_inst/CNTVALUEIN} -of_objects [get_hw_vios -of_objects [get_hw_devices xc7vx690t_0] -filter {CELL_NAME=~"ADandDA_inst/vio_delay_all_inst"}]]
run_hw_ila [get_hw_ilas -of_objects [get_hw_devices xc7vx690t_0] -filter {CELL_NAME=~"ADandDA_inst/ila_addata_inst"}]
INFO:INFO: [Labtools 27-1964] The ILA core 'hw_ila_3' trigger was armed at 2024-Jan-15 19:2wait_on_hw_ila [get_hw_ilas -of_objects [get_hw_devices xc7vx690t_0] -filter {CELL_NAME=~"ADandDA_inst/ila_addata_inst"}]
INFO:INFO: [Common 17-206] Exiting Vivado at Mon Jan 15 19:27:16 2024...
 re-initialize the hardware target. Use open_hw_target to re-register the hardware device.
ERROR: [Xicom 50-38] xicom: Unable to connect to debug core(s) on the target device. Check cable connectivity and that the target board is powered up then use the disconnect_hw_server and connect_hw_server to re-initialize the hardware target. Use open_hw_target to re-register the hardware device.
ERROR: [Labtools 27-3176] hw_server failed during internal command.
Resolution: Check that the hw_server is running and the hardware connectivity to the target

ERROR: [Xicom 50-38] xicom: Unable to connect to debug core(s) on the target device. Check cable connectivity and that the target board is powered up then use the disconnect_hw_server and connect_hw_server to re-initialize the hardware target. Use open_hw_target to re-register the hardware device.
ERROR: [Xicom 50-38] xicom: Unable to connect to debug core(s) on the target device. Check cable connectivity and that the target board is powered up then use the disconnect_hw_server and connect_hw_server to re-initialize the hardware target. Use open_hw_target to re-register the hardware device.
ERROR: [Xicom 50-38] xicom: Unable to connect to debug core(s) on the target device. Check cable connectivity and that the target board is powered up then use the disconnect_hw_server and connect_hw_server to re-initialize the hardware target. Use open_hw_target to re-register the hardware device.
ERROR: [Xicom 50-38] xicom: Unable to connect to debug core(s) on the target device. Check cable connectivity and that the target board is powered up then use the disconnect_hw_server and connect_hw_server to re-initialize the hardware target. Use open_hw_target to re-register the hardware device.
ERROR: [Xicom 50-38] xicom: Unable to connect to debug core(s) on the target device. Check cable connectivity and that the target board is powered up then use the disconnect_hw_server and connect_hw_server to re-initialize the hardware target. Use open_hw_target to re-register the hardware device.
ERROR: [Xicom 50-38] xicom: Unable to connect to debug core(s) on the target device. Check cable connectivity and that the target board is powered up then use the disconnect_hw_server and connect_hw_server to re-initialize the hardware target. Use open_hw_target to re-register the hardware device.
ERROR: [Xicom 50-38] xicom: Unable to connect to debug core(s) on the target device. Check cable connectivity and that the target board is powered up then use the disconnect_hw_server and connect_hw_server to re-initialize the hardware target. Use open_hw_target to re-register the hardware device.
ERROR: [Xicom 50-38] xicom: Unable to connect to debug core(s) on the target device. Check cable connectivity and that the target board is powered up then use the disconnect_hw_server and connect_hw_server to re-initialize the hardware target. Use open_hw_target to re-register the hardware device.
ERROR: [Xicom 50-38] xicom: Unable to connect to debug core(s) on the target device. Check cable connectivity and that the target board is powered up then use the disconnect_hw_server and connect_hw_server to re-initialize the hardware target. Use open_hw_target to re-register the hardware device.
ERROR: [Xicom 50-38] xicom: Unable to connect to debug core(s) on the target device. Check cable connectivity and that the target board is powered up then use the disconnect_hw_server and connect_hw_server to re-initialize the hardware target. Use open_hw_target to re-register the hardware device.
ERROR: [Xicom 50-38] xicom: Unable to connect to debug core(s) on the target device. Check cable connectivity and that the target board is powered up then use the disconnect_hw_server and connect_hw_server to re-initialize the hardware target. Use open_hw_target to re-register the hardware device.
ERROR: [Xicom 50-38] xicom: Unable to connect to debug core(s) on the target device. Check cable connectivity and that the target board is powered up then use the disconnect_hw_server and connect_hw_server to re-initialize the hardware target. Use open_hw_target to re-register the hardware device.
ERROR: [Xicom 50-38] xicom: Unable to connect to debug core(s) on the target device. Check cable connectivity and that the target board is powered up then use the disconnect_hw_server and connect_hw_server to re-initialize the hardware target. Use open_hw_target to re-register the hardware device.
ERROR: [Xicom 50-38] xicom: Unable to connect to debug core(s) on the target device. Check cable connectivity and that the target board is powered up then use the disconnect_hw_server and connect_hw_server to re-initialize the hardware target. Use open_hw_target to re-register the hardware device.
ERROR: [Xicom 50-38] xicom: Unable to connect to debug core(s) on the target device. Check cable connectivity and that the target board is powered up then use the disconnect_hw_server and connect_hw_server to re-initialize the hardware target. Use open_hw_target to re-register the hardware device.
display_hw_ila_data [ get_hw_ila_data hw_ila_data_1 -of_objects [get_hw_ilas -of_objects [get_hw_devices xc7vx690t_0] -filter {CELL_NAME=~"ADandDA_inst/AD_SPI_inst/ila_spi_inst"}]]
ERROR: [Xicom 50-38] xicom: Unable to connect to debug core(s) on the target device. Check cable connectivity and that the target board is powered up then use the disconnect_hw_server and connect_hw_server to re-initialize the hardware target. Use open_hw_target to re-register the hardware device.
ERROR: [Xicom 50-38] xicom: Unable to connect to debug core(s) on the target device. Check cable connectivity and that the target board is powered up then use the disconnect_hw_server and connect_hw_server to re-initialize the hardware target. Use open_hw_target to re-register the hardware device.
ERROR: [Xicom 50-38] xicom: Unable to connect to debug core(s) on the target device. Check cable connectivity and that the target board is powered up then use the disconnect_hw_server and connect_hw_server to re-initialize the hardware target. Use open_hw_target to re-register the hardware device.
ERROR: [Xicom 50-38] xicom: Unable to connect to debug core(s) on the target device. Check cable connectivity and that the target board is powered up then use the disconnect_hw_server and connect_hw_server to re-initialize the hardware target. Use open_hw_target to re-register the hardware device.
ERROR: [Xicom 50-38] xicom: Unable to connect to debug core(s) on the target device. Check cable connectivity and that the target board is powered up then use the disconnect_hw_server and connect_hw_server to re-initialize the hardware target. Use open_hw_target to re-register the hardware device.
ERROR: [Xicom 50-38] xicom: Unable to connect to debug core(s) on the target device. Check cable connectivity and that the target board is powered up then use the disconnect_hw_server and connect_hw_server to re-initialize the hardware target. Use open_hw_target to re-register the hardware device.
ERROR: [Xicom 50-38] xicom: Unable to connect to debug core(s) on the target device. Check cable connectivity and that the target board is powered up then use the disconnect_hw_server and connect_hw_server to re-initialize the hardware target. Use open_hw_target to re-register the hardware device.
ERROR: [Xicom 50-38] xicom: Unable to connect to debug core(s) on the target device. Check cable connectivity and that the target board is powered up then use the disconnect_hw_server and connect_hw_server to re-initialize the hardware target. Use open_hw_target to re-register the hardware device.
ERROR: [Xicom 50-38] xicom: Unable to connect to debug core(s) on the target device. Check cable connectivity and that the target board is powered up then use the disconnect_hw_server and connect_hw_server to re-initialize the hardware target. Use open_hw_target to re-register the hardware device.
ERROR: [Xicom 50-38] xicom: Unable to connect to debug core(s) on the target device. Check cable connectivity and that the target board is powered up then use the disconnect_hw_server and connect_hw_server to re-initialize the hardware target. Use open_hw_target to re-register the hardware device.
ERROR: [Xicom 50-38] xicom: Unable to connect to debug core(s) on the target device. Check cable connectivity and that the target board is powered up then use the disconnect_hw_server and connect_hw_server to re-initialize the hardware target. Use open_hw_target to re-register the hardware device.
ERROR: [Xicom 50-38] xicom: Unable to connect to debug core(s) on the target device. Check cable connectivity and that the target board is powered up then use the disconnect_hw_server and connect_hw_server to re-initialize the hardware target. Use open_hw_target to re-register the hardware device.
ERROR: [Xicom 50-38] xicom: Unable to connect to debug core(s) on the target device. Check cable connectivity and that the target board is powered up then use the disconnect_hw_server and connect_hw_server to re-initialize the hardware target. Use open_hw_target to re-register the hardware device.
ERROR: [Common 17-39] 'display_hw_ila_data' failed due to earlier errors.

display_hw_ila_data [ get_hw_ila_data hw_ila_data_2 -of_objects [get_hw_ilas -of_objects [get_hw_devices xc7vx690t_0] -filter {CELL_NAME=~"ADandDA_inst/DA_SPI_INST/ila_daspi_INST"}]]
ERROR: [Xicom 50-38] xicom: Unable to connect to debug core(s) on the target device. Check cable connectivity and that the target board is powered up then use the disconnect_hw_server and connect_hw_server to re-initialize the hardware target. Use open_hw_target to re-register the hardware device.
display_hw_ila_data [ get_hw_ila_data hw_ila_data_3 -of_objects [get_hw_ilas -of_objects [get_hw_devices xc7vx690t_0] -filter {CELL_NAME=~"ADandDA_inst/ila_addata_inst"}]]
ERROR: [Xicom 50-38] xicom: Unable to connect to debug core(s) on the target device. Check cable connectivity and that the target board is powered up then use the disconnect_hw_server and connect_hw_server to re-initialize the hardware target. Use open_hw_target to re-register the hardware device.
ERROR: [Common 17-39] 'get_hw_ila_datas' failed due to earlier errors.

ERROR: [Xicom 50-38] xicom: Unable to connect to debug core(s) on the target device. Check cable connectivity and that the target board is powered up then use the disconnect_hw_server and connect_hw_server to re-initialize the hardware target. Use open_hw_target to re-register the hardware device.
ERROR: [Xicom 50-38] xicom: Unable to connect to debug core(s) on the target device. Check cable connectivity and that the target board is powered up then use the disconnect_hw_server and connect_hw_server to re-initialize the hardware target. Use open_hw_target to re-register the hardware device.
ERROR: [Xicom 50-38] xicom: Unable to connect to debug core(s) on the target device. Check cable connectivity and that the target board is powered up then use the disconnect_hw_server and connect_hw_server to re-initialize the hardware target. Use open_hw_target to re-register the hardware device.
ERROR: [Xicom 50-38] xicom: Unable to connect to debug core(s) on the target device. Check cable connectivity and that the target board is powered up then use the disconnect_hw_server and connect_hw_server to re-initialize the hardware target. Use open_hw_target to re-register the hardware device.
ERROR: [Xicom 50-38] xicom: Unable to connect to debug core(s) on the target device. Check cable connectivity and that the target board is powered up then use the disconnect_hw_server and connect_hw_server to re-initialize the hardware target. Use open_hw_target to re-register the hardware device.
ERROR: [Xicom 50-38] xicom: Unable to connect to debug core(s) on the target device. Check cable connectivity and that the target board is powered up then use the disconnect_hw_server and connect_hw_server to re-initialize the hardware target. Use open_hw_target to re-register the hardware device.
ERROR: [Xicom 50-38] xicom: Unable to connect to debug core(s) on the target device. Check cable connectivity and that the target board is powered up then use the disconnect_hw_server and connect_hw_server to re-initialize the hardware target. Use open_hw_target to re-register the hardware device.
ERROR: [Xicom 50-38] xicom: Unable to connect to debug core(s) on the target device. Check cable connectivity and that the target board is powered up then use the disconnect_hw_server and connect_hw_server to re-initialize the hardware target. Use open_hw_target to re-register the hardware device.
ERROR: [Xicom 50-38] xicom: Unable to connect to debug core(s) on the target device. Check cable connectivity and that the target board is powered up then use the disconnect_hw_server and connect_hw_server to re-initialize the hardware target. Use open_hw_target to re-register the hardware device.
ERROR: [Xicom 50-38] xicom: Unable to connect to debug core(s) on the target device. Check cable connectivity and that the target board is powered up then use the disconnect_hw_server and connect_hw_server to re-initialize the hardware target. Use open_hw_target to re-register the hardware device.
ERROR: [Xicom 50-38] xicom: Unable to connect to debug core(s) on the target device. Check cable connectivity and that the target board is powered up then use the disconnect_hw_server and connect_hw_server to re-initialize the hardware target. Use open_hw_target to re-register the hardware device.
ERROR: [Xicom 50-38] xicom: Unable to connect to debug core(s) on the target device. Check cable connectivity and that the target board is powered up then use the disconnect_hw_server and connect_hw_server to re-initialize the hardware target. Use open_hw_target to re-register the hardware device.
ERROR: [Xicom 50-38] xicom: Unable to connect to debug core(s) on the target device. Check cable connectivity and that the target board is powered up then use the disconnect_hw_server and connect_hw_server to re-initialize the hardware target. Use open_hw_target to re-register the hardware device.
display_hw_ila_data [ get_hw_ila_data hw_ila_data_4 -of_objects [get_hw_ilas -of_objects [get_hw_devices xc7vx690t_0] -filter {CELL_NAME=~"TCTM_INST/ila_tctm_inst"}]]
WARNING: [Labtoolstcl 44-129] No matching hw_ila_data was found.
ERROR: [Xicom 50-38] xicom: Unable to connect to debug core(s) on the target device. Check cable connectivity and that the target board is powered up then use the disconnect_hw_server and connect_hw_server to re-initialize the hardware target. Use open_hw_target to re-register the hardware device.
ERROR: [Xicom 50-38] xicom: Unable to connect to debug core(s) on the target device. Check cable connectivity and that the target board is powered up then use the disconnect_hw_server and connect_hw_server to re-initialize the hardware target. Use open_hw_target to re-register the hardware device.
ERROR: [Xicom 50-38] xicom: Unable to connect to debug core(s) on the target device. Check cable connectivity and that the target board is powered up then use the disconnect_hw_server and connect_hw_server to re-initialize the hardware target. Use open_hw_target to re-register the hardware device.
ERROR: [Xicom 50-38] xicom: Unable to connect to debug core(s) on the target device. Check cable connectivity and that the target board is powered up then use the disconnect_hw_server and connect_hw_server to re-initialize the hardware target. Use open_hw_target to re-register the hardware device.
ERROR: [Xicom 50-38] xicom: Unable to connect to debug core(s) on the target device. Check cable connectivity and that the target board is powered up then use the disconnect_hw_server and connect_hw_server to re-initialize the hardware target. Use open_hw_target to re-register the hardware device.
ERROR: [Xicom 50-38] xicom: Unable to connect to debug core(s) on the target device. Check cable connectivity and that the target board is powered up then use the disconnect_hw_server and connect_hw_server to re-initialize the hardware target. Use open_hw_target to re-register the hardware device.
ERROR: [Xicom 50-38] xicom: Unable to connect to debug core(s) on the target device. Check cable connectivity and that the target board is powered up then use the disconnect_hw_server and connect_hw_server to re-initialize the hardware target. Use open_hw_target to re-register the hardware device.
ERROR: [Xicom 50-38] xicom: Unable to connect to debug core(s) on the target device. Check cable connectivity and that the target board is powered up then use the disconnect_hw_server and connect_hw_server to re-initialize the hardware target. Use open_hw_target to re-register the hardware device.
ERROR: [Xicom 50-38] xicom: Unable to connect to debug core(s) on the target device. Check cable connectivity and that the target board is powered up then use the disconnect_hw_server and connect_hw_server to re-initialize the hardware target. Use open_hw_target to re-register the hardware device.
ERROR: [Xicom 50-38] xicom: Unable to connect to debug core(s) on the target device. Check cable connectivity and that the target board is powered up then use the disconnect_hw_server and connect_hw_server to re-initialize the hardware target. Use open_hw_target to re-register the hardware device.
ERROR: [Xicom 50-38] xicom: Unable to connect to debug core(s) on the target device. Check cable connectivity and that the target board is powered up then use the disconnect_hw_server and connect_hw_server to re-initialize the hardware target. Use open_hw_target to re-register the hardware device.
ERROR: [Xicom 50-38] xicom: Unable to connect to debug core(s) on the target device. Check cable connectivity and that the target board is powered up then use the disconnect_hw_server and connect_hw_server to re-initialize the hardware target. Use open_hw_target to re-register the hardware device.
ERROR: [Xicom 50-38] xicom: Unable to connect to debug core(s) on the target device. Check cable connectivity and that the target board is powered up then use the disconnect_hw_server and connect_hw_server to re-initialize the hardware target. Use open_hw_target to re-register the hardware device.
ERROR: [Common 17-39] 'display_hw_ila_data' failed due to earlier errors.

display_hw_ila_data [ get_hw_ila_data hw_ila_data_5 -of_objects [get_hw_ilas -of_objects [get_hw_devices xc7vx690t_0] -filter {CELL_NAME=~"rec_Calib_inst/ila_rec_calib_simp_inst"}]]
WARNING: [Labtoolstcl 44-129] No matching hw_ila_data was found.
display_hw_ila_data [ get_hw_ila_data hw_ila_data_6 -of_objects [get_hw_ilas -of_objects [get_hw_devices xc7vx690t_0] -filter {CELL_NAME=~"uut_beam_gth/dut_54/ila_54beam_inst"}]]
WARNING: [Labtoolstcl 44-130] No matching hw_ilas were found.
ERROR: [Xicom 50-38] xicom: Unable to connect to debug core(s) on the target device. Check cable connectivity and that the target board is powered up then use the disconnect_hw_server and connect_hw_server to re-initialize the hardware target. Use open_hw_target to re-register the hardware device.
ERROR: [Common 17-39] 'get_hw_ilas' failed due to earlier errors.

ERROR: [Xicom 50-38] xicom: Unable to connect to debug core(s) on the target device. Check cable connectivity and that the target board is powered up then use the disconnect_hw_server and connect_hw_server to re-initialize the hardware target. Use open_hw_target to re-register the hardware device.
ERROR: [Xicom 50-38] xicom: Unable to connect to debug core(s) on the target device. Check cable connectivity and that the target board is powered up then use the disconnect_hw_server and connect_hw_server to re-initialize the hardware target. Use open_hw_target to re-register the hardware device.
ERROR: [Xicom 50-38] xicom: Unable to connect to debug core(s) on the target device. Check cable connectivity and that the target board is powered up then use the disconnect_hw_server and connect_hw_server to re-initialize the hardware target. Use open_hw_target to re-register the hardware device.
ERROR: [Xicom 50-38] xicom: Unable to connect to debug core(s) on the target device. Check cable connectivity and that the target board is powered up then use the disconnect_hw_server and connect_hw_server to re-initialize the hardware target. Use open_hw_target to re-register the hardware device.
ERROR: [Xicom 50-38] xicom: Unable to connect to debug core(s) on the target device. Check cable connectivity and that the target board is powered up then use the disconnect_hw_server and connect_hw_server to re-initialize the hardware target. Use open_hw_target to re-register the hardware device.
ERROR: [Xicom 50-38] xicom: Unable to connect to debug core(s) on the target device. Check cable connectivity and that the target board is powered up then use the disconnect_hw_server and connect_hw_server to re-initialize the hardware target. Use open_hw_target to re-register the hardware device.
ERROR: [Xicom 50-38] xicom: Unable to connect to debug core(s) on the target device. Check cable connectivity and that the target board is powered up then use the disconnect_hw_server and connect_hw_server to re-initialize the hardware target. Use open_hw_target to re-register the hardware device.
ERROR: [Xicom 50-38] xicom: Unable to connect to debug core(s) on the target device. Check cable connectivity and that the target board is powered up then use the disconnect_hw_server and connect_hw_server to re-initialize the hardware target. Use open_hw_target to re-register the hardware device.
ERROR: [Xicom 50-38] xicom: Unable to connect to debug core(s) on the target device. Check cable connectivity and that the target board is powered up then use the disconnect_hw_server and connect_hw_server to re-initialize the hardware target. Use open_hw_target to re-register the hardware device.
ERROR: [Xicom 50-38] xicom: Unable to connect to debug core(s) on the target device. Check cable connectivity and that the target board is powered up then use the disconnect_hw_server and connect_hw_server to re-initialize the hardware target. Use open_hw_target to re-register the hardware device.
ERROR: [Xicom 50-38] xicom: Unable to connect to debug core(s) on the target device. Check cable connectivity and that the target board is powered up then use the disconnect_hw_server and connect_hw_server to re-initialize the hardware target. Use open_hw_target to re-register the hardware device.
ERROR: [Xicom 50-38] xicom: Unable to connect to debug core(s) on the target device. Check cable connectivity and that the target board is powered up then use the disconnect_hw_server and connect_hw_server to re-initialize the hardware target. Use open_hw_target to re-register the hardware device.
ERROR: [Xicom 50-38] xicom: Unable to connect to debug core(s) on the target device. Check cable connectivity and that the target board is powered up then use the disconnect_hw_server and connect_hw_server to re-initialize the hardware target. Use open_hw_target to re-register the hardware device.
ERROR: [Xicom 50-38] xicom: Unable to connect to debug core(s) on the target device. Check cable connectivity and that the target board is powered up then use the disconnect_hw_server and connect_hw_server to re-initialize the hardware target. Use open_hw_target to re-register the hardware device.
display_hw_ila_data [ get_hw_ila_data hw_ila_data_7 -of_objects [get_hw_ilas -of_objects [get_hw_devices xc7vx690t_0] -filter {CELL_NAME=~"uut_beam_gth/ila_dds_inst"}]]
WARNING: [Labtoolstcl 44-130] No matching hw_ilas were found.
WARNING: [Labtoolstcl 44-129] No matching hw_ila_data was found.
ERROR: [Xicom 50-38] xicom: Unable to connect to debug core(s) on the target device. Check cable connectivity and that the target board is powered up then use the disconnect_hw_server and connect_hw_server to re-initialize the hardware target. Use open_hw_target to re-register the hardware device.
ERROR: [Xicom 50-38] xicom: Unable to connect to debug core(s) on the target device. Check cable connectivity and that the target board is powered up then use the disconnect_hw_server and connect_hw_server to re-initialize the hardware target. Use open_hw_target to re-register the hardware device.
INFO: [Common 17-14] Message 'Xicom 50-38' appears 100 times and further instances of the messages will be disabled. Use the Tcl command set_msg_config to change the current settings.
ERROR: [Common 17-39] 'display_hw_ila_data' failed due to earlier errors.

display_hw_ila_data [ get_hw_ila_data hw_ila_data_8 -of_objects [get_hw_ilas -of_objects [get_hw_devices xc7vx690t_0] -filter {CELL_NAME=~"uut_beam_gth/uut_para539/uut_ila_5"}]]
WARNING: [Labtoolstcl 44-130] No matching hw_ilas were found.
WARNING: [Labtoolstcl 44-129] No matching hw_ila_data was found.
set_property TRIGGER_COMPARE_VALUE eq3'bXXX [get_hw_probes ADandDA_inst/pps_r -of_objects [get_hw_ilas -of_objects [get_hw_devices xc7vx690t_0] -filter {CELL_NAME=~"ADandDA_inst/ila_addata_inst"}]]
set_property TRIGGER_COMPARE_VALUE eq3'b100 [get_hw_probes ADandDA_inst/pps_r -of_objects [get_hw_ilas -of_objects [get_hw_devices xc7vx690t_0] -filter {CELL_NAME=~"ADandDA_inst/ila_addata_inst"}]]
startgroup
set_property CONTROL.DATA_DEPTH 8192 [get_hw_ilas -of_objects [get_hw_devices xc7vx690t_0] -filter {CELL_NAME=~"ADandDA_inst/ila_addata_inst"}]
set_property CONTROL.TRIGGER_POSITION 8191 [get_hw_ilas -of_objects [get_hw_devices xc7vx690t_0] -filter {CELL_NAME=~"ADandDA_inst/ila_addata_inst"}]
endgroup
set_property CONTROL.TRIGGER_POSITION 100 [get_hw_ilas -of_objects [get_hw_devices xc7vx690t_0] -filter {CELL_NAME=~"ADandDA_inst/ila_addata_inst"}]
set_property OUTPUT_VALUE_RADIX UNSIGNED [get_hw_probes CNTVALUEIN -of_objects [get_hw_vios -of_objects [get_hw_devices xc7vx690t_0] -filter {CELL_NAME=~"vio_pps_inst"}]]
set_property INPUT_VALUE_RADIX UNSIGNED [get_hw_probes CNTVALUEOUT -of_objects [get_hw_vios -of_objects [get_hw_devices xc7vx690t_0] -filter {CELL_NAME=~"vio_pps_inst"}]]
set_property OUTPUT_VALUE_RADIX UNSIGNED [get_hw_probes LD -of_objects [get_hw_vios -of_objects [get_hw_devices xc7vx690t_0] -filter {CELL_NAME=~"vio_pps_inst"}]]
set_property OUTPUT_VALUE 1 [get_hw_probes LD -of_objects [get_hw_vios -of_objects [get_hw_devices xc7vx690t_0] -filter {CELL_NAME=~"vio_pps_inst"}]]
commit_hw_vio [get_hw_probes {LD} -of_objects [get_hw_vios -of_objects [get_hw_devices xc7vx690t_0] -filter {CELL_NAME=~"vio_pps_inst"}]]
ERROR: [Labtools 27-3176] hw_server failed during internal command.
Resolution: Check that the hw_server is running and the hardware connectivity to the target

set_property OUTPUT_VALUE 10 [get_hw_probes CNTVALUEIN -of_objects [get_hw_vios -of_objects [get_hw_devices xc7vx690t_0] -filter {CELL_NAME=~"vio_pps_inst"}]]
commit_hw_vio [get_hw_probes {CNTVALUEIN} -of_objects [get_hw_vios -of_objects [get_hw_devices xc7vx690t_0] -filter {CELL_NAME=~"vio_pps_inst"}]]
ERROR: [Labtools 27-3176] hw_server failed during internal command.
Resolution: Check that the hw_server is running and the hardware connectivity to the target

set_property OUTPUT_VALUE_RADIX UNSIGNED [get_hw_probes ADandDA_inst/CNTVALUEIN -of_objects [get_hw_vios -of_objects [get_hw_devices xc7vx690t_0] -filter {CELL_NAME=~"ADandDA_inst/vio_delay_all_inst"}]]
set_property OUTPUT_VALUE_RADIX UNSIGNED [get_hw_probes ADandDA_inst/CNTVALUEIN_CLK -of_objects [get_hw_vios -of_objects [get_hw_devices xc7vx690t_0] -filter {CELL_NAME=~"ADandDA_inst/vio_delay_all_inst"}]]
set_property OUTPUT_VALUE 0 [get_hw_probes ADandDA_inst/delay_load_en -of_objects [get_hw_vios -of_objects [get_hw_devices xc7vx690t_0] -filter {CELL_NAME=~"ADandDA_inst/vio_delay_all_inst"}]]
commit_hw_vio [get_hw_probes {ADandDA_inst/delay_load_en} -of_objects [get_hw_vios -of_objects [get_hw_devices xc7vx690t_0] -filter {CELL_NAME=~"ADandDA_inst/vio_delay_all_inst"}]]
ERROR: [Labtools 27-3176] hw_server failed during internal command.
Resolution: Check that the hw_server is running and the hardware connectivity to the target

set_property OUTPUT_VALUE 1 [get_hw_probes ADandDA_inst/delay_load_en -of_objects [get_hw_vios -of_objects [get_hw_devices xc7vx690t_0] -filter {CELL_NAME=~"ADandDA_inst/vio_delay_all_inst"}]]
commit_hw_vio [get_hw_probes {ADandDA_inst/delay_load_en} -of_objects [get_hw_vios -of_objects [get_hw_devices xc7vx690t_0] -filter {CELL_NAME=~"ADandDA_inst/vio_delay_all_inst"}]]
ERROR: [Labtools 27-3176] hw_server failed during internal command.
Resolution: Check that the hw_server is running and the hardware connectivity to the target

set_property OUTPUT_VALUE 0 [get_hw_probes ADandDA_inst/delay_load_en_CLK -of_objects [get_hw_vios -of_objects [get_hw_devices xc7vx690t_0] -filter {CELL_NAME=~"ADandDA_inst/vio_delay_all_inst"}]]
commit_hw_vio [get_hw_probes {ADandDA_inst/delay_load_en_CLK} -of_objects [get_hw_vios -of_objects [get_hw_devices xc7vx690t_0] -filter {CELL_NAME=~"ADandDA_inst/vio_delay_all_inst"}]]
ERROR: [Labtools 27-3176] hw_server failed during internal command.
Resolution: Check that the hw_server is running and the hardware connectivity to the target

set_property OUTPUT_VALUE 1 [get_hw_probes ADandDA_inst/delay_load_en_CLK -of_objects [get_hw_vios -of_objects [get_hw_devices xc7vx690t_0] -filter {CELL_NAME=~"ADandDA_inst/vio_delay_all_inst"}]]
commit_hw_vio [get_hw_probes {ADandDA_inst/delay_load_en_CLK} -of_objects [get_hw_vios -of_objects [get_hw_devices xc7vx690t_0] -filter {CELL_NAME=~"ADandDA_inst/vio_delay_all_inst"}]]
ERROR: [Labtools 27-3176] hw_server failed during internal command.
Resolution: Check that the hw_server is running and the hardware connectivity to the target

set_property OUTPUT_VALUE 0 [get_hw_probes ADandDA_inst/CNTVALUEIN_CLK -of_objects [get_hw_vios -of_objects [get_hw_devices xc7vx690t_0] -filter {CELL_NAME=~"ADandDA_inst/vio_delay_all_inst"}]]
commit_hw_vio [get_hw_probes {ADandDA_inst/CNTVALUEIN_CLK} -of_objects [get_hw_vios -of_objects [get_hw_devices xc7vx690t_0] -filter {CELL_NAME=~"ADandDA_inst/vio_delay_all_inst"}]]
ERROR: [Labtools 27-3176] hw_server failed during internal command.
Resolution: Check that the hw_server is running and the hardware connectivity to the target

set_property OUTPUT_VALUE 0 [get_hw_probes ADandDA_inst/CNTVALUEIN_CLK -of_objects [get_hw_vios -of_objects [get_hw_devices xc7vx690t_0] -filter {CELL_NAME=~"ADandDA_inst/vio_delay_all_inst"}]]
commit_hw_vio [get_hw_probes {ADandDA_inst/CNTVALUEIN} -of_objects [get_hw_vios -of_objects [get_hw_devices xc7vx690t_0] -filter {CELL_NAME=~"ADandDA_inst/vio_delay_all_inst"}]]
ERROR: [Labtools 27-3176] hw_server failed during internal command.
Resolution: Check that the hw_server is running and the hardware connectivity to the target

run_hw_ila [get_hw_ilas -of_objects [get_hw_devices xc7vx690t_0] -filter {CELL_NAME=~"ADandDA_inst/ila_addata_inst"}]
ERROR: [Labtools 27-3176] hw_server failed during internal command.
Resolution: Check that the hw_server is running and the hardware connectivity to the target

wait_on_hw_ila [get_hw_ilas -of_objects [get_hw_devices xc7vx690t_0] -filter {CELL_NAME=~"ADandDA_inst/ila_addata_inst"}]
ERROR: [Labtools 27-3176] hw_server failed during internal command.
Resolution: Check that the hw_server is running and the hardware connectivity to the target

INFO: [Common 17-206] Exiting Vivado at Mon Jan 15 19:27:16 2024...
