#-----------------------------------------------------------
# Vivado v2018.3.1 (64-bit)
# SW Build 2489853 on Tue Mar 26 04:20:25 MDT 2019
# IP Build 2486929 on Tue Mar 26 06:44:21 MDT 2019
# Start of session at: Tue Mar 19 11:19:27 2024
# Process ID: 18788
# Current directory: D:/IDEA_Projects/auto-fx
# Command line: vivado.exe -mode tcl -source D:\vivado_projects\blank.tcl
# Log file: D:/IDEA_Projects/auto-fx/vivado.log
# Journal file: D:/IDEA_Projects/auto-fx\vivado.jou
#-----------------------------------------------------------
source {D:\vivado_projects\blank.tcl}
open_hw
connect_hw_server
INFO: [Labtools 27-2285] Connecting to hw_server url TCP:localhost:3121
close_hw_target {localhost:3121/xilinx_tcf/Xilinx/8080658006c001}
INFO: [Labtoolstcl 44-464] Closing hw_target localhost:3121/xilinx_tcf/Xilinx/8080658006c001
INFO: [Labtoolstcl 44-468] Target hw_target localhost:3121/xilinx_tcf/Xilinx/8080658006c001 is already closed
close_hw_target {localhost:3121/xilinx_tcf/Xilinx/80806580073c01}
INFO: [Labtoolstcl 44-464] Closing hw_target localhost:3121/xilinx_tcf/Xilinx/80806580073c01
INFO: [Labtoolstcl 44-468] Target hw_target localhost:3121/xilinx_tcf/Xilinx/80806580073c01 is already closed
open_hw_target {localhost:3121/xilinx_tcf/Xilinx/8080658007c701}
INFO: [Labtoolstcl 44-466] Opening hw_target localhost:3121/xilinx_tcf/Xilinx/8080658007c701
close_hw_target {localhost:3121/xilinx_tcf/Xilinx/000018eaffd701}
INFO: [Labtoolstcl 44-464] Closing hw_target localhost:3121/xilinx_tcf/Xilinx/000018eaffd701
INFO: [Labtoolstcl 44-468] Target hw_target localhost:3121/xilinx_tcf/Xilinx/000018eaffd701 is already closed
current_hw_device [get_hw_devices xc7vx690t_0]
refresh_hw_device -update_hw_probes false [lindex [get_hw_devices xc7vx690t_0] 0]
INFO: [Labtools 27-2302] Device xc7vx690t (JTAG device index = 0) is programmed with a design that has 7 ILA core(s).
INFO: [Labtools 27-2302] Device xc7vx690t (JTAG device index = 0) is programmed with a design that has 12 VIO core(s).
refresh_hw_device: Time (s): cpu = 00:00:06 ; elapsed = 00:00:16 . Memory (MB): peak = 1249.125 ; gain = 995.504
set_property PROBES.FILE {E:/wx/2_projects/L payload/vivado files/0315/impl_freq_syn_added_DA3/DA_top2.ltx} [get_hw_devices xc7vx690t_0]
set_property FULL_PROBES.FILE {E:/wx/2_projects/L payload/vivado files/0315/impl_freq_syn_added_DA3/DA_top2.ltx} [get_hw_devices xc7vx690t_0]
set_property PROGRAM.FILE {E:/wx/2_projects/L payload/vivado files/0315/impl_freq_syn_added_DA3/DA_top2.bit} [get_hw_devices xc7vx690t_0]
program_hw_devices [get_hw_devices xc7vx690t_0]
INFO: [Labtools 27-3164] End of startup status: HIGH
program_hw_devices: Time (s): cpu = 00:00:40 ; elapsed = 00:00:46 . Memory (MB): peak = 1249.629 ; gain = 0.504
refresh_hw_device [lindex [get_hw_devices xc7vx690t_0] 0]
INFO: [Labtools 27-2302] Device xc7vx690t (JTAG device index = 0) is programmed with a design that has 7 ILA core(s).
INFO: [Labtools 27-2302] Device xc7vx690t (JTAG device index = 0) is programmed with a design that has 12 VIO core(s).
INFO: [Labtools 27-1889] Uploading output probe values for VIO core [hw_vio_1]
INFO: [Labtools 27-1889] Uploading output probe values for VIO core [hw_vio_2]
INFO: [Labtools 27-1889] Uploading output probe values for VIO core [hw_vio_3]
INFO: [Labtools 27-1889] Uploading output probe values for VIO core [hw_vio_4]
INFO: [Labtools 27-1889] Uploading output probe values for VIO core [hw_vio_5]
INFO: [Labtools 27-1889] Uploading output probe values for VIO core [hw_vio_6]
INFO: [Labtools 27-1889] Uploading output probe values for VIO core [hw_vio_7]
INFO: [Labtools 27-1889] Uploading output probe values for VIO core [hw_vio_8]
INFO: [Labtools 27-1889] Uploading output probe values for VIO core [hw_vio_9]
INFO: [Labtools 27-1889] Uploading output probe values for VIO core [hw_vio_10]
INFO: [Labtools 27-1889] Uploading output probe values for VIO core [hw_vio_11]
INFO: [Labtools 27-1889] Uploading output probe values for VIO core [hw_vio_12]
refresh_hw_device: Time (s): cpu = 00:00:00 ; elapsed = 00:00:12 . Memory (MB): peak = 1253.008 ; gain = 3.379
display_hw_ila_data [ get_hw_ila_data hw_ila_data_1 -of_objects [get_hw_ilas -of_objects [get_hw_devices xc7vx690t_0] -filter {CELL_NAME=~"ADandDA_inst/AD_SPI_inst/ila_spi_inst"}]]
display_hw_ila_data [ get_hw_ila_data hw_ila_data_2 -of_objects [get_hw_ilas -of_objects [get_hw_devices xc7vx690t_0] -filter {CELL_NAME=~"ADandDA_inst/DA_SPI_INST/ila_daspi_INST"}]]
display_hw_ila_data [ get_hw_ila_data hw_ila_data_3 -of_objects [get_hw_ilas -of_objects [get_hw_devices xc7vx690t_0] -filter {CELL_NAME=~"ADandDA_inst/ila_addata_inst"}]]
display_hw_ila_data [ get_hw_ila_data hw_ila_data_4 -of_objects [get_hw_ilas -of_objects [get_hw_devices xc7vx690t_0] -filter {CELL_NAME=~"Inst_freq_change_syn_DA3/Inst_ila_freq_change_syn_DA3"}]]
display_hw_ila_data [ get_hw_ila_data hw_ila_data_5 -of_objects [get_hw_ilas -of_objects [get_hw_devices xc7vx690t_0] -filter {CELL_NAME=~"mcu_spi_top_2_inst/ila_spi_line_inst"}]]
display_hw_ila_data [ get_hw_ila_data hw_ila_data_6 -of_objects [get_hw_ilas -of_objects [get_hw_devices xc7vx690t_0] -filter {CELL_NAME=~"nolabel_line1258/ila_tctm_inst"}]]
display_hw_ila_data [ get_hw_ila_data hw_ila_data_7 -of_objects [get_hw_ilas -of_objects [get_hw_devices xc7vx690t_0] -filter {CELL_NAME=~"trans_source_inst/ILA_trans_source_syntest_inst"}]]
set_property OUTPUT_VALUE 0 [get_hw_probes Inst_freq_change_syn_DA1/LD -of_objects [get_hw_vios -of_objects [get_hw_devices xc7vx690t_0] -filter {CELL_NAME=~"Inst_freq_change_syn_DA1/Inst_vio_syn_DA1"}]]
commit_hw_vio [get_hw_probes {Inst_freq_change_syn_DA1/LD} -of_objects [get_hw_vios -of_objects [get_hw_devices xc7vx690t_0] -filter {CELL_NAME=~"Inst_freq_change_syn_DA1/Inst_vio_syn_DA1"}]]
set_property OUTPUT_VALUE 1 [get_hw_probes Inst_freq_change_syn_DA1/LD -of_objects [get_hw_vios -of_objects [get_hw_devices xc7vx690t_0] -filter {CELL_NAME=~"Inst_freq_change_syn_DA1/Inst_vio_syn_DA1"}]]
commit_hw_vio [get_hw_probes {Inst_freq_change_syn_DA1/LD} -of_objects [get_hw_vios -of_objects [get_hw_devices xc7vx690t_0] -filter {CELL_NAME=~"Inst_freq_change_syn_DA1/Inst_vio_syn_DA1"}]]
set_property TRIGGER_COMPARE_VALUE eq1'bR [get_hw_probes Inst_freq_change_syn_DA2/IO_syn_iddr -of_objects [get_hw_ilas -of_objects [get_hw_devices xc7vx690t_0] -filter {CELL_NAME=~"Inst_freq_change_syn_DA2/Inst_ila_freq_change_syn_DA2"}]]
set_property CONTROL.TRIGGER_POSITION 100 [get_hw_ilas -of_objects [get_hw_devices xc7vx690t_0] -filter {CELL_NAME=~"Inst_freq_change_syn_DA2/Inst_ila_freq_change_syn_DA2"}]
set_property INPUT_VALUE_RADIX UNSIGNED [get_hw_probes Inst_freq_change_syn_DA2/CNTVALUEOUT -of_objects [get_hw_vios -of_objects [get_hw_devices xc7vx690t_0] -filter {CELL_NAME=~"Inst_freq_change_syn_DA2/Inst_vio_syn_DA2"}]]
set_property OUTPUT_VALUE_RADIX UNSIGNED [get_hw_probes Inst_freq_change_syn_DA2/CNTVALUEIN -of_objects [get_hw_vios -of_objects [get_hw_devices xc7vx690t_0] -filter {CELL_NAME=~"Inst_freq_change_syn_DA2/Inst_vio_syn_DA2"}]]
set_property OUTPUT_VALUE 0 [get_hw_probes Inst_freq_change_syn_DA2/CNTVALUEIN -of_objects [get_hw_vios -of_objects [get_hw_devices xc7vx690t_0] -filter {CELL_NAME=~"Inst_freq_change_syn_DA2/Inst_vio_syn_DA2"}]]
commit_hw_vio [get_hw_probes {Inst_freq_change_syn_DA2/CNTVALUEIN} -of_objects [get_hw_vios -of_objects [get_hw_devices xc7vx690t_0] -filter {CELL_NAME=~"Inst_freq_change_syn_DA2/Inst_vio_syn_DA2"}]]
run_hw_ila [get_hw_ilas -of_objects [get_hw_devices xc7vx690t_0] -filter {CELL_NAME=~"Inst_freq_change_syn_DA1/Inst_ila_freq_change_syn_DA1"}]
INFO: [Labtools 27-1964] The ILA core 'hw_ila_4' trigger was armed at 2024-Mar-19 11:26:16
wait_on_hw_ila [get_hw_ilas -of_objects [get_hw_devices xc7vx690t_0] -filter {CELL_NAME=~"Inst_freq_change_syn_DA3/Inst_ila_freq_change_syn_DA3"}]
upload_hw_ila_data [get_hw_ilas -of_objects [get_hw_devices xc7vx690t_0] -filter {CELL_NAME=~"Inst_freq_change_syn_DA1/Inst_ila_freq_change_syn_DA1"}]
INFO: [Labtools 27-1966] The ILA core 'hw_ila_4' triggered at 2024-Mar-19 11:26:19
write_hw_ila_data -csv_file {E:\wx\2_projects\L payload\vivado files\0311\0caishu\process0_0#0.csv} hw_ila_data_4
ERROR: [Labtoolstcl 44-54] You must use the -force option to overwrite existing file 'E:/wx/2_projects/L payload/vivado files/0311/0caishu/process0_0#0.csv'.

run_hw_ila [get_hw_ilas -of_objects [get_hw_devices xc7vx690t_0] -filter {CELL_NAME=~"Inst_freq_change_syn_DA1/Inst_ila_freq_change_syn_DA1"}]
INFO: [Labtools 27-1964] The ILA core 'hw_ila_4' trigger was armed at 2024-Mar-19 11:26:27
wait_on_hw_ila [get_hw_ilas -of_objects [get_hw_devices xc7vx690t_0] -filter {CELL_NAME=~"Inst_freq_change_syn_DA2/Inst_ila_freq_change_syn_DA2"}]
upload_hw_ila_data [get_hw_ilas -of_objects [get_hw_devices xc7vx690t_0] -filter {CELL_NAME=~"Inst_freq_change_syn_DA3/Inst_ila_freq_change_syn_DA3"}]
INFO: [Labtools 27-1966] The ILA core 'hw_ila_4' triggered at 2024-Mar-19 11:26:30
upload_hw_ila_data: Time (s): cpu = 00:00:00 ; elapsed = 00:00:09 . Memory (MB): peak = 1255.137 ; gain = 0.000
write_hw_ila_data -csv_file {E:\wx\2_projects\L payload\vivado files\0311\0caishu\process0_0#1.csv} hw_ila_data_4
run_hw_ila [get_hw_ilas -of_objects [get_hw_devices xc7vx690t_0] -filter {CELL_NAME=~"Inst_freq_change_syn_DA2/Inst_ila_freq_change_syn_DA2"}]
INFO: [Labtools 27-1964] The ILA core 'hw_ila_4' trigger was armed at 2024-Mar-19 11:26:44
wait_on_hw_ila [get_hw_ilas -of_objects [get_hw_devices xc7vx690t_0] -filter {CELL_NAME=~"Inst_freq_change_syn_DA1/Inst_ila_freq_change_syn_DA1"}]
upload_hw_ila_data [get_hw_ilas -of_objects [get_hw_devices xc7vx690t_0] -filter {CELL_NAME=~"Inst_freq_change_syn_DA1/Inst_ila_freq_change_syn_DA1"}]
INFO: [Labtools 27-1966] The ILA core 'hw_ila_4' triggered at 2024-Mar-19 11:26:46
write_hw_ila_data -csv_file {E:\wx\2_projects\L payload\vivado files\0311\0caishu\process1_0#2.csv} hw_ila_data_4
set_property OUTPUT_VALUE 1 [get_hw_probes Inst_freq_change_syn_DA1/CNTVALUEIN -of_objects [get_hw_vios -of_objects [get_hw_devices xc7vx690t_0] -filter {CELL_NAME=~"Inst_freq_change_syn_DA1/Inst_vio_syn_DA1"}]]
commit_hw_vio [get_hw_probes {Inst_freq_change_syn_DA3/CNTVALUEIN} -of_objects [get_hw_vios -of_objects [get_hw_devices xc7vx690t_0] -filter {CELL_NAME=~"Inst_freq_change_syn_DA3/Inst_vio_syn_DA3"}]]
run_hw_ila [get_hw_ilas -of_objects [get_hw_devices xc7vx690t_0] -filter {CELL_NAME=~"Inst_freq_change_syn_DA2/Inst_ila_freq_change_syn_DA2"}]
INFO: [Labtools 27-1964] The ILA core 'hw_ila_4' trigger was armed at 2024-Mar-19 11:27:00
wait_on_hw_ila [get_hw_ilas -of_objects [get_hw_devices xc7vx690t_0] -filter {CELL_NAME=~"Inst_freq_change_syn_DA2/Inst_ila_freq_change_syn_DA2"}]
upload_hw_ila_data [get_hw_ilas -of_objects [get_hw_devices xc7vx690t_0] -filter {CELL_NAME=~"Inst_freq_change_syn_DA3/Inst_ila_freq_change_syn_DA3"}]
INFO: [Labtools 27-1966] The ILA core 'hw_ila_4' triggered at 2024-Mar-19 11:27:03
write_hw_ila_data -csv_file {E:\wx\2_projects\L payload\vivado files\0311\0caishu\process1_1#0.csv} hw_ila_data_4
run_hw_ila [get_hw_ilas -of_objects [get_hw_devices xc7vx690t_0] -filter {CELL_NAME=~"Inst_freq_change_syn_DA2/Inst_ila_freq_change_syn_DA2"}]
INFO: [Labtools 27-1964] The ILA core 'hw_ila_4' trigger was armed at 2024-Mar-19 11:27:12
wait_on_hw_ila [get_hw_ilas -of_objects [get_hw_devices xc7vx690t_0] -filter {CELL_NAME=~"Inst_freq_change_syn_DA2/Inst_ila_freq_change_syn_DA2"}]
upload_hw_ila_data [get_hw_ilas -of_objects [get_hw_devices xc7vx690t_0] -filter {CELL_NAME=~"Inst_freq_change_syn_DA3/Inst_ila_freq_change_syn_DA3"}]
INFO: [Labtools 27-1966] The ILA core 'hw_ila_4' triggered at 2024-Mar-19 11:27:13
write_hw_ila_data -csv_file {E:\wx\2_projects\L payload\vivado files\0311\0caishu\process0_1#1.csv} hw_ila_data_4
run_hw_ila [get_hw_ilas -of_objects [get_hw_devices xc7vx690t_0] -filter {CELL_NAME=~"Inst_freq_change_syn_DA2/Inst_ila_freq_change_syn_DA2"}]
INFO: [Labtools 27-1964] The ILA core 'hw_ila_4' trigger was armed at 2024-Mar-19 11:27:22
wait_on_hw_ila [get_hw_ilas -of_objects [get_hw_devices xc7vx690t_0] -filter {CELL_NAME=~"Inst_freq_change_syn_DA3/Inst_ila_freq_change_syn_DA3"}]
upload_hw_ila_data [get_hw_ilas -of_objects [get_hw_devices xc7vx690t_0] -filter {CELL_NAME=~"Inst_freq_change_syn_DA2/Inst_ila_freq_change_syn_DA2"}]
INFO: [Labtools 27-1966] The ILA core 'hw_ila_4' triggered at 2024-Mar-19 11:27:25
write_hw_ila_data -csv_file {E:\wx\2_projects\L payload\vivado files\0311\0caishu\process2_1#2.csv} hw_ila_data_4
set_property OUTPUT_VALUE 2 [get_hw_probes Inst_freq_change_syn_DA3/CNTVALUEIN -of_objects [get_hw_vios -of_objects [get_hw_devices xc7vx690t_0] -filter {CELL_NAME=~"Inst_freq_change_syn_DA3/Inst_vio_syn_DA3"}]]
commit_hw_vio [get_hw_probes {Inst_freq_change_syn_DA1/CNTVALUEIN} -of_objects [get_hw_vios -of_objects [get_hw_devices xc7vx690t_0] -filter {CELL_NAME=~"Inst_freq_change_syn_DA1/Inst_vio_syn_DA1"}]]
run_hw_ila [get_hw_ilas -of_objects [get_hw_devices xc7vx690t_0] -filter {CELL_NAME=~"Inst_freq_change_syn_DA1/Inst_ila_freq_change_syn_DA1"}]
INFO: [Labtools 27-1964] The ILA core 'hw_ila_4' trigger was armed at 2024-Mar-19 11:27:38
wait_on_hw_ila [get_hw_ilas -of_objects [get_hw_devices xc7vx690t_0] -filter {CELL_NAME=~"Inst_freq_change_syn_DA3/Inst_ila_freq_change_syn_DA3"}]
upload_hw_ila_data [get_hw_ilas -of_objects [get_hw_devices xc7vx690t_0] -filter {CELL_NAME=~"Inst_freq_change_syn_DA3/Inst_ila_freq_change_syn_DA3"}]
INFO: [Labtools 27-1966] The ILA core 'hw_ila_4' triggered at 2024-Mar-19 11:27:42
write_hw_ila_data -csv_file {E:\wx\2_projects\L payload\vivado files\0311\0caishu\process2_2#0.csv} hw_ila_data_4
run_hw_ila [get_hw_ilas -of_objects [get_hw_devices xc7vx690t_0] -filter {CELL_NAME=~"Inst_freq_change_syn_DA2/Inst_ila_freq_change_syn_DA2"}]
INFO: [Labtools 27-1964] The ILA core 'hw_ila_4' trigger was armed at 2024-Mar-19 11:27:49
wait_on_hw_ila [get_hw_ilas -of_objects [get_hw_devices xc7vx690t_0] -filter {CELL_NAME=~"Inst_freq_change_syn_DA3/Inst_ila_freq_change_syn_DA3"}]
upload_hw_ila_data [get_hw_ilas -of_objects [get_hw_devices xc7vx690t_0] -filter {CELL_NAME=~"Inst_freq_change_syn_DA1/Inst_ila_freq_change_syn_DA1"}]
INFO: [Labtools 27-1966] The ILA core 'hw_ila_4' triggered at 2024-Mar-19 11:27:52
write_hw_ila_data -csv_file {E:\wx\2_projects\L payload\vivado files\0311\0caishu\process1_2#1.csv} hw_ila_data_4
run_hw_ila [get_hw_ilas -of_objects [get_hw_devices xc7vx690t_0] -filter {CELL_NAME=~"Inst_freq_change_syn_DA2/Inst_ila_freq_change_syn_DA2"}]
INFO: [Labtools 27-1964] The ILA core 'hw_ila_4' trigger was armed at 2024-Mar-19 11:28:01
wait_on_hw_ila [get_hw_ilas -of_objects [get_hw_devices xc7vx690t_0] -filter {CELL_NAME=~"Inst_freq_change_syn_DA3/Inst_ila_freq_change_syn_DA3"}]
upload_hw_ila_data [get_hw_ilas -of_objects [get_hw_devices xc7vx690t_0] -filter {CELL_NAME=~"Inst_freq_change_syn_DA1/Inst_ila_freq_change_syn_DA1"}]
INFO: [Labtools 27-1966] The ILA core 'hw_ila_4' triggered at 2024-Mar-19 11:28:03
write_hw_ila_data -csv_file {E:\wx\2_projects\L payload\vivado files\0311\0caishu\process0_2#2.csv} hw_ila_data_4
set_property OUTPUT_VALUE 3 [get_hw_probes Inst_freq_change_syn_DA3/CNTVALUEIN -of_objects [get_hw_vios -of_objects [get_hw_devices xc7vx690t_0] -filter {CELL_NAME=~"Inst_freq_change_syn_DA3/Inst_vio_syn_DA3"}]]
commit_hw_vio [get_hw_probes {Inst_freq_change_syn_DA2/CNTVALUEIN} -of_objects [get_hw_vios -of_objects [get_hw_devices xc7vx690t_0] -filter {CELL_NAME=~"Inst_freq_change_syn_DA2/Inst_vio_syn_DA2"}]]
run_hw_ila [get_hw_ilas -of_objects [get_hw_devices xc7vx690t_0] -filter {CELL_NAME=~"Inst_freq_change_syn_DA2/Inst_ila_freq_change_syn_DA2"}]
INFO: [Labtools 27-1964] The ILA core 'hw_ila_4' trigger was armed at 2024-Mar-19 11:28:16
wait_on_hw_ila [get_hw_ilas -of_objects [get_hw_devices xc7vx690t_0] -filter {CELL_NAME=~"Inst_freq_change_syn_DA1/Inst_ila_freq_change_syn_DA1"}]
upload_hw_ila_data [get_hw_ilas -of_objects [get_hw_devices xc7vx690t_0] -filter {CELL_NAME=~"Inst_freq_change_syn_DA1/Inst_ila_freq_change_syn_DA1"}]
INFO: [Labtools 27-1966] The ILA core 'hw_ila_4' triggered at 2024-Mar-19 11:28:18
write_hw_ila_data -csv_file {E:\wx\2_projects\L payload\vivado files\0311\0caishu\process2_3#0.csv} hw_ila_data_4
run_hw_ila [get_hw_ilas -of_objects [get_hw_devices xc7vx690t_0] -filter {CELL_NAME=~"Inst_freq_change_syn_DA3/Inst_ila_freq_change_syn_DA3"}]
INFO: [Labtools 27-1964] The ILA core 'hw_ila_4' trigger was armed at 2024-Mar-19 11:28:27
wait_on_hw_ila [get_hw_ilas -of_objects [get_hw_devices xc7vx690t_0] -filter {CELL_NAME=~"Inst_freq_change_syn_DA2/Inst_ila_freq_change_syn_DA2"}]
upload_hw_ila_data [get_hw_ilas -of_objects [get_hw_devices xc7vx690t_0] -filter {CELL_NAME=~"Inst_freq_change_syn_DA3/Inst_ila_freq_change_syn_DA3"}]
INFO: [Labtools 27-1966] The ILA core 'hw_ila_4' triggered at 2024-Mar-19 11:28:30
write_hw_ila_data -csv_file {E:\wx\2_projects\L payload\vivado files\0311\0caishu\process1_3#1.csv} hw_ila_data_4
run_hw_ila [get_hw_ilas -of_objects [get_hw_devices xc7vx690t_0] -filter {CELL_NAME=~"Inst_freq_change_syn_DA3/Inst_ila_freq_change_syn_DA3"}]
INFO: [Labtools 27-1964] The ILA core 'hw_ila_4' trigger was armed at 2024-Mar-19 11:28:38
wait_on_hw_ila [get_hw_ilas -of_objects [get_hw_devices xc7vx690t_0] -filter {CELL_NAME=~"Inst_freq_change_syn_DA2/Inst_ila_freq_change_syn_DA2"}]
upload_hw_ila_data [get_hw_ilas -of_objects [get_hw_devices xc7vx690t_0] -filter {CELL_NAME=~"Inst_freq_change_syn_DA2/Inst_ila_freq_change_syn_DA2"}]
INFO: [Labtools 27-1966] The ILA core 'hw_ila_4' triggered at 2024-Mar-19 11:28:41
write_hw_ila_data -csv_file {E:\wx\2_projects\L payload\vivado files\0311\0caishu\process0_3#2.csv} hw_ila_data_4
set_property OUTPUT_VALUE 4 [get_hw_probes Inst_freq_change_syn_DA3/CNTVALUEIN -of_objects [get_hw_vios -of_objects [get_hw_devices xc7vx690t_0] -filter {CELL_NAME=~"Inst_freq_change_syn_DA3/Inst_vio_syn_DA3"}]]
commit_hw_vio [get_hw_probes {Inst_freq_change_syn_DA1/CNTVALUEIN} -of_objects [get_hw_vios -of_objects [get_hw_devices xc7vx690t_0] -filter {CELL_NAME=~"Inst_freq_change_syn_DA1/Inst_vio_syn_DA1"}]]
run_hw_ila [get_hw_ilas -of_objects [get_hw_devices xc7vx690t_0] -filter {CELL_NAME=~"Inst_freq_change_syn_DA2/Inst_ila_freq_change_syn_DA2"}]
INFO: [Labtools 27-1964] The ILA core 'hw_ila_4' trigger was armed at 2024-Mar-19 11:28:54
wait_on_hw_ila [get_hw_ilas -of_objects [get_hw_devices xc7vx690t_0] -filter {CELL_NAME=~"Inst_freq_change_syn_DA2/Inst_ila_freq_change_syn_DA2"}]
upload_hw_ila_data [get_hw_ilas -of_objects [get_hw_devices xc7vx690t_0] -filter {CELL_NAME=~"Inst_freq_change_syn_DA2/Inst_ila_freq_change_syn_DA2"}]
INFO: [Labtools 27-1966] The ILA core 'hw_ila_4' triggered at 2024-Mar-19 11:28:56
write_hw_ila_data -csv_file {E:\wx\2_projects\L payload\vivado files\0311\0caishu\process2_4#0.csv} hw_ila_data_4
run_hw_ila [get_hw_ilas -of_objects [get_hw_devices xc7vx690t_0] -filter {CELL_NAME=~"Inst_freq_change_syn_DA3/Inst_ila_freq_change_syn_DA3"}]
INFO: [Labtools 27-1964] The ILA core 'hw_ila_4' trigger was armed at 2024-Mar-19 11:29:05
wait_on_hw_ila [get_hw_ilas -of_objects [get_hw_devices xc7vx690t_0] -filter {CELL_NAME=~"Inst_freq_change_syn_DA2/Inst_ila_freq_change_syn_DA2"}]
upload_hw_ila_data [get_hw_ilas -of_objects [get_hw_devices xc7vx690t_0] -filter {CELL_NAME=~"Inst_freq_change_syn_DA1/Inst_ila_freq_change_syn_DA1"}]
INFO: [Labtools 27-1966] The ILA core 'hw_ila_4' triggered at 2024-Mar-19 11:29:07
write_hw_ila_data -csv_file {E:\wx\2_projects\L payload\vivado files\0311\0caishu\process1_4#1.csv} hw_ila_data_4
run_hw_ila [get_hw_ilas -of_objects [get_hw_devices xc7vx690t_0] -filter {CELL_NAME=~"Inst_freq_change_syn_DA2/Inst_ila_freq_change_syn_DA2"}]
INFO: [Labtools 27-1964] The ILA core 'hw_ila_4' trigger was armed at 2024-Mar-19 11:29:16
wait_on_hw_ila [get_hw_ilas -of_objects [get_hw_devices xc7vx690t_0] -filter {CELL_NAME=~"Inst_freq_change_syn_DA3/Inst_ila_freq_change_syn_DA3"}]
upload_hw_ila_data [get_hw_ilas -of_objects [get_hw_devices xc7vx690t_0] -filter {CELL_NAME=~"Inst_freq_change_syn_DA2/Inst_ila_freq_change_syn_DA2"}]
INFO: [Labtools 27-1966] The ILA core 'hw_ila_4' triggered at 2024-Mar-19 11:29:18
write_hw_ila_data -csv_file {E:\wx\2_projects\L payload\vivado files\0311\0caishu\process0_4#2.csv} hw_ila_data_4
set_property OUTPUT_VALUE 5 [get_hw_probes Inst_freq_change_syn_DA2/CNTVALUEIN -of_objects [get_hw_vios -of_objects [get_hw_devices xc7vx690t_0] -filter {CELL_NAME=~"Inst_freq_change_syn_DA2/Inst_vio_syn_DA2"}]]
commit_hw_vio [get_hw_probes {Inst_freq_change_syn_DA2/CNTVALUEIN} -of_objects [get_hw_vios -of_objects [get_hw_devices xc7vx690t_0] -filter {CELL_NAME=~"Inst_freq_change_syn_DA2/Inst_vio_syn_DA2"}]]
run_hw_ila [get_hw_ilas -of_objects [get_hw_devices xc7vx690t_0] -filter {CELL_NAME=~"Inst_freq_change_syn_DA1/Inst_ila_freq_change_syn_DA1"}]
INFO: [Labtools 27-1964] The ILA core 'hw_ila_4' trigger was armed at 2024-Mar-19 11:29:32
wait_on_hw_ila [get_hw_ilas -of_objects [get_hw_devices xc7vx690t_0] -filter {CELL_NAME=~"Inst_freq_change_syn_DA1/Inst_ila_freq_change_syn_DA1"}]
upload_hw_ila_data [get_hw_ilas -of_objects [get_hw_devices xc7vx690t_0] -filter {CELL_NAME=~"Inst_freq_change_syn_DA3/Inst_ila_freq_change_syn_DA3"}]
INFO: [Labtools 27-1966] The ILA core 'hw_ila_4' triggered at 2024-Mar-19 11:29:34
write_hw_ila_data -csv_file {E:\wx\2_projects\L payload\vivado files\0311\0caishu\process2_5#0.csv} hw_ila_data_4
run_hw_ila [get_hw_ilas -of_objects [get_hw_devices xc7vx690t_0] -filter {CELL_NAME=~"Inst_freq_change_syn_DA2/Inst_ila_freq_change_syn_DA2"}]
INFO: [Labtools 27-1964] The ILA core 'hw_ila_4' trigger was armed at 2024-Mar-19 11:29:43
wait_on_hw_ila [get_hw_ilas -of_objects [get_hw_devices xc7vx690t_0] -filter {CELL_NAME=~"Inst_freq_change_syn_DA2/Inst_ila_freq_change_syn_DA2"}]
upload_hw_ila_data [get_hw_ilas -of_objects [get_hw_devices xc7vx690t_0] -filter {CELL_NAME=~"Inst_freq_change_syn_DA3/Inst_ila_freq_change_syn_DA3"}]
INFO: [Labtools 27-1966] The ILA core 'hw_ila_4' triggered at 2024-Mar-19 11:29:45
write_hw_ila_data -csv_file {E:\wx\2_projects\L payload\vivado files\0311\0caishu\process2_5#1.csv} hw_ila_data_4
run_hw_ila [get_hw_ilas -of_objects [get_hw_devices xc7vx690t_0] -filter {CELL_NAME=~"Inst_freq_change_syn_DA2/Inst_ila_freq_change_syn_DA2"}]
INFO: [Labtools 27-1964] The ILA core 'hw_ila_4' trigger was armed at 2024-Mar-19 11:29:54
wait_on_hw_ila [get_hw_ilas -of_objects [get_hw_devices xc7vx690t_0] -filter {CELL_NAME=~"Inst_freq_change_syn_DA2/Inst_ila_freq_change_syn_DA2"}]
upload_hw_ila_data [get_hw_ilas -of_objects [get_hw_devices xc7vx690t_0] -filter {CELL_NAME=~"Inst_freq_change_syn_DA2/Inst_ila_freq_change_syn_DA2"}]
INFO: [Labtools 27-1966] The ILA core 'hw_ila_4' triggered at 2024-Mar-19 11:29:56
write_hw_ila_data -csv_file {E:\wx\2_projects\L payload\vivado files\0311\0caishu\process0_5#2.csv} hw_ila_data_4
set_property OUTPUT_VALUE 6 [get_hw_probes Inst_freq_change_syn_DA1/CNTVALUEIN -of_objects [get_hw_vios -of_objects [get_hw_devices xc7vx690t_0] -filter {CELL_NAME=~"Inst_freq_change_syn_DA1/Inst_vio_syn_DA1"}]]
commit_hw_vio [get_hw_probes {Inst_freq_change_syn_DA3/CNTVALUEIN} -of_objects [get_hw_vios -of_objects [get_hw_devices xc7vx690t_0] -filter {CELL_NAME=~"Inst_freq_change_syn_DA3/Inst_vio_syn_DA3"}]]
run_hw_ila [get_hw_ilas -of_objects [get_hw_devices xc7vx690t_0] -filter {CELL_NAME=~"Inst_freq_change_syn_DA2/Inst_ila_freq_change_syn_DA2"}]
INFO: [Labtools 27-1964] The ILA core 'hw_ila_4' trigger was armed at 2024-Mar-19 11:30:10
wait_on_hw_ila [get_hw_ilas -of_objects [get_hw_devices xc7vx690t_0] -filter {CELL_NAME=~"Inst_freq_change_syn_DA3/Inst_ila_freq_change_syn_DA3"}]
upload_hw_ila_data [get_hw_ilas -of_objects [get_hw_devices xc7vx690t_0] -filter {CELL_NAME=~"Inst_freq_change_syn_DA3/Inst_ila_freq_change_syn_DA3"}]
INFO: [Labtools 27-1966] The ILA core 'hw_ila_4' triggered at 2024-Mar-19 11:30:12
write_hw_ila_data -csv_file {E:\wx\2_projects\L payload\vivado files\0311\0caishu\process1_6#0.csv} hw_ila_data_4
run_hw_ila [get_hw_ilas -of_objects [get_hw_devices xc7vx690t_0] -filter {CELL_NAME=~"Inst_freq_change_syn_DA1/Inst_ila_freq_change_syn_DA1"}]
INFO: [Labtools 27-1964] The ILA core 'hw_ila_4' trigger was armed at 2024-Mar-19 11:30:21
wait_on_hw_ila [get_hw_ilas -of_objects [get_hw_devices xc7vx690t_0] -filter {CELL_NAME=~"Inst_freq_change_syn_DA1/Inst_ila_freq_change_syn_DA1"}]
upload_hw_ila_data [get_hw_ilas -of_objects [get_hw_devices xc7vx690t_0] -filter {CELL_NAME=~"Inst_freq_change_syn_DA2/Inst_ila_freq_change_syn_DA2"}]
INFO: [Labtools 27-1966] The ILA core 'hw_ila_4' triggered at 2024-Mar-19 11:30:23
write_hw_ila_data -csv_file {E:\wx\2_projects\L payload\vivado files\0311\0caishu\process1_6#1.csv} hw_ila_data_4
run_hw_ila [get_hw_ilas -of_objects [get_hw_devices xc7vx690t_0] -filter {CELL_NAME=~"Inst_freq_change_syn_DA3/Inst_ila_freq_change_syn_DA3"}]
INFO: [Labtools 27-1964] The ILA core 'hw_ila_4' trigger was armed at 2024-Mar-19 11:30:32
wait_on_hw_ila [get_hw_ilas -of_objects [get_hw_devices xc7vx690t_0] -filter {CELL_NAME=~"Inst_freq_change_syn_DA3/Inst_ila_freq_change_syn_DA3"}]
upload_hw_ila_data [get_hw_ilas -of_objects [get_hw_devices xc7vx690t_0] -filter {CELL_NAME=~"Inst_freq_change_syn_DA1/Inst_ila_freq_change_syn_DA1"}]
INFO: [Labtools 27-1966] The ILA core 'hw_ila_4' triggered at 2024-Mar-19 11:30:34
write_hw_ila_data -csv_file {E:\wx\2_projects\L payload\vivado files\0311\0caishu\process2_6#2.csv} hw_ila_data_4
set_property OUTPUT_VALUE 7 [get_hw_probes Inst_freq_change_syn_DA2/CNTVALUEIN -of_objects [get_hw_vios -of_objects [get_hw_devices xc7vx690t_0] -filter {CELL_NAME=~"Inst_freq_change_syn_DA2/Inst_vio_syn_DA2"}]]
commit_hw_vio [get_hw_probes {Inst_freq_change_syn_DA1/CNTVALUEIN} -of_objects [get_hw_vios -of_objects [get_hw_devices xc7vx690t_0] -filter {CELL_NAME=~"Inst_freq_change_syn_DA1/Inst_vio_syn_DA1"}]]
run_hw_ila [get_hw_ilas -of_objects [get_hw_devices xc7vx690t_0] -filter {CELL_NAME=~"Inst_freq_change_syn_DA2/Inst_ila_freq_change_syn_DA2"}]
INFO: [Labtools 27-1964] The ILA core 'hw_ila_4' trigger was armed at 2024-Mar-19 11:30:47
INFO: [Common 17-206] Exiting Vivado at Tue Mar 19 11:30:51 2024...
w_ilas -of_objects [get_hw_devices xc7vx690t_0] -filter {CELL_NAME=~"Inst_trans_freq_change_syn/Inst_ila_trans_freq_change_syn"}]
INFO: [Labtools 27-1966] The ILA core 'hw_ila_3' triggered at 2024-Mar-19 11:28:41
write_hw_ila_data -csv_file {E:\wx\2_projects\L payload\vivado files\0311\0caishu\process3_3#2.csv} hw_ila_data_3
set_property OUTPUT_VALUE 0 [get_hw_probes trans_freq_change_flag -of_objects [get_hw_vios -of_objects [get_hw_devices xc7vx690t_0] -filter {CELL_NAME=~"Inst_freq_change_flag"}]]
commit_hw_vio [get_hw_probes {trans_freq_change_flag} -of_objects [get_hw_vios -of_objects [get_hw_devices xc7vx690t_0] -filter {CELL_NAME=~"Inst_freq_change_flag"}]]
set_property OUTPUT_VALUE 0 [get_hw_probes trans_freq_change_flag -of_objects [get_hw_vios -of_objects [get_hw_devices xc7vx690t_0] -filter {CELL_NAME=~"Inst_freq_change_flag"}]]
commit_hw_vio [get_hw_probes {trans_freq_change_flag} -of_objects [get_hw_vios -of_objects [get_hw_devices xc7vx690t_0] -filter {CELL_NAME=~"Inst_freq_change_flag"}]]
run_hw_ila [get_hw_ilas -of_objects [get_hw_devices xc7vx690t_0] -filter {CELL_NAME=~"Inst_trans_freq_change_syn/Inst_ila_trans_freq_change_syn"}]
INFO: [Labtools 27-1964] The ILA core 'hw_ila_3' trigger was armed at 2024-Mar-19 11:28:54
set_property OUTPUT_VALUE 1 [get_hw_probes trans_freq_change_flag -of_objects [get_hw_vios -of_objects [get_hw_devices xc7vx690t_0] -filter {CELL_NAME=~"Inst_freq_change_flag"}]]
commit_hw_vio [get_hw_probes {trans_freq_change_flag} -of_objects [get_hw_vios -of_objects [get_hw_devices xc7vx690t_0] -filter {CELL_NAME=~"Inst_freq_change_flag"}]]
wait_on_hw_ila [get_hw_ilas -of_objects [get_hw_devices xc7vx690t_0] -filter {CELL_NAME=~"Inst_trans_freq_change_syn/Inst_ila_trans_freq_change_syn"}]
upload_hw_ila_data [get_hw_ilas -of_objects [get_hw_devices xc7vx690t_0] -filter {CELL_NAME=~"Inst_trans_freq_change_syn/Inst_ila_trans_freq_change_syn"}]
INFO: [Labtools 27-1966] The ILA core 'hw_ila_3' triggered at 2024-Mar-19 11:28:56
write_hw_ila_data -csv_file {E:\wx\2_projects\L payload\vivado files\0311\0caishu\process3_4#0.csv} hw_ila_data_3
set_property OUTPUT_VALUE 0 [get_hw_probes trans_freq_change_flag -of_objects [get_hw_vios -of_objects [get_hw_devices xc7vx690t_0] -filter {CELL_NAME=~"Inst_freq_change_flag"}]]
commit_hw_vio [get_hw_probes {trans_freq_change_flag} -of_objects [get_hw_vios -of_objects [get_hw_devices xc7vx690t_0] -filter {CELL_NAME=~"Inst_freq_change_flag"}]]
run_hw_ila [get_hw_ilas -of_objects [get_hw_devices xc7vx690t_0] -filter {CELL_NAME=~"Inst_trans_freq_change_syn/Inst_ila_trans_freq_change_syn"}]
INFO: [Labtools 27-1964] The ILA core 'hw_ila_3' trigger was armed at 2024-Mar-19 11:29:05
set_property OUTPUT_VALUE 1 [get_hw_probes trans_freq_change_flag -of_objects [get_hw_vios -of_objects [get_hw_devices xc7vx690t_0] -filter {CELL_NAME=~"Inst_freq_change_flag"}]]
commit_hw_vio [get_hw_probes {trans_freq_change_flag} -of_objects [get_hw_vios -of_objects [get_hw_devices xc7vx690t_0] -filter {CELL_NAME=~"Inst_freq_change_flag"}]]
wait_on_hw_ila [get_hw_ilas -of_objects [get_hw_devices xc7vx690t_0] -filter {CELL_NAME=~"Inst_trans_freq_change_syn/Inst_ila_trans_freq_change_syn"}]
upload_hw_ila_data [get_hw_ilas -of_objects [get_hw_devices xc7vx690t_0] -filter {CELL_NAME=~"Inst_trans_freq_change_syn/Inst_ila_trans_freq_change_syn"}]
INFO: [Labtools 27-1966] The ILA core 'hw_ila_3' triggered at 2024-Mar-19 11:29:08
write_hw_ila_data -csv_file {E:\wx\2_projects\L payload\vivado files\0311\0caishu\process3_4#1.csv} hw_ila_data_3
set_property OUTPUT_VALUE 0 [get_hw_probes trans_freq_change_flag -of_objects [get_hw_vios -of_objects [get_hw_devices xc7vx690t_0] -filter {CELL_NAME=~"Inst_freq_change_flag"}]]
commit_hw_vio [get_hw_probes {trans_freq_change_flag} -of_objects [get_hw_vios -of_objects [get_hw_devices xc7vx690t_0] -filter {CELL_NAME=~"Inst_freq_change_flag"}]]
run_hw_ila [get_hw_ilas -of_objects [get_hw_devices xc7vx690t_0] -filter {CELL_NAME=~"Inst_trans_freq_change_syn/Inst_ila_trans_freq_change_syn"}]
INFO: [Labtools 27-1964] The ILA core 'hw_ila_3' trigger was armed at 2024-Mar-19 11:29:16
set_property OUTPUT_VALUE 1 [get_hw_probes trans_freq_change_flag -of_objects [get_hw_vios -of_objects [get_hw_devices xc7vx690t_0] -filter {CELL_NAME=~"Inst_freq_change_flag"}]]
commit_hw_vio [get_hw_probes {trans_freq_change_flag} -of_objects [get_hw_vios -of_objects [get_hw_devices xc7vx690t_0] -filter {CELL_NAME=~"Inst_freq_change_flag"}]]
wait_on_hw_ila [get_hw_ilas -of_objects [get_hw_devices xc7vx690t_0] -filter {CELL_NAME=~"Inst_trans_freq_change_syn/Inst_ila_trans_freq_change_syn"}]
upload_hw_ila_data [get_hw_ilas -of_objects [get_hw_devices xc7vx690t_0] -filter {CELL_NAME=~"Inst_trans_freq_change_syn/Inst_ila_trans_freq_change_syn"}]
INFO: [Labtools 27-1966] The ILA core 'hw_ila_3' triggered at 2024-Mar-19 11:29:18
write_hw_ila_data -csv_file {E:\wx\2_projects\L payload\vivado files\0311\0caishu\process3_4#2.csv} hw_ila_data_3
set_property OUTPUT_VALUE 0 [get_hw_probes trans_freq_change_flag -of_objects [get_hw_vios -of_objects [get_hw_devices xc7vx690t_0] -filter {CELL_NAME=~"Inst_freq_change_flag"}]]
commit_hw_vio [get_hw_probes {trans_freq_change_flag} -of_objects [get_hw_vios -of_objects [get_hw_devices xc7vx690t_0] -filter {CELL_NAME=~"Inst_freq_change_flag"}]]
set_property OUTPUT_VALUE 0 [get_hw_probes trans_freq_change_flag -of_objects [get_hw_vios -of_objects [get_hw_devices xc7vx690t_0] -filter {CELL_NAME=~"Inst_freq_change_flag"}]]
commit_hw_vio [get_hw_probes {trans_freq_change_flag} -of_objects [get_hw_vios -of_objects [get_hw_devices xc7vx690t_0] -filter {CELL_NAME=~"Inst_freq_change_flag"}]]
run_hw_ila [get_hw_ilas -of_objects [get_hw_devices xc7vx690t_0] -filter {CELL_NAME=~"Inst_trans_freq_change_syn/Inst_ila_trans_freq_change_syn"}]
INFO: [Labtools 27-1964] The ILA core 'hw_ila_3' trigger was armed at 2024-Mar-19 11:29:32
set_property OUTPUT_VALUE 1 [get_hw_probes trans_freq_change_flag -of_objects [get_hw_vios -of_objects [get_hw_devices xc7vx690t_0] -filter {CELL_NAME=~"Inst_freq_change_flag"}]]
commit_hw_vio [get_hw_probes {trans_freq_change_flag} -of_objects [get_hw_vios -of_objects [get_hw_devices xc7vx690t_0] -filter {CELL_NAME=~"Inst_freq_change_flag"}]]
wait_on_hw_ila [get_hw_ilas -of_objects [get_hw_devices xc7vx690t_0] -filter {CELL_NAME=~"Inst_trans_freq_change_syn/Inst_ila_trans_freq_change_syn"}]
upload_hw_ila_data [get_hw_ilas -of_objects [get_hw_devices xc7vx690t_0] -filter {CELL_NAME=~"Inst_trans_freq_change_syn/Inst_ila_trans_freq_change_syn"}]
INFO: [Labtools 27-1966] The ILA core 'hw_ila_3' triggered at 2024-Mar-19 11:29:34
write_hw_ila_data -csv_file {E:\wx\2_projects\L payload\vivado files\0311\0caishu\process3_5#0.csv} hw_ila_data_3
set_property OUTPUT_VALUE 0 [get_hw_probes trans_freq_change_flag -of_objects [get_hw_vios -of_objects [get_hw_devices xc7vx690t_0] -filter {CELL_NAME=~"Inst_freq_change_flag"}]]
commit_hw_vio [get_hw_probes {trans_freq_change_flag} -of_objects [get_hw_vios -of_objects [get_hw_devices xc7vx690t_0] -filter {CELL_NAME=~"Inst_freq_change_flag"}]]
run_hw_ila [get_hw_ilas -of_objects [get_hw_devices xc7vx690t_0] -filter {CELL_NAME=~"Inst_trans_freq_change_syn/Inst_ila_trans_freq_change_syn"}]
INFO: [Labtools 27-1964] The ILA core 'hw_ila_3' trigger was armed at 2024-Mar-19 11:29:43
set_property OUTPUT_VALUE 1 [get_hw_probes trans_freq_change_flag -of_objects [get_hw_vios -of_objects [get_hw_devices xc7vx690t_0] -filter {CELL_NAME=~"Inst_freq_change_flag"}]]
commit_hw_vio [get_hw_probes {trans_freq_change_flag} -of_objects [get_hw_vios -of_objects [get_hw_devices xc7vx690t_0] -filter {CELL_NAME=~"Inst_freq_change_flag"}]]
wait_on_hw_ila [get_hw_ilas -of_objects [get_hw_devices xc7vx690t_0] -filter {CELL_NAME=~"Inst_trans_freq_change_syn/Inst_ila_trans_freq_change_syn"}]
upload_hw_ila_data [get_hw_ilas -of_objects [get_hw_devices xc7vx690t_0] -filter {CELL_NAME=~"Inst_trans_freq_change_syn/Inst_ila_trans_freq_change_syn"}]
INFO: [Labtools 27-1966] The ILA core 'hw_ila_3' triggered at 2024-Mar-19 11:29:45
write_hw_ila_data -csv_file {E:\wx\2_projects\L payload\vivado files\0311\0caishu\process3_5#1.csv} hw_ila_data_3
set_property OUTPUT_VALUE 0 [get_hw_probes trans_freq_change_flag -of_objects [get_hw_vios -of_objects [get_hw_devices xc7vx690t_0] -filter {CELL_NAME=~"Inst_freq_change_flag"}]]
commit_hw_vio [get_hw_probes {trans_freq_change_flag} -of_objects [get_hw_vios -of_objects [get_hw_devices xc7vx690t_0] -filter {CELL_NAME=~"Inst_freq_change_flag"}]]
run_hw_ila [get_hw_ilas -of_objects [get_hw_devices xc7vx690t_0] -filter {CELL_NAME=~"Inst_trans_freq_change_syn/Inst_ila_trans_freq_change_syn"}]
INFO: [Labtools 27-1964] The ILA core 'hw_ila_3' trigger was armed at 2024-Mar-19 11:29:54
set_property OUTPUT_VALUE 1 [get_hw_probes trans_freq_change_flag -of_objects [get_hw_vios -of_objects [get_hw_devices xc7vx690t_0] -filter {CELL_NAME=~"Inst_freq_change_flag"}]]
commit_hw_vio [get_hw_probes {trans_freq_change_flag} -of_objects [get_hw_vios -of_objects [get_hw_devices xc7vx690t_0] -filter {CELL_NAME=~"Inst_freq_change_flag"}]]
wait_on_hw_ila [get_hw_ilas -of_objects [get_hw_devices xc7vx690t_0] -filter {CELL_NAME=~"Inst_trans_freq_change_syn/Inst_ila_trans_freq_change_syn"}]
upload_hw_ila_data [get_hw_ilas -of_objects [get_hw_devices xc7vx690t_0] -filter {CELL_NAME=~"Inst_trans_freq_change_syn/Inst_ila_trans_freq_change_syn"}]
INFO: [Labtools 27-1966] The ILA core 'hw_ila_3' triggered at 2024-Mar-19 11:29:56
write_hw_ila_data -csv_file {E:\wx\2_projects\L payload\vivado files\0311\0caishu\process3_5#2.csv} hw_ila_data_3
set_property OUTPUT_VALUE 0 [get_hw_probes trans_freq_change_flag -of_objects [get_hw_vios -of_objects [get_hw_devices xc7vx690t_0] -filter {CELL_NAME=~"Inst_freq_change_flag"}]]
commit_hw_vio [get_hw_probes {trans_freq_change_flag} -of_objects [get_hw_vios -of_objects [get_hw_devices xc7vx690t_0] -filter {CELL_NAME=~"Inst_freq_change_flag"}]]
set_property OUTPUT_VALUE 0 [get_hw_probes trans_freq_change_flag -of_objects [get_hw_vios -of_objects [get_hw_devices xc7vx690t_0] -filter {CELL_NAME=~"Inst_freq_change_flag"}]]
commit_hw_vio [get_hw_probes {trans_freq_change_flag} -of_objects [get_hw_vios -of_objects [get_hw_devices xc7vx690t_0] -filter {CELL_NAME=~"Inst_freq_change_flag"}]]
run_hw_ila [get_hw_ilas -of_objects [get_hw_devices xc7vx690t_0] -filter {CELL_NAME=~"Inst_trans_freq_change_syn/Inst_ila_trans_freq_change_syn"}]
INFO: [Labtools 27-1964] The ILA core 'hw_ila_3' trigger was armed at 2024-Mar-19 11:30:10
set_property OUTPUT_VALUE 1 [get_hw_probes trans_freq_change_flag -of_objects [get_hw_vios -of_objects [get_hw_devices xc7vx690t_0] -filter {CELL_NAME=~"Inst_freq_change_flag"}]]
commit_hw_vio [get_hw_probes {trans_freq_change_flag} -of_objects [get_hw_vios -of_objects [get_hw_devices xc7vx690t_0] -filter {CELL_NAME=~"Inst_freq_change_flag"}]]
wait_on_hw_ila [get_hw_ilas -of_objects [get_hw_devices xc7vx690t_0] -filter {CELL_NAME=~"Inst_trans_freq_change_syn/Inst_ila_trans_freq_change_syn"}]
upload_hw_ila_data [get_hw_ilas -of_objects [get_hw_devices xc7vx690t_0] -filter {CELL_NAME=~"Inst_trans_freq_change_syn/Inst_ila_trans_freq_change_syn"}]
INFO: [Labtools 27-1966] The ILA core 'hw_ila_3' triggered at 2024-Mar-19 11:30:12
write_hw_ila_data -csv_file {E:\wx\2_projects\L payload\vivado files\0311\0caishu\process3_6#0.csv} hw_ila_data_3
set_property OUTPUT_VALUE 0 [get_hw_probes trans_freq_change_flag -of_objects [get_hw_vios -of_objects [get_hw_devices xc7vx690t_0] -filter {CELL_NAME=~"Inst_freq_change_flag"}]]
commit_hw_vio [get_hw_probes {trans_freq_change_flag} -of_objects [get_hw_vios -of_objects [get_hw_devices xc7vx690t_0] -filter {CELL_NAME=~"Inst_freq_change_flag"}]]
run_hw_ila [get_hw_ilas -of_objects [get_hw_devices xc7vx690t_0] -filter {CELL_NAME=~"Inst_trans_freq_change_syn/Inst_ila_trans_freq_change_syn"}]
INFO: [Labtools 27-1964] The ILA core 'hw_ila_3' trigger was armed at 2024-Mar-19 11:30:21
set_property OUTPUT_VALUE 1 [get_hw_probes trans_freq_change_flag -of_objects [get_hw_vios -of_objects [get_hw_devices xc7vx690t_0] -filter {CELL_NAME=~"Inst_freq_change_flag"}]]
commit_hw_vio [get_hw_probes {trans_freq_change_flag} -of_objects [get_hw_vios -of_objects [get_hw_devices xc7vx690t_0] -filter {CELL_NAME=~"Inst_freq_change_flag"}]]
wait_on_hw_ila [get_hw_ilas -of_objects [get_hw_devices xc7vx690t_0] -filter {CELL_NAME=~"Inst_trans_freq_change_syn/Inst_ila_trans_freq_change_syn"}]
upload_hw_ila_data [get_hw_ilas -of_objects [get_hw_devices xc7vx690t_0] -filter {CELL_NAME=~"Inst_trans_freq_change_syn/Inst_ila_trans_freq_change_syn"}]
INFO: [Labtools 27-1966] The ILA core 'hw_ila_3' triggered at 2024-Mar-19 11:30:23
write_hw_ila_data -csv_file {E:\wx\2_projects\L payload\vivado files\0311\0caishu\process3_6#1.csv} hw_ila_data_3
set_property OUTPUT_VALUE 0 [get_hw_probes trans_freq_change_flag -of_objects [get_hw_vios -of_objects [get_hw_devices xc7vx690t_0] -filter {CELL_NAME=~"Inst_freq_change_flag"}]]
commit_hw_vio [get_hw_probes {trans_freq_change_flag} -of_objects [get_hw_vios -of_objects [get_hw_devices xc7vx690t_0] -filter {CELL_NAME=~"Inst_freq_change_flag"}]]
run_hw_ila [get_hw_ilas -of_objects [get_hw_devices xc7vx690t_0] -filter {CELL_NAME=~"Inst_trans_freq_change_syn/Inst_ila_trans_freq_change_syn"}]
INFO: [Labtools 27-1964] The ILA core 'hw_ila_3' trigger was armed at 2024-Mar-19 11:30:32
set_property OUTPUT_VALUE 1 [get_hw_probes trans_freq_change_flag -of_objects [get_hw_vios -of_objects [get_hw_devices xc7vx690t_0] -filter {CELL_NAME=~"Inst_freq_change_flag"}]]
commit_hw_vio [get_hw_probes {trans_freq_change_flag} -of_objects [get_hw_vios -of_objects [get_hw_devices xc7vx690t_0] -filter {CELL_NAME=~"Inst_freq_change_flag"}]]
wait_on_hw_ila [get_hw_ilas -of_objects [get_hw_devices xc7vx690t_0] -filter {CELL_NAME=~"Inst_trans_freq_change_syn/Inst_ila_trans_freq_change_syn"}]
upload_hw_ila_data [get_hw_ilas -of_objects [get_hw_devices xc7vx690t_0] -filter {CELL_NAME=~"Inst_trans_freq_change_syn/Inst_ila_trans_freq_change_syn"}]
INFO: [Labtools 27-1966] The ILA core 'hw_ila_3' triggered at 2024-Mar-19 11:30:34
write_hw_ila_data -csv_file {E:\wx\2_projects\L payload\vivado files\0311\0caishu\process3_6#2.csv} hw_ila_data_3
set_property OUTPUT_VALUE 0 [get_hw_probes trans_freq_change_flag -of_objects [get_hw_vios -of_objects [get_hw_devices xc7vx690t_0] -filter {CELL_NAME=~"Inst_freq_change_flag"}]]
commit_hw_vio [get_hw_probes {trans_freq_change_flag} -of_objects [get_hw_vios -of_objects [get_hw_devices xc7vx690t_0] -filter {CELL_NAME=~"Inst_freq_change_flag"}]]
set_property OUTPUT_VALUE 0 [get_hw_probes trans_freq_change_flag -of_objects [get_hw_vios -of_objects [get_hw_devices xc7vx690t_0] -filter {CELL_NAME=~"Inst_freq_change_flag"}]]
commit_hw_vio [get_hw_probes {trans_freq_change_flag} -of_objects [get_hw_vios -of_objects [get_hw_devices xc7vx690t_0] -filter {CELL_NAME=~"Inst_freq_change_flag"}]]
run_hw_ila [get_hw_ilas -of_objects [get_hw_devices xc7vx690t_0] -filter {CELL_NAME=~"Inst_trans_freq_change_syn/Inst_ila_trans_freq_change_syn"}]
INFO: [Labtools 27-1964] The ILA core 'hw_ila_3' trigger was armed at 2024-Mar-19 11:30:47
set_property OUTPUT_VALUE 1 [get_hw_probes trans_freq_change_flag -of_objects [get_hw_vios -of_objects [get_hw_devices xc7vx690t_0] -filter {CELL_NAME=~"Inst_freq_change_flag"}]]
commit_hw_vio [get_hw_probes {trans_freq_change_flag} -of_objects [get_hw_vios -of_objects [get_hw_devices xc7vx690t_0] -filter {CELL_NAME=~"Inst_freq_change_flag"}]]
INFO: [Common 17-206] Exiting Vivado at Tue Mar 19 11:30:51 2024...
