#-----------------------------------------------------------
# Vivado v2018.3.1 (64-bit)
# SW Build 2489853 on Tue Mar 26 04:20:25 MDT 2019
# IP Build 2486929 on Tue Mar 26 06:44:21 MDT 2019
# Start of session at: Thu Mar 14 15:00:28 2024
# Process ID: 20688
# Current directory: D:/IDEA_Projects/auto-fx
# Command line: vivado.exe -mode tcl -source D:\vivado_projects\blank.tcl
# Log file: D:/IDEA_Projects/auto-fx/vivado.log
# Journal file: D:/IDEA_Projects/auto-fx\vivado.jou
#-----------------------------------------------------------
source {D:\vivado_projects\blank.tcl}
open_hw
connect_hw_server
INFO: [Labtools 27-2285] Connecting to hw_server url TCP:localhost:3121
close_hw_target {localhost:3121/xilinx_tcf/Xilinx/8080658006c001}
INFO: [Labtoolstcl 44-464] Closing hw_target localhost:3121/xilinx_tcf/Xilinx/8080658006c001
INFO: [Labtoolstcl 44-468] Target hw_target localhost:3121/xilinx_tcf/Xilinx/8080658006c001 is already closed
close_hw_target {localhost:3121/xilinx_tcf/Xilinx/80806580073c01}
INFO: [Labtoolstcl 44-464] Closing hw_target localhost:3121/xilinx_tcf/Xilinx/80806580073c01
INFO: [Labtoolstcl 44-468] Target hw_target localhost:3121/xilinx_tcf/Xilinx/80806580073c01 is already closed
open_hw_target {localhost:3121/xilinx_tcf/Xilinx/8080658007c701}
INFO: [Labtoolstcl 44-466] Opening hw_target localhost:3121/xilinx_tcf/Xilinx/8080658007c701
close_hw_target {localhost:3121/xilinx_tcf/Xilinx/000018eaffd701}
INFO: [Labtoolstcl 44-464] Closing hw_target localhost:3121/xilinx_tcf/Xilinx/000018eaffd701
INFO: [Labtoolstcl 44-468] Target hw_target localhost:3121/xilinx_tcf/Xilinx/000018eaffd701 is already closed
current_hw_device [get_hw_devices xc7vx690t_0]
refresh_hw_device -update_hw_probes false [lindex [get_hw_devices xc7vx690t_0] 0]
INFO: [Labtools 27-2302] Device xc7vx690t (JTAG device index = 0) is programmed with a design that has 6 ILA core(s).
INFO: [Labtools 27-2302] Device xc7vx690t (JTAG device index = 0) is programmed with a design that has 18 VIO core(s).
refresh_hw_device: Time (s): cpu = 00:00:06 ; elapsed = 00:00:16 . Memory (MB): peak = 1250.141 ; gain = 997.566
set_property PROBES.FILE {E:/wx/2_projects/L payload/vivado files/0311/AD_impl_testDA_ila/TOP_test2.ltx} [get_hw_devices xc7vx690t_0]
set_property FULL_PROBES.FILE {E:/wx/2_projects/L payload/vivado files/0311/AD_impl_testDA_ila/TOP_test2.ltx} [get_hw_devices xc7vx690t_0]
set_property PROGRAM.FILE {E:/wx/2_projects/L payload/vivado files/0311/AD_impl_testDA_ila/TOP_test2.bit} [get_hw_devices xc7vx690t_0]
program_hw_devices [get_hw_devices xc7vx690t_0]
INFO: [Labtools 27-3164] End of startup status: HIGH
program_hw_devices: Time (s): cpu = 00:00:52 ; elapsed = 00:00:54 . Memory (MB): peak = 1250.648 ; gain = 0.508
refresh_hw_device [lindex [get_hw_devices xc7vx690t_0] 0]
INFO: [Labtools 27-2302] Device xc7vx690t (JTAG device index = 0) is programmed with a design that has 6 ILA core(s).
INFO: [Labtools 27-2302] Device xc7vx690t (JTAG device index = 0) is programmed with a design that has 18 VIO core(s).
INFO: [Labtools 27-1889] Uploading output probe values for VIO core [hw_vio_11]
INFO: [Labtools 27-1889] Uploading output probe values for VIO core [hw_vio_12]
INFO: [Labtools 27-1889] Uploading output probe values for VIO core [hw_vio_13]
INFO: [Labtools 27-1889] Uploading output probe values for VIO core [hw_vio_14]
INFO: [Labtools 27-1889] Uploading output probe values for VIO core [hw_vio_15]
INFO: [Labtools 27-1889] Uploading output probe values for VIO core [hw_vio_16]
INFO: [Labtools 27-1889] Uploading output probe values for VIO core [hw_vio_17]
INFO: [Labtools 27-1889] Uploading output probe values for VIO core [hw_vio_18]
refresh_hw_device: Time (s): cpu = 00:00:00 ; elapsed = 00:00:11 . Memory (MB): peak = 1254.621 ; gain = 3.973
display_hw_ila_data [ get_hw_ila_data hw_ila_data_1 -of_objects [get_hw_ilas -of_objects [get_hw_devices xc7vx690t_0] -filter {CELL_NAME=~"ADandDA_inst/AD_SPI_inst/ila_spi_inst"}]]
display_hw_ila_data [ get_hw_ila_data hw_ila_data_2 -of_objects [get_hw_ilas -of_objects [get_hw_devices xc7vx690t_0] -filter {CELL_NAME=~"ADandDA_inst/DA_SPI_INST/ila_daspi_INST"}]]
display_hw_ila_data [ get_hw_ila_data hw_ila_data_3 -of_objects [get_hw_ilas -of_objects [get_hw_devices xc7vx690t_0] -filter {CELL_NAME=~"ADandDA_inst/ila_addata_inst"}]]
display_hw_ila_data [ get_hw_ila_data hw_ila_data_4 -of_objects [get_hw_ilas -of_objects [get_hw_devices xc7vx690t_0] -filter {CELL_NAME=~"Inst_freq_change_syn/Inst_ila_freq_change_syn"}]]
display_hw_ila_data [ get_hw_ila_data hw_ila_data_5 -of_objects [get_hw_ilas -of_objects [get_hw_devices xc7vx690t_0] -filter {CELL_NAME=~"TCTM_INST/ila_tctm_inst"}]]
display_hw_ila_data [ get_hw_ila_data hw_ila_data_6 -of_objects [get_hw_ilas -of_objects [get_hw_devices xc7vx690t_0] -filter {CELL_NAME=~"rec_Calib_inst/ila_rec_calib_syntest_inst"}]]
set_property TRIGGER_COMPARE_VALUE eq1'bF [get_hw_probes rec_Calib_inst/pps -of_objects [get_hw_ilas -of_objects [get_hw_devices xc7vx690t_0] -filter {CELL_NAME=~"rec_Calib_inst/ila_rec_calib_syntest_inst"}]]
startgroup
set_property CONTROL.DATA_DEPTH 4096 [get_hw_ilas -of_objects [get_hw_devices xc7vx690t_0] -filter {CELL_NAME=~"rec_Calib_inst/ila_rec_calib_syntest_inst"}]
set_property CONTROL.TRIGGER_POSITION 4095 [get_hw_ilas -of_objects [get_hw_devices xc7vx690t_0] -filter {CELL_NAME=~"rec_Calib_inst/ila_rec_calib_syntest_inst"}]
endgroup
set_property CONTROL.TRIGGER_POSITION 100 [get_hw_ilas -of_objects [get_hw_devices xc7vx690t_0] -filter {CELL_NAME=~"rec_Calib_inst/ila_rec_calib_syntest_inst"}]
run_hw_ila [get_hw_ilas -of_objects [get_hw_devices xc7vx690t_0] -filter {CELL_NAME=~"rec_Calib_inst/ila_rec_calib_syntest_inst"}]
INFO: [Labtools 27-1964] The ILA core 'hw_ila_6' trigger was armed at 2024-Mar-14 15:07:49
wait_on_hw_ila [get_hw_ilas -of_objects [get_hw_devices xc7vx690t_0] -filter {CELL_NAME=~"rec_Calib_inst/ila_rec_calib_syntest_inst"}]
upload_hw_ila_data [get_hw_ilas -of_objects [get_hw_devices xc7vx690t_0] -filter {CELL_NAME=~"rec_Calib_inst/ila_rec_calib_syntest_inst"}]
INFO: [Labtools 27-1966] The ILA core 'hw_ila_6' triggered at 2024-Mar-14 15:07:52
upload_hw_ila_data: Time (s): cpu = 00:00:00 ; elapsed = 00:00:10 . Memory (MB): peak = 1256.703 ; gain = 0.000
write_hw_ila_data -csv_file {E:\wx\2_projects\L payload\vivado files\0311\0caishu\process2_0.csv} hw_ila_data_6
run_hw_ila [get_hw_ilas -of_objects [get_hw_devices xc7vx690t_0] -filter {CELL_NAME=~"rec_Calib_inst/ila_rec_calib_syntest_inst"}]
INFO: [Labtools 27-1964] The ILA core 'hw_ila_6' trigger was armed at 2024-Mar-14 15:08:13
wait_on_hw_ila [get_hw_ilas -of_objects [get_hw_devices xc7vx690t_0] -filter {CELL_NAME=~"rec_Calib_inst/ila_rec_calib_syntest_inst"}]
upload_hw_ila_data [get_hw_ilas -of_objects [get_hw_devices xc7vx690t_0] -filter {CELL_NAME=~"rec_Calib_inst/ila_rec_calib_syntest_inst"}]
INFO: [Labtools 27-1966] The ILA core 'hw_ila_6' triggered at 2024-Mar-14 15:08:16
upload_hw_ila_data: Time (s): cpu = 00:00:00 ; elapsed = 00:00:10 . Memory (MB): peak = 1258.531 ; gain = 0.000
write_hw_ila_data -csv_file {E:\wx\2_projects\L payload\vivado files\0311\0caishu\process0_1.csv} hw_ila_data_6
run_hw_ila [get_hw_ilas -of_objects [get_hw_devices xc7vx690t_0] -filter {CELL_NAME=~"rec_Calib_inst/ila_rec_calib_syntest_inst"}]
INFO: [Labtools 27-1964] The ILA core 'hw_ila_6' trigger was armed at 2024-Mar-14 15:08:36
wait_on_hw_ila [get_hw_ilas -of_objects [get_hw_devices xc7vx690t_0] -filter {CELL_NAME=~"rec_Calib_inst/ila_rec_calib_syntest_inst"}]
upload_hw_ila_data [get_hw_ilas -of_objects [get_hw_devices xc7vx690t_0] -filter {CELL_NAME=~"rec_Calib_inst/ila_rec_calib_syntest_inst"}]
INFO: [Labtools 27-1966] The ILA core 'hw_ila_6' triggered at 2024-Mar-14 15:08:40
upload_hw_ila_data: Time (s): cpu = 00:00:00 ; elapsed = 00:00:12 . Memory (MB): peak = 1258.496 ; gain = 0.000
write_hw_ila_data -csv_file {E:\wx\2_projects\L payload\vivado files\0311\0caishu\process2_2.csv} hw_ila_data_6
run_hw_ila [get_hw_ilas -of_objects [get_hw_devices xc7vx690t_0] -filter {CELL_NAME=~"rec_Calib_inst/ila_rec_calib_syntest_inst"}]
INFO: [Labtools 27-1964] The ILA core 'hw_ila_6' trigger was armed at 2024-Mar-14 15:09:02
wait_on_hw_ila [get_hw_ilas -of_objects [get_hw_devices xc7vx690t_0] -filter {CELL_NAME=~"rec_Calib_inst/ila_rec_calib_syntest_inst"}]
upload_hw_ila_data [get_hw_ilas -of_objects [get_hw_devices xc7vx690t_0] -filter {CELL_NAME=~"rec_Calib_inst/ila_rec_calib_syntest_inst"}]
INFO: [Labtools 27-1966] The ILA core 'hw_ila_6' triggered at 2024-Mar-14 15:09:05
upload_hw_ila_data: Time (s): cpu = 00:00:00 ; elapsed = 00:00:12 . Memory (MB): peak = 1258.887 ; gain = 0.000
write_hw_ila_data -csv_file {E:\wx\2_projects\L payload\vivado files\0311\0caishu\process2_3.csv} hw_ila_data_6
run_hw_ila [get_hw_ilas -of_objects [get_hw_devices xc7vx690t_0] -filter {CELL_NAME=~"rec_Calib_inst/ila_rec_calib_syntest_inst"}]
INFO: [Labtools 27-1964] The ILA core 'hw_ila_6' trigger was armed at 2024-Mar-14 15:09:28
wait_on_hw_ila [get_hw_ilas -of_objects [get_hw_devices xc7vx690t_0] -filter {CELL_NAME=~"rec_Calib_inst/ila_rec_calib_syntest_inst"}]
upload_hw_ila_data [get_hw_ilas -of_objects [get_hw_devices xc7vx690t_0] -filter {CELL_NAME=~"rec_Calib_inst/ila_rec_calib_syntest_inst"}]
INFO: [Labtools 27-1966] The ILA core 'hw_ila_6' triggered at 2024-Mar-14 15:09:30
upload_hw_ila_data: Time (s): cpu = 00:00:00 ; elapsed = 00:00:11 . Memory (MB): peak = 1258.918 ; gain = 0.000
write_hw_ila_data -csv_file {E:\wx\2_projects\L payload\vivado files\0311\0caishu\process0_4.csv} hw_ila_data_6
run_hw_ila [get_hw_ilas -of_objects [get_hw_devices xc7vx690t_0] -filter {CELL_NAME=~"rec_Calib_inst/ila_rec_calib_syntest_inst"}]
INFO: [Labtools 27-1964] The ILA core 'hw_ila_6' trigger was armed at 2024-Mar-14 15:09:52
wait_on_hw_ila [get_hw_ilas -of_objects [get_hw_devices xc7vx690t_0] -filter {CELL_NAME=~"rec_Calib_inst/ila_rec_calib_syntest_inst"}]
upload_hw_ila_data [get_hw_ilas -of_objects [get_hw_devices xc7vx690t_0] -filter {CELL_NAME=~"rec_Calib_inst/ila_rec_calib_syntest_inst"}]
INFO: [Labtools 27-1966] The ILA core 'hw_ila_6' triggered at 2024-Mar-14 15:09:55
upload_hw_ila_data: Time (s): cpu = 00:00:00 ; elapsed = 00:00:14 . Memory (MB): peak = 1259.016 ; gain = 0.000
write_hw_ila_data -csv_file {E:\wx\2_projects\L payload\vivado files\0311\0caishu\process2_5.csv} hw_ila_data_6
run_hw_ila [get_hw_ilas -of_objects [get_hw_devices xc7vx690t_0] -filter {CELL_NAME=~"rec_Calib_inst/ila_rec_calib_syntest_inst"}]
INFO: [Labtools 27-1964] The ILA core 'hw_ila_6' trigger was armed at 2024-Mar-14 15:10:19
wait_on_hw_ila [get_hw_ilas -of_objects [get_hw_devices xc7vx690t_0] -filter {CELL_NAME=~"rec_Calib_inst/ila_rec_calib_syntest_inst"}]
upload_hw_ila_data [get_hw_ilas -of_objects [get_hw_devices xc7vx690t_0] -filter {CELL_NAME=~"rec_Calib_inst/ila_rec_calib_syntest_inst"}]
INFO: [Labtools 27-1966] The ILA core 'hw_ila_6' triggered at 2024-Mar-14 15:10:23
upload_hw_ila_data: Time (s): cpu = 00:00:00 ; elapsed = 00:00:12 . Memory (MB): peak = 1259.172 ; gain = 0.000
write_hw_ila_data -csv_file {E:\wx\2_projects\L payload\vivado files\0311\0caishu\process0_6.csv} hw_ila_data_6
run_hw_ila [get_hw_ilas -of_objects [get_hw_devices xc7vx690t_0] -filter {CELL_NAME=~"rec_Calib_inst/ila_rec_calib_syntest_inst"}]
INFO: [Labtools 27-1964] The ILA core 'hw_ila_6' trigger was armed at 2024-Mar-14 15:10:45
wait_on_hw_ila [get_hw_ilas -of_objects [get_hw_devices xc7vx690t_0] -filter {CELL_NAME=~"rec_Calib_inst/ila_rec_calib_syntest_inst"}]
upload_hw_ila_data [get_hw_ilas -of_objects [get_hw_devices xc7vx690t_0] -filter {CELL_NAME=~"rec_Calib_inst/ila_rec_calib_syntest_inst"}]
INFO: [Labtools 27-1966] The ILA core 'hw_ila_6' triggered at 2024-Mar-14 15:10:49
upload_hw_ila_data: Time (s): cpu = 00:00:00 ; elapsed = 00:00:15 . Memory (MB): peak = 1259.453 ; gain = 0.000
write_hw_ila_data -csv_file {E:\wx\2_projects\L payload\vivado files\0311\0caishu\process1_7.csv} hw_ila_data_6
run_hw_ila [get_hw_ilas -of_objects [get_hw_devices xc7vx690t_0] -filter {CELL_NAME=~"rec_Calib_inst/ila_rec_calib_syntest_inst"}]
INFO: [Labtools 27-1964] The ILA core 'hw_ila_6' trigger was armed at 2024-Mar-14 15:11:12
wait_on_hw_ila [get_hw_ilas -of_objects [get_hw_devices xc7vx690t_0] -filter {CELL_NAME=~"rec_Calib_inst/ila_rec_calib_syntest_inst"}]
upload_hw_ila_data [get_hw_ilas -of_objects [get_hw_devices xc7vx690t_0] -filter {CELL_NAME=~"rec_Calib_inst/ila_rec_calib_syntest_inst"}]
INFO: [Labtools 27-1966] The ILA core 'hw_ila_6' triggered at 2024-Mar-14 15:11:16
upload_hw_ila_data: Time (s): cpu = 00:00:00 ; elapsed = 00:00:12 . Memory (MB): peak = 1259.590 ; gain = 0.039
write_hw_ila_data -csv_file {E:\wx\2_projects\L payload\vivado files\0311\0caishu\process1_8.csv} hw_ila_data_6
run_hw_ila [get_hw_ilas -of_objects [get_hw_devices xc7vx690t_0] -filter {CELL_NAME=~"rec_Calib_inst/ila_rec_calib_syntest_inst"}]
INFO: [Labtools 27-1964] The ILA core 'hw_ila_6' trigger was armed at 2024-Mar-14 15:11:38
wait_on_hw_ila [get_hw_ilas -of_objects [get_hw_devices xc7vx690t_0] -filter {CELL_NAME=~"rec_Calib_inst/ila_rec_calib_syntest_inst"}]
upload_hw_ila_data [get_hw_ilas -of_objects [get_hw_devices xc7vx690t_0] -filter {CELL_NAME=~"rec_Calib_inst/ila_rec_calib_syntest_inst"}]
INFO: [Labtools 27-1966] The ILA core 'hw_ila_6' triggered at 2024-Mar-14 15:11:41
upload_hw_ila_data: Time (s): cpu = 00:00:00 ; elapsed = 00:00:11 . Memory (MB): peak = 1259.590 ; gain = 0.000
write_hw_ila_data -csv_file {E:\wx\2_projects\L payload\vivado files\0311\0caishu\process1_9.csv} hw_ila_data_6
run_hw_ila [get_hw_ilas -of_objects [get_hw_devices xc7vx690t_0] -filter {CELL_NAME=~"rec_Calib_inst/ila_rec_calib_syntest_inst"}]
INFO: [Labtools 27-1964] The ILA core 'hw_ila_6' trigger was armed at 2024-Mar-14 15:12:02
wait_on_hw_ila [get_hw_ilas -of_objects [get_hw_devices xc7vx690t_0] -filter {CELL_NAME=~"rec_Calib_inst/ila_rec_calib_syntest_inst"}]
upload_hw_ila_data [get_hw_ilas -of_objects [get_hw_devices xc7vx690t_0] -filter {CELL_NAME=~"rec_Calib_inst/ila_rec_calib_syntest_inst"}]
INFO: [Labtools 27-1966] The ILA core 'hw_ila_6' triggered at 2024-Mar-14 15:12:06
upload_hw_ila_data: Time (s): cpu = 00:00:00 ; elapsed = 00:00:12 . Memory (MB): peak = 1259.023 ; gain = 0.000
write_hw_ila_data -csv_file {E:\wx\2_projects\L payload\vivado files\0311\0caishu\process2_10.csv} hw_ila_data_6
run_hw_ila [get_hw_ilas -of_objects [get_hw_devices xc7vx690t_0] -filter {CELL_NAME=~"rec_Calib_inst/ila_rec_calib_syntest_inst"}]
INFO: [Labtools 27-1964] The ILA core 'hw_ila_6' trigger was armed at 2024-Mar-14 15:12:28
wait_on_hw_ila [get_hw_ilas -of_objects [get_hw_devices xc7vx690t_0] -filter {CELL_NAME=~"rec_Calib_inst/ila_rec_calib_syntest_inst"}]
upload_hw_ila_data [get_hw_ilas -of_objects [get_hw_devices xc7vx690t_0] -filter {CELL_NAME=~"rec_Calib_inst/ila_rec_calib_syntest_inst"}]
INFO: [Labtools 27-1966] The ILA core 'hw_ila_6' triggered at 2024-Mar-14 15:12:32
upload_hw_ila_data: Time (s): cpu = 00:00:00 ; elapsed = 00:00:15 . Memory (MB): peak = 1259.172 ; gain = 0.000
write_hw_ila_data -csv_file {E:\wx\2_projects\L payload\vivado files\0311\0caishu\process0_11.csv} hw_ila_data_6
run_hw_ila [get_hw_ilas -of_objects [get_hw_devices xc7vx690t_0] -filter {CELL_NAME=~"rec_Calib_inst/ila_rec_calib_syntest_inst"}]
INFO: [Labtools 27-1964] The ILA core 'hw_ila_6' trigger was armed at 2024-Mar-14 15:12:56
wait_on_hw_ila [get_hw_ilas -of_objects [get_hw_devices xc7vx690t_0] -filter {CELL_NAME=~"rec_Calib_inst/ila_rec_calib_syntest_inst"}]
upload_hw_ila_data [get_hw_ilas -of_objects [get_hw_devices xc7vx690t_0] -filter {CELL_NAME=~"rec_Calib_inst/ila_rec_calib_syntest_inst"}]
INFO: [Labtools 27-1966] The ILA core 'hw_ila_6' triggered at 2024-Mar-14 15:12:59
upload_hw_ila_data: Time (s): cpu = 00:00:00 ; elapsed = 00:00:13 . Memory (MB): peak = 1259.172 ; gain = 0.000
write_hw_ila_data -csv_file {E:\wx\2_projects\L payload\vivado files\0311\0caishu\process0_12.csv} hw_ila_data_6
run_hw_ila [get_hw_ilas -of_objects [get_hw_devices xc7vx690t_0] -filter {CELL_NAME=~"rec_Calib_inst/ila_rec_calib_syntest_inst"}]
INFO: [Labtools 27-1964] The ILA core 'hw_ila_6' trigger was armed at 2024-Mar-14 15:13:22
wait_on_hw_ila [get_hw_ilas -of_objects [get_hw_devices xc7vx690t_0] -filter {CELL_NAME=~"rec_Calib_inst/ila_rec_calib_syntest_inst"}]
upload_hw_ila_data [get_hw_ilas -of_objects [get_hw_devices xc7vx690t_0] -filter {CELL_NAME=~"rec_Calib_inst/ila_rec_calib_syntest_inst"}]
INFO: [Labtools 27-1966] The ILA core 'hw_ila_6' triggered at 2024-Mar-14 15:13:26
upload_hw_ila_data: Time (s): cpu = 00:00:00 ; elapsed = 00:00:12 . Memory (MB): peak = 1259.172 ; gain = 0.000
write_hw_ila_data -csv_file {E:\wx\2_projects\L payload\vivado files\0311\0caishu\process0_13.csv} hw_ila_data_6
run_hw_ila [get_hw_ilas -of_objects [get_hw_devices xc7vx690t_0] -filter {CELL_NAME=~"rec_Calib_inst/ila_rec_calib_syntest_inst"}]
INFO: [Labtools 27-1964] The ILA core 'hw_ila_6' trigger was armed at 2024-Mar-14 15:13:48
wait_on_hw_ila [get_hw_ilas -of_objects [get_hw_devices xc7vx690t_0] -filter {CELL_NAME=~"rec_Calib_inst/ila_rec_calib_syntest_inst"}]
upload_hw_ila_data [get_hw_ilas -of_objects [get_hw_devices xc7vx690t_0] -filter {CELL_NAME=~"rec_Calib_inst/ila_rec_calib_syntest_inst"}]
INFO: [Labtools 27-1966] The ILA core 'hw_ila_6' triggered at 2024-Mar-14 15:13:52
upload_hw_ila_data: Time (s): cpu = 00:00:00 ; elapsed = 00:00:13 . Memory (MB): peak = 1259.172 ; gain = 0.000
write_hw_ila_data -csv_file {E:\wx\2_projects\L payload\vivado files\0311\0caishu\process0_14.csv} hw_ila_data_6
run_hw_ila [get_hw_ilas -of_objects [get_hw_devices xc7vx690t_0] -filter {CELL_NAME=~"rec_Calib_inst/ila_rec_calib_syntest_inst"}]
INFO: [Labtools 27-1964] The ILA core 'hw_ila_6' trigger was armed at 2024-Mar-14 15:14:13
wait_on_hw_ila [get_hw_ilas -of_objects [get_hw_devices xc7vx690t_0] -filter {CELL_NAME=~"rec_Calib_inst/ila_rec_calib_syntest_inst"}]
upload_hw_ila_data [get_hw_ilas -of_objects [get_hw_devices xc7vx690t_0] -filter {CELL_NAME=~"rec_Calib_inst/ila_rec_calib_syntest_inst"}]
INFO: [Labtools 27-1966] The ILA core 'hw_ila_6' triggered at 2024-Mar-14 15:14:18
upload_hw_ila_data: Time (s): cpu = 00:00:00 ; elapsed = 00:00:12 . Memory (MB): peak = 1259.180 ; gain = 0.000
write_hw_ila_data -csv_file {E:\wx\2_projects\L payload\vivado files\0311\0caishu\process0_15.csv} hw_ila_data_6
run_hw_ila [get_hw_ilas -of_objects [get_hw_devices xc7vx690t_0] -filter {CELL_NAME=~"rec_Calib_inst/ila_rec_calib_syntest_inst"}]
INFO: [Labtools 27-1964] The ILA core 'hw_ila_6' trigger was armed at 2024-Mar-14 15:14:39
wait_on_hw_ila [get_hw_ilas -of_objects [get_hw_devices xc7vx690t_0] -filter {CELL_NAME=~"rec_Calib_inst/ila_rec_calib_syntest_inst"}]
upload_hw_ila_data [get_hw_ilas -of_objects [get_hw_devices xc7vx690t_0] -filter {CELL_NAME=~"rec_Calib_inst/ila_rec_calib_syntest_inst"}]
INFO: [Labtools 27-1966] The ILA core 'hw_ila_6' triggered at 2024-Mar-14 15:14:42
upload_hw_ila_data: Time (s): cpu = 00:00:00 ; elapsed = 00:00:27 . Memory (MB): peak = 1259.180 ; gain = 0.000
write_hw_ila_data -csv_file {E:\wx\2_projects\L payload\vivado files\0311\0caishu\process0_16.csv} hw_ila_data_6
run_hw_ila [get_hw_ilas -of_objects [get_hw_devices xc7vx690t_0] -filter {CELL_NAME=~"rec_Calib_inst/ila_rec_calib_syntest_inst"}]
INFO: [Labtools 27-1964] The ILA core 'hw_ila_6' trigger was armed at 2024-Mar-14 15:15:19
wait_on_hw_ila [get_hw_ilas -of_objects [get_hw_devices xc7vx690t_0] -filter {CELL_NAME=~"rec_Calib_inst/ila_rec_calib_syntest_inst"}]
upload_hw_ila_data [get_hw_ilas -of_objects [get_hw_devices xc7vx690t_0] -filter {CELL_NAME=~"rec_Calib_inst/ila_rec_calib_syntest_inst"}]
INFO: [Labtools 27-1966] The ILA core 'hw_ila_6' triggered at 2024-Mar-14 15:15:23
upload_hw_ila_data: Time (s): cpu = 00:00:00 ; elapsed = 00:00:14 . Memory (MB): peak = 1259.711 ; gain = 0.000
write_hw_ila_data -csv_file {E:\wx\2_projects\L payload\vivado files\0311\0caishu\process1_17.csv} hw_ila_data_6
run_hw_ila [get_hw_ilas -of_objects [get_hw_devices xc7vx690t_0] -filter {CELL_NAME=~"rec_Calib_inst/ila_rec_calib_syntest_inst"}]
INFO: [Labtools 27-1964] The ILA core 'hw_ila_6' trigger was armed at 2024-Mar-14 15:15:46
wait_on_hw_ila [get_hw_ilas -of_objects [get_hw_devices xc7vx690t_0] -filter {CELL_NAME=~"rec_Calib_inst/ila_rec_calib_syntest_inst"}]
upload_hw_ila_data [get_hw_ilas -of_objects [get_hw_devices xc7vx690t_0] -filter {CELL_NAME=~"rec_Calib_inst/ila_rec_calib_syntest_inst"}]
INFO: [Labtools 27-1966] The ILA core 'hw_ila_6' triggered at 2024-Mar-14 15:15:49
upload_hw_ila_data: Time (s): cpu = 00:00:00 ; elapsed = 00:00:13 . Memory (MB): peak = 1259.711 ; gain = 0.000
write_hw_ila_data -csv_file {E:\wx\2_projects\L payload\vivado files\0311\0caishu\process1_18.csv} hw_ila_data_6
run_hw_ila [get_hw_ilas -of_objects [get_hw_devices xc7vx690t_0] -filter {CELL_NAME=~"rec_Calib_inst/ila_rec_calib_syntest_inst"}]
INFO: [Labtools 27-1964] The ILA core 'hw_ila_6' trigger was armed at 2024-Mar-14 15:16:11
wait_on_hw_ila [get_hw_ilas -of_objects [get_hw_devices xc7vx690t_0] -filter {CELL_NAME=~"rec_Calib_inst/ila_rec_calib_syntest_inst"}]
upload_hw_ila_data [get_hw_ilas -of_objects [get_hw_devices xc7vx690t_0] -filter {CELL_NAME=~"rec_Calib_inst/ila_rec_calib_syntest_inst"}]
INFO: [Labtools 27-1966] The ILA core 'hw_ila_6' triggered at 2024-Mar-14 15:16:15
upload_hw_ila_data: Time (s): cpu = 00:00:00 ; elapsed = 00:00:12 . Memory (MB): peak = 1259.184 ; gain = 0.004
write_hw_ila_data -csv_file {E:\wx\2_projects\L payload\vivado files\0311\0caishu\process0_19.csv} hw_ila_data_6
run_hw_ila [get_hw_ilas -of_objects [get_hw_devices xc7vx690t_0] -filter {CELL_NAME=~"rec_Calib_inst/ila_rec_calib_syntest_inst"}]
INFO: [Labtools 27-1964] The ILA core 'hw_ila_6' trigger was armed at 2024-Mar-14 15:16:36
wait_on_hw_ila [get_hw_ilas -of_objects [get_hw_devices xc7vx690t_0] -filter {CELL_NAME=~"rec_Calib_inst/ila_rec_calib_syntest_inst"}]
upload_hw_ila_data [get_hw_ilas -of_objects [get_hw_devices xc7vx690t_0] -filter {CELL_NAME=~"rec_Calib_inst/ila_rec_calib_syntest_inst"}]
INFO: [Labtools 27-1966] The ILA core 'hw_ila_6' triggered at 2024-Mar-14 15:16:40
upload_hw_ila_data: Time (s): cpu = 00:00:00 ; elapsed = 00:00:12 . Memory (MB): peak = 1259.711 ; gain = 0.000
write_hw_ila_data -csv_file {E:\wx\2_projects\L payload\vivado files\0311\0caishu\process1_20.csv} hw_ila_data_6
run_hw_ila [get_hw_ilas -of_objects [get_hw_devices xc7vx690t_0] -filter {CELL_NAME=~"rec_Calib_inst/ila_rec_calib_syntest_inst"}]
INFO: [Labtools 27-1964] The ILA core 'hw_ila_6' trigger was armed at 2024-Mar-14 15:17:01
wait_on_hw_ila [get_hw_ilas -of_objects [get_hw_devices xc7vx690t_0] -filter {CELL_NAME=~"rec_Calib_inst/ila_rec_calib_syntest_inst"}]
upload_hw_ila_data [get_hw_ilas -of_objects [get_hw_devices xc7vx690t_0] -filter {CELL_NAME=~"rec_Calib_inst/ila_rec_calib_syntest_inst"}]
INFO: [Labtools 27-1966] The ILA core 'hw_ila_6' triggered at 2024-Mar-14 15:17:04
upload_hw_ila_data: Time (s): cpu = 00:00:00 ; elapsed = 00:00:18 . Memory (MB): peak = 1259.023 ; gain = 0.000
write_hw_ila_data -csv_file {E:\wx\2_projects\L payload\vivado files\0311\0caishu\process2_21.csv} hw_ila_data_6
run_hw_ila [get_hw_ilas -of_objects [get_hw_devices xc7vx690t_0] -filter {CELL_NAME=~"rec_Calib_inst/ila_rec_calib_syntest_inst"}]
INFO: [Labtools 27-1964] The ILA core 'hw_ila_6' trigger was armed at 2024-Mar-14 15:17:32
wait_on_hw_ila [get_hw_ilas -of_objects [get_hw_devices xc7vx690t_0] -filter {CELL_NAME=~"rec_Calib_inst/ila_rec_calib_syntest_inst"}]
upload_hw_ila_data [get_hw_ilas -of_objects [get_hw_devices xc7vx690t_0] -filter {CELL_NAME=~"rec_Calib_inst/ila_rec_calib_syntest_inst"}]
INFO: [Labtools 27-1966] The ILA core 'hw_ila_6' triggered at 2024-Mar-14 15:17:36
upload_hw_ila_data: Time (s): cpu = 00:00:00 ; elapsed = 00:00:15 . Memory (MB): peak = 1259.023 ; gain = 0.000
write_hw_ila_data -csv_file {E:\wx\2_projects\L payload\vivado files\0311\0caishu\process2_22.csv} hw_ila_data_6
run_hw_ila [get_hw_ilas -of_objects [get_hw_devices xc7vx690t_0] -filter {CELL_NAME=~"rec_Calib_inst/ila_rec_calib_syntest_inst"}]
INFO: [Labtools 27-1964] The ILA core 'hw_ila_6' trigger was armed at 2024-Mar-14 15:18:01
wait_on_hw_ila [get_hw_ilas -of_objects [get_hw_devices xc7vx690t_0] -filter {CELL_NAME=~"rec_Calib_inst/ila_rec_calib_syntest_inst"}]
upload_hw_ila_data [get_hw_ilas -of_objects [get_hw_devices xc7vx690t_0] -filter {CELL_NAME=~"rec_Calib_inst/ila_rec_calib_syntest_inst"}]
INFO: [Labtools 27-1966] The ILA core 'hw_ila_6' triggered at 2024-Mar-14 15:18:05
upload_hw_ila_data: Time (s): cpu = 00:00:00 ; elapsed = 00:00:17 . Memory (MB): peak = 1259.141 ; gain = 0.000
write_hw_ila_data -csv_file {E:\wx\2_projects\L payload\vivado files\0311\0caishu\process2_23.csv} hw_ila_data_6
run_hw_ila [get_hw_ilas -of_objects [get_hw_devices xc7vx690t_0] -filter {CELL_NAME=~"rec_Calib_inst/ila_rec_calib_syntest_inst"}]
INFO: [Labtools 27-1964] The ILA core 'hw_ila_6' trigger was armed at 2024-Mar-14 15:18:31
wait_on_hw_ila [get_hw_ilas -of_objects [get_hw_devices xc7vx690t_0] -filter {CELL_NAME=~"rec_Calib_inst/ila_rec_calib_syntest_inst"}]
upload_hw_ila_data [get_hw_ilas -of_objects [get_hw_devices xc7vx690t_0] -filter {CELL_NAME=~"rec_Calib_inst/ila_rec_calib_syntest_inst"}]
INFO: [Labtools 27-1966] The ILA core 'hw_ila_6' triggered at 2024-Mar-14 15:18:35
upload_hw_ila_data: Time (s): cpu = 00:00:00 ; elapsed = 00:00:15 . Memory (MB): peak = 1259.141 ; gain = 0.000
write_hw_ila_data -csv_file {E:\wx\2_projects\L payload\vivado files\0311\0caishu\process2_24.csv} hw_ila_data_6
run_hw_ila [get_hw_ilas -of_objects [get_hw_devices xc7vx690t_0] -filter {CELL_NAME=~"rec_Calib_inst/ila_rec_calib_syntest_inst"}]
INFO: [Labtools 27-1964] The ILA core 'hw_ila_6' trigger was armed at 2024-Mar-14 15:19:00
wait_on_hw_ila [get_hw_ilas -of_objects [get_hw_devices xc7vx690t_0] -filter {CELL_NAME=~"rec_Calib_inst/ila_rec_calib_syntest_inst"}]
upload_hw_ila_data [get_hw_ilas -of_objects [get_hw_devices xc7vx690t_0] -filter {CELL_NAME=~"rec_Calib_inst/ila_rec_calib_syntest_inst"}]
INFO: [Labtools 27-1966] The ILA core 'hw_ila_6' triggered at 2024-Mar-14 15:19:04
upload_hw_ila_data: Time (s): cpu = 00:00:00 ; elapsed = 00:00:16 . Memory (MB): peak = 1259.305 ; gain = 0.000
write_hw_ila_data -csv_file {E:\wx\2_projects\L payload\vivado files\0311\0caishu\process0_25.csv} hw_ila_data_6
run_hw_ila [get_hw_ilas -of_objects [get_hw_devices xc7vx690t_0] -filter {CELL_NAME=~"rec_Calib_inst/ila_rec_calib_syntest_inst"}]
INFO: [Labtools 27-1964] The ILA core 'hw_ila_6' trigger was armed at 2024-Mar-14 15:19:29
wait_on_hw_ila [get_hw_ilas -of_objects [get_hw_devices xc7vx690t_0] -filter {CELL_NAME=~"rec_Calib_inst/ila_rec_calib_syntest_inst"}]
upload_hw_ila_data [get_hw_ilas -of_objects [get_hw_devices xc7vx690t_0] -filter {CELL_NAME=~"rec_Calib_inst/ila_rec_calib_syntest_inst"}]
INFO: [Labtools 27-1966] The ILA core 'hw_ila_6' triggered at 2024-Mar-14 15:19:33
upload_hw_ila_data: Time (s): cpu = 00:00:00 ; elapsed = 00:00:17 . Memory (MB): peak = 1259.148 ; gain = 0.000
write_hw_ila_data -csv_file {E:\wx\2_projects\L payload\vivado files\0311\0caishu\process2_26.csv} hw_ila_data_6
run_hw_ila [get_hw_ilas -of_objects [get_hw_devices xc7vx690t_0] -filter {CELL_NAME=~"rec_Calib_inst/ila_rec_calib_syntest_inst"}]
INFO: [Labtools 27-1964] The ILA core 'hw_ila_6' trigger was armed at 2024-Mar-14 15:19:59
wait_on_hw_ila [get_hw_ilas -of_objects [get_hw_devices xc7vx690t_0] -filter {CELL_NAME=~"rec_Calib_inst/ila_rec_calib_syntest_inst"}]
upload_hw_ila_data [get_hw_ilas -of_objects [get_hw_devices xc7vx690t_0] -filter {CELL_NAME=~"rec_Calib_inst/ila_rec_calib_syntest_inst"}]
INFO: [Labtools 27-1966] The ILA core 'hw_ila_6' triggered at 2024-Mar-14 15:20:02
upload_hw_ila_data: Time (s): cpu = 00:00:00 ; elapsed = 00:00:19 . Memory (MB): peak = 1259.305 ; gain = 0.000
write_hw_ila_data -csv_file {E:\wx\2_projects\L payload\vivado files\0311\0caishu\process0_27.csv} hw_ila_data_6
run_hw_ila [get_hw_ilas -of_objects [get_hw_devices xc7vx690t_0] -filter {CELL_NAME=~"rec_Calib_inst/ila_rec_calib_syntest_inst"}]
INFO: [Labtools 27-1964] The ILA core 'hw_ila_6' trigger was armed at 2024-Mar-14 15:20:32
wait_on_hw_ila [get_hw_ilas -of_objects [get_hw_devices xc7vx690t_0] -filter {CELL_NAME=~"rec_Calib_inst/ila_rec_calib_syntest_inst"}]
upload_hw_ila_data [get_hw_ilas -of_objects [get_hw_devices xc7vx690t_0] -filter {CELL_NAME=~"rec_Calib_inst/ila_rec_calib_syntest_inst"}]
INFO: [Labtools 27-1966] The ILA core 'hw_ila_6' triggered at 2024-Mar-14 15:20:36
upload_hw_ila_data: Time (s): cpu = 00:00:00 ; elapsed = 00:00:14 . Memory (MB): peak = 1259.977 ; gain = 0.000
write_hw_ila_data -csv_file {E:\wx\2_projects\L payload\vivado files\0311\0caishu\process1_28.csv} hw_ila_data_6
run_hw_ila [get_hw_ilas -of_objects [get_hw_devices xc7vx690t_0] -filter {CELL_NAME=~"rec_Calib_inst/ila_rec_calib_syntest_inst"}]
INFO: [Labtools 27-1964] The ILA core 'hw_ila_6' trigger was armed at 2024-Mar-14 15:20:59
wait_on_hw_ila [get_hw_ilas -of_objects [get_hw_devices xc7vx690t_0] -filter {CELL_NAME=~"rec_Calib_inst/ila_rec_calib_syntest_inst"}]
upload_hw_ila_data [get_hw_ilas -of_objects [get_hw_devices xc7vx690t_0] -filter {CELL_NAME=~"rec_Calib_inst/ila_rec_calib_syntest_inst"}]
INFO: [Labtools 27-1966] The ILA core 'hw_ila_6' triggered at 2024-Mar-14 15:21:03
upload_hw_ila_data: Time (s): cpu = 00:00:00 ; elapsed = 00:00:19 . Memory (MB): peak = 1259.270 ; gain = 0.000
write_hw_ila_data -csv_file {E:\wx\2_projects\L payload\vivado files\0311\0caishu\process2_29.csv} hw_ila_data_6
run_hw_ila [get_hw_ilas -of_objects [get_hw_devices xc7vx690t_0] -filter {CELL_NAME=~"rec_Calib_inst/ila_rec_calib_syntest_inst"}]
INFO: [Labtools 27-1964] The ILA core 'hw_ila_6' trigger was armed at 2024-Mar-14 15:21:31
wait_on_hw_ila [get_hw_ilas -of_objects [get_hw_devices xc7vx690t_0] -filter {CELL_NAME=~"rec_Calib_inst/ila_rec_calib_syntest_inst"}]
upload_hw_ila_data [get_hw_ilas -of_objects [get_hw_devices xc7vx690t_0] -filter {CELL_NAME=~"rec_Calib_inst/ila_rec_calib_syntest_inst"}]
INFO: [Labtools 27-1966] The ILA core 'hw_ila_6' triggered at 2024-Mar-14 15:21:35
upload_hw_ila_data: Time (s): cpu = 00:00:00 ; elapsed = 00:00:16 . Memory (MB): peak = 1259.977 ; gain = 0.000
write_hw_ila_data -csv_file {E:\wx\2_projects\L payload\vivado files\0311\0caishu\process1_30.csv} hw_ila_data_6
run_hw_ila [get_hw_ilas -of_objects [get_hw_devices xc7vx690t_0] -filter {CELL_NAME=~"rec_Calib_inst/ila_rec_calib_syntest_inst"}]
INFO: [Labtools 27-1964] The ILA core 'hw_ila_6' trigger was armed at 2024-Mar-14 15:22:00
wait_on_hw_ila [get_hw_ilas -of_objects [get_hw_devices xc7vx690t_0] -filter {CELL_NAME=~"rec_Calib_inst/ila_rec_calib_syntest_inst"}]
upload_hw_ila_data [get_hw_ilas -of_objects [get_hw_devices xc7vx690t_0] -filter {CELL_NAME=~"rec_Calib_inst/ila_rec_calib_syntest_inst"}]
INFO: [Labtools 27-1966] The ILA core 'hw_ila_6' triggered at 2024-Mar-14 15:22:04
upload_hw_ila_data: Time (s): cpu = 00:00:00 ; elapsed = 00:00:15 . Memory (MB): peak = 1259.305 ; gain = 0.000
write_hw_ila_data -csv_file {E:\wx\2_projects\L payload\vivado files\0311\0caishu\process0_31.csv} hw_ila_data_6
INFO: [Common 17-206] Exiting Vivado at Thu Mar 14 15:24:30 2024...
ilter {CELL_NAME=~"rec_source_inst/vio_delay_recCalib_inst"}]]
run_hw_ila [get_hw_ilas -of_objects [get_hw_devices xc7vx690t_0] -filter {CELL_NAME=~"rec_source_inst/ila_calibsource_inst"}]
INFO: [Labtools 27-1964] The ILA core 'hw_ila_11' trigger was armed at 2024-Mar-14 15:11:38
wait_on_hw_ila [get_hw_ilas -of_objects [get_hw_devices xc7vx690t_0] -filter {CELL_NAME=~"rec_source_inst/ila_calibsource_inst"}]
upload_hw_ila_data [get_hw_ilas -of_objects [get_hw_devices xc7vx690t_0] -filter {CELL_NAME=~"rec_source_inst/ila_calibsource_inst"}]
INFO: [Labtools 27-1966] The ILA core 'hw_ila_11' triggered at 2024-Mar-14 15:11:41
upload_hw_ila_data: Time (s): cpu = 00:00:00 ; elapsed = 00:00:09 . Memory (MB): peak = 1267.480 ; gain = 0.000
write_hw_ila_data -csv_file {E:\wx\2_projects\L payload\vivado files\0311\0caishu\process3_9.csv} hw_ila_data_11
set_property OUTPUT_VALUE 10 [get_hw_probes rec_source_inst/CNTVALUEIN_syn1 -of_objects [get_hw_vios -of_objects [get_hw_devices xc7vx690t_0] -filter {CELL_NAME=~"rec_source_inst/vio_delay_recCalib_inst"}]]
commit_hw_vio [get_hw_probes {rec_source_inst/CNTVALUEIN_syn1} -of_objects [get_hw_vios -of_objects [get_hw_devices xc7vx690t_0] -filter {CELL_NAME=~"rec_source_inst/vio_delay_recCalib_inst"}]]
set_property OUTPUT_VALUE 10 [get_hw_probes rec_source_inst/CNTVALUEIN_syn2 -of_objects [get_hw_vios -of_objects [get_hw_devices xc7vx690t_0] -filter {CELL_NAME=~"rec_source_inst/vio_delay_recCalib_inst"}]]
commit_hw_vio [get_hw_probes {rec_source_inst/CNTVALUEIN_syn2} -of_objects [get_hw_vios -of_objects [get_hw_devices xc7vx690t_0] -filter {CELL_NAME=~"rec_source_inst/vio_delay_recCalib_inst"}]]
set_property OUTPUT_VALUE 10 [get_hw_probes rec_source_inst/CNTVALUEIN_syn3 -of_objects [get_hw_vios -of_objects [get_hw_devices xc7vx690t_0] -filter {CELL_NAME=~"rec_source_inst/vio_delay_recCalib_inst"}]]
commit_hw_vio [get_hw_probes {rec_source_inst/CNTVALUEIN_syn3} -of_objects [get_hw_vios -of_objects [get_hw_devices xc7vx690t_0] -filter {CELL_NAME=~"rec_source_inst/vio_delay_recCalib_inst"}]]
run_hw_ila [get_hw_ilas -of_objects [get_hw_devices xc7vx690t_0] -filter {CELL_NAME=~"rec_source_inst/ila_calibsource_inst"}]
INFO: [Labtools 27-1964] The ILA core 'hw_ila_11' trigger was armed at 2024-Mar-14 15:12:02
wait_on_hw_ila [get_hw_ilas -of_objects [get_hw_devices xc7vx690t_0] -filter {CELL_NAME=~"rec_source_inst/ila_calibsource_inst"}]
upload_hw_ila_data [get_hw_ilas -of_objects [get_hw_devices xc7vx690t_0] -filter {CELL_NAME=~"rec_source_inst/ila_calibsource_inst"}]
INFO: [Labtools 27-1966] The ILA core 'hw_ila_11' triggered at 2024-Mar-14 15:12:06
upload_hw_ila_data: Time (s): cpu = 00:00:00 ; elapsed = 00:00:11 . Memory (MB): peak = 1267.480 ; gain = 0.000
write_hw_ila_data -csv_file {E:\wx\2_projects\L payload\vivado files\0311\0caishu\process3_10.csv} hw_ila_data_11
set_property OUTPUT_VALUE 11 [get_hw_probes rec_source_inst/CNTVALUEIN_syn1 -of_objects [get_hw_vios -of_objects [get_hw_devices xc7vx690t_0] -filter {CELL_NAME=~"rec_source_inst/vio_delay_recCalib_inst"}]]
commit_hw_vio [get_hw_probes {rec_source_inst/CNTVALUEIN_syn1} -of_objects [get_hw_vios -of_objects [get_hw_devices xc7vx690t_0] -filter {CELL_NAME=~"rec_source_inst/vio_delay_recCalib_inst"}]]
set_property OUTPUT_VALUE 11 [get_hw_probes rec_source_inst/CNTVALUEIN_syn2 -of_objects [get_hw_vios -of_objects [get_hw_devices xc7vx690t_0] -filter {CELL_NAME=~"rec_source_inst/vio_delay_recCalib_inst"}]]
commit_hw_vio [get_hw_probes {rec_source_inst/CNTVALUEIN_syn2} -of_objects [get_hw_vios -of_objects [get_hw_devices xc7vx690t_0] -filter {CELL_NAME=~"rec_source_inst/vio_delay_recCalib_inst"}]]
set_property OUTPUT_VALUE 11 [get_hw_probes rec_source_inst/CNTVALUEIN_syn3 -of_objects [get_hw_vios -of_objects [get_hw_devices xc7vx690t_0] -filter {CELL_NAME=~"rec_source_inst/vio_delay_recCalib_inst"}]]
commit_hw_vio [get_hw_probes {rec_source_inst/CNTVALUEIN_syn3} -of_objects [get_hw_vios -of_objects [get_hw_devices xc7vx690t_0] -filter {CELL_NAME=~"rec_source_inst/vio_delay_recCalib_inst"}]]
run_hw_ila [get_hw_ilas -of_objects [get_hw_devices xc7vx690t_0] -filter {CELL_NAME=~"rec_source_inst/ila_calibsource_inst"}]
INFO: [Labtools 27-1964] The ILA core 'hw_ila_11' trigger was armed at 2024-Mar-14 15:12:28
wait_on_hw_ila [get_hw_ilas -of_objects [get_hw_devices xc7vx690t_0] -filter {CELL_NAME=~"rec_source_inst/ila_calibsource_inst"}]
upload_hw_ila_data [get_hw_ilas -of_objects [get_hw_devices xc7vx690t_0] -filter {CELL_NAME=~"rec_source_inst/ila_calibsource_inst"}]
INFO: [Labtools 27-1966] The ILA core 'hw_ila_11' triggered at 2024-Mar-14 15:12:31
upload_hw_ila_data: Time (s): cpu = 00:00:01 ; elapsed = 00:00:15 . Memory (MB): peak = 1267.480 ; gain = 0.000
write_hw_ila_data -csv_file {E:\wx\2_projects\L payload\vivado files\0311\0caishu\process3_11.csv} hw_ila_data_11
set_property OUTPUT_VALUE 12 [get_hw_probes rec_source_inst/CNTVALUEIN_syn1 -of_objects [get_hw_vios -of_objects [get_hw_devices xc7vx690t_0] -filter {CELL_NAME=~"rec_source_inst/vio_delay_recCalib_inst"}]]
commit_hw_vio [get_hw_probes {rec_source_inst/CNTVALUEIN_syn1} -of_objects [get_hw_vios -of_objects [get_hw_devices xc7vx690t_0] -filter {CELL_NAME=~"rec_source_inst/vio_delay_recCalib_inst"}]]
set_property OUTPUT_VALUE 12 [get_hw_probes rec_source_inst/CNTVALUEIN_syn2 -of_objects [get_hw_vios -of_objects [get_hw_devices xc7vx690t_0] -filter {CELL_NAME=~"rec_source_inst/vio_delay_recCalib_inst"}]]
commit_hw_vio [get_hw_probes {rec_source_inst/CNTVALUEIN_syn2} -of_objects [get_hw_vios -of_objects [get_hw_devices xc7vx690t_0] -filter {CELL_NAME=~"rec_source_inst/vio_delay_recCalib_inst"}]]
set_property OUTPUT_VALUE 12 [get_hw_probes rec_source_inst/CNTVALUEIN_syn3 -of_objects [get_hw_vios -of_objects [get_hw_devices xc7vx690t_0] -filter {CELL_NAME=~"rec_source_inst/vio_delay_recCalib_inst"}]]
commit_hw_vio [get_hw_probes {rec_source_inst/CNTVALUEIN_syn3} -of_objects [get_hw_vios -of_objects [get_hw_devices xc7vx690t_0] -filter {CELL_NAME=~"rec_source_inst/vio_delay_recCalib_inst"}]]
run_hw_ila [get_hw_ilas -of_objects [get_hw_devices xc7vx690t_0] -filter {CELL_NAME=~"rec_source_inst/ila_calibsource_inst"}]
INFO: [Labtools 27-1964] The ILA core 'hw_ila_11' trigger was armed at 2024-Mar-14 15:12:56
wait_on_hw_ila [get_hw_ilas -of_objects [get_hw_devices xc7vx690t_0] -filter {CELL_NAME=~"rec_source_inst/ila_calibsource_inst"}]
upload_hw_ila_data [get_hw_ilas -of_objects [get_hw_devices xc7vx690t_0] -filter {CELL_NAME=~"rec_source_inst/ila_calibsource_inst"}]
INFO: [Labtools 27-1966] The ILA core 'hw_ila_11' triggered at 2024-Mar-14 15:13:00
upload_hw_ila_data: Time (s): cpu = 00:00:00 ; elapsed = 00:00:12 . Memory (MB): peak = 1267.480 ; gain = 0.000
write_hw_ila_data -csv_file {E:\wx\2_projects\L payload\vivado files\0311\0caishu\process3_12.csv} hw_ila_data_11
set_property OUTPUT_VALUE 13 [get_hw_probes rec_source_inst/CNTVALUEIN_syn1 -of_objects [get_hw_vios -of_objects [get_hw_devices xc7vx690t_0] -filter {CELL_NAME=~"rec_source_inst/vio_delay_recCalib_inst"}]]
commit_hw_vio [get_hw_probes {rec_source_inst/CNTVALUEIN_syn1} -of_objects [get_hw_vios -of_objects [get_hw_devices xc7vx690t_0] -filter {CELL_NAME=~"rec_source_inst/vio_delay_recCalib_inst"}]]
set_property OUTPUT_VALUE 13 [get_hw_probes rec_source_inst/CNTVALUEIN_syn2 -of_objects [get_hw_vios -of_objects [get_hw_devices xc7vx690t_0] -filter {CELL_NAME=~"rec_source_inst/vio_delay_recCalib_inst"}]]
commit_hw_vio [get_hw_probes {rec_source_inst/CNTVALUEIN_syn2} -of_objects [get_hw_vios -of_objects [get_hw_devices xc7vx690t_0] -filter {CELL_NAME=~"rec_source_inst/vio_delay_recCalib_inst"}]]
set_property OUTPUT_VALUE 13 [get_hw_probes rec_source_inst/CNTVALUEIN_syn3 -of_objects [get_hw_vios -of_objects [get_hw_devices xc7vx690t_0] -filter {CELL_NAME=~"rec_source_inst/vio_delay_recCalib_inst"}]]
commit_hw_vio [get_hw_probes {rec_source_inst/CNTVALUEIN_syn3} -of_objects [get_hw_vios -of_objects [get_hw_devices xc7vx690t_0] -filter {CELL_NAME=~"rec_source_inst/vio_delay_recCalib_inst"}]]
run_hw_ila [get_hw_ilas -of_objects [get_hw_devices xc7vx690t_0] -filter {CELL_NAME=~"rec_source_inst/ila_calibsource_inst"}]
INFO: [Labtools 27-1964] The ILA core 'hw_ila_11' trigger was armed at 2024-Mar-14 15:13:22
wait_on_hw_ila [get_hw_ilas -of_objects [get_hw_devices xc7vx690t_0] -filter {CELL_NAME=~"rec_source_inst/ila_calibsource_inst"}]
upload_hw_ila_data [get_hw_ilas -of_objects [get_hw_devices xc7vx690t_0] -filter {CELL_NAME=~"rec_source_inst/ila_calibsource_inst"}]
INFO: [Labtools 27-1966] The ILA core 'hw_ila_11' triggered at 2024-Mar-14 15:13:26
upload_hw_ila_data: Time (s): cpu = 00:00:00 ; elapsed = 00:00:12 . Memory (MB): peak = 1267.480 ; gain = 0.000
write_hw_ila_data -csv_file {E:\wx\2_projects\L payload\vivado files\0311\0caishu\process3_13.csv} hw_ila_data_11
set_property OUTPUT_VALUE 14 [get_hw_probes rec_source_inst/CNTVALUEIN_syn1 -of_objects [get_hw_vios -of_objects [get_hw_devices xc7vx690t_0] -filter {CELL_NAME=~"rec_source_inst/vio_delay_recCalib_inst"}]]
commit_hw_vio [get_hw_probes {rec_source_inst/CNTVALUEIN_syn1} -of_objects [get_hw_vios -of_objects [get_hw_devices xc7vx690t_0] -filter {CELL_NAME=~"rec_source_inst/vio_delay_recCalib_inst"}]]
set_property OUTPUT_VALUE 14 [get_hw_probes rec_source_inst/CNTVALUEIN_syn2 -of_objects [get_hw_vios -of_objects [get_hw_devices xc7vx690t_0] -filter {CELL_NAME=~"rec_source_inst/vio_delay_recCalib_inst"}]]
commit_hw_vio [get_hw_probes {rec_source_inst/CNTVALUEIN_syn2} -of_objects [get_hw_vios -of_objects [get_hw_devices xc7vx690t_0] -filter {CELL_NAME=~"rec_source_inst/vio_delay_recCalib_inst"}]]
set_property OUTPUT_VALUE 14 [get_hw_probes rec_source_inst/CNTVALUEIN_syn3 -of_objects [get_hw_vios -of_objects [get_hw_devices xc7vx690t_0] -filter {CELL_NAME=~"rec_source_inst/vio_delay_recCalib_inst"}]]
commit_hw_vio [get_hw_probes {rec_source_inst/CNTVALUEIN_syn3} -of_objects [get_hw_vios -of_objects [get_hw_devices xc7vx690t_0] -filter {CELL_NAME=~"rec_source_inst/vio_delay_recCalib_inst"}]]
run_hw_ila [get_hw_ilas -of_objects [get_hw_devices xc7vx690t_0] -filter {CELL_NAME=~"rec_source_inst/ila_calibsource_inst"}]
INFO: [Labtools 27-1964] The ILA core 'hw_ila_11' trigger was armed at 2024-Mar-14 15:13:48
wait_on_hw_ila [get_hw_ilas -of_objects [get_hw_devices xc7vx690t_0] -filter {CELL_NAME=~"rec_source_inst/ila_calibsource_inst"}]
upload_hw_ila_data [get_hw_ilas -of_objects [get_hw_devices xc7vx690t_0] -filter {CELL_NAME=~"rec_source_inst/ila_calibsource_inst"}]
INFO: [Labtools 27-1966] The ILA core 'hw_ila_11' triggered at 2024-Mar-14 15:13:51
upload_hw_ila_data: Time (s): cpu = 00:00:00 ; elapsed = 00:00:13 . Memory (MB): peak = 1267.492 ; gain = 0.012
write_hw_ila_data -csv_file {E:\wx\2_projects\L payload\vivado files\0311\0caishu\process3_14.csv} hw_ila_data_11
set_property OUTPUT_VALUE 15 [get_hw_probes rec_source_inst/CNTVALUEIN_syn1 -of_objects [get_hw_vios -of_objects [get_hw_devices xc7vx690t_0] -filter {CELL_NAME=~"rec_source_inst/vio_delay_recCalib_inst"}]]
commit_hw_vio [get_hw_probes {rec_source_inst/CNTVALUEIN_syn1} -of_objects [get_hw_vios -of_objects [get_hw_devices xc7vx690t_0] -filter {CELL_NAME=~"rec_source_inst/vio_delay_recCalib_inst"}]]
set_property OUTPUT_VALUE 15 [get_hw_probes rec_source_inst/CNTVALUEIN_syn2 -of_objects [get_hw_vios -of_objects [get_hw_devices xc7vx690t_0] -filter {CELL_NAME=~"rec_source_inst/vio_delay_recCalib_inst"}]]
commit_hw_vio [get_hw_probes {rec_source_inst/CNTVALUEIN_syn2} -of_objects [get_hw_vios -of_objects [get_hw_devices xc7vx690t_0] -filter {CELL_NAME=~"rec_source_inst/vio_delay_recCalib_inst"}]]
set_property OUTPUT_VALUE 15 [get_hw_probes rec_source_inst/CNTVALUEIN_syn3 -of_objects [get_hw_vios -of_objects [get_hw_devices xc7vx690t_0] -filter {CELL_NAME=~"rec_source_inst/vio_delay_recCalib_inst"}]]
commit_hw_vio [get_hw_probes {rec_source_inst/CNTVALUEIN_syn3} -of_objects [get_hw_vios -of_objects [get_hw_devices xc7vx690t_0] -filter {CELL_NAME=~"rec_source_inst/vio_delay_recCalib_inst"}]]
run_hw_ila [get_hw_ilas -of_objects [get_hw_devices xc7vx690t_0] -filter {CELL_NAME=~"rec_source_inst/ila_calibsource_inst"}]
INFO: [Labtools 27-1964] The ILA core 'hw_ila_11' trigger was armed at 2024-Mar-14 15:14:13
wait_on_hw_ila [get_hw_ilas -of_objects [get_hw_devices xc7vx690t_0] -filter {CELL_NAME=~"rec_source_inst/ila_calibsource_inst"}]
upload_hw_ila_data [get_hw_ilas -of_objects [get_hw_devices xc7vx690t_0] -filter {CELL_NAME=~"rec_source_inst/ila_calibsource_inst"}]
INFO: [Labtools 27-1966] The ILA core 'hw_ila_11' triggered at 2024-Mar-14 15:14:17
upload_hw_ila_data: Time (s): cpu = 00:00:00 ; elapsed = 00:00:12 . Memory (MB): peak = 1267.492 ; gain = 0.000
write_hw_ila_data -csv_file {E:\wx\2_projects\L payload\vivado files\0311\0caishu\process3_15.csv} hw_ila_data_11
set_property OUTPUT_VALUE 16 [get_hw_probes rec_source_inst/CNTVALUEIN_syn1 -of_objects [get_hw_vios -of_objects [get_hw_devices xc7vx690t_0] -filter {CELL_NAME=~"rec_source_inst/vio_delay_recCalib_inst"}]]
commit_hw_vio [get_hw_probes {rec_source_inst/CNTVALUEIN_syn1} -of_objects [get_hw_vios -of_objects [get_hw_devices xc7vx690t_0] -filter {CELL_NAME=~"rec_source_inst/vio_delay_recCalib_inst"}]]
set_property OUTPUT_VALUE 16 [get_hw_probes rec_source_inst/CNTVALUEIN_syn2 -of_objects [get_hw_vios -of_objects [get_hw_devices xc7vx690t_0] -filter {CELL_NAME=~"rec_source_inst/vio_delay_recCalib_inst"}]]
commit_hw_vio [get_hw_probes {rec_source_inst/CNTVALUEIN_syn2} -of_objects [get_hw_vios -of_objects [get_hw_devices xc7vx690t_0] -filter {CELL_NAME=~"rec_source_inst/vio_delay_recCalib_inst"}]]
set_property OUTPUT_VALUE 16 [get_hw_probes rec_source_inst/CNTVALUEIN_syn3 -of_objects [get_hw_vios -of_objects [get_hw_devices xc7vx690t_0] -filter {CELL_NAME=~"rec_source_inst/vio_delay_recCalib_inst"}]]
commit_hw_vio [get_hw_probes {rec_source_inst/CNTVALUEIN_syn3} -of_objects [get_hw_vios -of_objects [get_hw_devices xc7vx690t_0] -filter {CELL_NAME=~"rec_source_inst/vio_delay_recCalib_inst"}]]
run_hw_ila [get_hw_ilas -of_objects [get_hw_devices xc7vx690t_0] -filter {CELL_NAME=~"rec_source_inst/ila_calibsource_inst"}]
INFO: [Labtools 27-1964] The ILA core 'hw_ila_11' trigger was armed at 2024-Mar-14 15:14:39
wait_on_hw_ila [get_hw_ilas -of_objects [get_hw_devices xc7vx690t_0] -filter {CELL_NAME=~"rec_source_inst/ila_calibsource_inst"}]
upload_hw_ila_data [get_hw_ilas -of_objects [get_hw_devices xc7vx690t_0] -filter {CELL_NAME=~"rec_source_inst/ila_calibsource_inst"}]
INFO: [Labtools 27-1966] The ILA core 'hw_ila_11' triggered at 2024-Mar-14 15:14:42
upload_hw_ila_data: Time (s): cpu = 00:00:00 ; elapsed = 00:00:20 . Memory (MB): peak = 1267.492 ; gain = 0.000
write_hw_ila_data -csv_file {E:\wx\2_projects\L payload\vivado files\0311\0caishu\process3_16.csv} hw_ila_data_11
set_property OUTPUT_VALUE 17 [get_hw_probes rec_source_inst/CNTVALUEIN_syn1 -of_objects [get_hw_vios -of_objects [get_hw_devices xc7vx690t_0] -filter {CELL_NAME=~"rec_source_inst/vio_delay_recCalib_inst"}]]
commit_hw_vio [get_hw_probes {rec_source_inst/CNTVALUEIN_syn1} -of_objects [get_hw_vios -of_objects [get_hw_devices xc7vx690t_0] -filter {CELL_NAME=~"rec_source_inst/vio_delay_recCalib_inst"}]]
set_property OUTPUT_VALUE 17 [get_hw_probes rec_source_inst/CNTVALUEIN_syn2 -of_objects [get_hw_vios -of_objects [get_hw_devices xc7vx690t_0] -filter {CELL_NAME=~"rec_source_inst/vio_delay_recCalib_inst"}]]
commit_hw_vio [get_hw_probes {rec_source_inst/CNTVALUEIN_syn2} -of_objects [get_hw_vios -of_objects [get_hw_devices xc7vx690t_0] -filter {CELL_NAME=~"rec_source_inst/vio_delay_recCalib_inst"}]]
set_property OUTPUT_VALUE 17 [get_hw_probes rec_source_inst/CNTVALUEIN_syn3 -of_objects [get_hw_vios -of_objects [get_hw_devices xc7vx690t_0] -filter {CELL_NAME=~"rec_source_inst/vio_delay_recCalib_inst"}]]
commit_hw_vio [get_hw_probes {rec_source_inst/CNTVALUEIN_syn3} -of_objects [get_hw_vios -of_objects [get_hw_devices xc7vx690t_0] -filter {CELL_NAME=~"rec_source_inst/vio_delay_recCalib_inst"}]]
run_hw_ila [get_hw_ilas -of_objects [get_hw_devices xc7vx690t_0] -filter {CELL_NAME=~"rec_source_inst/ila_calibsource_inst"}]
INFO: [Labtools 27-1964] The ILA core 'hw_ila_11' trigger was armed at 2024-Mar-14 15:15:19
wait_on_hw_ila [get_hw_ilas -of_objects [get_hw_devices xc7vx690t_0] -filter {CELL_NAME=~"rec_source_inst/ila_calibsource_inst"}]
upload_hw_ila_data [get_hw_ilas -of_objects [get_hw_devices xc7vx690t_0] -filter {CELL_NAME=~"rec_source_inst/ila_calibsource_inst"}]
INFO: [Labtools 27-1966] The ILA core 'hw_ila_11' triggered at 2024-Mar-14 15:15:22
upload_hw_ila_data: Time (s): cpu = 00:00:00 ; elapsed = 00:00:12 . Memory (MB): peak = 1267.492 ; gain = 0.000
write_hw_ila_data -csv_file {E:\wx\2_projects\L payload\vivado files\0311\0caishu\process3_17.csv} hw_ila_data_11
set_property OUTPUT_VALUE 18 [get_hw_probes rec_source_inst/CNTVALUEIN_syn1 -of_objects [get_hw_vios -of_objects [get_hw_devices xc7vx690t_0] -filter {CELL_NAME=~"rec_source_inst/vio_delay_recCalib_inst"}]]
commit_hw_vio [get_hw_probes {rec_source_inst/CNTVALUEIN_syn1} -of_objects [get_hw_vios -of_objects [get_hw_devices xc7vx690t_0] -filter {CELL_NAME=~"rec_source_inst/vio_delay_recCalib_inst"}]]
set_property OUTPUT_VALUE 18 [get_hw_probes rec_source_inst/CNTVALUEIN_syn2 -of_objects [get_hw_vios -of_objects [get_hw_devices xc7vx690t_0] -filter {CELL_NAME=~"rec_source_inst/vio_delay_recCalib_inst"}]]
commit_hw_vio [get_hw_probes {rec_source_inst/CNTVALUEIN_syn2} -of_objects [get_hw_vios -of_objects [get_hw_devices xc7vx690t_0] -filter {CELL_NAME=~"rec_source_inst/vio_delay_recCalib_inst"}]]
set_property OUTPUT_VALUE 18 [get_hw_probes rec_source_inst/CNTVALUEIN_syn3 -of_objects [get_hw_vios -of_objects [get_hw_devices xc7vx690t_0] -filter {CELL_NAME=~"rec_source_inst/vio_delay_recCalib_inst"}]]
commit_hw_vio [get_hw_probes {rec_source_inst/CNTVALUEIN_syn3} -of_objects [get_hw_vios -of_objects [get_hw_devices xc7vx690t_0] -filter {CELL_NAME=~"rec_source_inst/vio_delay_recCalib_inst"}]]
run_hw_ila [get_hw_ilas -of_objects [get_hw_devices xc7vx690t_0] -filter {CELL_NAME=~"rec_source_inst/ila_calibsource_inst"}]
INFO: [Labtools 27-1964] The ILA core 'hw_ila_11' trigger was armed at 2024-Mar-14 15:15:46
wait_on_hw_ila [get_hw_ilas -of_objects [get_hw_devices xc7vx690t_0] -filter {CELL_NAME=~"rec_source_inst/ila_calibsource_inst"}]
upload_hw_ila_data [get_hw_ilas -of_objects [get_hw_devices xc7vx690t_0] -filter {CELL_NAME=~"rec_source_inst/ila_calibsource_inst"}]
INFO: [Labtools 27-1966] The ILA core 'hw_ila_11' triggered at 2024-Mar-14 15:15:49
upload_hw_ila_data: Time (s): cpu = 00:00:00 ; elapsed = 00:00:12 . Memory (MB): peak = 1267.492 ; gain = 0.000
write_hw_ila_data -csv_file {E:\wx\2_projects\L payload\vivado files\0311\0caishu\process3_18.csv} hw_ila_data_11
set_property OUTPUT_VALUE 19 [get_hw_probes rec_source_inst/CNTVALUEIN_syn1 -of_objects [get_hw_vios -of_objects [get_hw_devices xc7vx690t_0] -filter {CELL_NAME=~"rec_source_inst/vio_delay_recCalib_inst"}]]
commit_hw_vio [get_hw_probes {rec_source_inst/CNTVALUEIN_syn1} -of_objects [get_hw_vios -of_objects [get_hw_devices xc7vx690t_0] -filter {CELL_NAME=~"rec_source_inst/vio_delay_recCalib_inst"}]]
set_property OUTPUT_VALUE 19 [get_hw_probes rec_source_inst/CNTVALUEIN_syn2 -of_objects [get_hw_vios -of_objects [get_hw_devices xc7vx690t_0] -filter {CELL_NAME=~"rec_source_inst/vio_delay_recCalib_inst"}]]
commit_hw_vio [get_hw_probes {rec_source_inst/CNTVALUEIN_syn2} -of_objects [get_hw_vios -of_objects [get_hw_devices xc7vx690t_0] -filter {CELL_NAME=~"rec_source_inst/vio_delay_recCalib_inst"}]]
set_property OUTPUT_VALUE 19 [get_hw_probes rec_source_inst/CNTVALUEIN_syn3 -of_objects [get_hw_vios -of_objects [get_hw_devices xc7vx690t_0] -filter {CELL_NAME=~"rec_source_inst/vio_delay_recCalib_inst"}]]
commit_hw_vio [get_hw_probes {rec_source_inst/CNTVALUEIN_syn3} -of_objects [get_hw_vios -of_objects [get_hw_devices xc7vx690t_0] -filter {CELL_NAME=~"rec_source_inst/vio_delay_recCalib_inst"}]]
run_hw_ila [get_hw_ilas -of_objects [get_hw_devices xc7vx690t_0] -filter {CELL_NAME=~"rec_source_inst/ila_calibsource_inst"}]
INFO: [Labtools 27-1964] The ILA core 'hw_ila_11' trigger was armed at 2024-Mar-14 15:16:11
wait_on_hw_ila [get_hw_ilas -of_objects [get_hw_devices xc7vx690t_0] -filter {CELL_NAME=~"rec_source_inst/ila_calibsource_inst"}]
upload_hw_ila_data [get_hw_ilas -of_objects [get_hw_devices xc7vx690t_0] -filter {CELL_NAME=~"rec_source_inst/ila_calibsource_inst"}]
INFO: [Labtools 27-1966] The ILA core 'hw_ila_11' triggered at 2024-Mar-14 15:16:14
upload_hw_ila_data: Time (s): cpu = 00:00:00 ; elapsed = 00:00:11 . Memory (MB): peak = 1267.492 ; gain = 0.000
write_hw_ila_data -csv_file {E:\wx\2_projects\L payload\vivado files\0311\0caishu\process3_19.csv} hw_ila_data_11
set_property OUTPUT_VALUE 20 [get_hw_probes rec_source_inst/CNTVALUEIN_syn1 -of_objects [get_hw_vios -of_objects [get_hw_devices xc7vx690t_0] -filter {CELL_NAME=~"rec_source_inst/vio_delay_recCalib_inst"}]]
commit_hw_vio [get_hw_probes {rec_source_inst/CNTVALUEIN_syn1} -of_objects [get_hw_vios -of_objects [get_hw_devices xc7vx690t_0] -filter {CELL_NAME=~"rec_source_inst/vio_delay_recCalib_inst"}]]
set_property OUTPUT_VALUE 20 [get_hw_probes rec_source_inst/CNTVALUEIN_syn2 -of_objects [get_hw_vios -of_objects [get_hw_devices xc7vx690t_0] -filter {CELL_NAME=~"rec_source_inst/vio_delay_recCalib_inst"}]]
commit_hw_vio [get_hw_probes {rec_source_inst/CNTVALUEIN_syn2} -of_objects [get_hw_vios -of_objects [get_hw_devices xc7vx690t_0] -filter {CELL_NAME=~"rec_source_inst/vio_delay_recCalib_inst"}]]
set_property OUTPUT_VALUE 20 [get_hw_probes rec_source_inst/CNTVALUEIN_syn3 -of_objects [get_hw_vios -of_objects [get_hw_devices xc7vx690t_0] -filter {CELL_NAME=~"rec_source_inst/vio_delay_recCalib_inst"}]]
commit_hw_vio [get_hw_probes {rec_source_inst/CNTVALUEIN_syn3} -of_objects [get_hw_vios -of_objects [get_hw_devices xc7vx690t_0] -filter {CELL_NAME=~"rec_source_inst/vio_delay_recCalib_inst"}]]
run_hw_ila [get_hw_ilas -of_objects [get_hw_devices xc7vx690t_0] -filter {CELL_NAME=~"rec_source_inst/ila_calibsource_inst"}]
INFO: [Labtools 27-1964] The ILA core 'hw_ila_11' trigger was armed at 2024-Mar-14 15:16:36
wait_on_hw_ila [get_hw_ilas -of_objects [get_hw_devices xc7vx690t_0] -filter {CELL_NAME=~"rec_source_inst/ila_calibsource_inst"}]
upload_hw_ila_data [get_hw_ilas -of_objects [get_hw_devices xc7vx690t_0] -filter {CELL_NAME=~"rec_source_inst/ila_calibsource_inst"}]
INFO: [Labtools 27-1966] The ILA core 'hw_ila_11' triggered at 2024-Mar-14 15:16:39
upload_hw_ila_data: Time (s): cpu = 00:00:00 ; elapsed = 00:00:12 . Memory (MB): peak = 1267.496 ; gain = 0.000
write_hw_ila_data -csv_file {E:\wx\2_projects\L payload\vivado files\0311\0caishu\process3_20.csv} hw_ila_data_11
set_property OUTPUT_VALUE 21 [get_hw_probes rec_source_inst/CNTVALUEIN_syn1 -of_objects [get_hw_vios -of_objects [get_hw_devices xc7vx690t_0] -filter {CELL_NAME=~"rec_source_inst/vio_delay_recCalib_inst"}]]
commit_hw_vio [get_hw_probes {rec_source_inst/CNTVALUEIN_syn1} -of_objects [get_hw_vios -of_objects [get_hw_devices xc7vx690t_0] -filter {CELL_NAME=~"rec_source_inst/vio_delay_recCalib_inst"}]]
set_property OUTPUT_VALUE 21 [get_hw_probes rec_source_inst/CNTVALUEIN_syn2 -of_objects [get_hw_vios -of_objects [get_hw_devices xc7vx690t_0] -filter {CELL_NAME=~"rec_source_inst/vio_delay_recCalib_inst"}]]
commit_hw_vio [get_hw_probes {rec_source_inst/CNTVALUEIN_syn2} -of_objects [get_hw_vios -of_objects [get_hw_devices xc7vx690t_0] -filter {CELL_NAME=~"rec_source_inst/vio_delay_recCalib_inst"}]]
set_property OUTPUT_VALUE 21 [get_hw_probes rec_source_inst/CNTVALUEIN_syn3 -of_objects [get_hw_vios -of_objects [get_hw_devices xc7vx690t_0] -filter {CELL_NAME=~"rec_source_inst/vio_delay_recCalib_inst"}]]
commit_hw_vio [get_hw_probes {rec_source_inst/CNTVALUEIN_syn3} -of_objects [get_hw_vios -of_objects [get_hw_devices xc7vx690t_0] -filter {CELL_NAME=~"rec_source_inst/vio_delay_recCalib_inst"}]]
run_hw_ila [get_hw_ilas -of_objects [get_hw_devices xc7vx690t_0] -filter {CELL_NAME=~"rec_source_inst/ila_calibsource_inst"}]
INFO: [Labtools 27-1964] The ILA core 'hw_ila_11' trigger was armed at 2024-Mar-14 15:17:01
wait_on_hw_ila [get_hw_ilas -of_objects [get_hw_devices xc7vx690t_0] -filter {CELL_NAME=~"rec_source_inst/ila_calibsource_inst"}]
upload_hw_ila_data [get_hw_ilas -of_objects [get_hw_devices xc7vx690t_0] -filter {CELL_NAME=~"rec_source_inst/ila_calibsource_inst"}]
INFO: [Labtools 27-1966] The ILA core 'hw_ila_11' triggered at 2024-Mar-14 15:17:05
upload_hw_ila_data: Time (s): cpu = 00:00:00 ; elapsed = 00:00:13 . Memory (MB): peak = 1267.496 ; gain = 0.000
write_hw_ila_data -csv_file {E:\wx\2_projects\L payload\vivado files\0311\0caishu\process3_21.csv} hw_ila_data_11
set_property OUTPUT_VALUE 22 [get_hw_probes rec_source_inst/CNTVALUEIN_syn1 -of_objects [get_hw_vios -of_objects [get_hw_devices xc7vx690t_0] -filter {CELL_NAME=~"rec_source_inst/vio_delay_recCalib_inst"}]]
commit_hw_vio [get_hw_probes {rec_source_inst/CNTVALUEIN_syn1} -of_objects [get_hw_vios -of_objects [get_hw_devices xc7vx690t_0] -filter {CELL_NAME=~"rec_source_inst/vio_delay_recCalib_inst"}]]
set_property OUTPUT_VALUE 22 [get_hw_probes rec_source_inst/CNTVALUEIN_syn2 -of_objects [get_hw_vios -of_objects [get_hw_devices xc7vx690t_0] -filter {CELL_NAME=~"rec_source_inst/vio_delay_recCalib_inst"}]]
commit_hw_vio [get_hw_probes {rec_source_inst/CNTVALUEIN_syn2} -of_objects [get_hw_vios -of_objects [get_hw_devices xc7vx690t_0] -filter {CELL_NAME=~"rec_source_inst/vio_delay_recCalib_inst"}]]
set_property OUTPUT_VALUE 22 [get_hw_probes rec_source_inst/CNTVALUEIN_syn3 -of_objects [get_hw_vios -of_objects [get_hw_devices xc7vx690t_0] -filter {CELL_NAME=~"rec_source_inst/vio_delay_recCalib_inst"}]]
commit_hw_vio [get_hw_probes {rec_source_inst/CNTVALUEIN_syn3} -of_objects [get_hw_vios -of_objects [get_hw_devices xc7vx690t_0] -filter {CELL_NAME=~"rec_source_inst/vio_delay_recCalib_inst"}]]
run_hw_ila [get_hw_ilas -of_objects [get_hw_devices xc7vx690t_0] -filter {CELL_NAME=~"rec_source_inst/ila_calibsource_inst"}]
INFO: [Labtools 27-1964] The ILA core 'hw_ila_11' trigger was armed at 2024-Mar-14 15:17:32
wait_on_hw_ila [get_hw_ilas -of_objects [get_hw_devices xc7vx690t_0] -filter {CELL_NAME=~"rec_source_inst/ila_calibsource_inst"}]
upload_hw_ila_data [get_hw_ilas -of_objects [get_hw_devices xc7vx690t_0] -filter {CELL_NAME=~"rec_source_inst/ila_calibsource_inst"}]
INFO: [Labtools 27-1966] The ILA core 'hw_ila_11' triggered at 2024-Mar-14 15:17:35
upload_hw_ila_data: Time (s): cpu = 00:00:00 ; elapsed = 00:00:12 . Memory (MB): peak = 1267.496 ; gain = 0.000
write_hw_ila_data -csv_file {E:\wx\2_projects\L payload\vivado files\0311\0caishu\process3_22.csv} hw_ila_data_11
set_property OUTPUT_VALUE 23 [get_hw_probes rec_source_inst/CNTVALUEIN_syn1 -of_objects [get_hw_vios -of_objects [get_hw_devices xc7vx690t_0] -filter {CELL_NAME=~"rec_source_inst/vio_delay_recCalib_inst"}]]
commit_hw_vio [get_hw_probes {rec_source_inst/CNTVALUEIN_syn1} -of_objects [get_hw_vios -of_objects [get_hw_devices xc7vx690t_0] -filter {CELL_NAME=~"rec_source_inst/vio_delay_recCalib_inst"}]]
set_property OUTPUT_VALUE 23 [get_hw_probes rec_source_inst/CNTVALUEIN_syn2 -of_objects [get_hw_vios -of_objects [get_hw_devices xc7vx690t_0] -filter {CELL_NAME=~"rec_source_inst/vio_delay_recCalib_inst"}]]
commit_hw_vio [get_hw_probes {rec_source_inst/CNTVALUEIN_syn2} -of_objects [get_hw_vios -of_objects [get_hw_devices xc7vx690t_0] -filter {CELL_NAME=~"rec_source_inst/vio_delay_recCalib_inst"}]]
set_property OUTPUT_VALUE 23 [get_hw_probes rec_source_inst/CNTVALUEIN_syn3 -of_objects [get_hw_vios -of_objects [get_hw_devices xc7vx690t_0] -filter {CELL_NAME=~"rec_source_inst/vio_delay_recCalib_inst"}]]
commit_hw_vio [get_hw_probes {rec_source_inst/CNTVALUEIN_syn3} -of_objects [get_hw_vios -of_objects [get_hw_devices xc7vx690t_0] -filter {CELL_NAME=~"rec_source_inst/vio_delay_recCalib_inst"}]]
run_hw_ila [get_hw_ilas -of_objects [get_hw_devices xc7vx690t_0] -filter {CELL_NAME=~"rec_source_inst/ila_calibsource_inst"}]
INFO: [Labtools 27-1964] The ILA core 'hw_ila_11' trigger was armed at 2024-Mar-14 15:18:01
wait_on_hw_ila [get_hw_ilas -of_objects [get_hw_devices xc7vx690t_0] -filter {CELL_NAME=~"rec_source_inst/ila_calibsource_inst"}]
upload_hw_ila_data [get_hw_ilas -of_objects [get_hw_devices xc7vx690t_0] -filter {CELL_NAME=~"rec_source_inst/ila_calibsource_inst"}]
INFO: [Labtools 27-1966] The ILA core 'hw_ila_11' triggered at 2024-Mar-14 15:18:04
upload_hw_ila_data: Time (s): cpu = 00:00:00 ; elapsed = 00:00:16 . Memory (MB): peak = 1267.496 ; gain = 0.000
write_hw_ila_data -csv_file {E:\wx\2_projects\L payload\vivado files\0311\0caishu\process3_23.csv} hw_ila_data_11
set_property OUTPUT_VALUE 24 [get_hw_probes rec_source_inst/CNTVALUEIN_syn1 -of_objects [get_hw_vios -of_objects [get_hw_devices xc7vx690t_0] -filter {CELL_NAME=~"rec_source_inst/vio_delay_recCalib_inst"}]]
commit_hw_vio [get_hw_probes {rec_source_inst/CNTVALUEIN_syn1} -of_objects [get_hw_vios -of_objects [get_hw_devices xc7vx690t_0] -filter {CELL_NAME=~"rec_source_inst/vio_delay_recCalib_inst"}]]
set_property OUTPUT_VALUE 24 [get_hw_probes rec_source_inst/CNTVALUEIN_syn2 -of_objects [get_hw_vios -of_objects [get_hw_devices xc7vx690t_0] -filter {CELL_NAME=~"rec_source_inst/vio_delay_recCalib_inst"}]]
commit_hw_vio [get_hw_probes {rec_source_inst/CNTVALUEIN_syn2} -of_objects [get_hw_vios -of_objects [get_hw_devices xc7vx690t_0] -filter {CELL_NAME=~"rec_source_inst/vio_delay_recCalib_inst"}]]
set_property OUTPUT_VALUE 24 [get_hw_probes rec_source_inst/CNTVALUEIN_syn3 -of_objects [get_hw_vios -of_objects [get_hw_devices xc7vx690t_0] -filter {CELL_NAME=~"rec_source_inst/vio_delay_recCalib_inst"}]]
commit_hw_vio [get_hw_probes {rec_source_inst/CNTVALUEIN_syn3} -of_objects [get_hw_vios -of_objects [get_hw_devices xc7vx690t_0] -filter {CELL_NAME=~"rec_source_inst/vio_delay_recCalib_inst"}]]
run_hw_ila [get_hw_ilas -of_objects [get_hw_devices xc7vx690t_0] -filter {CELL_NAME=~"rec_source_inst/ila_calibsource_inst"}]
INFO: [Labtools 27-1964] The ILA core 'hw_ila_11' trigger was armed at 2024-Mar-14 15:18:31
wait_on_hw_ila [get_hw_ilas -of_objects [get_hw_devices xc7vx690t_0] -filter {CELL_NAME=~"rec_source_inst/ila_calibsource_inst"}]
upload_hw_ila_data [get_hw_ilas -of_objects [get_hw_devices xc7vx690t_0] -filter {CELL_NAME=~"rec_source_inst/ila_calibsource_inst"}]
INFO: [Labtools 27-1966] The ILA core 'hw_ila_11' triggered at 2024-Mar-14 15:18:34
upload_hw_ila_data: Time (s): cpu = 00:00:00 ; elapsed = 00:00:14 . Memory (MB): peak = 1267.496 ; gain = 0.000
write_hw_ila_data -csv_file {E:\wx\2_projects\L payload\vivado files\0311\0caishu\process3_24.csv} hw_ila_data_11
set_property OUTPUT_VALUE 25 [get_hw_probes rec_source_inst/CNTVALUEIN_syn1 -of_objects [get_hw_vios -of_objects [get_hw_devices xc7vx690t_0] -filter {CELL_NAME=~"rec_source_inst/vio_delay_recCalib_inst"}]]
commit_hw_vio [get_hw_probes {rec_source_inst/CNTVALUEIN_syn1} -of_objects [get_hw_vios -of_objects [get_hw_devices xc7vx690t_0] -filter {CELL_NAME=~"rec_source_inst/vio_delay_recCalib_inst"}]]
set_property OUTPUT_VALUE 25 [get_hw_probes rec_source_inst/CNTVALUEIN_syn2 -of_objects [get_hw_vios -of_objects [get_hw_devices xc7vx690t_0] -filter {CELL_NAME=~"rec_source_inst/vio_delay_recCalib_inst"}]]
commit_hw_vio [get_hw_probes {rec_source_inst/CNTVALUEIN_syn2} -of_objects [get_hw_vios -of_objects [get_hw_devices xc7vx690t_0] -filter {CELL_NAME=~"rec_source_inst/vio_delay_recCalib_inst"}]]
set_property OUTPUT_VALUE 25 [get_hw_probes rec_source_inst/CNTVALUEIN_syn3 -of_objects [get_hw_vios -of_objects [get_hw_devices xc7vx690t_0] -filter {CELL_NAME=~"rec_source_inst/vio_delay_recCalib_inst"}]]
commit_hw_vio [get_hw_probes {rec_source_inst/CNTVALUEIN_syn3} -of_objects [get_hw_vios -of_objects [get_hw_devices xc7vx690t_0] -filter {CELL_NAME=~"rec_source_inst/vio_delay_recCalib_inst"}]]
run_hw_ila [get_hw_ilas -of_objects [get_hw_devices xc7vx690t_0] -filter {CELL_NAME=~"rec_source_inst/ila_calibsource_inst"}]
INFO: [Labtools 27-1964] The ILA core 'hw_ila_11' trigger was armed at 2024-Mar-14 15:19:00
wait_on_hw_ila [get_hw_ilas -of_objects [get_hw_devices xc7vx690t_0] -filter {CELL_NAME=~"rec_source_inst/ila_calibsource_inst"}]
upload_hw_ila_data [get_hw_ilas -of_objects [get_hw_devices xc7vx690t_0] -filter {CELL_NAME=~"rec_source_inst/ila_calibsource_inst"}]
INFO: [Labtools 27-1966] The ILA core 'hw_ila_11' triggered at 2024-Mar-14 15:19:03
upload_hw_ila_data: Time (s): cpu = 00:00:00 ; elapsed = 00:00:16 . Memory (MB): peak = 1267.496 ; gain = 0.000
write_hw_ila_data -csv_file {E:\wx\2_projects\L payload\vivado files\0311\0caishu\process3_25.csv} hw_ila_data_11
set_property OUTPUT_VALUE 26 [get_hw_probes rec_source_inst/CNTVALUEIN_syn1 -of_objects [get_hw_vios -of_objects [get_hw_devices xc7vx690t_0] -filter {CELL_NAME=~"rec_source_inst/vio_delay_recCalib_inst"}]]
commit_hw_vio [get_hw_probes {rec_source_inst/CNTVALUEIN_syn1} -of_objects [get_hw_vios -of_objects [get_hw_devices xc7vx690t_0] -filter {CELL_NAME=~"rec_source_inst/vio_delay_recCalib_inst"}]]
set_property OUTPUT_VALUE 26 [get_hw_probes rec_source_inst/CNTVALUEIN_syn2 -of_objects [get_hw_vios -of_objects [get_hw_devices xc7vx690t_0] -filter {CELL_NAME=~"rec_source_inst/vio_delay_recCalib_inst"}]]
commit_hw_vio [get_hw_probes {rec_source_inst/CNTVALUEIN_syn2} -of_objects [get_hw_vios -of_objects [get_hw_devices xc7vx690t_0] -filter {CELL_NAME=~"rec_source_inst/vio_delay_recCalib_inst"}]]
set_property OUTPUT_VALUE 26 [get_hw_probes rec_source_inst/CNTVALUEIN_syn3 -of_objects [get_hw_vios -of_objects [get_hw_devices xc7vx690t_0] -filter {CELL_NAME=~"rec_source_inst/vio_delay_recCalib_inst"}]]
commit_hw_vio [get_hw_probes {rec_source_inst/CNTVALUEIN_syn3} -of_objects [get_hw_vios -of_objects [get_hw_devices xc7vx690t_0] -filter {CELL_NAME=~"rec_source_inst/vio_delay_recCalib_inst"}]]
run_hw_ila [get_hw_ilas -of_objects [get_hw_devices xc7vx690t_0] -filter {CELL_NAME=~"rec_source_inst/ila_calibsource_inst"}]
INFO: [Labtools 27-1964] The ILA core 'hw_ila_11' trigger was armed at 2024-Mar-14 15:19:29
wait_on_hw_ila [get_hw_ilas -of_objects [get_hw_devices xc7vx690t_0] -filter {CELL_NAME=~"rec_source_inst/ila_calibsource_inst"}]
upload_hw_ila_data [get_hw_ilas -of_objects [get_hw_devices xc7vx690t_0] -filter {CELL_NAME=~"rec_source_inst/ila_calibsource_inst"}]
INFO: [Labtools 27-1966] The ILA core 'hw_ila_11' triggered at 2024-Mar-14 15:19:32
upload_hw_ila_data: Time (s): cpu = 00:00:00 ; elapsed = 00:00:12 . Memory (MB): peak = 1267.496 ; gain = 0.000
write_hw_ila_data -csv_file {E:\wx\2_projects\L payload\vivado files\0311\0caishu\process3_26.csv} hw_ila_data_11
set_property OUTPUT_VALUE 27 [get_hw_probes rec_source_inst/CNTVALUEIN_syn1 -of_objects [get_hw_vios -of_objects [get_hw_devices xc7vx690t_0] -filter {CELL_NAME=~"rec_source_inst/vio_delay_recCalib_inst"}]]
commit_hw_vio [get_hw_probes {rec_source_inst/CNTVALUEIN_syn1} -of_objects [get_hw_vios -of_objects [get_hw_devices xc7vx690t_0] -filter {CELL_NAME=~"rec_source_inst/vio_delay_recCalib_inst"}]]
set_property OUTPUT_VALUE 27 [get_hw_probes rec_source_inst/CNTVALUEIN_syn2 -of_objects [get_hw_vios -of_objects [get_hw_devices xc7vx690t_0] -filter {CELL_NAME=~"rec_source_inst/vio_delay_recCalib_inst"}]]
commit_hw_vio [get_hw_probes {rec_source_inst/CNTVALUEIN_syn2} -of_objects [get_hw_vios -of_objects [get_hw_devices xc7vx690t_0] -filter {CELL_NAME=~"rec_source_inst/vio_delay_recCalib_inst"}]]
set_property OUTPUT_VALUE 27 [get_hw_probes rec_source_inst/CNTVALUEIN_syn3 -of_objects [get_hw_vios -of_objects [get_hw_devices xc7vx690t_0] -filter {CELL_NAME=~"rec_source_inst/vio_delay_recCalib_inst"}]]
commit_hw_vio [get_hw_probes {rec_source_inst/CNTVALUEIN_syn3} -of_objects [get_hw_vios -of_objects [get_hw_devices xc7vx690t_0] -filter {CELL_NAME=~"rec_source_inst/vio_delay_recCalib_inst"}]]
run_hw_ila [get_hw_ilas -of_objects [get_hw_devices xc7vx690t_0] -filter {CELL_NAME=~"rec_source_inst/ila_calibsource_inst"}]
INFO: [Labtools 27-1964] The ILA core 'hw_ila_11' trigger was armed at 2024-Mar-14 15:19:59
wait_on_hw_ila [get_hw_ilas -of_objects [get_hw_devices xc7vx690t_0] -filter {CELL_NAME=~"rec_source_inst/ila_calibsource_inst"}]
upload_hw_ila_data [get_hw_ilas -of_objects [get_hw_devices xc7vx690t_0] -filter {CELL_NAME=~"rec_source_inst/ila_calibsource_inst"}]
INFO: [Labtools 27-1966] The ILA core 'hw_ila_11' triggered at 2024-Mar-14 15:20:03
upload_hw_ila_data: Time (s): cpu = 00:00:00 ; elapsed = 00:00:18 . Memory (MB): peak = 1267.613 ; gain = 0.000
write_hw_ila_data -csv_file {E:\wx\2_projects\L payload\vivado files\0311\0caishu\process3_27.csv} hw_ila_data_11
set_property OUTPUT_VALUE 28 [get_hw_probes rec_source_inst/CNTVALUEIN_syn1 -of_objects [get_hw_vios -of_objects [get_hw_devices xc7vx690t_0] -filter {CELL_NAME=~"rec_source_inst/vio_delay_recCalib_inst"}]]
commit_hw_vio [get_hw_probes {rec_source_inst/CNTVALUEIN_syn1} -of_objects [get_hw_vios -of_objects [get_hw_devices xc7vx690t_0] -filter {CELL_NAME=~"rec_source_inst/vio_delay_recCalib_inst"}]]
set_property OUTPUT_VALUE 28 [get_hw_probes rec_source_inst/CNTVALUEIN_syn2 -of_objects [get_hw_vios -of_objects [get_hw_devices xc7vx690t_0] -filter {CELL_NAME=~"rec_source_inst/vio_delay_recCalib_inst"}]]
commit_hw_vio [get_hw_probes {rec_source_inst/CNTVALUEIN_syn2} -of_objects [get_hw_vios -of_objects [get_hw_devices xc7vx690t_0] -filter {CELL_NAME=~"rec_source_inst/vio_delay_recCalib_inst"}]]
set_property OUTPUT_VALUE 28 [get_hw_probes rec_source_inst/CNTVALUEIN_syn3 -of_objects [get_hw_vios -of_objects [get_hw_devices xc7vx690t_0] -filter {CELL_NAME=~"rec_source_inst/vio_delay_recCalib_inst"}]]
commit_hw_vio [get_hw_probes {rec_source_inst/CNTVALUEIN_syn3} -of_objects [get_hw_vios -of_objects [get_hw_devices xc7vx690t_0] -filter {CELL_NAME=~"rec_source_inst/vio_delay_recCalib_inst"}]]
run_hw_ila [get_hw_ilas -of_objects [get_hw_devices xc7vx690t_0] -filter {CELL_NAME=~"rec_source_inst/ila_calibsource_inst"}]
INFO: [Labtools 27-1964] The ILA core 'hw_ila_11' trigger was armed at 2024-Mar-14 15:20:32
wait_on_hw_ila [get_hw_ilas -of_objects [get_hw_devices xc7vx690t_0] -filter {CELL_NAME=~"rec_source_inst/ila_calibsource_inst"}]
upload_hw_ila_data [get_hw_ilas -of_objects [get_hw_devices xc7vx690t_0] -filter {CELL_NAME=~"rec_source_inst/ila_calibsource_inst"}]
INFO: [Labtools 27-1966] The ILA core 'hw_ila_11' triggered at 2024-Mar-14 15:20:35
upload_hw_ila_data: Time (s): cpu = 00:00:00 ; elapsed = 00:00:14 . Memory (MB): peak = 1267.613 ; gain = 0.000
write_hw_ila_data -csv_file {E:\wx\2_projects\L payload\vivado files\0311\0caishu\process3_28.csv} hw_ila_data_11
set_property OUTPUT_VALUE 29 [get_hw_probes rec_source_inst/CNTVALUEIN_syn1 -of_objects [get_hw_vios -of_objects [get_hw_devices xc7vx690t_0] -filter {CELL_NAME=~"rec_source_inst/vio_delay_recCalib_inst"}]]
commit_hw_vio [get_hw_probes {rec_source_inst/CNTVALUEIN_syn1} -of_objects [get_hw_vios -of_objects [get_hw_devices xc7vx690t_0] -filter {CELL_NAME=~"rec_source_inst/vio_delay_recCalib_inst"}]]
set_property OUTPUT_VALUE 29 [get_hw_probes rec_source_inst/CNTVALUEIN_syn2 -of_objects [get_hw_vios -of_objects [get_hw_devices xc7vx690t_0] -filter {CELL_NAME=~"rec_source_inst/vio_delay_recCalib_inst"}]]
commit_hw_vio [get_hw_probes {rec_source_inst/CNTVALUEIN_syn2} -of_objects [get_hw_vios -of_objects [get_hw_devices xc7vx690t_0] -filter {CELL_NAME=~"rec_source_inst/vio_delay_recCalib_inst"}]]
set_property OUTPUT_VALUE 29 [get_hw_probes rec_source_inst/CNTVALUEIN_syn3 -of_objects [get_hw_vios -of_objects [get_hw_devices xc7vx690t_0] -filter {CELL_NAME=~"rec_source_inst/vio_delay_recCalib_inst"}]]
commit_hw_vio [get_hw_probes {rec_source_inst/CNTVALUEIN_syn3} -of_objects [get_hw_vios -of_objects [get_hw_devices xc7vx690t_0] -filter {CELL_NAME=~"rec_source_inst/vio_delay_recCalib_inst"}]]
run_hw_ila [get_hw_ilas -of_objects [get_hw_devices xc7vx690t_0] -filter {CELL_NAME=~"rec_source_inst/ila_calibsource_inst"}]
INFO: [Labtools 27-1964] The ILA core 'hw_ila_11' trigger was armed at 2024-Mar-14 15:20:59
wait_on_hw_ila [get_hw_ilas -of_objects [get_hw_devices xc7vx690t_0] -filter {CELL_NAME=~"rec_source_inst/ila_calibsource_inst"}]
upload_hw_ila_data [get_hw_ilas -of_objects [get_hw_devices xc7vx690t_0] -filter {CELL_NAME=~"rec_source_inst/ila_calibsource_inst"}]
INFO: [Labtools 27-1966] The ILA core 'hw_ila_11' triggered at 2024-Mar-14 15:21:02
upload_hw_ila_data: Time (s): cpu = 00:00:00 ; elapsed = 00:00:17 . Memory (MB): peak = 1267.613 ; gain = 0.000
write_hw_ila_data -csv_file {E:\wx\2_projects\L payload\vivado files\0311\0caishu\process3_29.csv} hw_ila_data_11
set_property OUTPUT_VALUE 30 [get_hw_probes rec_source_inst/CNTVALUEIN_syn1 -of_objects [get_hw_vios -of_objects [get_hw_devices xc7vx690t_0] -filter {CELL_NAME=~"rec_source_inst/vio_delay_recCalib_inst"}]]
commit_hw_vio [get_hw_probes {rec_source_inst/CNTVALUEIN_syn1} -of_objects [get_hw_vios -of_objects [get_hw_devices xc7vx690t_0] -filter {CELL_NAME=~"rec_source_inst/vio_delay_recCalib_inst"}]]
set_property OUTPUT_VALUE 30 [get_hw_probes rec_source_inst/CNTVALUEIN_syn2 -of_objects [get_hw_vios -of_objects [get_hw_devices xc7vx690t_0] -filter {CELL_NAME=~"rec_source_inst/vio_delay_recCalib_inst"}]]
commit_hw_vio [get_hw_probes {rec_source_inst/CNTVALUEIN_syn2} -of_objects [get_hw_vios -of_objects [get_hw_devices xc7vx690t_0] -filter {CELL_NAME=~"rec_source_inst/vio_delay_recCalib_inst"}]]
set_property OUTPUT_VALUE 30 [get_hw_probes rec_source_inst/CNTVALUEIN_syn3 -of_objects [get_hw_vios -of_objects [get_hw_devices xc7vx690t_0] -filter {CELL_NAME=~"rec_source_inst/vio_delay_recCalib_inst"}]]
commit_hw_vio [get_hw_probes {rec_source_inst/CNTVALUEIN_syn3} -of_objects [get_hw_vios -of_objects [get_hw_devices xc7vx690t_0] -filter {CELL_NAME=~"rec_source_inst/vio_delay_recCalib_inst"}]]
run_hw_ila [get_hw_ilas -of_objects [get_hw_devices xc7vx690t_0] -filter {CELL_NAME=~"rec_source_inst/ila_calibsource_inst"}]
INFO: [Labtools 27-1964] The ILA core 'hw_ila_11' trigger was armed at 2024-Mar-14 15:21:31
wait_on_hw_ila [get_hw_ilas -of_objects [get_hw_devices xc7vx690t_0] -filter {CELL_NAME=~"rec_source_inst/ila_calibsource_inst"}]
upload_hw_ila_data [get_hw_ilas -of_objects [get_hw_devices xc7vx690t_0] -filter {CELL_NAME=~"rec_source_inst/ila_calibsource_inst"}]
INFO: [Labtools 27-1966] The ILA core 'hw_ila_11' triggered at 2024-Mar-14 15:21:35
upload_hw_ila_data: Time (s): cpu = 00:00:00 ; elapsed = 00:00:14 . Memory (MB): peak = 1267.613 ; gain = 0.000
write_hw_ila_data -csv_file {E:\wx\2_projects\L payload\vivado files\0311\0caishu\process3_30.csv} hw_ila_data_11
set_property OUTPUT_VALUE 31 [get_hw_probes rec_source_inst/CNTVALUEIN_syn1 -of_objects [get_hw_vios -of_objects [get_hw_devices xc7vx690t_0] -filter {CELL_NAME=~"rec_source_inst/vio_delay_recCalib_inst"}]]
commit_hw_vio [get_hw_probes {rec_source_inst/CNTVALUEIN_syn1} -of_objects [get_hw_vios -of_objects [get_hw_devices xc7vx690t_0] -filter {CELL_NAME=~"rec_source_inst/vio_delay_recCalib_inst"}]]
set_property OUTPUT_VALUE 31 [get_hw_probes rec_source_inst/CNTVALUEIN_syn2 -of_objects [get_hw_vios -of_objects [get_hw_devices xc7vx690t_0] -filter {CELL_NAME=~"rec_source_inst/vio_delay_recCalib_inst"}]]
commit_hw_vio [get_hw_probes {rec_source_inst/CNTVALUEIN_syn2} -of_objects [get_hw_vios -of_objects [get_hw_devices xc7vx690t_0] -filter {CELL_NAME=~"rec_source_inst/vio_delay_recCalib_inst"}]]
set_property OUTPUT_VALUE 31 [get_hw_probes rec_source_inst/CNTVALUEIN_syn3 -of_objects [get_hw_vios -of_objects [get_hw_devices xc7vx690t_0] -filter {CELL_NAME=~"rec_source_inst/vio_delay_recCalib_inst"}]]
commit_hw_vio [get_hw_probes {rec_source_inst/CNTVALUEIN_syn3} -of_objects [get_hw_vios -of_objects [get_hw_devices xc7vx690t_0] -filter {CELL_NAME=~"rec_source_inst/vio_delay_recCalib_inst"}]]
run_hw_ila [get_hw_ilas -of_objects [get_hw_devices xc7vx690t_0] -filter {CELL_NAME=~"rec_source_inst/ila_calibsource_inst"}]
INFO: [Labtools 27-1964] The ILA core 'hw_ila_11' trigger was armed at 2024-Mar-14 15:22:00
wait_on_hw_ila [get_hw_ilas -of_objects [get_hw_devices xc7vx690t_0] -filter {CELL_NAME=~"rec_source_inst/ila_calibsource_inst"}]
upload_hw_ila_data [get_hw_ilas -of_objects [get_hw_devices xc7vx690t_0] -filter {CELL_NAME=~"rec_source_inst/ila_calibsource_inst"}]
INFO: [Labtools 27-1966] The ILA core 'hw_ila_11' triggered at 2024-Mar-14 15:22:04
upload_hw_ila_data: Time (s): cpu = 00:00:00 ; elapsed = 00:00:14 . Memory (MB): peak = 1267.613 ; gain = 0.000
write_hw_ila_data -csv_file {E:\wx\2_projects\L payload\vivado files\0311\0caishu\process3_31.csv} hw_ila_data_11
INFO: [Common 17-206] Exiting Vivado at Thu Mar 14 15:24:30 2024...
