#-----------------------------------------------------------
# Vivado v2018.3.1 (64-bit)
# SW Build 2489853 on Tue Mar 26 04:20:25 MDT 2019
# IP Build 2486929 on Tue Mar 26 06:44:21 MDT 2019
# Start of session at: Mon Mar 25 23:54:00 2024
# Process ID: 5656
# Current directory: D:/IDEA_Projects/auto-fx
# Command line: vivado.exe -mode tcl -source D:\vivado_projects\blank.tcl
# Log file: D:/IDEA_Projects/auto-fx/vivado.log
# Journal file: D:/IDEA_Projects/auto-fx\vivado.jou
#-----------------------------------------------------------
source {D:\vivado_projects\blank.tcl}
oopen_hw
connect_hw_server
INFO: [Labtools 27-2285] Connecting to hw_server url TCP:localhost:3121
close_hw_target {localhost:3121/xilinx_tcf/Xilinx/8080658006c001}
INFO: [Labtoolstcl 44-464] Closing hw_target localhost:3121/xilinx_tcf/Xilinx/8080658006c001
INFO: [Labtoolstcl 44-468] Target hw_target localhost:3121/xilinx_tcf/Xilinx/8080658006c001 is already closed
close_hw_target {localhost:3121/xilinx_tcf/Xilinx/80806580073c01}
INFO: [Labtoolstcl 44-464] Closing hw_target localhost:3121/xilinx_tcf/Xilinx/80806580073c01
INFO: [Labtoolstcl 44-468] Target hw_target localhost:3121/xilinx_tcf/Xilinx/80806580073c01 is already closed
open_hw_target {localhost:3121/xilinx_tcf/Xilinx/8080658007c701}
INFO: [Labtoolstcl 44-466] Opening hw_target localhost:3121/xilinx_tcf/Xilinx/8080658007c701
close_hw_target {localhost:3121/xilinx_tcf/Xilinx/8080658006c101}
INFO: [Labtoolstcl 44-464] Closing hw_target localhost:3121/xilinx_tcf/Xilinx/8080658006c101
INFO: [Labtoolstcl 44-468] Target hw_target localhost:3121/xilinx_tcf/Xilinx/8080658006c101 is already closed
current_hw_device [get_hw_devices xc7vx690t_0]
refresh_hw_device -update_hw_probes false [lindex [get_hw_devices xc7vx690t_0] 0]
INFO: [Labtools 27-2302] Device xc7vx690t (JTAG device index = 0) is programmed with a design that has 6 ILA core(s).
INFO: [Labtools 27-2302] Device xc7vx690t (JTAG device index = 0) is programmed with a design that has 18 VIO core(s).
refresh_hw_device: Time (s): cpu = 00:00:05 ; elapsed = 00:00:14 . Memory (MB): peak = 1249.727 ; gain = 996.082
set_property PROBES.FILE {E:/wx/2_projects/L payload/vivado files/0325/AD_impl_pps_r_added/TOP_test2.ltx} [get_hw_devices xc7vx690t_0]
set_property FULL_PROBES.FILE {E:/wx/2_projects/L payload/vivado files/0325/AD_impl_pps_r_added/TOP_test2.ltx} [get_hw_devices xc7vx690t_0]
set_property PROGRAM.FILE {E:/wx/2_projects/L payload/vivado files/0325/AD_impl_pps_r_added/TOP_test2.bit} [get_hw_devices xc7vx690t_0]
refresh_hw_device [lindex [get_hw_devices xc7vx690t_0] 0]
INFO: [Labtools 27-2302] Device xc7vx690t (JTAG device index = 0) is programmed with a design that has 6 ILA core(s).
INFO: [Labtools 27-2302] Device xc7vx690t (JTAG device index = 0) is programmed with a design that has 18 VIO core(s).
INFO: [Labtools 27-1889] Uploading output probe values for VIO core [hw_vio_11]
INFO: [Labtools 27-1889] Uploading output probe values for VIO core [hw_vio_12]
INFO: [Labtools 27-1889] Uploading output probe values for VIO core [hw_vio_13]
INFO: [Labtools 27-1889] Uploading output probe values for VIO core [hw_vio_14]
INFO: [Labtools 27-1889] Uploading output probe values for VIO core [hw_vio_15]
INFO: [Labtools 27-1889] Uploading output probe values for VIO core [hw_vio_16]
INFO: [Labtools 27-1889] Uploading output probe values for VIO core [hw_vio_17]
INFO: [Labtools 27-1889] Uploading output probe values for VIO core [hw_vio_18]
refresh_hw_device: Time (s): cpu = 00:00:01 ; elapsed = 00:00:09 . Memory (MB): peak = 1252.891 ; gain = 3.164
display_hw_ila_data [ get_hw_ila_data hw_ila_data_1 -of_objects [get_hw_ilas -of_objects [get_hw_devices xc7vx690t_0] -filter {CELL_NAME=~"ADandDA_inst/AD_SPI_inst/ila_spi_inst"}]]
display_hw_ila_data [ get_hw_ila_data hw_ila_data_2 -of_objects [get_hw_ilas -of_objects [get_hw_devices xc7vx690t_0] -filter {CELL_NAME=~"ADandDA_inst/DA_SPI_INST/ila_daspi_INST"}]]
display_hw_ila_data [ get_hw_ila_data hw_ila_data_3 -of_objects [get_hw_ilas -of_objects [get_hw_devices xc7vx690t_0] -filter {CELL_NAME=~"ADandDA_inst/ila_addata_inst"}]]
display_hw_ila_data [ get_hw_ila_data hw_ila_data_4 -of_objects [get_hw_ilas -of_objects [get_hw_devices xc7vx690t_0] -filter {CELL_NAME=~"Inst_freq_change_syn/Inst_ila_freq_change_syn"}]]
display_hw_ila_data [ get_hw_ila_data hw_ila_data_5 -of_objects [get_hw_ilas -of_objects [get_hw_devices xc7vx690t_0] -filter {CELL_NAME=~"TCTM_INST/ila_tctm_inst"}]]
display_hw_ila_data [ get_hw_ila_data hw_ila_data_6 -of_objects [get_hw_iset_property OUTPUT_VALUE 0 [get_hw_probes Inst_freq_change_syn/LD -of_objects [get_hw_vios -of_objects [get_hw_devices xc7vx690t_0] -filter {CELL_NAME=~"Inst_freq_change_syn/Inst_freq_vio_syn"}]]
commit_hw_vio [get_hw_probes {Inst_freq_change_syn/LD} -of_objects [get_hw_vios -of_objects [get_hw_devices xc7vcommit_hw_vio [get_hw_probes {Inst_freq_change_syn/LD} -of_objects [get_hset_property OUTPUT_VALUE 1 [get_hw_probes Inst_freq_change_syn/LD -of_objects [get_hw_vios -of_objects [get_hw_set_property OUTPUT_VALUE 1 [get_hw_probes Inst_freq_change_syn/LD -of_objects [get_hcommit_hw_vio [get_hw_probes {Inst_freq_change_syn/LD} -of_objects [get_hw_vios -of_objects [get_hw_devices xc7vcommit_hw_vio [get_hw_probes {Inst_freq_change_syn/LD} -of_objects [get_hset_property TRIGGER_COMPARE_VALUE eq1'bR [get_hw_probes Inst_freq_change_syn/IO_syn_iddr -of_objects [get_hw_ilset_property TRIGGER_COMPARE_VALUE eq1'bR [get_hw_probes Inst_freq_change_syn/IO_syn_iddr -of_objects [get_hw_ilas set_property CONTROL.TRIGGER_POSITION 100 [get_hw_ilas -of_objects [get_hw_devices xc7vx690t_0] -filter {CELL_NAset_property CONTROL.TRIGGER_POSITION 100 [get_hw_ilasset_property INPUT_VALUE_RADIX UNSIGNED [get_hw_probes Inst_freq_change_syn/CNTVALUEOUT -of_objects [get_hw_viosset_property INPUT_VALUE_RADIX UNSIGNED [get_hw_probes Inst_freq_change_syn/CNTVALUEOUT -of_objects [get_hset_property OUTPUT_VALUE_RADIX UNSIGNED [get_hw_probes Inst_freq_change_syn/CNTVALUEIN -of_objects [get_hw_viosset_property OUTPUT_VALUE_RADIX UNSIGNED [get_hw_probes Inst_freq_change_syn/CNTVALUEIN -of_objects [get_hset_property OUTPUT_VALUE 0 [get_hw_probes Inst_freq_change_syn/CNTVALUEIN -of_objects [get_hw_vios -of_objects set_property OUTPUT_VALUE 0 [get_hw_probes Inst_freq_change_syn/CNTVALUEIN -of_objects [get_hcommit_hw_vio [get_hw_probes {Inst_freq_change_syn/CNTVALUEIN} -of_objects [get_hw_vios -of_objects [get_hw_devicommit_hw_vio [get_hw_probes {Inst_freq_change_syn/CNTVALUEIN} -of_objects [get_hrun_hw_ila [get_hw_ilas -of_objects [get_hw_devices xc7vx690t_0] -filter {CELL_NAME=~"Inst_freq_change_syn/Inst_run_hw_ila [get_hw_ilasINFO: [Labtools 27-1964] The ILA core 'hw_ila_4' trigger was armed at 2024-Mar-25 23:56:27
wait_on_hw_ila [get_hw_ilas -of_objects [get_hw_devices xc7vx690t_0] -filter {CELL_NAME=~"Inst_freq_change_syn/Iwait_on_hw_ila [get_hw_ilasupload_hw_ila_data [get_hw_ilas -of_objects [get_hw_devices xc7vx690t_0] -filter {CELL_NAME=~"Inst_freq_change_supload_hw_ila_data [get_hw_ilasINFO: [Labtools 27-1966] The ILA core 'hw_ila_4' triggered at 2024-Mar-25 23:56:29
write_hw_ila_data -csv_file {E:\wx\2_projects\caishu\AD\process0_0#0.csv} hw_ila_data_4
run_hw_ila [get_hw_ilas -of_objects [get_hw_devices xc7vx690t_0] -filter {CELL_NAME=~"Inst_freq_change_syn/Inst_run_hw_ila [get_hw_ilasINFO: [Labtools 27-1964] The ILA core 'hw_ila_4' trigger was armed at 2024-Mar-25 23:56:38
wait_on_hw_ila [get_hw_ilas -of_objects [get_hw_devices xc7vx690t_0] -filter {CELL_NAME=~"Inst_freq_change_syn/Inst_ila_freq_change_syn"}]
upload_hw_ila_data [get_hw_ilas -of_objects [get_hw_devices xc7vx690t_0] -filter {CELL_NAME=~"Inst_freq_change_syn/Inst_ila_freq_change_syn"}]
INFO: [Labtools 27-1966] The ILA core 'hw_ila_4' triggered at 2024-Mar-25 23:56:41
write_hw_ila_data -csv_file {E:\wx\2_projects\caishu\AD\process0_0#1.csv} hw_ila_data_4
run_hw_ila [get_hw_ilas -of_objects [get_hw_devices xc7vx690t_0] -filter {CELL_NAME=~"Inst_freq_change_syn/Inst_run_hw_ila [get_hw_ilasINFO: [Labtools 27-1964] The ILA core 'hw_ila_4' trigger was armed at 2024-Mar-25 23:56:49
wait_on_hw_ila [get_hw_ilas -of_objects [get_hw_devices xc7vx690t_0] -filter {CELL_NAME=~"Inst_freq_change_syn/Iwait_on_hw_ila [get_hw_ilasupload_hw_ila_data [get_hw_ilas -of_objects [get_hw_devices xc7vx690t_0] -filter {CELL_NAME=~"Inst_freq_change_supload_hw_ila_data [get_hw_ilasINFO: [Labtools 27-1966] The ILA core 'hw_ila_4' triggered at 2024-Mar-25 23:56:52
write_hw_ila_data -csv_file {E:\wx\2_projects\caishu\AD\process0_0#2.csv} hw_ila_data_4
set_property OUTPUT_VALUE 1 [get_hw_probes Inst_freq_change_syn/CNTVALUEIN -of_objects [get_hw_vios -of_objects set_property OUTPUT_VALUE 1 [get_hw_probes Inst_freq_change_syn/CNTVALUEIN -of_objects [get_hcommit_hw_vio [get_hw_probes {Inst_freq_change_syn/CNTVALUEIN} -of_objects [get_hw_vios -of_objects [get_hw_devicommit_hw_vio [get_hw_probes {Inst_freq_change_syn/CNTVALUEIN} -of_objects [get_hrun_hw_ila [get_hw_ilas -of_objects [get_hw_devices xc7vx690t_0] -filter {CELL_NAME=~"Inst_freq_change_syn/Inst_run_hw_ila [get_hw_ilasINFO: [Labtools 27-1964] The ILA core 'hw_ila_4' trigger was armed at 2024-Mar-25 23:57:05
wait_on_hw_ila [get_hw_ilas -of_objects [get_hw_devices xc7vx690t_0] -filter {CELL_NAME=~"Inst_freq_change_syn/Iwait_on_hw_ila [get_hw_ilasupload_hw_ila_data [get_hw_ilas -of_objects [get_hw_devices xc7vx690t_0] -filter {CELL_NAME=~"Inst_freq_change_supload_hw_ila_data [get_hw_ilasINFO: [Labtools 27-1966] The ILA core 'hw_ila_4' triggered at 2024-Mar-25 23:57:09
write_hw_ila_data -csv_file {E:\wx\2_projects\caishu\AD\process0_1#0.csv} hw_ila_data_4
run_hw_ila [get_hw_ilas -of_objects [get_hw_devices xc7vx690t_0] -filter {CELL_NAME=~"Inst_freq_change_syn/Inst_run_hw_ila [get_hw_ilasINFO: [Labtools 27-1964] The ILA core 'hw_ila_4' trigger was armed at 2024-Mar-25 23:57:16
wait_on_hw_ila [get_hw_ilas -of_objects [get_hw_devices xc7vx690t_0] -filter {CELL_NAME=~"Inst_freq_change_syn/Iwait_on_hw_ila [get_hw_ilasupload_hw_ila_data [get_hw_ilas -of_objects [get_hw_devices xc7vx690t_0] -filter {CELL_NAME=~"Inst_freq_change_syn/Inst_ila_freq_change_syn"}]
INFO: [Labtools 27-1966] The ILA core 'hw_ila_4' triggered at 2024-Mar-25 23:57:19
write_hw_ila_data -csv_file {E:\wx\2_projects\caishu\AD\process0_1#1.csv} hw_ila_data_4
run_hw_ila [get_hw_ilas -of_objects [get_hw_devices xc7vx690t_0] -filter {CELL_NAME=~"Inst_freq_change_syn/Inst_run_hw_ila [get_hw_ilasINFO: [Labtools 27-1964] The ILA core 'hw_ila_4' trigger was armed at 2024-Mar-25 23:57:27
INFO: [Common 17-206] Exiting Vivado at Mon Mar 25 23:57:32 2024...
' trigger was armed at 2024-Mar-25 23:57:28
INFO: [Common 17-206] Exiting Vivado at Mon Mar 25 23:57:32 2024...
filter {CELL_NAME=~"Inst_freq_change_flag"}]]
commit_hw_vio [get_hw_probes {rec_freq_change_flag} -of_objects [get_hw_vios -of_objects [get_hw_devices xc7vx690t_0] -filter {CELL_NAME=~"Inst_freq_change_flag"}]]
run_hw_ila [get_hw_ilas -of_objects [get_hw_devices xc7vx690t_0] -filter {CELL_NAME=~"Inst_rec_freq_change_syn/Inst_ila_rec_freq_change_syn"}]
INFO: [Labtools 27-1964] The ILA core 'hw_ila_2' trigger was armed at 2024-Mar-25 23:56:49
set_property OUTPUT_VALUE 1 [get_hw_probes rec_freq_change_flag -of_objects [get_hw_vios -of_objects [get_hw_devices xc7vx690t_0] -filter {CELL_NAME=~"Inst_freq_change_flag"}]]
commit_hw_vio [get_hw_probes {rec_freq_change_flag} -of_objects [get_hw_vios -of_objects [get_hw_devices xc7vx690t_0] -filter {CELL_NAME=~"Inst_freq_change_flag"}]]
wait_on_hw_ila [get_hw_ilas -of_objects [get_hw_devices xc7vx690t_0] -filter {CELL_NAME=~"Inst_rec_freq_change_syn/Inst_ila_rec_freq_change_syn"}]
upload_hw_ila_data [get_hw_ilas -of_objects [get_hw_devices xc7vx690t_0] -filter {CELL_NAME=~"Inst_rec_freq_change_syn/Inst_ila_rec_freq_change_syn"}]
INFO: [Labtools 27-1966] The ILA core 'hw_ila_2' triggered at 2024-Mar-25 23:56:52
write_hw_ila_data -csv_file {E:\wx\2_projects\caishu\AD\process3_0#2.csv} hw_ila_data_2
set_property OUTPUT_VALUE 0 [get_hw_probes rec_freq_change_flag -of_objects [get_hw_vios -of_objects [get_hw_devices xc7vx690t_0] -filter {CELL_NAME=~"Inst_freq_change_flag"}]]
commit_hw_vio [get_hw_probes {rec_freq_change_flag} -of_objects [get_hw_vios -of_objects [get_hw_devices xc7vx690t_0] -filter {CELL_NAME=~"Inst_freq_change_flag"}]]
set_property OUTPUT_VALUE 0 [get_hw_probes rec_freq_change_flag -of_objects [get_hw_vios -of_objects [get_hw_devices xc7vx690t_0] -filter {CELL_NAME=~"Inst_freq_change_flag"}]]
commit_hw_vio [get_hw_probes {rec_freq_change_flag} -of_objects [get_hw_vios -of_objects [get_hw_devices xc7vx690t_0] -filter {CELL_NAME=~"Inst_freq_change_flag"}]]
run_hw_ila [get_hw_ilas -of_objects [get_hw_devices xc7vx690t_0] -filter {CELL_NAME=~"Inst_rec_freq_change_syn/Inst_ila_rec_freq_change_syn"}]
INFO: [Labtools 27-1964] The ILA core 'hw_ila_2' trigger was armed at 2024-Mar-25 23:57:05
set_property OUTPUT_VALUE 1 [get_hw_probes rec_freq_change_flag -of_objects [get_hw_vios -of_objects [get_hw_devices xc7vx690t_0] -filter {CELL_NAME=~"Inst_freq_change_flag"}]]
commit_hw_vio [get_hw_probes {rec_freq_change_flag} -of_objects [get_hw_vios -of_objects [get_hw_devices xc7vx690t_0] -filter {CELL_NAME=~"Inst_freq_change_flag"}]]
wait_on_hw_ila [get_hw_ilas -of_objects [get_hw_devices xc7vx690t_0] -filter {CELL_NAME=~"Inst_rec_freq_change_syn/Inst_ila_rec_freq_change_syn"}]
upload_hw_ila_data [get_hw_ilas -of_objects [get_hw_devices xc7vx690t_0] -filter {CELL_NAME=~"Inst_rec_freq_change_syn/Inst_ila_rec_freq_change_syn"}]
INFO: [Labtools 27-1966] The ILA core 'hw_ila_2' triggered at 2024-Mar-25 23:57:08
write_hw_ila_data -csv_file {E:\wx\2_projects\caishu\AD\process3_1#0.csv} hw_ila_data_2
set_property OUTPUT_VALUE 0 [get_hw_probes rec_freq_change_flag -of_objects [get_hw_vios -of_objects [get_hw_devices xc7vx690t_0] -filter {CELL_NAME=~"Inst_freq_change_flag"}]]
commit_hw_vio [get_hw_probes {rec_freq_change_flag} -of_objects [get_hw_vios -of_objects [get_hw_devices xc7vx690t_0] -filter {CELL_NAME=~"Inst_freq_change_flag"}]]
run_hw_ila [get_hw_ilas -of_objects [get_hw_devices xc7vx690t_0] -filter {CELL_NAME=~"Inst_rec_freq_change_syn/Inst_ila_rec_freq_change_syn"}]
INFO: [Labtools 27-1964] The ILA core 'hw_ila_2' trigger was armed at 2024-Mar-25 23:57:16
set_property OUTPUT_VALUE 1 [get_hw_probes rec_freq_change_flag -of_objects [get_hw_vios -of_objects [get_hw_devices xc7vx690t_0] -filter {CELL_NAME=~"Inst_freq_change_flag"}]]
commit_hw_vio [get_hw_probes {rec_freq_change_flag} -of_objects [get_hw_vios -of_objects [get_hw_devices xc7vx690t_0] -filter {CELL_NAME=~"Inst_freq_change_flag"}]]
wait_on_hw_ila [get_hw_ilas -of_objects [get_hw_devices xc7vx690t_0] -filter {CELL_NAME=~"Inst_rec_freq_change_syn/Inst_ila_rec_freq_change_syn"}]
upload_hw_ila_data [get_hw_ilas -of_objects [get_hw_devices xc7vx690t_0] -filter {CELL_NAME=~"Inst_rec_freq_change_syn/Inst_ila_rec_freq_change_syn"}]
INFO: [Labtools 27-1966] The ILA core 'hw_ila_2' triggered at 2024-Mar-25 23:57:19
write_hw_ila_data -csv_file {E:\wx\2_projects\caishu\AD\process3_1#1.csv} hw_ila_data_2
set_property OUTPUT_VALUE 0 [get_hw_probes rec_freq_change_flag -of_objects [get_hw_vios -of_objects [get_hw_devices xc7vx690t_0] -filter {CELL_NAME=~"Inst_freq_change_flag"}]]
commit_hw_vio [get_hw_probes {rec_freq_change_flag} -of_objects [get_hw_vios -of_objects [get_hw_devices xc7vx690t_0] -filter {CELL_NAME=~"Inst_freq_change_flag"}]]
run_hw_ila [get_hw_ilas -of_objects [get_hw_devices xc7vx690t_0] -filter {CELL_NAME=~"Inst_rec_freq_change_syn/Inst_ila_rec_freq_change_syn"}]
INFO: [Labtools 27-1964] The ILA core 'hw_ila_2' trigger was armed at 2024-Mar-25 23:57:27
set_property OUTPUT_VALUE 1 [get_hw_probes rec_freq_change_flag -of_objects [get_hw_vios -of_objects [get_hw_devices xc7vx690t_0] -filter {CELL_NAME=~"Inst_freq_change_flag"}]]
commit_hw_vio [get_hw_probes {rec_freq_change_flag} -of_objects [get_hw_vios -of_objects [get_hw_devices xc7vx690t_0] -filter {CELL_NAME=~"Inst_freq_change_flag"}]]
INFO: [Common 17-206] Exiting Vivado at Mon Mar 25 23:57:32 2024...
