#-----------------------------------------------------------
# Vivado v2018.3.1 (64-bit)
# SW Build 2489853 on Tue Mar 26 04:20:25 MDT 2019
# IP Build 2486929 on Tue Mar 26 06:44:21 MDT 2019
# Start of session at: Thu Mar 14 13:45:31 2024
# Process ID: 18044
# Current directory: D:/IDEA_Projects/auto-fx
# Command line: vivado.exe -mode tcl -source D:\vivado_projects\blank.tcl
# Log file: D:/IDEA_Projects/auto-fx/vivado.log
# Journal file: D:/IDEA_Projects/auto-fx\vivado.jou
#-----------------------------------------------------------
source {D:\vivado_projects\blank.tcl}
open_hw
connect_hw_server
INFO: [Labtools 27-2285] Connecting to hw_server url TCP:localhost:3121
close_hw_target {localhost:3121/xilinx_tcf/Xilinx/8080658006c001}
INFO: [Labtoolstcl 44-464] Closing hw_target localhost:3121/xilinx_tcf/Xilinx/8080658006c001
INFO: [Labtoolstcl 44-468] Target hw_target localhost:3121/xilinx_tcf/Xilinx/8080658006c001 is already closed
close_hw_target {localhost:3121/xilinx_tcf/Xilinx/80806580073c01}
INFO: [Labtoolstcl 44-464] Closing hw_target localhost:3121/xilinx_tcf/Xilinx/80806580073c01
INFO: [Labtoolstcl 44-468] Target hw_target localhost:3121/xilinx_tcf/Xilinx/80806580073c01 is already closed
open_hw_target {localhost:3121/xilinx_tcf/Xilinx/8080658007c701}
INFO: [Labtoolstcl 44-466] Opening hw_target localhost:3121/xilinx_tcf/Xilinx/8080658007c701
current_hw_device [get_hw_devices xc7vx690t_0]
refresh_hw_device -update_hw_probes false [lindex [get_hw_devices xc7vx690t_0] 0]
INFO: [Labtools 27-2302] Device xc7vx690t (JTAG device index = 0) is programmed with a design that has 5 ILA core(s).
refresh_hw_device: Time (s): cpu = 00:00:04 ; elapsed = 00:00:08 . Memory (MB): peak = 1250.633 ; gain = 998.648
set_property PROBES.FILE {E:/wx/2_projects/L payload/vivado files/0311/AD_impl_testDA_ila/TOP_test2.ltx} [get_hw_devices xc7vx690t_0]
set_property FULL_PROBES.FILE {E:/wx/2_projects/L payload/vivado files/0311/AD_impl_testDA_ila/TOP_test2.ltx} [get_hw_devices xc7vx690t_0]
set_property PROGRAM.FILE {E:/wx/2_projects/L payload/vivado files/0311/AD_impl_testDA_ila/TOP_test2.bit} [get_hw_devices xc7vx690t_0]
program_hw_devices [get_hw_devices xc7vx690t_0]
INFO: [Labtools 27-3164] End of startup status: HIGH
program_hw_devices: Time (s): cpu = 00:00:48 ; elapsed = 00:00:49 . Memory (MB): peak = 1251.289 ; gain = 0.656
refresh_hw_device [lindex [get_hw_devices xc7vx690t_0] 0]
INFO: [Labtools 27-2302] Device xc7vx690t (JTAG device index = 0) is programmed with a design that has 6 ILA core(s).
INFO: [Labtools 27-2302] Device xc7vx690t (JTAG device index = 0) is programmed with a design that has 18 VIO core(s).
INFO: [Labtools 27-1889] Uploading output probe values for VIO core [hw_vio_11]
INFO: [Labtools 27-1889] Uploading output probe values for VIO core [hw_vio_12]
INFO: [Labtools 27-1889] Uploading output probe values for VIO core [hw_vio_13]
INFO: [Labtools 27-1889] Uploading output probe values for VIO core [hw_vio_14]
INFO: [Labtools 27-1889] Uploading output probe values for VIO core [hw_vio_15]
INFO: [Labtools 27-1889] Uploading output probe values for VIO core [hw_vio_16]
INFO: [Labtools 27-1889] Uploading output probe values for VIO core [hw_vio_17]
INFO: [Labtools 27-1889] Uploading output probe values for VIO core [hw_vio_18]
refresh_hw_device: Time (s): cpu = 00:00:01 ; elapsed = 00:00:07 . Memory (MB): peak = 1255.215 ; gain = 3.926
display_hw_ila_data [ get_hw_ila_data hw_ila_data_1 -of_objects [get_hw_ilas -of_objects [get_hw_devices xc7vx690t_0] -filter {CELL_NAME=~"ADandDA_inst/AD_SPI_inst/ila_spi_inst"}]]
display_hw_ila_data [ get_hw_ila_data hw_ila_data_2 -of_objects [get_hw_ilas -of_objects [get_hw_devices xc7vx690t_0] -filter {CELL_NAME=~"ADandDA_inst/DA_SPI_INST/ila_daspi_INST"}]]
display_hw_ila_data [ get_hw_ila_data hw_ila_data_3 -of_objects [get_hw_ilas -of_objects [get_hw_devices xc7vx690t_0] -filter {CELL_NAME=~"ADandDA_inst/ila_addata_inst"}]]
display_hw_ila_data [ get_hw_ila_data hw_ila_data_4 -of_objects [get_hw_ilas -of_objects [get_hw_devices xc7vx690t_0] -filter {CELL_NAME=~"Inst_freq_change_syn/Inst_ila_freq_change_syn"}]]
display_hw_ila_data [ get_hw_ila_data hw_ila_data_5 -of_objects [get_hw_ilas -of_objects [get_hw_devices xc7vx690t_0] -filter {CELL_NAME=~"TCTM_INST/ila_tctm_inst"}]]
display_hw_ila_data [ get_hw_ila_data hw_ila_data_6 -of_objects [get_hw_ilas -of_objects [get_hw_devices xc7vx690t_0] -filter {CELL_NAME=~"rec_Calib_inst/ila_rec_calib_syntest_inst"}]]
set_property OUTPUT_VALUE_RADIX UNSIGNED [get_hw_probes ADandDA_inst/damodeset -of_objects [get_hw_vios -of_objects [get_hw_devices xc7vx690t_0] -filter {CELL_NAME=~"ADandDA_inst/vio_damodeset_inst"}]]
set_property OUTPUT_VALUE 41 [get_hw_probes ADandDA_inst/damodeset -of_objects [get_hw_vios -of_objects [get_hw_devices xc7vx690t_0] -filter {CELL_NAME=~"ADandDA_inst/vio_damodeset_inst"}]]
commit_hw_vio [get_hw_probes {ADandDA_inst/damodeset} -of_objects [get_hw_vios -of_objects [get_hw_devices xc7vx690t_0] -filter {CELL_NAME=~"ADandDA_inst/vio_damodeset_inst"}]]
set_property OUTPUT_VALUE_RADIX UNSIGNED [get_hw_probes CNTVALUEIN -of_objects [get_hw_vios -of_objects [get_hw_devices xc7vx690t_0] -filter {CELL_NAME=~"vio_pps_inst"}]]
set_property INPUT_VALUE_RADIX UNSIGNED [get_hw_probes CNTVALUEOUT -of_objects [get_hw_vios -of_objects [get_hw_devices xc7vx690t_0] -filter {CELL_NAME=~"vio_pps_inst"}]]
set_property OUTPUT_VALUE_RADIX UNSIGNED [get_hw_probes LD -of_objects [get_hw_vios -of_objects [get_hw_devices xc7vx690t_0] -filter {CELL_NAME=~"vio_pps_inst"}]]
set_property OUTPUT_VALUE 0 [get_hw_probes LD -of_objects [get_hw_vios -of_objects [get_hw_devices xc7vx690t_0] -filter {CELL_NAME=~"vio_pps_inst"}]]
commit_hw_vio [get_hw_probes {LD} -of_objects [get_hw_vios -of_objects [get_hw_devices xc7vx690t_0] -filter {CELL_NAME=~"vio_pps_inst"}]]
set_property OUTPUT_VALUE 1 [get_hw_probes LD -of_objects [get_hw_vios -of_objects [get_hw_devices xc7vx690t_0] -filter {CELL_NAME=~"vio_pps_inst"}]]
commit_hw_vio [get_hw_probes {LD} -of_objects [get_hw_vios -of_objects [get_hw_devices xc7vx690t_0] -filter {CELL_NAME=~"vio_pps_inst"}]]
set_property OUTPUT_VALUE 10 [get_hw_probes CNTVALUEIN -of_objects [get_hw_vios -of_objects [get_hw_devices xc7vx690t_0] -filter {CELL_NAME=~"vio_pps_inst"}]]
commit_hw_vio [get_hw_probes {CNTVALUEIN} -of_objects [get_hw_vios -of_objects [get_hw_devices xc7vx690t_0] -filter {CELL_NAME=~"vio_pps_inst"}]]
set_property OUTPUT_VALUE 10 [get_hw_probes CNTVALUEIN -of_objects [get_hw_vios -of_objects [get_hw_devices xc7vx690t_0] -filter {CELL_NAME=~"vio_pps_inst"}]]
commit_hw_vio [get_hw_probes {CNTVALUEIN} -of_objects [get_hw_vios -of_objects [get_hw_devices xc7vx690t_0] -filter {CELL_NAME=~"vio_pps_inst"}]]
set_property OUTPUT_VALUE 10 [get_hw_probes CNTVALUEIN -of_objects [get_hw_vios -of_objects [get_hw_devices xc7vx690t_0] -filter {CELL_NAME=~"vio_pps_inst"}]]
commit_hw_vio [get_hw_probes {CNTVALUEIN} -of_objects [get_hw_vios -of_objects [get_hw_devices xc7vx690t_0] -filter {CELL_NAME=~"vio_pps_inst"}]]
set_property OUTPUT_VALUE 10 [get_hw_probes CNTVALUEIN -of_objects [get_hw_vios -of_objects [get_hw_devices xc7vx690t_0] -filter {CELL_NAME=~"vio_pps_inst"}]]
commit_hw_vio [get_hw_probes {CNTVALUEIN} -of_objects [get_hw_vios -of_objects [get_hw_devices xc7vx690t_0] -filter {CELL_NAME=~"vio_pps_inst"}]]
set_property OUTPUT_VALUE 10 [get_hw_probes CNTVALUEIN -of_objects [get_hw_vios -of_objects [get_hw_devices xc7vx690t_0] -filter {CELL_NAME=~"vio_pps_inst"}]]
commit_hw_vio [get_hw_probes {CNTVALUEIN} -of_objects [get_hw_vios -of_objects [get_hw_devices xc7vx690t_0] -filter {CELL_NAME=~"vio_pps_inst"}]]
set_property OUTPUT_VALUE 10 [get_hw_probes CNTVALUEIN -of_objects [get_hw_vios -of_objects [get_hw_devices xc7vx690t_0] -filter {CELL_NAME=~"vio_pps_inst"}]]
commit_hw_vio [get_hw_probes {CNTVALUEIN} -of_objects [get_hw_vios -of_objects [get_hw_devices xc7vx690t_0] -filter {CELL_NAME=~"vio_pps_inst"}]]
set_property OUTPUT_VALUE 10 [get_hw_probes CNTVALUEIN -of_objects [get_hw_vios -of_objects [get_hw_devices xc7vx690t_0] -filter {CELL_NAME=~"vio_pps_inst"}]]
commit_hw_vio [get_hw_probes {CNTVALUEIN} -of_objects [get_hw_vios -of_objects [get_hw_devices xc7vx690t_0] -filter {CELL_NAME=~"vio_pps_inst"}]]
set_property OUTPUT_VALUE 10 [get_hw_probes CNTVALUEIN -of_objects [get_hw_vios -of_objects [get_hw_devices xc7vx690t_0] -filter {CELL_NAME=~"vio_pps_inst"}]]
commit_hw_vio [get_hw_probes {CNTVALUEIN} -of_objects [get_hw_vios -of_objects [get_hw_devices xc7vx690t_0] -filter {CELL_NAME=~"vio_pps_inst"}]]
set_property OUTPUT_VALUE 10 [get_hw_probes CNTVALUEIN -of_objects [get_hw_vios -of_objects [get_hw_devices xc7vx690t_0] -filter {CELL_NAME=~"vio_pps_inst"}]]
commit_hw_vio [get_hw_probes {CNTVALUEIN} -of_objects [get_hw_vios -of_objects [get_hw_devices xc7vx690t_0] -filter {CELL_NAME=~"vio_pps_inst"}]]
set_property OUTPUT_VALUE 10 [get_hw_probes CNTVALUEIN -of_objects [get_hw_vios -of_objects [get_hw_devices xc7vx690t_0] -filter {CELL_NAME=~"vio_pps_inst"}]]
commit_hw_vio [get_hw_probes {CNTVALUEIN} -of_objects [get_hw_vios -of_objects [get_hw_devices xc7vx690t_0] -filter {CELL_NAME=~"vio_pps_inst"}]]
set_property OUTPUT_VALUE 10 [get_hw_probes CNTVALUEIN -of_objects [get_hw_vios -of_objects [get_hw_devices xc7vx690t_0] -filter {CELL_NAME=~"vio_pps_inst"}]]
commit_hw_vio [get_hw_probes {CNTVALUEIN} -of_objects [get_hw_vios -of_objects [get_hw_devices xc7vx690t_0] -filter {CELL_NAME=~"vio_pps_inst"}]]
set_property OUTPUT_VALUE 10 [get_hw_probes CNTVALUEIN -of_objects [get_hw_vios -of_objects [get_hw_devices xc7vx690t_0] -filter {CELL_NAME=~"vio_pps_inst"}]]
commit_hw_vio [get_hw_probes {CNTVALUEIN} -of_objects [get_hw_vios -of_objects [get_hw_devices xc7vx690t_0] -filter {CELL_NAME=~"vio_pps_inst"}]]
set_property OUTPUT_VALUE 10 [get_hw_probes CNTVALUEIN -of_objects [get_hw_vios -of_objects [get_hw_devices xc7vx690t_0] -filter {CELL_NAME=~"vio_pps_inst"}]]
commit_hw_vio [get_hw_probes {CNTVALUEIN} -of_objects [get_hw_vios -of_objects [get_hw_devices xc7vx690t_0] -filter {CELL_NAME=~"vio_pps_inst"}]]
set_property OUTPUT_VALUE 10 [get_hw_probes CNTVALUEIN -of_objects [get_hw_vios -of_objects [get_hw_devices xc7vx690t_0] -filter {CELL_NAME=~"vio_pps_inst"}]]
commit_hw_vio [get_hw_probes {CNTVALUEIN} -of_objects [get_hw_vios -of_objects [get_hw_devices xc7vx690t_0] -filter {CELL_NAME=~"vio_pps_inst"}]]
set_property OUTPUT_VALUE 10 [get_hw_probes CNTVALUEIN -of_objects [get_hw_vios -of_objects [get_hw_devices xc7vx690t_0] -filter {CELL_NAME=~"vio_pps_inst"}]]
commit_hw_vio [get_hw_probes {CNTVALUEIN} -of_objects [get_hw_vios -of_objects [get_hw_devices xc7vx690t_0] -filter {CELL_NAME=~"vio_pps_inst"}]]
set_property OUTPUT_VALUE 10 [get_hw_probes CNTVALUEIN -of_objects [get_hw_vios -of_objects [get_hw_devices xc7vx690t_0] -filter {CELL_NAME=~"vio_pps_inst"}]]
commit_hw_vio [get_hw_probes {CNTVALUEIN} -of_objects [get_hw_vios -of_objects [get_hw_devices xc7vx690t_0] -filter {CELL_NAME=~"vio_pps_inst"}]]
set_property OUTPUT_VALUE 10 [get_hw_probes CNTVALUEIN -of_objects [get_hw_vios -of_objects [get_hw_devices xc7vx690t_0] -filter {CELL_NAME=~"vio_pps_inst"}]]
commit_hw_vio [get_hw_probes {CNTVALUEIN} -of_objects [get_hw_vios -of_objects [get_hw_devices xc7vx690t_0] -filter {CELL_NAME=~"vio_pps_inst"}]]
set_property OUTPUT_VALUE 10 [get_hw_probes CNTVALUEIN -of_objects [get_hw_vios -of_objects [get_hw_devices xc7vx690t_0] -filter {CELL_NAME=~"vio_pps_inst"}]]
commit_hw_vio [get_hw_probes {CNTVALUEIN} -of_objects [get_hw_vios -of_objects [get_hw_devices xc7vx690t_0] -filter {CELL_NAME=~"vio_pps_inst"}]]
set_property OUTPUT_VALUE 10 [get_hw_probes CNTVALUEIN -of_objects [get_hw_vios -of_objects [get_hw_devices xc7vx690t_0] -filter {CELL_NAME=~"vio_pps_inst"}]]
commit_hw_vio [get_hw_probes {CNTVALUEIN} -of_objects [get_hw_vios -of_objects [get_hw_devices xc7vx690t_0] -filter {CELL_NAME=~"vio_pps_inst"}]]
set_property OUTPUT_VALUE 10 [get_hw_probes CNTVALUEIN -of_objects [get_hw_vios -of_objects [get_hw_devices xc7vx690t_0] -filter {CELL_NAME=~"vio_pps_inst"}]]
commit_hw_vio [get_hw_probes {CNTVALUEIN} -of_objects [get_hw_vios -of_objects [get_hw_devices xc7vx690t_0] -filter {CELL_NAME=~"vio_pps_inst"}]]
set_property OUTPUT_VALUE 10 [get_hw_probes CNTVALUEIN -of_objects [get_hw_vios -of_objects [get_hw_devices xc7vx690t_0] -filter {CELL_NAME=~"vio_pps_inst"}]]
commit_hw_vio [get_hw_probes {CNTVALUEIN} -of_objects [get_hw_vios -of_objects [get_hw_devices xc7vx690t_0] -filter {CELL_NAME=~"vio_pps_inst"}]]
set_property OUTPUT_VALUE 10 [get_hw_probes CNTVALUEIN -of_objects [get_hw_vios -of_objects [get_hw_devices xc7vx690t_0] -filter {CELL_NAME=~"vio_pps_inst"}]]
commit_hw_vio [get_hw_probes {CNTVALUEIN} -of_objects [get_hw_vios -of_objects [get_hw_devices xc7vx690t_0] -filter {CELL_NAME=~"vio_pps_inst"}]]
set_property OUTPUT_VALUE 10 [get_hw_probes CNTVALUEIN -of_objects [get_hw_vios -of_objects [get_hw_devices xc7vx690t_0] -filter {CELL_NAME=~"vio_pps_inst"}]]
commit_hw_vio [get_hw_probes {CNTVALUEIN} -of_objects [get_hw_vios -of_objects [get_hw_devices xc7vx690t_0] -filter {CELL_NAME=~"vio_pps_inst"}]]
set_property OUTPUT_VALUE 10 [get_hw_probes CNTVALUEIN -of_objects [get_hw_vios -of_objects [get_hw_devices xc7vx690t_0] -filter {CELL_NAME=~"vio_pps_inst"}]]
commit_hw_vio [get_hw_probes {CNTVALUEIN} -of_objects [get_hw_vios -of_objects [get_hw_devices xc7vx690t_0] -filter {CELL_NAME=~"vio_pps_inst"}]]
set_property OUTPUT_VALUE 10 [get_hw_probes CNTVALUEIN -of_objects [get_hw_vios -of_objects [get_hw_devices xc7vx690t_0] -filter {CELL_NAME=~"vio_pps_inst"}]]
commit_hw_vio [get_hw_probes {CNTVALUEIN} -of_objects [get_hw_vios -of_objects [get_hw_devices xc7vx690t_0] -filter {CELL_NAME=~"vio_pps_inst"}]]
set_property OUTPUT_VALUE 10 [get_hw_probes CNTVALUEIN -of_objects [get_hw_vios -of_objects [get_hw_devices xc7vx690t_0] -filter {CELL_NAME=~"vio_pps_inst"}]]
commit_hw_vio [get_hw_probes {CNTVALUEIN} -of_objects [get_hw_vios -of_objects [get_hw_devices xc7vx690t_0] -filter {CELL_NAME=~"vio_pps_inst"}]]
set_property OUTPUT_VALUE 10 [get_hw_probes CNTVALUEIN -of_objects [get_hw_vios -of_objects [get_hw_devices xc7vx690t_0] -filter {CELL_NAME=~"vio_pps_inst"}]]
commit_hw_vio [get_hw_probes {CNTVALUEIN} -of_objects [get_hw_vios -of_objects [get_hw_devices xc7vx690t_0] -filter {CELL_NAME=~"vio_pps_inst"}]]
set_property OUTPUT_VALUE 10 [get_hw_probes CNTVALUEIN -of_objects [get_hw_vios -of_objects [get_hw_devices xc7vx690t_0] -filter {CELL_NAME=~"vio_pps_inst"}]]
commit_hw_vio [get_hw_probes {CNTVALUEIN} -of_objects [get_hw_vios -of_objects [get_hw_devices xc7vx690t_0] -filter {CELL_NAME=~"vio_pps_inst"}]]
set_property OUTPUT_VALUE 10 [get_hw_probes CNTVALUEIN -of_objects [get_hw_vios -of_objects [get_hw_devices xc7vx690t_0] -filter {CELL_NAME=~"vio_pps_inst"}]]
commit_hw_vio [get_hw_probes {CNTVALUEIN} -of_objects [get_hw_vios -of_objects [get_hw_devices xc7vx690t_0] -filter {CELL_NAME=~"vio_pps_inst"}]]
set_property OUTPUT_VALUE 10 [get_hw_probes CNTVALUEIN -of_objects [get_hw_vios -of_objects [get_hw_devices xc7vx690t_0] -filter {CELL_NAME=~"vio_pps_inst"}]]
commit_hw_vio [get_hw_probes {CNTVALUEIN} -of_objects [get_hw_vios -of_objects [get_hw_devices xc7vx690t_0] -filter {CELL_NAME=~"vio_pps_inst"}]]
set_property OUTPUT_VALUE 10 [get_hw_probes CNTVALUEIN -of_objects [get_hw_vios -of_objects [get_hw_devices xc7vx690t_0] -filter {CELL_NAME=~"vio_pps_inst"}]]
commit_hw_vio [get_hw_probes {CNTVALUEIN} -of_objects [get_hw_vios -of_objects [get_hw_devices xc7vx690t_0] -filter {CELL_NAME=~"vio_pps_inst"}]]
set_property OUTPUT_VALUE 10 [get_hw_probes CNTVALUEIN -of_objects [get_hw_vios -of_objects [get_hw_devices xc7vx690t_0] -filter {CELL_NAME=~"vio_pps_inst"}]]
commit_hw_vio [get_hw_probes {CNTVALUEIN} -of_objects [get_hw_vios -of_objects [get_hw_devices xc7vx690t_0] -filter {CELL_NAME=~"vio_pps_inst"}]]
set_property OUTPUT_VALUE 10 [get_hw_probes CNTVALUEIN -of_objects [get_hw_vios -of_objects [get_hw_devices xc7vx690t_0] -filter {CELL_NAME=~"vio_pps_inst"}]]
commit_hw_vio [get_hw_probes {CNTVALUEIN} -of_objects [get_hw_vios -of_objects [get_hw_devices xc7vx690t_0] -filter {CELL_NAME=~"vio_pps_inst"}]]
set_property OUTPUT_VALUE 10 [get_hw_probes CNTVALUEIN -of_objects [get_hw_vios -of_objects [get_hw_devices xc7vx690t_0] -filter {CELL_NAME=~"vio_pps_inst"}]]
commit_hw_vio [get_hw_probes {CNTVALUEIN} -of_objects [get_hw_vios -of_objects [get_hw_devices xc7vx690t_0] -filter {CELL_NAME=~"vio_pps_inst"}]]
set_property OUTPUT_VALUE 10 [get_hw_probes CNTVALUEIN -of_objects [get_hw_vios -of_objects [get_hw_devices xc7vx690t_0] -filter {CELL_NAME=~"vio_pps_inst"}]]
commit_hw_vio [get_hw_probes {CNTVALUEIN} -of_objects [get_hw_vios -of_objects [get_hw_devices xc7vx690t_0] -filter {CELL_NAME=~"vio_pps_inst"}]]
set_property OUTPUT_VALUE 10 [get_hw_probes CNTVALUEIN -of_objects [get_hw_vios -of_objects [get_hw_devices xc7vx690t_0] -filter {CELL_NAME=~"vio_pps_inst"}]]
commit_hw_vio [get_hw_probes {CNTVALUEIN} -of_objects [get_hw_vios -of_objects [get_hw_devices xc7vx690t_0] -filter {CELL_NAME=~"vio_pps_inst"}]]
set_property OUTPUT_VALUE 10 [get_hw_probes CNTVALUEIN -of_objects [get_hw_vios -of_objects [get_hw_devices xc7vx690t_0] -filter {CELL_NAME=~"vio_pps_inst"}]]
commit_hw_vio [get_hw_probes {CNTVALUEIN} -of_objects [get_hw_vios -of_objects [get_hw_devices xc7vx690t_0] -filter {CELL_NAME=~"vio_pps_inst"}]]
set_property OUTPUT_VALUE 10 [get_hw_probes CNTVALUEIN -of_objects [get_hw_vios -of_objects [get_hw_devices xc7vx690t_0] -filter {CELL_NAME=~"vio_pps_inst"}]]
commit_hw_vio [get_hw_probes {CNTVALUEIN} -of_objects [get_hw_vios -of_objects [get_hw_devices xc7vx690t_0] -filter {CELL_NAME=~"vio_pps_inst"}]]
set_property OUTPUT_VALUE 10 [get_hw_probes CNTVALUEIN -of_objects [get_hw_vios -of_objects [get_hw_devices xc7vx690t_0] -filter {CELL_NAME=~"vio_pps_inst"}]]
commit_hw_vio [get_hw_probes {CNTVALUEIN} -of_objects [get_hw_vios -of_objects [get_hw_devices xc7vx690t_0] -filter {CELL_NAME=~"vio_pps_inst"}]]
set_property OUTPUT_VALUE 10 [get_hw_probes CNTVALUEIN -of_objects [get_hw_vios -of_objects [get_hw_devices xc7vx690t_0] -filter {CELL_NAME=~"vio_pps_inst"}]]
commit_hw_vio [get_hw_probes {CNTVALUEIN} -of_objects [get_hw_vios -of_objects [get_hw_devices xc7vx690t_0] -filter {CELL_NAME=~"vio_pps_inst"}]]
set_property OUTPUT_VALUE 10 [get_hw_probes CNTVALUEIN -of_objects [get_hw_vios -of_objects [get_hw_devices xc7vx690t_0] -filter {CELL_NAME=~"vio_pps_inst"}]]
commit_hw_vio [get_hw_probes {CNTVALUEIN} -of_objects [get_hw_vios -of_objects [get_hw_devices xc7vx690t_0] -filter {CELL_NAME=~"vio_pps_inst"}]]
set_property OUTPUT_VALUE 10 [get_hw_probes CNTVALUEIN -of_objects [get_hw_vios -of_objects [get_hw_devices xc7vx690t_0] -filter {CELL_NAME=~"vio_pps_inst"}]]
commit_hw_vio [get_hw_probes {CNTVALUEIN} -of_objects [get_hw_vios -of_objects [get_hw_devices xc7vx690t_0] -filter {CELL_NAME=~"vio_pps_inst"}]]
set_property OUTPUT_VALUE 10 [get_hw_probes CNTVALUEIN -of_objects [get_hw_vios -of_objects [get_hw_devices xc7vx690t_0] -filter {CELL_NAME=~"vio_pps_inst"}]]
commit_hw_vio [get_hw_probes {CNTVALUEIN} -of_objects [get_hw_vios -of_objects [get_hw_devices xc7vx690t_0] -filter {CELL_NAME=~"vio_pps_inst"}]]
set_property OUTPUT_VALUE 10 [get_hw_probes CNTVALUEIN -of_objects [get_hw_vios -of_objects [get_hw_devices xc7vx690t_0] -filter {CELL_NAME=~"vio_pps_inst"}]]
commit_hw_vio [get_hw_probes {CNTVALUEIN} -of_objects [get_hw_vios -of_objects [get_hw_devices xc7vx690t_0] -filter {CELL_NAME=~"vio_pps_inst"}]]
set_property OUTPUT_VALUE 10 [get_hw_probes CNTVALUEIN -of_objects [get_hw_vios -of_objects [get_hw_devices xc7vx690t_0] -filter {CELL_NAME=~"vio_pps_inst"}]]
commit_hw_vio [get_hw_probes {CNTVALUEIN} -of_objects [get_hw_vios -of_objects [get_hw_devices xc7vx690t_0] -filter {CELL_NAME=~"vio_pps_inst"}]]
set_property OUTPUT_VALUE 10 [get_hw_probes CNTVALUEIN -of_objects [get_hw_vios -of_objects [get_hw_devices xc7vx690t_0] -filter {CELL_NAME=~"vio_pps_inst"}]]
commit_hw_vio [get_hw_probes {CNTVALUEIN} -of_objects [get_hw_vios -of_objects [get_hw_devices xc7vx690t_0] -filter {CELL_NAME=~"vio_pps_inst"}]]
set_property OUTPUT_VALUE 10 [get_hw_probes CNTVALUEIN -of_objects [get_hw_vios -of_objects [get_hw_devices xc7vx690t_0] -filter {CELL_NAME=~"vio_pps_inst"}]]
commit_hw_vio [get_hw_probes {CNTVALUEIN} -of_objects [get_hw_vios -of_objects [get_hw_devices xc7vx690t_0] -filter {CELL_NAME=~"vio_pps_inst"}]]
set_property OUTPUT_VALUE 10 [get_hw_probes CNTVALUEIN -of_objects [get_hw_vios -of_objects [get_hw_devices xc7vx690t_0] -filter {CELL_NAME=~"vio_pps_inst"}]]
commit_hw_vio [get_hw_probes {CNTVALUEIN} -of_objects [get_hw_vios -of_objects [get_hw_devices xc7vx690t_0] -filter {CELL_NAME=~"vio_pps_inst"}]]
set_property OUTPUT_VALUE 10 [get_hw_probes CNTVALUEIN -of_objects [get_hw_vios -of_objects [get_hw_devices xc7vx690t_0] -filter {CELL_NAME=~"vio_pps_inst"}]]
commit_hw_vio [get_hw_probes {CNTVALUEIN} -of_objects [get_hw_vios -of_objects [get_hw_devices xc7vx690t_0] -filter {CELL_NAME=~"vio_pps_inst"}]]
set_property OUTPUT_VALUE 10 [get_hw_probes CNTVALUEIN -of_objects [get_hw_vios -of_objects [get_hw_devices xc7vx690t_0] -filter {CELL_NAME=~"vio_pps_inst"}]]
commit_hw_vio [get_hw_probes {CNTVALUEIN} -of_objects [get_hw_vios -of_objects [get_hw_devices xc7vx690t_0] -filter {CELL_NAME=~"vio_pps_inst"}]]
set_property OUTPUT_VALUE 10 [get_hw_probes CNTVALUEIN -of_objects [get_hw_vios -of_objects [get_hw_devices xc7vx690t_0] -filter {CELL_NAME=~"vio_pps_inst"}]]
commit_hw_vio [get_hw_probes {CNTVALUEIN} -of_objects [get_hw_vios -of_objects [get_hw_devices xc7vx690t_0] -filter {CELL_NAME=~"vio_pps_inst"}]]
set_property OUTPUT_VALUE 10 [get_hw_probes CNTVALUEIN -of_objects [get_hw_vios -of_objects [get_hw_devices xc7vx690t_0] -filter {CELL_NAME=~"vio_pps_inst"}]]
commit_hw_vio [get_hw_probes {CNTVALUEIN} -of_objects [get_hw_vios -of_objects [get_hw_devices xc7vx690t_0] -filter {CELL_NAME=~"vio_pps_inst"}]]
set_property OUTPUT_VALUE 10 [get_hw_probes CNTVALUEIN -of_objects [get_hw_vios -of_objects [get_hw_devices xc7vx690t_0] -filter {CELL_NAME=~"vio_pps_inst"}]]
commit_hw_vio [get_hw_probes {CNTVALUEIN} -of_objects [get_hw_vios -of_objects [get_hw_devices xc7vx690t_0] -filter {CELL_NAME=~"vio_pps_inst"}]]
set_property OUTPUT_VALUE 10 [get_hw_probes CNTVALUEIN -of_objects [get_hw_vios -of_objects [get_hw_devices xc7vx690t_0] -filter {CELL_NAME=~"vio_pps_inst"}]]
commit_hw_vio [get_hw_probes {CNTVALUEIN} -of_objects [get_hw_vios -of_objects [get_hw_devices xc7vx690t_0] -filter {CELL_NAME=~"vio_pps_inst"}]]
set_property OUTPUT_VALUE 10 [get_hw_probes CNTVALUEIN -of_objects [get_hw_vios -of_objects [get_hw_devices xc7vx690t_0] -filter {CELL_NAME=~"vio_pps_inst"}]]
commit_hw_vio [get_hw_probes {CNTVALUEIN} -of_objects [get_hw_vios -of_objects [get_hw_devices xc7vx690t_0] -filter {CELL_NAME=~"vio_pps_inst"}]]
set_property OUTPUT_VALUE 10 [get_hw_probes CNTVALUEIN -of_objects [get_hw_vios -of_objects [get_hw_devices xc7vx690t_0] -filter {CELL_NAME=~"vio_pps_inst"}]]
commit_hw_vio [get_hw_probes {CNTVALUEIN} -of_objects [get_hw_vios -of_objects [get_hw_devices xc7vx690t_0] -filter {CELL_NAME=~"vio_pps_inst"}]]
set_property OUTPUT_VALUE 10 [get_hw_probes CNTVALUEIN -of_objects [get_hw_vios -of_objects [get_hw_devices xc7vx690t_0] -filter {CELL_NAME=~"vio_pps_inst"}]]
commit_hw_vio [get_hw_probes {CNTVALUEIN} -of_objects [get_hw_vios -of_objects [get_hw_devices xc7vx690t_0] -filter {CELL_NAME=~"vio_pps_inst"}]]
set_property OUTPUT_VALUE 10 [get_hw_probes CNTVALUEIN -of_objects [get_hw_vios -of_objects [get_hw_devices xc7vx690t_0] -filter {CELL_NAME=~"vio_pps_inst"}]]
commit_hw_vio [get_hw_probes {CNTVALUEIN} -of_objects [get_hw_vios -of_objects [get_hw_devices xc7vx690t_0] -filter {CELL_NAME=~"vio_pps_inst"}]]
set_property OUTPUT_VALUE 10 [get_hw_probes CNTVALUEIN -of_objects [get_hw_vios -of_objects [get_hw_devices xc7vx690t_0] -filter {CELL_NAME=~"vio_pps_inst"}]]
commit_hw_vio [get_hw_probes {CNTVALUEIN} -of_objects [get_hw_vios -of_objects [get_hw_devices xc7vx690t_0] -filter {CELL_NAME=~"vio_pps_inst"}]]
set_property OUTPUT_VALUE 10 [get_hw_probes CNTVALUEIN -of_objects [get_hw_vios -of_objects [get_hw_devices xc7vx690t_0] -filter {CELL_NAME=~"vio_pps_inst"}]]
commit_hw_vio [get_hw_probes {CNTVALUEIN} -of_objects [get_hw_vios -of_objects [get_hw_devices xc7vx690t_0] -filter {CELL_NAME=~"vio_pps_inst"}]]
set_property OUTPUT_VALUE 10 [get_hw_probes CNTVALUEIN -of_objects [get_hw_vios -of_objects [get_hw_devices xc7vx690t_0] -filter {CELL_NAME=~"vio_pps_inst"}]]
commit_hw_vio [get_hw_probes {CNTVALUEIN} -of_objects [get_hw_vios -of_objects [get_hw_devices xc7vx690t_0] -filter {CELL_NAME=~"vio_pps_inst"}]]
set_property OUTPUT_VALUE 10 [get_hw_probes CNTVALUEIN -of_objects [get_hw_vios -of_objects [get_hw_devices xc7vx690t_0] -filter {CELL_NAME=~"vio_pps_inst"}]]
commit_hw_vio [get_hw_probes {CNTVALUEIN} -of_objects [get_hw_vios -of_objects [get_hw_devices xc7vx690t_0] -filter {CELL_NAME=~"vio_pps_inst"}]]
set_property OUTPUT_VALUE 10 [get_hw_probes CNTVALUEIN -of_objects [get_hw_vios -of_objects [get_hw_devices xc7vx690t_0] -filter {CELL_NAME=~"vio_pps_inst"}]]
commit_hw_vio [get_hw_probes {CNTVALUEIN} -of_objects [get_hw_vios -of_objects [get_hw_devices xc7vx690t_0] -filter {CELL_NAME=~"vio_pps_inst"}]]
set_property OUTPUT_VALUE 10 [get_hw_probes CNTVALUEIN -of_objects [get_hw_vios -of_objects [get_hw_devices xc7vx690t_0] -filter {CELL_NAME=~"vio_pps_inst"}]]
commit_hw_vio [get_hw_probes {CNTVALUEIN} -of_objects [get_hw_vios -of_objects [get_hw_devices xc7vx690t_0] -filter {CELL_NAME=~"vio_pps_inst"}]]
set_property OUTPUT_VALUE 64 [get_hw_probes CNTVALUEIN -of_objects [get_hw_vios -of_objects [get_hw_devices xc7vx690t_0] -filter {CELL_NAME=~"vio_pps_inst"}]]
ERROR: [Designutils 20-1475] The hw_probe VIO value [64] overflows the available bit count. The hw_probe supports values up to 5 bits.

commit_hw_vio [get_hw_probes {CNTVALUEIN} -of_objects [get_hw_vios -of_objects [get_hw_devices xc7vx690t_0] -filter {CELL_NAME=~"vio_pps_inst"}]]
set_property OUTPUT_VALUE 65 [get_hw_probes CNTVALUEIN -of_objects [get_hw_vios -of_objects [get_hw_devices xc7vx690t_0] -filter {CELL_NAME=~"vio_pps_inst"}]]
ERROR: [Designutils 20-1475] The hw_probe VIO value [65] overflows the available bit count. The hw_probe supports values up to 5 bits.

commit_hw_vio [get_hw_probes {CNTVALUEIN} -of_objects [get_hw_vios -of_objects [get_hw_devices xc7vx690t_0] -filter {CELL_NAME=~"vio_pps_inst"}]]
set_property OUTPUT_VALUE 66 [get_hw_probes CNTVALUEIN -of_objects [get_hw_vios -of_objects [get_hw_devices xc7vx690t_0] -filter {CELL_NAME=~"vio_pps_inst"}]]
ERROR: [Designutils 20-1475] The hw_probe VIO value [66] overflows the available bit count. The hw_probe supports values up to 5 bits.

commit_hw_vio [get_hw_probes {CNTVALUEIN} -of_objects [get_hw_vios -of_objects [get_hw_devices xc7vx690t_0] -filter {CELL_NAME=~commit_hw_vio [getset_property OUTPUT_VALUE 67 [get_hw_probes CNTVALUEIN -of_objects [get_hw_vios -of_objects [get_hw_devices xc7vx690t_0] -filter {CELL_NAME=~"vio_pps_inst"}]]
ERROR: [Designutils 20-1475] The hw_probe VIO value [67] overflows the available bit count. The hw_probe supports values up to 5commit_hw_vio [get_hw_probes {CNTVALUEIN} -of_objects [get_hw_vios -of_objects [get_hw_devices xc7vx690t_0] -filter {CELL_NAME=~"vio_pps_inst"}]]
set_property OUTPUT_VALUE 10 [get_hw_probes CNTVALUEIN -of_objects [get_hw_vios -of_objects [get_hw_devices xc7vx690t_0] -filter {CELL_NAME=~"vio_pps_inst"}]]
commit_hw_vio [get_hw_probes {CNTVALUEIN} -of_objects [get_hw_vios -of_objects [get_hw_devices xc7vx690t_0] -filter {CELL_NAME=~"vio_pps_inst"}]]
set_property OUTPUT_VALUE 10 [get_hw_probes CNTVALUEIN -of_objects [get_hw_vios -of_objects [get_hw_devices xc7vx690t_0] -filter {CELL_NAME=~"vio_pps_inst"}]]
commit_hw_vio [get_hw_probes {CNTVALUEIN} -of_objects [get_hw_vios -of_objects [get_hw_devices xc7vx690t_0] -filter {CELL_NAME=~"vio_pps_inst"}]]
set_property OUTPUT_VALUE 10 [get_hw_probes CNTVALUEIN -of_objects [get_hw_vios -of_objects [get_hw_devices xc7vx690t_0] -filter {CELL_NAME=~"vio_pps_inst"}]]
commit_hw_vio [get_hw_probes {CNTVALUEIN} -of_objects [get_hw_vios -of_objects [get_hw_devices xc7vx690t_0] -filter {CELL_NAME=~"vio_pps_inst"}]]
set_property OUTPUT_VALUE 10 [get_hw_probes CNTVALUEIN -of_objects [get_hw_vios -of_objects [get_hw_devices xc7vx690t_0] -filter {CELL_NAME=~"vio_pps_inst"}]]
commit_hw_vio [get_hw_probes {CNTVALUEIN} -of_objects [get_hw_vios -of_objects [get_hw_devices xc7vx690t_0] -filter {CELL_NAME=~"vio_pps_inst"}]]
set_property OUTPUT_VALUE 10 [get_hw_probes CNTVALUEIN -of_objects [get_hw_vios -of_objects [get_hw_devices xc7vx690t_0] -filter {CELL_NAME=~"vio_pps_inst"}]]
commit_hw_vio [get_hw_probes {CNTVALUEIN} -of_objects [get_hw_vios -of_objects [get_hw_devices xc7vx690t_0] -filter {CELL_NAME=~"vio_pps_inst"}]]
set_property OUTPUT_VALUE 10 [get_hw_probes CNTVALUEIN -of_objects [get_hw_vios -of_objects [get_hw_devices xc7vx690t_0] -filter {CELL_NAME=~"vio_pps_inst"}]]
commit_hw_vio [get_hw_probes {CNTVALUEIN} -of_objects [get_hw_vios -of_objects [get_hw_devices xc7vx690t_0] -filter {CELL_NAME=~"vio_pps_inst"}]]
set_property OUTPUT_VALUE 10 [get_hw_probes CNTVALUEIN -of_objects [get_hw_vios -of_objects [get_hw_devices xc7vx690t_0] -filter {CELL_NAME=~"vio_pps_inst"}]]
commit_hw_vio [get_hw_probes {CNTVALUEIN} -of_objects [get_hw_vios -of_objects [get_hw_devices xc7vx690t_0] -filter {CELL_NAME=~"vio_pps_inst"}]]
set_property OUTPUT_VALUE 10 [get_hw_probes CNTVALUEIN -of_objects [get_hw_vios -of_objects [get_hw_devices xc7vx690t_0] -filter {CELL_NAME=~"vio_pps_inst"}]]
commit_hw_vio [get_hw_probes {CNTVALUEIN} -of_objects [get_hw_vios -of_objects [get_hw_devices xc7vx690t_0] -filter {CELL_NAME=~"vio_pps_inst"}]]
set_property OUTPUT_VALUE 10 [get_hw_probes CNTVALUEIN -of_objects [get_hw_vios -of_objects [get_hw_devices xc7vx690t_0] -filter {CELL_NAME=~"vio_pps_inst"}]]
commit_hw_vio [get_hw_probes {CNTVALUEIN} -of_objects [get_hw_vios -of_objects [get_hw_devices xc7vx690t_0] -filter {CELL_NAME=~"vio_pps_inst"}]]
set_property OUTPUT_VALUE 10 [get_hw_probes CNTVALUEIN -of_objects [get_hw_vios -of_objects [get_hw_devices xc7vx690t_0] -filter {CELL_NAME=~"vio_pps_inst"}]]
commit_hw_vio [get_hw_probes {CNTVALUEIN} -of_objects [get_hw_vios -of_objects [get_hw_devices xc7vx690t_0] -filter {CELL_NAME=~"vio_pps_inst"}]]
set_property OUTPUT_VALUE 10 [get_hw_probes CNTVALUEIN -of_objects [get_hw_vios -of_objects [get_hw_devices xc7vx690t_0] -filter {CELL_NAME=~"vio_pps_inst"}]]
commit_hw_vio [get_hw_probes {CNTVALUEIN} -of_objects [get_hw_vios -of_objects [get_hw_devices xc7vx690t_0] -filter {CELL_NAME=~"vio_pps_inst"}]]
set_property OUTPUT_VALUE 10 [get_hw_probes CNTVALUEIN -of_objects [get_hw_vios -of_objects [get_hw_devices xc7vx690t_0] -filter {CELL_NAME=~"vio_pps_inst"}]]
commit_hw_vio [get_hw_probes {CNTVALUEIN} -of_objects [get_hw_vios -of_objects [get_hw_devices xc7vx690t_0] -filter {CELL_NAME=~"vio_pps_inst"}]]
set_property OUTPUT_VALUE 10 [get_hw_probes CNTVALUEIN -of_objects [get_hw_vios -of_objects [get_hw_devices xc7vx690t_0] -filter {CELL_NAME=~"vio_pps_inst"}]]
commit_hw_vio [get_hw_probes {CNTVALUEIN} -of_objects [get_hw_vios -of_objects [get_hw_devices xc7vx690t_0] -filter {CELL_NAME=~"vio_pps_inst"}]]
set_property OUTPUT_VALUE 10 [get_hw_probes CNTVALUEIN -of_objects [get_hw_vios -of_objects [get_hw_devices xc7vx690t_0] -filter {CELL_NAME=~"vio_pps_inst"}]]
commit_hw_vio [get_hw_probes {CNTVALUEIN} -of_objects [get_hw_vios -of_objects [get_hw_devices xc7vx690t_0] -filter {CELL_NAME=~"vio_pps_inst"}]]
set_property OUTPUT_VALUE 10 [get_hw_probes CNTVALUEIN -of_objects [get_hw_vios -of_objects [get_hw_devices xc7vx690t_0] -filter {CELL_NAME=~"vio_pps_inst"}]]
commit_hw_vio [get_hw_probes {CNTVALUEIN} -of_objects [get_hw_vios -of_objects [get_hw_devices xc7vx690t_0] -filter {CELL_NAME=~"vio_pps_inst"}]]
set_property OUTPUT_VALUE 10 [get_hw_probes CNTVALUEIN -of_objects [get_hw_vios -of_objects [get_hw_devices xc7vx690t_0] -filter {CELL_NAME=~"vio_pps_inst"}]]
commit_hw_vio [get_hw_probes {CNTVALUEIN} -of_objects [get_hw_vios -of_objects [get_hw_devices xc7vx690t_0] -filter {CELL_NAME=~"vio_pps_inst"}]]
set_property OUTPUT_VALUE 10 [get_hw_probes CNTVALUEIN -of_objects [get_hw_vios -of_objects [get_hw_devices xc7vx690t_0] -filter {CELL_NAME=~"vio_pps_inst"}]]
commit_hw_vio [get_hw_probes {CNTVALUEIN} -of_objects [get_hw_vios -of_objects [get_hw_devices xc7vx690t_0] -filter {CELL_NAME=~"vio_pps_inst"}]]
set_property OUTPUT_VALUE 10 [get_hw_probes CNTVALUEIN -of_objects [get_hw_vios -of_objects [get_hw_devices xc7vx690t_0] -filter {CELL_NAME=~"vio_pps_inst"}]]
commit_hw_vio [get_hw_probes {CNTVALUEIN} -of_objects [get_hw_vios -of_objects [get_hw_devices xc7vx690t_0] -filter {CELL_NAME=~"vio_pps_inst"}]]
set_property OUTPUT_VALUE 10 [get_hw_probes CNTVALUEIN -of_objects [get_hw_vios -of_objects [get_hw_devices xc7vx690t_0] -filter {CELL_NAME=~"vio_pps_inst"}]]
commit_hw_vio [get_hw_probes {CNTVALUEIN} -of_objects [get_hw_vios -of_objects [get_hw_devices xc7vx690t_0] -filter {CELL_NAME=~"vio_pps_inst"}]]
set_property OUTPUT_VALUE 10 [get_hw_probes CNTVALUEIN -of_objects [get_hw_vios -of_objects [get_hw_devices xc7vx690t_0] -filter {CELL_NAME=~"vio_pps_inst"}]]
commit_hw_vio [get_hw_probes {CNTVALUEIN} -of_objects [get_hw_vios -of_objects [get_hw_devices xc7vx690t_0] -filter {CELL_NAME=~"vio_pps_inst"}]]
set_property OUTPUT_VALUE 10 [get_hw_probes CNTVALUEIN -of_objects [get_hw_vios -of_objects [get_hw_devices xc7vx690t_0] -filter {CELL_NAME=~"vio_pps_inst"}]]
commit_hw_vio [get_hw_probes {CNTVALUEIN} -of_objects [get_hw_vios -of_objects [get_hw_devices xc7vx690t_0] -filter {CELL_NAME=~"vio_pps_inst"}]]
set_property OUTPUT_VALUE 10 [get_hw_probes CNTVALUEIN -of_objects [get_hw_vios -of_objects [get_hw_devices xc7vx690t_0] -filter {CELL_NAME=~"vio_pps_inst"}]]
commit_hw_vio [get_hw_probes {CNTVALUEIN} -of_objects [get_hw_vios -of_objects [get_hw_devices xc7vx690t_0] -filter {CELL_NAME=~"vio_pps_inst"}]]
set_property OUTPUT_VALUE 10 [get_hw_probes CNTVALUEIN -of_objects [get_hw_vios -of_objects [get_hw_devices xc7vx690t_0] -filter {CELL_NAME=~"vio_pps_inst"}]]
commit_hw_vio [get_hw_probes {CNTVALUEIN} -of_objects [get_hw_vios -of_objects [get_hw_devices xc7vx690t_0] -filter {CELL_NAME=~"vio_pps_inst"}]]
set_property OUTPUT_VALUE 10 [get_hw_probes CNTVALUEIN -of_objects [get_hw_vios -of_objects [get_hw_devices xc7vx690t_0] -filter {CELL_NAME=~"vio_pps_inst"}]]
commit_hw_vio [get_hw_probes {CNTVALUEIN} -of_objects [get_hw_vios -of_objects [get_hw_devices xc7vx690t_0] -filter {CELL_NAME=~"vio_pps_inst"}]]
set_property OUTPUT_VALUE 10 [get_hw_probes CNTVALUEIN -of_objects [get_hw_vios -of_objects [get_hw_devices xc7vx690t_0] -filter {CELL_NAME=~"vio_pps_inst"}]]
commit_hw_vio [get_hw_probes {CNTVALUEIN} -of_objects [get_hw_vios -of_objects [get_hw_devices xc7vx690t_0] -filter {CELL_NAME=~"vio_pps_inst"}]]
set_property OUTPUT_VALUE 10 [get_hw_probes CNTVALUEIN -of_objects [get_hw_vios -of_objects [get_hw_devices xc7vx690t_0] -filter {CELL_NAME=~"vio_pps_inst"}]]
commit_hw_vio [get_hw_probes {CNTVALUEIN} -of_objects [get_hw_vios -of_objects [get_hw_devices xc7vx690t_0] -filter {CELL_NAME=~"vio_pps_inst"}]]
set_property OUTPUT_VALUE 10 [get_hw_probes CNTVALUEIN -of_objects [get_hw_vios -of_objects [get_hw_devices xc7vx690t_0] -filter {CELL_NAME=~"vio_pps_inst"}]]
commit_hw_vio [get_hw_probes {CNTVALUEIN} -of_objects [get_hw_vios -of_objects [get_hw_devices xc7vx690t_0] -filter {CELL_NAME=~"vio_pps_inst"}]]
set_property OUTPUT_VALUE 10 [get_hw_probes CNTVALUEIN -of_objects [get_hw_vios -of_objects [get_hw_devices xc7vx690t_0] -filter {CELL_NAME=~"vio_pps_inst"}]]
commit_hw_vio [get_hw_probes {CNTVALUEIN} -of_objects [get_hw_vios -of_objects [get_hw_devices xc7vx690t_0] -filter {CELL_NAME=~"vio_pps_inst"}]]
INFO: [Common 17-206] Exiting Vivado at Thu Mar 14 14:08:15 2024...
lows the available bit count. The hw_probe supports values up to 5 bits.

commit_hw_vio [get_hw_probes {CNTVALUEIN} -of_objects [get_hw_vios -of_objects [get_hw_devices xc7vx690t_0] -filter {CELL_NAME=~"vio_pps_inst"}]]
set_property OUTPUT_VALUE 88 [get_hw_probes CNTVALUEIN -of_objects [get_hw_vios -of_objects [get_hw_devices xc7vx690t_0] -filter {CELL_NAME=~"vio_pps_inst"}]]
ERROR: [Designutils 20-1475] The hw_probe VIO value [88] overflows the available bit count. The hw_probe supports values up to 5 bits.

commit_hw_vio [get_hw_probes {CNTVALUEIN} -of_objects [get_hw_vios -of_objects [get_hw_devices xc7vx690t_0] -filter {CELL_NAME=~"vio_pps_inst"}]]
set_property OUTPUT_VALUE 89 [get_hw_probes CNTVALUEIN -of_objects [get_hw_vios -of_objects [get_hw_devices xc7vx690t_0] -filter {CELL_NAME=~"vio_pps_inst"}]]
ERROR: [Designutils 20-1475] The hw_probe VIO value [89] overflows the available bit count. The hw_probe supports values up to 5 bits.

commit_hw_vio [get_hw_probes {CNTVALUEIN} -of_objects [get_hw_vios -of_objects [get_hw_devices xc7vx690t_0] -filter {CELL_NAME=~"vio_pps_inst"}]]
set_property OUTPUT_VALUE 90 [get_hw_probes CNTVALUEIN -of_objects [get_hw_vios -of_objects [get_hw_devices xc7vx690t_0] -filter {CELL_NAME=~"vio_pps_inst"}]]
ERROR: [Designutils 20-1475] The hw_probe VIO value [90] overflows the available bit count. The hw_probe supports values up to 5 bits.

commit_hw_vio [get_hw_probes {CNTVALUEIN} -of_objects [get_hw_vios -of_objects [get_hw_devices xc7vx690t_0] -filter {CELL_NAME=~"vio_pps_inst"}]]
set_property OUTPUT_VALUE 91 [get_hw_probes CNTVALUEIN -of_objects [get_hw_vios -of_objects [get_hw_devices xc7vx690t_0] -filter {CELL_NAME=~"vio_pps_inst"}]]
ERROR: [Designutils 20-1475] The hw_probe VIO value [91] overflows the available bit count. The hw_probe supports values up to 5 bits.

commit_hw_vio [get_hw_probes {CNTVALUEIN} -of_objects [get_hw_vios -of_objects [get_hw_devices xc7vx690t_0] -filter {CELL_NAME=~"vio_pps_inst"}]]
set_property OUTPUT_VALUE 92 [get_hw_probes CNTVALUEIN -of_objects [get_hw_vios -of_objects [get_hw_devices xc7vx690t_0] -filter {CELL_NAME=~"vio_pps_inst"}]]
ERROR: [Designutils 20-1475] The hw_probe VIO value [92] overflows the available bit count. The hw_probe supports values up to 5 bits.

commit_hw_vio [get_hw_probes {CNTVALUEIN} -of_objects [get_hw_vios -of_objects [get_hw_devices xc7vx690t_0] -filter {CELL_NAME=~"vio_pps_inst"}]]
set_property OUTPUT_VALUE 93 [get_hw_probes CNTVALUEIN -of_objects [get_hw_vios -of_objects [get_hw_devices xc7vx690t_0] -filter {CELL_NAME=~"vio_pps_inst"}]]
ERROR: [Designutils 20-1475] The hw_probe VIO value [93] overflows the available bit count. The hw_probe supports values up to 5 bits.

commit_hw_vio [get_hw_probes {CNTVALUEIN} -of_objects [get_hw_vios -of_objects [get_hw_devices xc7vx690t_0] -filter {CELL_NAME=~"vio_pps_inst"}]]
set_property OUTPUT_VALUE 94 [get_hw_probes CNTVALUEIN -of_objects [get_hw_vios -of_objects [get_hw_devices xc7vx690t_0] -filter {CELL_NAME=~"vio_pps_inst"}]]
ERROR: [Designutils 20-1475] The hw_probe VIO value [94] overflows the available bit count. The hw_probe supports values up to 5 bits.

commit_hw_vio [get_hw_probes {CNTVALUEIN} -of_objects [get_hw_vios -of_objects [get_hw_devices xc7vx690t_0] -filter {CELL_NAME=~"vio_pps_inst"}]]
set_property OUTPUT_VALUE 95 [get_hw_probes CNTVALUEIN -of_objects [get_hw_vios -of_objects [get_hw_devices xc7vx690t_0] -filter {CELL_NAME=~"vio_pps_inst"}]]
ERROR: [Designutils 20-1475] The hw_probe VIO value [95] overflows the available bit count. The hw_probe supports values up to 5 bits.

commit_hw_vio [get_hw_probes {CNTVALUEIN} -of_objects [get_hw_vios -of_objects [get_hw_devices xc7vx690t_0] -filter {CELL_NAME=~"vio_pps_inst"}]]
INFO: [Common 17-206] Exiting Vivado at Thu Mar 14 14:08:15 2024...
ces xc7vx690t_0] -filter {CELL_NAME=~"vio_pps_inst"}]]
set_property OUTPUT_VALUE 10 [get_hw_probes CNTVALUEIN -of_objects [get_hw_vios -of_objects [get_hw_devices xc7vx690t_0] -filter {CELL_NAME=~"vio_pps_inst"}]]
commit_hw_vio [get_hw_probes {CNTVALUEIN} -of_objects [get_hw_vios -of_objects [get_hw_devices xc7vx690t_0] -filter {CELL_NAME=~"vio_pps_inst"}]]
INFO: [Common 17-206] Exiting Vivado at Thu Mar 14 14:08:15 2024...
