#-----------------------------------------------------------
# Vivado v2018.3.1 (64-bit)
# SW Build 2489853 on Tue Mar 26 04:20:25 MDT 2019
# IP Build 2486929 on Tue Mar 26 06:44:21 MDT 2019
# Start of session at: Mon Mar 25 23:15:07 2024
# Process ID: 5404
# Current directory: D:/IDEA_Projects/auto-fx
# Command line: vivado.exe -mode tcl -source D:\vivado_projects\blank.tcl
# Log file: D:/IDEA_Projects/auto-fx/vivado.log
# Journal file: D:/IDEA_Projects/auto-fx\vivado.jou
#-----------------------------------------------------------
source {D:\vivado_projects\blank.tcl}
oopen_hw
connect_hw_server
INFO: [Labtools 27-2285] Connecting to hw_server url TCP:localhost:3121
close_hw_target {localhost:3121/xilinx_tcf/Xilinx/8080658006c001}
INFO: [Labtoolstcl 44-464] Closing hw_target localhost:3121/xilinx_tcf/Xilinx/8080658006c001
INFO: [Labtoolstcl 44-468] Target hw_target localhost:3121/xilinx_tcf/Xilinx/8080658006c001 is already closed
close_hw_target {localhost:3121/xilinx_tcf/Xilinx/80806580073c01}
INFO: [Labtoolstcl 44-464] Closing hw_target localhost:3121/xilinx_tcf/Xilinx/80806580073c01
INFO: [Labtoolstcl 44-468] Target hw_target localhost:3121/xilinx_tcf/Xilinx/80806580073c01 is already closed
open_hw_target {localhost:3121/xilinx_tcf/Xilinx/8080658007c701}
INFO: [Labtoolstcl 44-466] Opening hw_target localhost:3121/xilinx_tcf/Xilinx/8080658007c701
close_hw_target {localhost:3121/xilinx_tcf/Xilinx/8080658006c101}
INFO: [Labtoolstcl 44-464] Closing hw_target localhost:3121/xilinx_tcf/Xilinx/8080658006c101
INFO: [Labtoolstcl 44-468] Target hw_target localhost:3121/xilinx_tcf/Xilinx/8080658006c101 is already closed
current_hw_device [get_hw_devices xc7vx690t_0]
refresh_hw_device -update_hw_probes false [lindex [get_hw_devices xc7vx690t_0] 0]
INFO: [Labtools 27-2302] Device xc7vx690t (JTAG device index = 0) is programmed with a design that has 6 ILA core(s).
INFO: [Labtools 27-2302] Device xc7vx690t (JTAG device index = 0) is programmed with a design that has 18 VIO core(s).
refresh_hw_device: Time (s): cpu = 00:00:05 ; elapsed = 00:00:14 . Memory (MB): peak = 1249.344 ; gain = 996.598
set_property PROBES.FILE {E:/wx/2_projects/L payload/vivado files/0325/AD_impl_pps_r_added/TOP_test2.ltx} [get_hw_devices xc7vx690t_0]
set_property FULL_PROBES.FILE {E:/wx/2_projects/L payload/vivado files/0325/AD_impl_pps_r_added/TOP_test2.ltx} [get_hw_devices xc7vx690t_0]
set_property PROGRAM.FILE {E:/wx/2_projects/L payload/vivado files/0325/AD_impl_pps_r_added/TOP_test2.bit} [get_hw_devices xc7vx690t_0]
refresh_hw_device [lindex [get_hw_devices xc7vx690t_0] 0]
INFO: [Labtools 27-2302] Device xc7vx690t (JTAG device index = 0) is programmed with a design that has 6 ILA core(s).
INFO: [Labtools 27-2302] Device xc7vx690t (JTAG device index = 0) is programmed with a design that has 18 VIO core(s).
INFO: [Labtools 27-1889] Uploading output probe values for VIO core [hw_vio_11]
INFO: [Labtools 27-1889] Uploading output probe values for VIO core [hw_vio_12]
INFO: [Labtools 27-1889] Uploading output probe values for VIO core [hw_vio_13]
INFO: [Labtools 27-1889] Uploading output probe values for VIO core [hw_vio_14]
INFO: [Labtools 27-1889] Uploading output probe values for VIO core [hw_vio_15]
INFO: [Labtools 27-1889] Uploading output probe values for VIO core [hw_vio_16]
INFO: [Labtools 27-1889] Uploading output probe values for VIO core [hw_vio_17]
INFO: [Labtools 27-1889] Uploading output probe values for VIO core [hw_vio_18]
refresh_hw_device: Time (s): cpu = 00:00:01 ; elapsed = 00:00:09 . Memory (MB): peak = 1252.684 ; gain = 3.066
start_gui
stop_gui
display_hw_ila_data [ get_hw_ila_data hw_ila_data_1 -of_objects [get_hw_ilas -of_objects [get_hw_devices xc7vx690t_0] -filter {CELL_NAME=~"ADandDA_inst/AD_SPI_inst/ila_spi_inst"}]]
display_hw_ila_data [ get_hw_ila_data hw_ila_data_2 -of_objects [get_hw_ilas -of_objects [get_hw_devices xc7vx690t_0] -filter {CELL_NAME=~"ADandDA_inst/DA_SPI_INST/ila_daspi_INST"}]]
display_hw_ila_data [ get_hw_ila_data hw_ila_data_3 -of_objects [get_hw_ilas -of_objects [get_hw_devices xc7vx690t_0] -filter {CELL_NAME=~"ADandDA_inst/ila_addata_inst"}]]
display_hw_ila_data [ get_hw_ila_data hw_ila_data_4 -of_objects [get_hw_ilas -of_objects [get_hw_devices xc7vx690t_0] -filter {CELL_NAME=~"Inst_freq_change_syn/Inst_ila_freq_change_syn"}]]
display_hw_ila_data [ get_hw_ila_data hw_ila_data_5 -of_objects [get_hw_ilas -of_objects [get_hw_devices xc7vx690t_0] -filter {CELL_NAME=~"TCTM_INST/ila_tctm_inst"}]]
display_hw_ila_data [ get_hw_ila_data hw_ila_data_6 -of_objects [get_hw_ilas -of_objects [get_hw_devices xc7vx690t_0] -filter {CELL_NAME=~"rec_Calib_inst/ila_rec_calset_property OUTPUT_VALUE 0 [get_hw_probes Inst_freq_change_syn/LD -of_objects [get_hw_vios -of_objects [get_hw_devices xc7vx690t_0] -filter {CELL_NAME=~"Inst_freq_change_syn/Inst_freq_vio_syn"}]]
commit_hw_vio [get_hw_probes {Inst_freq_change_syn/LD} -of_objects [get_hw_vios -of_objects [get_hw_devices xc7vx690t_0] -filter {CELL_NAME=~"Inst_freq_change_syn/Inst_freq_vio_syn"}]]
set_property OUTPUT_VALUE 1 [get_hw_probes Inst_freq_change_syn/LD -of_objects [get_hw_vios -of_objects [get_hw_devices xc7vx690t_0] -filter {CELL_NAME=~"Inst_freq_change_syn/Inst_freq_vio_syn"}]]
commit_hw_vio [get_hw_probes {Inst_freq_change_syn/LD} -of_objects [get_hw_vios -of_objects [get_hw_devices xc7vx690t_0] -filter {CELL_NAME=~"Inst_freq_change_syn/Inst_freq_vio_syn"}]]
set_property TRIGGER_COMPARE_VALUE eq1'bR [get_hw_probes Inst_freq_change_syn/IO_syn_iddr -of_objects [get_hw_ilas -of_objects [get_hw_devices xc7vx690t_0] -filter {CELL_NAME=~"Inst_freq_change_syn/Inst_ila_freq_change_syn"}]]
set_property CONTROL.TRIGGER_POSITION 100 [get_hw_ilas -of_objects [get_hw_devices xc7vx690t_0] -filter {CELL_NAME=~"Inst_freq_change_syn/Inst_ila_freq_change_syn"}]
set_property INPUT_VALUE_RADIX UNSIGNED [get_hw_probes Inst_freq_change_syn/CNTVALUEOUT -of_objects [get_hw_vios -of_objects [get_hw_devices xc7vx690t_0] -filter {CELL_NAME=~"Inst_freq_change_syn/Inst_freq_vio_syn"}]]
set_property OUTPUT_VALUE_RADIX UNSIGNED [get_hw_probes Inst_freq_change_syn/CNTVALUEIN -of_objects [get_hw_vios -of_objects [get_hw_devices xc7vx690t_0] -filter {CELL_NAME=~"Inst_freq_change_syn/Inst_freq_vio_syn"}]]
set_property OUTPUT_VALUE 0 [get_hw_probes Inst_freq_change_syn/CNTVALUEIN -of_objects [get_hw_vios -of_objects [get_hw_devices xc7vx690t_0] -filter {CELL_NAME=~"Inst_freq_change_syn/Inst_freq_vio_syn"}]]
commit_hw_vio [get_hw_probes {Inst_freq_change_syn/CNTVALUEIN} -of_objects [get_hw_vios -of_objects [get_hw_devices xc7vx690t_0] -filter {CELL_NAME=~"Inst_freq_change_syn/Inst_freq_vio_syn"}]]
run_hw_ila [get_hw_irun_hw_ila [get_hw_ilas -of_objects [get_hw_devices xc7vx690t_0] -filter {CELL_NAME=~"Inst_freq_change_syn/Inst_ilaINFO: [Labtools 27-1964] The ILA core 'hw_ila_4' trigger was armed at 2024-Mar-25 23:18:44
wait_on_hw_ila [get_wait_on_hw_ila [get_hw_ilas -of_objects [get_hw_devices xc7vx690t_0] -filter {CELL_NAME=~"Inst_freq_change_syn/Inst_ilawait_on_hw_ila: Time (s): cpu = 00:00:00 ; elapsed = 00:00:23 . Memory (MB): peak = 1255.164 ; gain = 0.000
upload_hw_ila_data [get_hw_ilas -of_objects [get_hw_devices xc7vx690t_0] -filter {CELL_NAME=~"Inst_freq_change_syn/Inst_ila_freq_change_syn"}]
INFO: [Labtools 27-1966] The ILA core 'hw_ila_4' triggered at 2024-Mar-25 23:18:47
upload_hw_ila_data: Time (s): cpu = 00:00:00 ; elapsed = 00:00:27 . Memory (MB): peak = 1255.164 ; gain = 0.000
write_hw_ila_data -csv_file {E:\wx\2_projects\caishu\AD\process0_0#0.csv} hw_ila_data_4
run_hw_ila [get_hw_ilas -of_objects [get_hw_devices xc7vx690t_0] -filter {CELL_NAME=~"Inst_freq_change_syn/Inst_ila_freq_change_syn"}]
INFO: [Labtools 27-1964] The ILA core 'hw_ila_4' trigger was armed at 2024-Mar-25 23:19:40
wait_on_hw_ila [get_hw_ilas -of_objects [get_hw_devices xc7vx690t_0] -filter {CELL_NAME=~"Inst_freq_change_syn/Inst_ila_freq_change_syn"}]
upload_hw_ila_data [get_hw_ilas -of_objects [get_hw_devices xc7vx690t_0] -filter {CELL_NAME=~"Inst_freq_change_syn/Inst_ila_freq_change_syn"}]
INFO: [Labtools 27-1INFO: [Labtools 27-1966] The ILA core 'hw_ila_4' triggered at 2write_hw_ila_data -cwrite_hw_ila_data -csv_file {E:\wx\2_projects\caishu\AD\process2_0#1run_hw_ila [get_hw_ilas -of_objects [get_hw_devices xc7vx690t_0] -filter {CELL_NAME=~"Inst_freq_change_syn/Inst_ila_freq_change_syn"}]
INFO: [Labtools 27-1964] The ILA core 'hw_ila_4' trigger was armed at 2024-Mar-25 23:19:51
wait_on_hw_ila [get_wait_on_hw_ila [get_hw_ilas -of_objects [get_hw_devices xc7vx690t_0] -filter {CELL_NAME=~"Inst_freq_change_syn/Inst_ilaupload_hw_ila_data [upload_hw_ila_data [get_hw_ilas -of_objects [get_hw_devices xc7vx690t_0] -filter {CELL_NAME=~"Inst_freq_change_syn/Inst_ilaINFO: [Labtools 27-1966] The ILA core 'hw_ila_4' triggered at 2024-Mar-25 23:19:54
write_hw_ila_data -cwrite_hw_ila_data -csv_file {E:\wx\2_projects\caishu\AD\process2_0#2set_property OUTPUT_VALUE 1 [get_hw_probes Inst_freq_change_syn/CNTVALUEIN -of_objects [get_hw_vios -of_objects [get_hw_devices xc7vx690t_0] -filter {CELL_NAME=~"Inst_freq_change_syn/Inst_freq_vio_syn"}]]
commit_hw_vio [get_hw_probes {Inst_freq_change_syn/CNTVALUEIN} -of_objects [get_hw_vios -of_objects [get_hw_devices xc7vx690t_0] -filter {CELL_NAME=~"Inst_freq_change_syn/Inst_freq_vio_syn"}]]
run_hw_ila [get_hw_ilas -of_objects [get_hw_devices xc7vx690t_0] -filter {CELL_NAME=~"Inst_freq_change_syn/Inst_ila_freq_change_syn"}]
INFO: [Labtools 27-1964] The ILA core 'hw_ila_4' trigger was armed at 2024-Mar-25 23:20:08
wait_on_hw_ila [get_hw_ilas -of_objects [get_hw_devices xc7vx690t_0] -filter {CELL_NAME=~"Inst_freq_change_syn/Inst_ila_freq_change_syn"}]
upload_hw_ila_data [upload_hw_ila_data [get_hw_ilas -of_objects [get_hw_devices xc7vx690t_0] -filter {CELL_NAME=~"Inst_freq_change_syn/Inst_ilaINFO: [Labtools 27-1966] The ILA core 'hw_ila_4' triggered at 2024-Mar-25 23:20:10
write_hw_ila_data -csv_file {E:\wx\2_projects\caishu\AD\process0_1#0.csv} hw_ila_data_4
run_hw_ila [get_hw_ilas -of_objects [get_hw_devices xc7vx690t_0] -filter {CELL_NAME=~"Inst_freq_change_syn/Inst_ila_freq_change_syn"}]
INFO: [Labtools 27-1964] The ILA core 'hw_ila_4' trigger was armed at 2024-Mar-25 23:20:19
wait_on_hw_ila [get_hw_ilas -of_objects [get_hw_devices xc7vx690t_0] -filter {CELL_NAME=~"Inst_freq_change_syn/Inst_ila_freq_change_syn"}]
upload_hw_ila_data [get_hw_ilas -of_objects [get_hw_devices xc7vx690t_0] -filter {CELL_NAME=~"Inst_freq_change_syn/Inst_ila_freq_change_syn"}]
INFO: [Labtools 27-1966] The ILA core 'hw_ila_4' triggered at 2024-Mar-25 23:20:22
write_hw_ila_data -cwrite_hw_ila_data -csv_file {E:\wx\2_projects\caishu\AD\process2_1#1run_hw_ila [get_hw_ilas -of_objects [get_hw_devices xc7vx690t_0] -filter {CELL_NAME=~"Inst_freq_change_syn/Inst_ila_freq_change_syn"}]
INFO: [Labtools 27-1INFO: [Labtools 27-1964] The ILA core 'hw_ila_4' trigger was armed at 2wait_on_hw_ila [get_hw_ilas -of_objects [get_hw_devices xc7vx690t_0] -filter {CELL_NAME=~"Inst_freq_change_syn/Inst_ila_freq_change_syn"}]
upload_hw_ila_data [get_hw_ilas -of_objects [get_hw_devices xc7vx690t_0] -filter {CELL_NAME=~"Inst_freq_change_syn/Inst_ila_freq_change_syn"}]
INFO: [Labtools 27-1INFO: [Labtools 27-1966] The ILA core 'hw_ila_4' triggered at 2write_hw_ila_data -csv_file {E:\wx\2_projects\caishu\AD\process1_1#2.csv} hw_ila_data_4
set_property OUTPUT_VALUE 2 [get_hw_probes Inst_freq_change_syn/CNTVALUEIN -of_objects [get_hw_vios -of_objects [get_hw_devices xc7vx690t_0] -filter {CELL_NAME=~"Inst_freq_change_syn/Inst_freq_vio_syn"}]]
commit_hw_vio [get_hw_probes {Inst_freq_change_syn/CNTVALUEIN} -of_objects [get_hw_vios -of_objects [get_hw_devices xc7vx690t_0] -filter {CELL_NAME=~"Inst_freq_change_syn/Inst_freq_vio_syn"}]]
run_hw_ila [get_hw_irun_hw_ila [get_hw_ilas -of_objects [get_hw_devices xc7vx690t_0] -filter {CELL_NAME=~"Inst_freq_change_syn/Inst_ilaINFO: [Labtools 27-1964] The ILA core 'hw_ila_4' trigger was armed at 2024-Mar-25 23:20:46
wait_on_hw_ila [get_hw_ilas -of_objects [get_hw_devices xc7vx690t_0] -filter {CELL_NAME=~"Inst_freq_change_syn/Inst_ila_freq_change_syn"}]
upload_hw_ila_data [get_hw_ilas -of_objects [get_hw_devices xc7vx690t_0] -filter {CELL_NAME=~"Inst_freq_change_syn/Inst_ila_freq_change_syn"}]
INFO: [Labtools 27-1966] The ILA core 'hw_ila_4' triggered at 2024-Mar-25 23:20:49
write_hw_ila_data -csv_file {E:\wx\2_projects\caishu\AD\process0_2#0.csv} hw_ila_data_4
run_hw_ila [get_hw_irun_hw_ila [get_hw_ilas -of_objects [get_hw_devices xc7vx690t_0] -filter {CELL_NAME=~"Inst_freq_change_syn/Inst_ilaINFO: [Labtools 27-1964] The ILA core 'hw_ila_4' trigger was armed at 2024-Mar-25 23:20:57
wait_on_hw_ila [get_wait_on_hw_ila [get_hw_ilas -of_objects [get_hw_devices xc7vx690t_0] -filter {CELL_NAME=~"Inst_freq_change_syn/Inst_ilaupload_hw_ila_data [upload_hw_ila_data [get_hw_ilas -of_objects [get_hw_devices xc7vx690t_0] -filter {CELL_NAME=~"Inst_freq_change_syn/Inst_ilaINFO: [Labtools 27-1966] The ILA core 'hw_ila_4' triggered at 2024-Mar-25 23:21:00
write_hw_ila_data -csv_file {E:\wx\2_projects\caishu\AD\process1_2#1.csv} hw_ila_data_4
run_hw_ila [get_hw_ilas -of_objects [get_hw_devices xc7vx690t_0] -filter {CELL_NAME=~"Inst_freq_change_syn/Inst_ila_freq_change_syn"}]
INFO: [Labtools 27-1964] The ILA core 'hw_ila_4' trigger was armed at 2024-Mar-25 23:21:08
wait_on_hw_ila [get_wait_on_hw_ila [get_hw_ilas -of_objects [get_hw_devices xc7vx690t_0] -filter {CELL_NAME=~"Inst_freq_change_syn/Inst_ilaupload_hw_ila_data [get_hw_ilas -of_objects [get_hw_devices xc7vx690t_0] -filter {CELL_NAME=~"Inst_freq_change_syn/Inst_ila_freq_change_syn"}]
INFO: [Labtools 27-1966] The ILA core 'hw_ila_4' triggered at 2024-Mar-25 23:21:11
write_hw_ila_data -csv_file {E:\wx\2_projects\caishu\AD\process1_2#2.csv} hw_ila_data_4
set_property OUTPUT_VALUE 3 [get_hw_probes Inst_freq_change_syn/CNTVALUEIN -of_objects [get_hw_vios -of_objects [get_hw_devices xc7vx690t_0] -filter {CELL_NAME=~"Inst_freq_change_syn/Inst_freq_vio_syn"}]]
commit_hw_vio [get_hcommit_hw_vio [get_hw_probes {Inst_freq_change_syn/CNTVALUEIN} -of_objects [get_hw_vios -of_objects [get_hw_devices xc7vx690t_0] -filter {CELL_NAME=~"Inst_freq_change_syn/Inrun_hw_ila [get_hw_ilas -of_objects [get_hw_devices xc7vx690t_0] -filter {CELL_NAME=~"Inst_freq_change_syn/Inst_ila_freq_change_syn"}]
INFO: [Labtools 27-1INFO: [Labtools 27-1964] The ILA core 'hw_ila_4' trigger was armed at 2wait_on_hw_ila [get_hw_ilas -of_objects [get_hw_devices xc7vx690t_0] -filter {CELL_NAME=~"Inst_freq_change_syn/Inst_ila_freq_change_syn"}]
upload_hw_ila_data [get_hw_ilas -of_objects [get_hw_devices xc7vx690t_0] -filter {CELL_NAME=~"Inst_freq_change_syn/Inst_ila_freq_change_syn"}]
INFO: [Labtools 27-1966] The ILA core 'hw_ila_4' triggered at 2024-Mar-25 23:21:26
upload_hw_ila_data: Time (s): cpu = 00:00:00 ; elapsed = 00:00:08 . Memory (MB): peak = 1255.980 ; gain = 0.000
write_hw_ila_data -csv_file {E:\wx\2_projects\caishu\AD\process0_3#0.csv} hw_ila_data_4
INFO: [Common 17-206INFO: [Common 17-206] Exiting Vivado at Mon Mar 25 23:21:41 2024...
O: [Labtools 27-1966] The ILA core 'hw_ila_2' triggered at 2024-Mar-25 23:20:22
write_hw_ila_data -csv_file {E:\wx\2_projects\caishu\AD\process3_1#1.csv} hw_ila_data_2
set_property OUTPUT_VALUE 0 [get_hw_probes rec_freq_change_flag -of_objects [get_hw_vios -of_objects [get_hw_devices xc7vx690t_0] -filter {CELL_NAME=~"Inst_freq_change_flag"}]]
commit_hw_vio [get_hw_probes {rec_freq_change_flag} -of_objects [get_hw_vios -of_objects [get_hw_devices xc7vx690t_0] -filter {CELL_NAME=~"Inst_freq_change_flag"}]]
run_hw_ila [get_hw_ilas -of_objects [get_hw_devices xc7vx690t_0] -filter {CELL_NAME=~"Inst_rec_freq_change_syn/Inst_ila_rec_freq_change_syn"}]
INFO: [Labtools 27-1964] The ILA core 'hw_ila_2' trigger was armed at 2024-Mar-25 23:20:30
set_property OUTPUT_VALUE 1 [get_hw_probes rec_freq_change_flag -of_objects [get_hw_vios -of_objects [get_hw_devices xc7vx690t_0] -filter {CELL_NAME=~"Inst_freq_change_flag"}]]
commit_hw_vio [get_hw_probes {rec_freq_change_flag} -of_objects [get_hw_vios -of_objects [get_hw_devices xc7vx690t_0] -filter {CELL_NAME=~"Inst_freq_change_flag"}]]
wait_on_hw_ila [get_hw_ilas -of_objects [get_hw_devices xc7vx690t_0] -filter {CELL_NAME=~"Inst_rec_freq_change_syn/Inst_ila_rec_freq_change_syn"}]
upload_hw_ila_data [get_hw_ilas -of_objects [get_hw_devices xc7vx690t_0] -filter {CELL_NAME=~"Inst_rec_freq_change_syn/Inst_ila_rec_freq_change_syn"}]
INFO: [Labtools 27-1966] The ILA core 'hw_ila_2' triggered at 2024-Mar-25 23:20:32
write_hw_ila_data -csv_file {E:\wx\2_projects\caishu\AD\process3_1#2.csv} hw_ila_data_2
set_property OUTPUT_VALUE 0 [get_hw_probes rec_freq_change_flag -of_objects [get_hw_vios -of_objects [get_hw_devices xc7vx690t_0] -filter {CELL_NAME=~"Inst_freq_change_flag"}]]
commit_hw_vio [get_hw_probes {rec_freq_change_flag} -of_objects [get_hw_vios -of_objects [get_hw_devices xc7vx690t_0] -filter {CELL_NAME=~"Inst_freq_change_flag"}]]
set_property OUTPUT_VALUE 0 [get_hw_probes rec_freq_change_flag -of_objects [get_hw_vios -of_objects [get_hw_devices xc7vx690t_0] -filter {CELL_NAME=~"Inst_freq_change_flag"}]]
commit_hw_vio [get_hw_probes {rec_freq_change_flag} -of_objects [get_hw_vios -of_objects [get_hw_devices xc7vx690t_0] -filter {CELL_NAME=~"Inst_freq_change_flag"}]]
run_hw_ila [get_hw_ilas -of_objects [get_hw_devices xc7vx690t_0] -filter {CELL_NAME=~"Inst_rec_freq_change_syn/Inst_ila_rec_freq_change_syn"}]
INFO: [Labtools 27-1964] The ILA core 'hw_ila_2' trigger was armed at 2024-Mar-25 23:20:46
set_property OUTPUT_VALUE 1 [get_hw_probes rec_freq_change_flag -of_objects [get_hw_vios -of_objects [get_hw_devices xc7vx690t_0] -filter {CELL_NAME=~"Inst_freq_change_flag"}]]
commit_hw_vio [get_hw_probes {rec_freq_change_flag} -of_objects [get_hw_vios -of_objects [get_hw_devices xc7vx690t_0] -filter {CELL_NAME=~"Inst_freq_change_flag"}]]
wait_on_hw_ila [get_hw_ilas -of_objects [get_hw_devices xc7vx690t_0] -filter {CELL_NAME=~"Inst_rec_freq_change_syn/Inst_ila_rec_freq_change_syn"}]
upload_hw_ila_data [get_hw_ilas -of_objects [get_hw_devices xc7vx690t_0] -filter {CELL_NAME=~"Inst_rec_freq_change_syn/Inst_ila_rec_freq_change_syn"}]
INFO: [Labtools 27-1966] The ILA core 'hw_ila_2' triggered at 2024-Mar-25 23:20:48
write_hw_ila_data -csv_file {E:\wx\2_projects\caishu\AD\process3_2#0.csv} hw_ila_data_2
set_property OUTPUT_VALUE 0 [get_hw_probes rec_freq_change_flag -of_objects [get_hw_vios -of_objects [get_hw_devices xc7vx690t_0] -filter {CELL_NAME=~"Inst_freq_change_flag"}]]
commit_hw_vio [get_hw_probes {rec_freq_change_flag} -of_objects [get_hw_vios -of_objects [get_hw_devices xc7vx690t_0] -filter {CELL_NAME=~"Inst_freq_change_flag"}]]
run_hw_ila [get_hw_ilas -of_objects [get_hw_devices xc7vx690t_0] -filter {CELL_NAME=~"Inst_rec_freq_change_syn/Inst_ila_rec_freq_change_syn"}]
INFO: [Labtools 27-1964] The ILA core 'hw_ila_2' trigger was armed at 2024-Mar-25 23:20:57
set_property OUTPUT_VALUE 1 [get_hw_probes rec_freq_change_flag -of_objects [get_hw_vios -of_objects [get_hw_devices xc7vx690t_0] -filter {CELL_NAME=~"Inst_freq_change_flag"}]]
commit_hw_vio [get_hw_probes {rec_freq_change_flag} -of_objects [get_hw_vios -of_objects [get_hw_devices xc7vx690t_0] -filter {CELL_NAME=~"Inst_freq_change_flag"}]]
wait_on_hw_ila [get_hw_ilas -of_objects [get_hw_devices xc7vx690t_0] -filter {CELL_NAME=~"Inst_rec_freq_change_syn/Inst_ila_rec_freq_change_syn"}]
upload_hw_ila_data [get_hw_ilas -of_objects [get_hw_devices xc7vx690t_0] -filter {CELL_NAME=~"Inst_rec_freq_change_syn/Inst_ila_rec_freq_change_syn"}]
INFO: [Labtools 27-1966] The ILA core 'hw_ila_2' triggered at 2024-Mar-25 23:20:59
write_hw_ila_data -csv_file {E:\wx\2_projects\caishu\AD\process3_2#1.csv} hw_ila_data_2
set_property OUTPUT_VALUE 0 [get_hw_probes rec_freq_change_flag -of_objects [get_hw_vios -of_objects [get_hw_devices xc7vx690t_0] -filter {CELL_NAME=~"Inst_freq_change_flag"}]]
commit_hw_vio [get_hw_probes {rec_freq_change_flag} -of_objects [get_hw_vios -of_objects [get_hw_devices xc7vx690t_0] -filter {CELL_NAME=~"Inst_freq_change_flag"}]]
run_hw_ila [get_hw_ilas -of_objects [get_hw_devices xc7vx690t_0] -filter {CELL_NAME=~"Inst_rec_freq_change_syn/Inst_ila_rec_freq_change_syn"}]
INFO: [Labtools 27-1964] The ILA core 'hw_ila_2' trigger was armed at 2024-Mar-25 23:21:08
set_property OUTPUT_VALUE 1 [get_hw_probes rec_freq_change_flag -of_objects [get_hw_vios -of_objects [get_hw_devices xc7vx690t_0] -filter {CELL_NAME=~"Inst_freq_change_flag"}]]
commit_hw_vio [get_hw_probes {rec_freq_change_flag} -of_objects [get_hw_vios -of_objects [get_hw_devices xc7vx690t_0] -filter {CELL_NAME=~"Inst_freq_change_flag"}]]
wait_on_hw_ila [get_hw_ilas -of_objects [get_hw_devices xc7vx690t_0] -filter {CELL_NAME=~"Inst_rec_freq_change_syn/Inst_ila_rec_freq_change_syn"}]
upload_hw_ila_data [get_hw_ilas -of_objects [get_hw_devices xc7vx690t_0] -filter {CELL_NAME=~"Inst_rec_freq_change_syn/Inst_ila_rec_freq_change_syn"}]
INFO: [Labtools 27-1966] The ILA core 'hw_ila_2' triggered at 2024-Mar-25 23:21:11
write_hw_ila_data -csv_file {E:\wx\2_projects\caishu\AD\process3_2#2.csv} hw_ila_data_2
set_property OUTPUT_VALUE 0 [get_hw_probes rec_freq_change_flag -of_objects [get_hw_vios -of_objects [get_hw_devices xc7vx690t_0] -filter {CELL_NAME=~"Inst_freq_change_flag"}]]
commit_hw_vio [get_hw_probes {rec_freq_change_flag} -of_objects [get_hw_vios -of_objects [get_hw_devices xc7vx690t_0] -filter {CELL_NAME=~"Inst_freq_change_flag"}]]
set_property OUTPUT_VALUE 0 [get_hw_probes rec_freq_change_flag -of_objects [get_hw_vios -of_objects [get_hw_devices xc7vx690t_0] -filter {CELL_NAME=~"Inst_freq_change_flag"}]]
commit_hw_vio [get_hw_probes {rec_freq_change_flag} -of_objects [get_hw_vios -of_objects [get_hw_devices xc7vx690t_0] -filter {CELL_NAME=~"Inst_freq_change_flag"}]]
run_hw_ila [get_hw_ilas -of_objects [get_hw_devices xc7vx690t_0] -filter {CELL_NAME=~"Inst_rec_freq_change_syn/Inst_ila_rec_freq_change_syn"}]
INFO: [Labtools 27-1964] The ILA core 'hw_ila_2' trigger was armed at 2024-Mar-25 23:21:24
set_property OUTPUT_VALUE 1 [get_hw_probes rec_freq_change_flag -of_objects [get_hw_vios -of_objects [get_hw_devices xc7vx690t_0] -filter {CELL_NAME=~"Inst_freq_change_flag"}]]
commit_hw_vio [get_hw_probes {rec_freq_change_flag} -of_objects [get_hw_vios -of_objects [get_hw_devices xc7vx690t_0] -filter {CELL_NAME=~"Inst_freq_change_flag"}]]
wait_on_hw_ila [get_hw_ilas -of_objects [get_hw_devices xc7vx690t_0] -filter {CELL_NAME=~"Inst_rec_freq_change_syn/Inst_ila_rec_freq_change_syn"}]
upload_hw_ila_data [get_hw_ilas -of_objects [get_hw_devices xc7vx690t_0] -filter {CELL_NAME=~"Inst_rec_freq_change_syn/Inst_ila_rec_freq_change_syn"}]
INFO: [Labtools 27-1966] The ILA core 'hw_ila_2' triggered at 2024-Mar-25 23:21:27
upload_hw_ila_data: Time (s): cpu = 00:00:00 ; elapsed = 00:00:05 . Memory (MB): peak = 1265.352 ; gain = 0.000
write_hw_ila_data -csv_file {E:\wx\2_projects\caishu\AD\process3_3#0.csv} hw_ila_data_2
INFO: [Common 17-206] Exiting Vivado at Mon Mar 25 23:21:37 2024...
