#-----------------------------------------------------------
# Vivado v2018.3.1 (64-bit)
# SW Build 2489853 on Tue Mar 26 04:20:25 MDT 2019
# IP Build 2486929 on Tue Mar 26 06:44:21 MDT 2019
# Start of session at: Tue Mar 19 11:06:31 2024
# Process ID: 16136
# Current directory: D:/IDEA_Projects/auto-fx
# Command line: vivado.exe -mode tcl -source D:\vivado_projects\blank.tcl
# Log file: D:/IDEA_Projects/auto-fx/vivado.log
# Journal file: D:/IDEA_Projects/auto-fx\vivado.jou
#-----------------------------------------------------------
source {D:\vivado_projects\blank.tcl}
open_hw
connect_hw_server
INFO: [Labtools 27-2285] Connecting to hw_server url TCP:localhost:3121
close_hw_target {localhost:3121/xilinx_tcf/Xilinx/8080658006c001}
INFO: [Labtoolstcl 44-464] Closing hw_target localhost:3121/xilinx_tcf/Xilinx/8080658006c001
INFO: [Labtoolstcl 44-468] Target hw_target localhost:3121/xilinx_tcf/Xilinx/8080658006c001 is already closed
close_hw_target {localhost:3121/xilinx_tcf/Xilinx/80806580073c01}
INFO: [Labtoolstcl 44-464] Closing hw_target localhost:3121/xilinx_tcf/Xilinx/80806580073c01
INFO: [Labtoolstcl 44-468] Target hw_target localhost:3121/xilinx_tcf/Xilinx/80806580073c01 is already closed
open_hw_target {localhost:3121/xilinx_tcf/Xilinx/8080658007c701}
INFO: [Labtoolstcl 44-466] Opening hw_target localhost:3121/xilinx_tcf/Xilinx/8080658007c701
close_hw_target {localhost:3121/xilinx_tcf/Xilinx/000018eaffd701}
INFO: [Labtoolstcl 44-464] Closing hw_target localhost:3121/xilinx_tcf/Xilinx/000018eaffd701
INFO: [Labtoolstcl 44-468] Target hw_target localhost:3121/xilinx_tcf/Xilinx/000018eaffd701 is already closed
current_hw_device [get_hw_devices xc7vx690t_0]
refresh_hw_device -update_hw_probes false [lindex [get_hw_devices xc7vx690t_0] 0]
INFO: [Labtools 27-2302] Device xc7vx690t (JTAG device index = 0) is programmed with a design that has 7 ILA core(s).
INFO: [Labtools 27-2302] Device xc7vx690t (JTAG device index = 0) is programmed with a design that has 12 VIO core(s).
refresh_hw_device: Time (s): cpu = 00:00:05 ; elapsed = 00:00:15 . Memory (MB): peak = 1249.043 ; gain = 995.734
set_property PROBES.FILE {E:/wx/2_projects/L payload/vivado files/0315/impl_freq_syn_added_DA3/DA_top2.ltx} [get_hw_devices xc7vx690t_0]
set_property FULL_PROBES.FILE {E:/wx/2_projects/L payload/vivado files/0315/impl_freq_syn_added_DA3/DA_top2.ltx} [get_hw_devices xc7vx690t_0]
set_property PROGRAM.FILE {E:/wx/2_projects/L payload/vivado files/0315/impl_freq_syn_added_DA3/DA_top2.bit} [get_hw_devices xc7vx690t_0]
program_hw_devices [get_hw_devices xc7vx690t_0]
INFO: [Labtools 27-3164] End of startup status: HIGH
program_hw_devices: Time (s): cpu = 00:00:40 ; elapsed = 00:00:40 . Memory (MB): peak = 1249.547 ; gain = 0.504
refresh_hw_device [lindex [get_hw_devices xc7vx690t_0] 0]
INFO: [Labtools 27-2302] Device xc7vx690t (JTAG device index = 0) is programmed with a design that has 7 ILA core(s).
INFO: [Labtools 27-2302] Device xc7vx690t (JTAG device index = 0) is programmed with a design that has 12 VIO core(s).
INFO: [Labtools 27-1889] Uploading output probe values for VIO core [hw_vio_1]
INFO: [Labtools 27-1889] Uploading output probe values for VIO core [hw_vio_2]
INFO: [Labtools 27-1889] Uploading output probe values for VIO core [hw_vio_3]
INFO: [Labtools 27-1889] Uploading output probe values for VIO core [hw_vio_4]
INFO: [Labtools 27-1889] Uploading output probe values for VIO core [hw_vio_5]
INFO: [Labtools 27-1889] Uploading output probe values for VIO core [hw_vio_6]
INFO: [Labtools 27-1889] Uploading output probe values for VIO core [hw_vio_7]
INFO: [Labtools 27-1889] Uploading output probe values for VIO core [hw_vio_8]
INFO: [Labtools 27-1889] Uploading output probe values for VIO core [hw_vio_9]
INFO: [Labtools 27-1889] Uploading output probe values for VIO core [hw_vio_10]
INFO: [Labtools 27-1889] Uploading output probe values for VIO core [hw_vio_11]
INFO: [Labtools 27-1889] Uploading output probe values for VIO core [hw_vio_12]
refresh_hw_device: Time (s): cpu = 00:00:00 ; elapsed = 00:00:11 . Memory (MB): peak = 1252.980 ; gain = 3.434
display_hw_ila_data [ get_hw_ila_data hw_ila_data_1 -of_objects [get_hw_ilas -of_objects [get_hw_devices xc7vx690t_0_1] -filter {CELL_NAME=~"ADandDA_inst/AD_SPI_inst/ila_spi_inst"}]]
WARNING: [Labtoolstcl 44-128] No matching hw_devices were found.
WARNING: [Labtoolstcl 44-130] No matching hw_ilas were found.
WARNING: [Labtoolstcl 44-129] No matching hw_ila_data was found.
display_hw_ila_data [ get_hw_ila_data hw_ila_data_2 -of_objects [get_hw_ilas -of_objects [get_hw_devices xc7vx690t_0_1] -filter {CELL_NAME=~"ADandDA_inst/DA_SPI_INST/ila_daspi_INST"}]]
WARNING: [Labtoolstcl 44-128] No matching hw_devices were found.
WARNING: [Labtoolstcl 44-130] No matching hw_ilas were found.
WARNING: [Labtoolstcl 44-129] No matching hw_ila_data was found.
display_hw_ila_data [ get_hw_ila_data hw_ila_data_3 -of_objects [get_hw_ilas -of_objects [get_hw_devices xc7vx690t_0_1] -filter {CELL_NAME=~"ADandDA_inst/ila_addata_inst"}]]
WARNING: [Labtoolstcl 44-128] No matching hw_devices were found.
WARNING: [Labtoolstcl 44-130] No matching hw_ilas were found.
WARNING: [Labtoolstcl 44-129] No matching hw_ila_data was found.
display_hw_ila_data [ get_hw_ila_data hw_ila_data_4 -of_objects [get_hw_ilas -of_objects [get_hw_devices xc7vx690t_0_1] -filter {CELL_NAME=~"Inst_freq_change_syn_DA3/Inst_ila_freq_change_syn_DA3"}]]
WARNING: [Labtoolstcl 44-128] No matching hw_devices were found.
WARNING: [Labtoolstcl 44-130] No matching hw_ilas were found.
WARNING: [Labtoolstcl 44-129] No matching hw_ila_data was found.
display_hw_ila_data [ get_hw_ila_data hw_ila_data_5 -of_objects [get_hw_ilas -of_objects [get_hw_devices xc7vx690t_0_1] -filter {CELL_NAME=~"mcu_spi_top_2_inst/ila_spi_line_inst"}]]
WARNING: [Labtoolstcl 44-128] No matching hw_devices were found.
WARNING: [Labtoolstcl 44-130] No matching hw_ilas were found.
WARNING: [Labtoolstcl 44-129] No matching hw_ila_data was found.
display_hw_ila_data [ get_hw_ila_data hw_ila_data_6 -of_objects [get_hw_ilas -of_objects [get_hw_devices xc7vx690t_0_1] -filter {CELL_NAME=~"nolabel_line1258/ila_tctm_inst"}]]
WARNING: [Labtoolstcl 44-128] No matching hw_devices were found.
WARNING: [Labtoolstcl 44-130] No matching hw_ilas were found.
WARNING: [Labtoolstcl 44-129] No matching hw_ila_data was found.
display_hw_ila_data [ get_hw_ila_data hw_ila_data_7 -of_objects [get_hw_ilas -of_objects [get_hw_devices xc7vx690t_0_1] -filter {CELL_NAME=~"trans_source_inst/ILA_trans_source_syntest_inst"}]]
WARNING: [Labtoolstcl 44-128] No matching hw_devices were found.
WARNING: [Labtoolstcl 44-130] No matching hw_ilas were found.
WARNING: [Labtoolstcl 44-129] No matching hw_ila_data was found.
set_property OUTPUT_VALUE 0 [get_hw_probes Inst_freq_change_syn_DA2/LD -of_objects [get_hw_vios -of_objects [get_hw_devices xc7vx690t_0_1] -filter {CELL_NAME=~"Inst_freq_change_syn_DA2/Inst_vio_syn_DA2"}]]
WARNING: [Labtoolstcl 44-128] No matching hw_devices were found.
WARNING: [Labtoolstcl 44-169] No matching hw_vios were found.
WARNING: [Labtoolstcl 44-131] No matching hw_probes were found.
ERROR: [Common 17-55] 'set_property' expects at least one object.
Resolution: If [get_<value>] was used to populate the object, check to make sure this command returns at least one valid object.

commit_hw_vio [get_hw_probes {Inst_freq_change_syn_DA2/LD} -of_objects [get_hw_vios -of_objects [get_hw_devices xc7vx690t_0_1] -filter {CELL_NAME=~"Inst_freq_change_syn_DA2/Inst_vio_syn_DA2"}]]
WARNING: [Labtoolstcl 44-128] No matching hw_devices were found.
WARNING: [Labtoolstcl 44-169] No matching hw_vios were found.
WARNING: [Labtoolstcl 44-131] No matching hw_probes were found.
ERROR: [Labtoolstcl 44-187] Required <hw_objects> argument is empty.

set_property OUTPUT_VALUE 1 [get_hw_probes Inst_freq_change_syn_DA2/LD -of_objects [get_hw_vios -of_objects [get_hw_devices xc7vx690t_0_1] -filter {CELL_NAME=~"Inst_freq_change_syn_DA2/Inst_vio_syn_DA2"}]]
WARNING: [Labtoolstcl 44-128] No matching hwset_property OUTPUT_VALUE 0 [get_hw_probes trans_freq_change_flag -of_objects [get_hw_vios -of_objects [get_hw_devices xc7vx690t_0] -filter {CELL_NERROR: [Common 17-55] 'set_propecommit_hw_vio [get_hw_probes {trans_freq_change_flag} -of_objects [get_hw_vios -of_objects [get_hw_devices xc7vx690t_0] -filter {CELL_NAME=~"Inst_freq_change_flag"}]]
run_hw_ila [get_hw_ilas -of_objects [get_hw_devices xc7vx690t_0] -filter {CELL_NAME=~"Inst_trans_freq_change_syn/Inst_ila_trans_freq_change_syn"}]
INFO: [Labtools 27-1964] The ILA core 'hw_ila_3' trigger was armed at 2024-Mar-19 11:13:07
set_property OUTPUT_VALUE 1 [get_hw_probes trans_freq_change_flag -of_objects [get_hw_vios -of_objects [get_hw_devices xc7vx690t_0] -filter {CELL_NAME=~"Inst_freq_change_flag"}]]
commit_hw_vio [get_hw_probes {trans_freq_change_flag} -of_objects [get_hw_vios -of_objects [get_hw_devices xc7vx690t_0] -filter {CELL_NAME=~"Inst_freq_change_flag"}]]
wait_on_hw_ila [get_hw_ilas -of_objects [get_hw_devices xc7vx690t_0] -filter {CELL_NAME=~"Inst_trans_freq_change_syn/Inst_ila_trans_freq_change_syn"}]
upload_hw_ila_data [get_hw_ilas -of_objects [get_hw_devices xc7vx690t_0] -filter {CELL_NAME=~"Inst_trans_freq_change_syn/Inst_ila_trans_freq_change_syn"}]
INFO: [Labtools 27-1966] The ILA core 'hw_ila_3' triggered at 2024-Mar-19 11:13:09
write_hw_ila_data -csv_file {E:\wx\2_projects\L payload\vivado files\0311\0caishu\process3_0#0.csv} hw_ila_data_3
set_property OUTPUT_VALUE 0 [get_hw_probes trans_freq_change_flag -of_objects [get_hw_vios -of_objects [get_hw_devices xc7vx690t_0] -filter {CELL_NAME=~"Inst_freq_change_flag"}]]
commit_hw_vio [get_hw_probes {trans_freq_change_flag} -of_objects [get_hw_vios -of_objects [get_hw_devices xc7vx690t_0] -filter {CELL_NAME=~"Inst_freq_change_flag"}]]
run_hw_ila [get_hw_ilas -of_objects [get_hw_devices xc7vx690t_0] -filter {CELL_NAME=~"Inst_trans_freq_change_syn/Inst_ila_trans_freq_change_syn"}]
INFO: [Labtools 27-1964] The ILA core 'hw_ila_3' trigger was armed at 2024-Mar-19 11:13:18
set_property OUTPUT_VALUE 1 [get_hw_probes trans_freq_change_flag -of_objects [get_hw_vios -of_objects [get_hw_devices xc7vx690t_0] -filter {CELL_NAME=~"Inst_freq_change_flag"}]]
commit_hw_vio [get_hw_probes {trans_freq_change_flag} -of_objects [get_hw_vios -of_objects [get_hw_devices xc7vx690t_0] -filter {CELL_NAME=~"Inst_freq_change_flag"}]]
INFO: [Common 17-206] Exiting Vivado at Tue Mar 19 11:13:25 2024...
alue>] was used to populate the object, check to make sure this command returns at least one valid object.

set_property OUTPUT_VALUE_RADIX UNSIGNED [get_hw_probes Inst_freq_change_syn_DA1/CNTVALUEIN -of_objects [get_hw_vios -of_objects [get_hw_devices xc7vx690t_0_1] -filter {CELL_NAME=~"Inst_freq_change_syn_DA1/Inst_vio_syn_DA1"}]]
WARNING: [Labtoolstcl 44-128] No matching hw_devices were found.
WARNING: [Labtoolstcl 44-169] No matching hw_vios were found.
WARNING: [Labtoolstcl 44-131] No matching hw_probes were found.
ERROR: [Common 17-55] 'set_property' expects at least one object.
Resolution: If [get_<value>] was used to populate the object, check to make sure this command returns at least one valid object.

set_property OUTPUT_VALUE 0 [get_hw_probes Inst_freq_change_syn_DA2/CNTVALUEIN -of_objects [get_hw_vios -of_objects [get_hw_devices xc7vx690t_0_1] -filter {CELL_NAME=~"Inst_freq_change_syn_DA2/Inst_vio_syn_DA2"}]]
WARNING: [Labtoolstcl 44-128] No matching hw_devices were found.
WARNING: [Labtoolstcl 44-169] No matching hw_vios were found.
WARNING: [Labtoolstcl 44-131] No matching hw_probes were found.
ERROR: [Common 17-55] 'set_property' expects at least one object.
Resolution: If [get_<value>] was used to populate the object, check to make sure this command returns at least one valid object.

commit_hw_vio [get_hw_probes {Inst_freq_change_syn_DA1/CNTVALUEIN} -of_objects [get_hw_vios -of_objects [get_hw_devices xc7vx690t_0_1] -filter {CELL_NAME=~"Inst_freq_change_syn_DA1/Inst_vio_syn_DA1"}]]
WARNING: [Labtoolstcl 44-128] No matching hw_devices were found.
WARNING: [Labtoolstcl 44-169] No matching hw_vios were found.
WARNING: [Labtoolstcl 44-131] No matching hw_probes were found.
ERROR: [Labtoolstcl 44-187] Required <hw_objects> argument is empty.

run_hw_ila [get_hw_ilas -of_objects [get_hw_devices xc7vx690t_0_1] -filter {CELL_NAME=~"Inst_freq_change_syn_DA2/Inst_ila_freq_change_syn_DA2"}]
WARNING: [Labtoolstcl 44-128] No matching hw_devices were found.
WARNING: [Labtoolstcl 44-130] No matching hw_ilas were found.
ERROR: [Labtoolstcl 44-8] Current hw_ila is not set and <hw_ilas> option is empty.
ERROR: [Common 17-39] 'run_hw_ila' failed due to earlier errors.

wait_on_hw_ila [get_hw_ilas -of_objects [get_hw_devices xc7vx690t_0_1] -filter {CELL_NAME=~"Inst_freq_change_syn_DA1/Inst_ila_freq_change_syn_DA1"}]
WARNING: [Labtoolstcl 44-128] No matching hw_devices were found.
WARNING: [Labtoolstcl 44-130] No matching hw_ilas were found.
ERROR: [Labtoolstcl 44-8] Current hw_ila is not set and <hw_ilas> option is empty.
ERROR: [Common 17-39] 'wait_on_hw_ila' failed due to earlier errors.

upload_hw_ila_data [get_hw_ilas -of_objects [get_hw_devices xc7vx690t_0_1] -filter {CELL_NAME=~"Inst_freq_change_syn_DA3/Inst_ila_freq_change_syn_DA3"}]
WARNING: [Labtoolstcl 44-128] No matching hw_devices were found.
WARNING: [Labtoolstcl 44-130] No matching hw_ilas were found.
ERROR: [Labtoolstcl 44-8] Current hw_ila is not set and <hw_ilas> option is empty.
ERROR: [Common 17-39] 'upload_hw_ila_data' failed due to earlier errors.

write_hw_ila_data -csv_file {E:\wx\2_projects\L payload\vivado files\0311\0caishu\process1_0#0.csv} hw_ila_data_4
run_hw_ila [get_hw_ilas -of_objects [get_hw_devices xc7vx690t_0_1] -filter {CELL_NAME=~"Inst_freq_change_syn_DA3/Inst_ila_freq_change_syn_DA3"}]
WARNING: [Labtoolstcl 44-128] No matching hw_devices were found.
WARNING: [Labtoolstcl 44-130] No matching hw_ilas were found.
ERROR: [Labtoolstcl 44-8] Current hw_ila is not set and <hw_ilas> option is empty.
ERROR: [Common 17-39] 'run_hw_ila' failed due to earlier errors.

INFO: [Common 17-206] Exiting Vivado at Tue Mar 19 11:13:25 2024...
