#-----------------------------------------------------------
# Vivado v2018.3.1 (64-bit)
# SW Build 2489853 on Tue Mar 26 04:20:25 MDT 2019
# IP Build 2486929 on Tue Mar 26 06:44:21 MDT 2019
# Start of session at: Mon Mar 25 22:50:34 2024
# Process ID: 10952
# Current directory: D:/IDEA_Projects/auto-fx
# Command line: vivado.exe -mode tcl -source D:\vivado_projects\blank.tcl
# Log file: D:/IDEA_Projects/auto-fx/vivado.log
# Journal file: D:/IDEA_Projects/auto-fx\vivado.jou
#-----------------------------------------------------------
source {D:\vivado_projects\blank.tcl}
INFO: [Common 17-206] Exiting Vivado at Mon Mar 25 22:51:22 2024...
server url TCP:localhost:3121
open_hw_target {localhost:3121/xilinx_tcf/Xilinx/8080658006c001}
INFO: [Labtoolstcl 44-466] Opening hw_target localhost:3121/xilinx_tcf/Xilinx/8080658006c001
close_hw_target {localhost:3121/xilinx_tcf/Xilinx/80806580073c01}
INFO: [Labtoolstcl 44-464] Closing hw_target localhost:3121/xilinx_tcf/Xilinx/80806580073c01
INFO: [Labtoolstcl 44-468] Target hw_target localhost:3121/xilinx_tcf/Xilinx/80806580073c01 is already closed
close_hw_target {localhost:3121/xilinx_tcf/Xilinx/8080658007c701}
INFO: [Labtoolstcl 44-464] Closing hw_target localhost:3121/xilinx_tcf/Xilinx/8080658007c701
INFO: [Labtoolstcl 44-468] Target hw_target localhost:3121/xilinx_tcf/Xilinx/8080658007c701 is already closed
close_hw_target {localhost:3121/xilinx_tcf/Xilinx/8080658006c101}
INFO: [Labtoolstcl 44-464] Closing hw_target localhost:3121/xilinx_tcf/Xilinx/8080658006c101
INFO: [Labtoolstcl 44-468] Target hw_target localhost:3121/xilinx_tcf/Xilinx/8080658006c101 is already closed
current_hw_device [get_hw_devices xc7vx690t_0]
refresh_hw_device -update_hw_probes false [lindex [get_hw_devices xc7vx690t_0] 0]
INFO: [Labtools 27-2302] Device xc7vx690t (JTAG device index = 0) is programmed with a design that has 6 ILA core(s).
INFO: [Labtools 27-2302] Device xc7vx690t (JTAG device index = 0) is programmed with a design that has 18 VIO core(s).
refresh_hw_device: Time (s): cpu = 00:00:06 ; elapsed = 00:00:14 . Memory (MB): peak = 1249.562 ; gain = 997.742
INFO: [Common 17-206] Exiting Vivado at Mon Mar 25 22:51:32 2024...
E {E:/wx/2_projects/L payload/vivado files/0325/HL_impl_freq_syn_added/TOP_HL_SELF.ltx} [get_hw_devices xc7vx690t_0]
WARNING: [Labtoolstcl 44-128] No matching hw_devices were found.
ERROR: [Common 17-55] 'set_property' expects at least one object.
Resolution: If [get_<value>] was used to populate the object, check to make sure this command returns at least one valid object.

set_property FULL_PROBES.FILE {E:/wx/2_projects/L payload/vivado files/0325/HL_impl_freq_syn_added/TOP_HL_SELF.ltx} [get_hw_devices xc7vx690t_0]
WARNING: [Labtoolstcl 44-128] No matching hw_devices were found.
ERROR: [Common 17-55] 'set_property' expects at least one object.
Resolution: If [get_<value>] was used to populate the object, check to make sure this command returns at least one valid object.

set_property PROGRAM.FILE {E:/wx/2_projects/L payload/vivado files/0325/HL_impl_freq_syn_added/TOP_HL_SELF.bit} [get_hw_devices xc7vx690t_0]
WARNING: [Labtoolstcl 44-128] No matching hw_devices were found.
ERROR: [Common 17-55] 'set_property' expects at least one object.
Resolution: If [get_<value>] was used to populate the object, check to make sure this command returns at least one valid object.

refresh_hw_device [lindex [get_hw_devices xc7vx690t_0] 0]
WARNING: [Labtoolstcl 44-128] No matching hw_devices were found.
ERROR: [Labtools 27-112] Target is not connected

display_hw_ila_data [ get_hw_ila_data hw_ila_data_1 -of_objects [get_hw_ilas -of_objects [get_hw_devices xc7vx690t_0] -filter {CELL_NAME=~"Inst_Calib_result_test/your_instance_name"}]]
WARNING: [Labtoolstcl 44-128] No matching hw_devices were found.
WARNING: [Labtoolstcl 44-130] No matching hw_ilas were found.
WARNING: [Labtoolstcl 44-129] No matching hw_ila_data was found.
ERROR: [Labtoolstcl 44-9] Current hw_ila_data is not set and <hw_ila_data> option is empty.

display_hw_ila_data [ get_hw_ila_data hw_ila_data_2 -of_objects [get_hw_ilas -of_objects [get_hw_devices xc7vx690t_0] -filter {CELL_NAME=~"Inst_rec_freq_change_syn/Inst_ila_rec_freq_change_syn"}]]
WARNING: [Labtoolstcl 44-128] No matching hw_devices were found.
WARNING: [Labtoolstcl 44-130] No matching hw_ilas were found.
WARNING: [Labtoolstcl 44-129] No matching hw_ila_data was found.
ERROR: [Labtoolstcl 44-9] Current hw_ila_data is not set and <hw_ila_data> option is empty.

INFO: [Common 17-206] Exiting Vivado at Mon Mar 25 22:51:22 2024...
