#-----------------------------------------------------------
# Vivado v2018.3.1 (64-bit)
# SW Build 2489853 on Tue Mar 26 04:20:25 MDT 2019
# IP Build 2486929 on Tue Mar 26 06:44:21 MDT 2019
# Start of session at: Mon Mar 25 22:52:59 2024
# Process ID: 4372
# Current directory: D:/IDEA_Projects/auto-fx
# Command line: vivado.exe -mode tcl -source D:\vivado_projects\blank.tcl
# Log file: D:/IDEA_Projects/auto-fx/vivado.log
# Journal file: D:/IDEA_Projects/auto-fx\vivado.jou
#-----------------------------------------------------------
source {D:\vivado_projects\blank.tcl}
oopen_hw
connect_hw_server
INFO: [Labtools 27-2285] Connecting to hw_server url TCP:localhost:3121
close_hw_target {localhost:3121/xilinx_tcf/Xilinx/8080658006c001}
INFO: [Labtoolstcl 44-464] Closing hw_target localhost:3121/xilinx_tcf/Xilinx/8080658006c001
INFO: [Labtoolstcl 44-468] Target hw_target localhost:3121/xilinx_tcf/Xilinx/8080658006c001 is already closed
close_hw_target {localhost:3121/xilinx_tcf/Xilinx/80806580073c01}
INFO: [Labtoolstcl 44-464] Closing hw_target localhost:3121/xilinx_tcf/Xilinx/80806580073c01
INFO: [Labtoolstcl 44-468] Target hw_target localhost:3121/xilinx_tcf/Xilinx/80806580073c01 is already closed
open_hw_target {localhost:3121/xilinx_tcf/Xilinx/8080658007c701}
INFO: [Labtoolstcl 44-466] Opening hw_target localhost:3121/xilinx_tcf/Xilinx/8080658007c701
close_hw_target {localhost:3121/xilinx_tcf/Xilinx/8080658006c101}
INFO: [Labtoolstcl 44-464] Closing hw_target localhost:3121/xilinx_tcf/Xilinx/8080658006c101
INFO: [Labtoolstcl 44-468] Target hw_target localhost:3121/xilinx_tcf/Xilinx/8080658006c101 is already closed
current_hw_device [get_hw_devices xc7vx690t_0]
refresh_hw_device -update_hw_probes false [lindex [get_hw_devices xc7vx690t_0] 0]
INFO: [Labtools 27-2302] Device xc7vx690t (JTAG device index = 0) is programmed with a design that has 6 ILA core(s).
INFO: [Labtools 27-2302] Device xc7vx690t (JTAG device index = 0) is programmed with a design that has 18 VIO core(s).
refresh_hw_device: Time (s): cpu = 00:00:06 ; elapsed = 00:00:14 . Memory (MB): peak = 1249.332 ; gain = 995.844
set_property PROBES.FILE {E:/wx/2_projects/L payload/vivado files/0325/AD_impl_pps_r_added/TOP_test2.ltx} [get_hw_devices xc7vx690t_0]
set_property FULL_PROBES.FILE {E:/wx/2_projects/L payload/vivado files/0325/AD_impl_pps_r_added/TOP_test2.ltx} [get_hw_devices xc7vx690t_0]
set_property PROGRAM.FILE {E:/wx/2_projects/L payload/vivado files/0325/AD_impl_pps_r_added/TOP_test2.bit} [get_hw_devices xc7vx690t_0]
refresh_hw_device [lindex [get_hw_devices xc7vx690t_0] 0]
INFO: [Labtools 27-2302] Device xc7vx690t (JTAG device index = 0) is programmed with a design that has 6 ILA core(s).
INFO: [Labtools 27-2302] Device xc7vx690t (JTAG device index = 0) is programmed with a design that has 18 VIO core(s).
INFO: [Labtools 27-1889] Uploading output probe values for VIO core [hw_vio_11]
INFO: [Labtools 27-1889] Uploading output probe values for VIO core [hw_vio_12]
INFO: [Labtools 27-1889] Uploading output probe values for VIO core [hw_vio_13]
INFO: [Labtools 27-1889] Uploading output probe values for VIO core [hw_vio_14]
INFO: [Labtools 27-1889] Uploading output probe values for VIO core [hw_vio_15]
INFO: [Labtools 27-1889] Uploading output probe values for VIO core [hw_vio_16]
INFO: [Labtools 27-1889] Uploading output probe values for VIO core [hw_vio_17]
INFO: [Labtools 27-1889] Uploading output probe values for VIO core [hw_vio_18]
refresh_hw_device: Time (s): cpu = 00:00:00 ; elapsed = 00:00:08 . Memory (MB): peak = 1252.973 ; gain = 3.555
display_hw_ila_data [ get_hw_ila_data hw_ila_data_1 -of_objects [get_hw_ilas -of_objects [get_hw_devices xc7vx690t_0] -filter {CELL_NAME=~"ADandDA_inst/AD_SPI_inst/ila_spi_inst"}]]
display_hw_ila_data [ get_hw_ila_data hw_ila_data_2 -of_objects [get_hw_ilas -of_objects [get_hw_devices xc7vx690t_0] -filter {CELL_NAME=~"ADandDA_inst/DA_SPI_INST/ila_daspi_INST"}]]
display_hw_ila_data [ get_hw_ila_data hw_ila_data_3 -of_objects [get_hw_ilas -of_objects [get_hw_devices xc7vx690t_0] -filter {CELL_NAME=~"ADandDA_inst/ila_addata_inst"}]]
display_hw_ila_data [ get_hw_ila_data hw_ila_data_4 -of_objects [get_hw_ilas -of_objects [get_hw_devices xc7vx690t_0] -filter {CELL_NAME=~"Inst_freq_change_syn/Inst_ila_freq_change_syn"}]]
display_hw_ila_data [ get_hw_ila_data hw_ila_data_5 -of_objects [get_hw_ilas -of_objects [get_hw_devices xc7vx690t_0] -filter {CELL_NAME=~"TCTM_INST/ila_tctm_inst"}]]
display_hw_ila_data [ get_hw_ila_data hw_ila_data_6 -of_objects [get_hw_ilset_property OUTPUT_VALUE 0 [get_hw_probes Inst_freq_change_syn/LD -of_objects [get_hw_vios -of_objects [get_hwset_property OUTPUT_VALUE 0 [get_hw_probes Inst_freq_change_syn/LD -of_objects [get_hwcommit_hw_vio [get_hw_probes {Inst_freq_change_syn/LD} -of_objects [get_hw_vios -of_objects [get_hw_devices xc7commit_hw_vio [get_hw_probes {Inst_freq_change_syn/LD} -of_objects [get_hwset_property OUTPUT_VALUE 1 [get_hw_probes Inst_freq_change_syn/LD -of_objects [get_hw_vios -of_objects [get_hwset_property OUTPUT_VALUE 1 [get_hw_probes Inst_freq_change_syn/LD -of_objects [get_hwcommit_hw_vio [get_hw_probes {Inst_freq_change_syn/LD} -of_objects [get_hw_vios -of_objects [get_hw_devices xc7commit_hw_vio [get_hw_probes {Inst_freq_change_syn/LD} -of_objects [get_hwset_property TRIGGER_COMPARE_VALUE eq1'bR [get_hw_probes Inst_freq_change_syn/IO_syn_iddr -of_objects [get_hw_iset_property TRIGGER_COMPARE_VALUE eq1'bR [get_hw_probes Inst_freq_change_syn/IO_syn_iddr -of_objects [get_hw_ilas -set_property CONTROL.TRIGGER_POSITION 100 [get_hw_ilas -of_objects [get_hw_devices xc7vx690t_0] -filter {CELL_Nset_property CONTROL.TRIGGER_POSITION 100 [get_hw_ilas set_property INPUT_VALUE_RADIX UNSIGNED [get_hw_probes Inst_freq_change_syn/CNTVALUEOUT -of_objects [get_hw_vioset_property INPUT_VALUE_RADIX UNSIGNED [get_hw_probes Inst_freq_change_syn/CNTVALUEOUT -of_objects [get_hwset_property OUTPUT_VALUE_RADIX UNSIGNED [get_hw_probes Inst_freq_change_syn/CNTVALUEIN -of_objects [get_hw_vioset_property OUTPUT_VALUE_RADIX UNSIGNED [get_hw_probes Inst_freq_change_syn/CNTVALUEIN -of_objects [get_hwset_property OUTPUT_VALUE 0 [get_hw_probes Inst_freq_change_syn/CNTVALUEIN -of_objects [get_hw_vios -of_objectsset_property OUTPUT_VALUE 0 [get_hw_probes Inst_freq_change_syn/CNTVALUEIN -of_objects [get_hwcommit_hw_vio [get_hw_probes {Inst_freq_change_syn/CNTVALUEIN} -of_objects [get_hw_vios -of_objects [get_hw_devcommit_hw_vio [get_hw_probes {Inst_freq_change_syn/CNTVALUEIN} -of_objects [get_hwrun_hw_ila [get_hw_ilas -of_objects [get_hw_devices xc7vx690t_0] -filter {CELL_NAME=~"Inst_freq_change_syn/Inst_ila_freq_change_syn"}]
INFO: [Labtools 27-1964] The ILA core 'hw_ila_4' trigger was armed at 2024-Mar-25 22:55:26
wait_on_hw_ila [get_hw_ilas -of_objects [get_hw_devices xc7vx690t_0] -filter {CELL_NAME=~"Inst_freq_change_syn/wait_on_hw_ila [get_hw_ilas upload_hw_ila_data [get_hw_ilas -of_objects [get_hw_devices xc7vx690t_0] -filter {CELL_NAME=~"Inst_freq_change_upload_hw_ila_data [get_hw_ilas INFO: [Labtools 27-1966] The ILA core 'hw_ila_4' triggered at 2024-Mar-25 22:55:29
write_hw_ila_data -csv_file {E:\wx\2_projects\caishu\AD\process0_0#0.csv} hw_ila_data_4
run_hw_ila [get_hw_ilas -of_objects [get_hw_devices xc7vx690t_0] -filter {CELL_NAME=~"Inst_freq_change_syn/Instrun_hw_ila [get_hw_ilas INFO: [Labtools 27-1964] The ILA core 'hw_ila_4' trigger was armed at 2024-Mar-25 22:55:37
wait_on_hw_ila [get_hw_ilas -of_objects [get_hw_devices xc7vx690t_0] -filter {CELL_NAME=~"Inst_freq_change_syn/wait_on_hw_ila [get_hw_ilas upload_hw_ila_data [get_hw_ilas -of_objects [get_hw_devices xc7vx690t_0] -filter {CELL_NAME=~"Inst_freq_change_upload_hw_ila_data [get_hw_ilas INFO: [Labtools 27-1966] The ILA core 'hw_ila_4' triggered at 2024-Mar-25 22:55:40
write_hw_ila_data -csv_file {E:\wx\2_projects\caishu\AD\process0_0#1.csv} hw_ila_data_4
run_hw_ila [get_hw_ilas -of_objects [get_hw_devices xc7vx690t_0] -filter {CELL_NAME=~"Inst_freq_change_syn/Instrun_hw_ila [get_hw_ilas INFO: [Labtools 27-1964] The ILA core 'hw_ila_4' trigger was armed at 2024-Mar-25 22:55:48
wait_on_hw_ila [get_hw_ilas -of_objects [get_hw_devices xc7vx690t_0] -filter {CELL_NAME=~"Inst_freq_change_syn/Inst_ila_freq_change_syn"}]
upload_hw_ila_data [get_hw_ilas -of_objects [get_hw_devices xc7vx690t_0] -filter {CELL_NAME=~"Inst_freq_change_syn/Inst_ila_freq_change_syn"}]
INFO: [Labtools 27-1966] The ILA core 'hw_ila_4' triggered at 2024-Mar-25 22:55:51
write_hw_ila_data -csv_file {E:\wx\2_projects\caishu\AD\process0_0#2.csv} hw_ila_data_4
set_property OUTPUT_VALUE 1 [get_hw_probes Inst_freq_change_syn/CNTVALUEIN -of_objects [get_hw_vios -of_objectsset_property OUTPUT_VALUE 1 [get_hw_probes Inst_freq_change_syn/CNTVALUEIN -of_objects [get_hwcommit_hw_vio [get_hw_probes {Inst_freq_change_syn/CNTVALUEIN} -of_objects [get_hw_vios -of_objects [get_hw_devcommit_hw_vio [get_hw_probes {Inst_freq_change_syn/CNTVALUEIN} -of_objects [get_hwrun_hw_ila [get_hw_ilas -of_objects [get_hw_devices xc7vx690t_0] -filter {CELL_NAME=~"Inst_freq_change_syn/Instrun_hw_ila [get_hw_ilas INFO: [Labtools 27-1964] The ILA core 'hw_ila_4' trigger was armed at 2024-Mar-25 22:56:05
wait_on_hw_ila [get_hw_ilas -of_objects [get_hw_devices xc7vx690t_0] -filter {CELL_NAME=~"Inst_freq_change_syn/wait_on_hw_ila [get_hw_ilas upload_hw_ila_data [get_hw_ilas -of_objects [get_hw_devices xc7vx690t_0] -filter {CELL_NAME=~"Inst_freq_change_syn/Inst_ila_freq_change_syn"}]
INFO: [Labtools 27-1966] The ILA core 'hw_ila_4' triggered at 2024-Mar-25 22:56:08
write_hw_ila_data -csv_file {E:\wx\2_projects\caishu\AD\process0_1#0.csv} hw_ila_data_4
run_hw_ila [get_hw_ilas -of_objects [get_hw_devices xc7vx690t_0] -filter {CELL_NAME=~"Inst_freq_change_syn/Instrun_hw_ila [get_hw_ilas INFO: [Labtools 27-1964] The ILA core 'hw_ila_4' trigger was armed at 2024-Mar-25 22:56:17
wait_on_hw_ila [get_hw_ilas -of_objects [get_hw_devices xc7vx690t_0] -filter {CELL_NAME=~"Inst_freq_change_syn/wait_on_hw_ila [get_hw_ilas upload_hw_ila_data [get_hw_ilas -of_objects [get_hw_devices xc7vx690t_0] -filter {CELL_NAME=~"Inst_freq_change_upload_hw_ila_data [get_hw_ilas INFO: [Labtools 27-1966] The ILA core 'hw_ila_4' triggered at 2024-Mar-25 22:56:19
write_hw_ila_data -csv_file {E:\wx\2_projects\caishu\AD\process0_1#1.csv} hw_ila_data_4
run_hw_ila [get_hw_ilas -of_objects [get_hw_devices xc7vx690t_0] -filter {CELL_NAME=~"Inst_freq_change_syn/Instrun_hw_ila [get_hw_ilas INFO: [Labtools 27-1964] The ILA core 'hw_ila_4' trigger was armed at 2024-Mar-25 22:56:28
wait_on_hw_ila [get_hw_ilas -of_objects [get_hw_devices xc7vx690t_0] -filter {CELL_NAME=~"Inst_freq_change_syn/wait_on_hw_ila [get_hw_ilas upload_hw_ila_data [get_hw_ilas -of_objects [get_hw_devices xc7vx690t_0] -filter {CELL_NAME=~"Inst_freq_change_upload_hw_ila_data [get_hw_ilas INFO: [Labtools 27-1966] The ILA core 'hw_ila_4' triggered at 2024-Mar-25 22:56:30
write_hw_ila_data -csv_file {E:\wx\2_projects\caishu\AD\process0_1#2.csv} hw_ila_data_4
set_property OUTPUT_VALUE 2 [get_hw_probes Inst_freq_change_syn/CNTVALUEIN -of_objects [get_hw_vios -of_objectsset_property OUTPUT_VALUE 2 [get_hw_probes Inst_freq_change_syn/CNTVALUEIN -of_objects [get_hwcommit_hw_vio [get_hw_probes {Inst_freq_change_syn/CNTVALUEIN} -of_objects [get_hw_vios -of_objects [get_hw_devices xc7vx690t_0] -filter {CELL_NAME=~"Inst_freq_change_syn/Inst_freq_vio_syn"}]]
run_hw_ila [get_hw_ilas -of_objects [get_hw_devices xc7vx690t_0] -filter {CELL_NAME=~"Inst_freq_change_syn/Instrun_hw_ila [get_hw_ilas INFO: [Labtools 27-1964] The ILA core 'hw_ila_4' trigger was armed at 2024-Mar-25 22:56:44
wait_on_hw_ila [get_hw_ilas -of_objects [get_hw_devices xc7vx690t_0] -filter {CELL_NAME=~"Inst_freq_change_syn/wait_on_hw_ila [get_hw_ilas upload_hw_ila_data [get_hw_ilas -of_objects [get_hw_devices xc7vx690t_0] -filter {CELL_NAME=~"Inst_freq_change_upload_hw_ila_data [get_hw_ilas INFO: [Labtools 27-1966] The ILA core 'hw_ila_4' triggered at 2024-Mar-25 22:56:47
write_hw_ila_data -csv_file {E:\wx\2_projects\caishu\AD\process0_2#0.csv} hw_ila_data_4
run_hw_ila [get_hw_ilas -of_objects [get_hw_devices xc7vx690t_0] -filter {CELL_NAME=~"Inst_freq_change_syn/Inst_ila_freq_change_syn"}]
INFO: [Labtools 27-1964] The ILA core 'hw_ila_4' trigger was armed at 2024-Mar-25 22:56:55
wait_on_hw_ila [get_hw_ilas -of_objects [get_hw_devices xc7vx690t_0] -filter {CELL_NAME=~"Inst_freq_change_syn/wait_on_hw_ila [get_hw_ilas upload_hw_ila_data [get_hw_ilas -of_objects [get_hw_devices xc7vx690t_0] -filter {CELL_NAME=~"Inst_freq_change_upload_hw_ila_data [get_hw_ilas INFO: [Labtools 27-1966] The ILA core 'hw_ila_4' triggered at 2024-Mar-25 22:56:58
write_hw_ila_data -csv_file {E:\wx\2_projects\caishu\AD\process0_2#1.csv} hw_ila_data_4
run_hw_ila [get_hw_ilas -of_objects [get_hw_devices xc7vx690t_0] -filter {CELL_NAME=~"Inst_freq_change_syn/Inst_ila_freq_change_syn"}]
INFO: [Labtools 27-1964] The ILA core 'hw_ila_4' trigger was armed at 2024-Mar-25 22:57:06
wait_on_hw_ila [get_hw_ilas -of_objects [get_hw_devices xc7vx690t_0] -filter {CELL_NAME=~"Inst_freq_change_syn/wait_on_hw_ila [get_hw_ilas upload_hw_ila_data [get_hw_ilas -of_objects [get_hw_devices xc7vx690t_0] -filter {CELL_NAME=~"Inst_freq_change_upload_hw_ila_data [get_hw_ilas INFO: [Labtools 27-1966] The ILA core 'hw_ila_4' triggered at 2024-Mar-25 22:57:09
write_hw_ila_data -csv_file {E:\wx\2_projects\caishu\AD\process0_2#2.csv} hw_ila_data_4
set_property OUTPUT_VALUE 3 [get_hw_probes Inst_freq_change_syn/CNTVALUEIN -of_objects [get_hw_vios -of_objects [get_hw_devices xc7vx690t_0] -filter {CELL_NAME=~"Inst_freq_change_syn/Inst_freq_vio_syn"}]]
commit_hw_vio [get_hw_probes {Inst_freq_change_syn/CNTVALUEIN} -of_objects [get_hw_vios -of_objects [get_hw_devcommit_hw_vio [get_hw_probes {Inst_freq_change_syn/CNTVALUEIN} -of_objects [get_hwrun_hw_ila [get_hw_ilas -of_objects [get_hw_devices xc7vx690t_0] -filter {CELL_NAME=~"Inst_freq_change_syn/Instrun_hw_ila [get_hw_ilas INFO: [Labtools 27-1964] The ILA core 'hw_ila_4' trigger was armed at 2024-Mar-25 22:57:22
wait_on_hw_ila [get_hw_ilas -of_objects [get_hw_devices xc7vx690t_0] -filter {CELL_NAME=~"Inst_freq_change_syn/wait_on_hw_ila [get_hw_ilas upload_hw_ila_data [get_hw_ilas -of_objects [get_hw_devices xc7vx690t_0] -filter {CELL_NAME=~"Inst_freq_change_upload_hw_ila_data [get_hw_ilas INFO: [Labtools 27-1966] The ILA core 'hw_ila_4' triggered at 2024-Mar-25 22:57:25
write_hw_ila_data -csv_file {E:\wx\2_projects\caishu\AD\process0_3#0.csv} hw_ila_data_4
run_hw_ila [get_hw_ilas -of_objects [get_hw_devices xc7vx690t_0] -filter {CELL_NAME=~"Inst_freq_change_syn/Instrun_hw_ila [get_hw_ilas INFO: [Labtools 27-1964] The ILA core 'hw_ila_4' trigger was armed at 2024-Mar-25 22:57:33
wait_on_hw_ila [get_hw_ilas -of_objects [get_hw_devices xc7vx690t_0] -filter {CELL_NAME=~"Inst_freq_change_syn/wait_on_hw_ila [get_hw_ilas upload_hw_ila_data [get_hw_ilas -of_objects [get_hw_devices xc7vx690t_0] -filter {CELL_NAME=~"Inst_freq_change_upload_hw_ila_data [get_hw_ilas INFO: [Labtools 27-1966] The ILA core 'hw_ila_4' triggered at 2024-Mar-25 22:57:36
write_hw_ila_data -csv_file {E:\wx\2_projects\caishu\AD\process0_3#1.csv} hw_ila_data_4
run_hw_ila [get_hw_ilas -of_objects [get_hw_devices xc7vx690t_0] -filter {CELL_NAME=~"Inst_freq_change_syn/Instrun_hw_ila [get_hw_ilas INFO: [Labtools 27-1964] The ILA core 'hw_ila_4' trigger was armed at 2024-Mar-25 22:57:44
wait_on_hw_ila [get_hw_ilas -of_objects [get_hw_devices xc7vx690t_0] -filter {CELL_NAME=~"Inst_freq_change_syn/wait_on_hw_ila [get_hw_ilas wait_on_hw_ila: Time (s): cpu = 00:00:00 ; elapsed = 00:00:09 . Memory (MB): peak = 1255.848 ; gain = 0.035
uplwait_on_hw_ila: Time (s): cpu = 00:00:00 ; elapsed = 00:00:12 . Memory (MB): peak = 1256.539 ; gain = 0.035
upload_hw_ila_data [get_hw_ilas -of_objects [get_hw_devices xc7vx690t_0] -filter {CELL_NAME=~"Inst_freq_change_syn/upload_hw_ila_data: Time (s): cpu = 00:00:00 ; elapsed = 00:00:08 . Memory (MB): peak = 1255.848 ; gain = 0.000upload_hw_ila_data: Time (s): cpu = 00:00:00 ; elapsed = 00:00:06 . Memory (MB): peak = 1setset_property OUTPUT_VALUE 4 [get_hw_probes Inst_freq_change_syn/CNTVALUEIN -of_objects [get_hw_vios -of_objects [get_hw_devices xc7vx690t_0] -filter {CELL_NAME=~"Inst_freq_change_syn/Inst_freq_vio_syn"}comcommit_hw_vio [get_hw_probes {Inst_freq_change_syn/CNTVALUEIN} -of_objects [get_hw_vios -of_objects [get_hw_commit_hw_vio [get_hw_probes {Inst_freq_change_syn/CNTVALUEIN} -of_objects [get_hwrun_hw_ila [get_hw_ilas -of_objects [get_hw_devices xc7vx690t_0] -filter {CELL_NAME=~"Inst_freq_change_syn/Instrun_hw_ila [get_hw_ilas INFINFO: [Labtools 27-1964] The ILA core 'hw_ila_4' trigger was armed at 2024-Mar-25 22:58:waiwait_on_hw_ila [get_hw_ilas -of_objects [get_hw_devices xc7vx690t_0] -filter {CELL_NAME=~"Inst_freq_change_swait_on_hw_ila [get_hw_ilas upload_hw_ila_data [get_hw_ilas -of_objects [get_hw_devices xc7vx690t_0] -filter {CELL_NAME=~"Inst_freq_change_syn/Inst_ila_freq_change_syn"}]
INFINFO: [Labtools 27-1966] The ILA core 'hw_ila_4' triggered at 2024-Mar-25 22:58:wriwrite_hw_ila_data -csv_file {E:\wx\2_projects\caishu\AD\process2_4#0.csv} hw_ila_datarun_hw_ila [get_hw_ilas -of_objects [get_hw_devices xc7vx690t_0] -filter {CELL_NAME=~"Inst_freq_change_syn/Inst_ila_freq_change_syn"}]
INFINFO: [Labtools 27-1964] The ILA core 'hw_ila_4' trigger was armed at 2024-Mar-25 22:58:waiwait_on_hw_ila [get_hw_ilas -of_objects [get_hw_devices xc7vx690t_0] -filter {CELL_NAME=~"Inst_freq_change_swait_on_hw_ila [get_hw_ilas uplupload_hw_ila_data [get_hw_ilas -of_objects [get_hw_devices xc7vx690t_0] -filter {CELL_NAME=~"Inst_freq_chanupload_hw_ila_data [get_hw_ilas INFINFO: [Labtools 27-1966] The ILA core 'hw_ila_4' triggered at 2024-Mar-25 22:58:wriwrite_hw_ila_data -csv_file {E:\wx\2_projects\caishu\AD\process2_4#1.csv} hw_ila_datarunrun_hw_ila [get_hw_ilas -of_objects [get_hw_devices xc7vx690t_0] -filter {CELL_NAME=~"Inst_freq_change_syn/Irun_hw_ila [get_hw_ilas INFO: [Labtools 27-1964] The ILA core 'hw_ila_4' trigger was armed at 2024-Mar-25 22:58:38
waiwait_on_hw_ila [get_hw_ilas -of_objects [get_hw_devices xc7vx690t_0] -filter {CELL_NAME=~"Inst_freq_change_swait_on_hw_ila [get_hw_ilas uplupload_hw_ila_data [get_hw_ilas -of_objects [get_hw_devices xc7vx690t_0] -filter {CELL_NAME=~"Inst_freq_chanupload_hw_ila_data [get_hw_ilas INFO: [Labtools 27-1966] The ILA core 'hw_ila_4' triggered at 2024-Mar-25 22:58:41
wriwrite_hw_ila_data -csv_file {E:\wx\2_projects\caishu\AD\process2_4#2.csv} hw_ila_datasetset_property OUTPUT_VALUE 5 [get_hw_probes Inst_freq_change_syn/CNTVALUEIN -of_objects [get_hw_vios -of_objects [get_hw_devices xc7vx690t_0] -filter {CELL_NAME=~"Inst_freq_change_syn/Inst_freq_vio_syn"}commit_hw_vio [get_hw_probes {Inst_freq_change_syn/CNTVALUEIN} -of_objects [get_hw_vios -of_objects [get_hw_devices xc7vx690t_0] -filter {CELL_NAME=~"Inst_freq_change_syn/Inst_freq_vio_syn"}]]
runrun_hw_ila [get_hw_ilas -of_objects [get_hw_devices xc7vx690t_0] -filter {CELL_NAME=~"Inst_freq_change_syn/Inst_ila_freq_change_syn"INFINFO: [Labtools 27-1964] The ILA core 'hw_ila_4' trigger was armed at 2024-Mar-25 22:58:waiwait_on_hw_ila [get_hw_ilas -of_objects [get_hw_devices xc7vx690t_0] -filter {CELL_NAME=~"Inst_freq_change_swait_on_hw_ila [get_hw_ilas uplupload_hw_ila_data [get_hw_ilas -of_objects [get_hw_devices xc7vx690t_0] -filter {CELL_NAME=~"Inst_freq_chanupload_hw_ila_data [get_hw_ilas INFO: [Labtools 27-1966] The ILA core 'hw_ila_4' triggered at 2024-Mar-25 22:58:56
write_hw_ila_data -csv_file {E:\wx\2_projects\caishu\AD\process0_5#0.csv} hw_ila_data_4
runrun_hw_ila [get_hw_ilas -of_objects [get_hw_devices xc7vx690t_0] -filter {CELL_NAME=~"Inst_freq_change_syn/Irun_hw_ila [get_hw_ilas INFINFO: [Labtools 27-1964] The ILA core 'hw_ila_4' trigger was armed at 2024-Mar-25 22:59:waiwait_on_hw_ila [get_hw_ilas -of_objects [get_hw_devices xc7vx690t_0] -filter {CELL_NAME=~"Inst_freq_change_swait_on_hw_ila [get_hw_ilas uplupload_hw_ila_data [get_hw_ilas -of_objects [get_hw_devices xc7vx690t_0] -filter {CELL_NAME=~"Inst_freq_chanupload_hw_ila_data [get_hw_ilas INFINFO: [Labtools 27-1966] The ILA core 'hw_ila_4' triggered at 2024-Mar-25 22:59:write_hw_ila_data -csv_file {E:\wx\2_projects\caishu\AD\process0_5#1.csv} hw_ila_data_4
runrun_hw_ila [get_hw_ilas -of_objects [get_hw_devices xc7vx690t_0] -filter {CELL_NAME=~"Inst_freq_change_syn/Irun_hw_ila [get_hw_ilas INFO: [Labtools 27-1964] The ILA core 'hw_ila_4' trigger was armed at 2024-Mar-25 22:59:16
waiwait_on_hw_ila [get_hw_ilas -of_objects [get_hw_devices xc7vx690t_0] -filter {CELL_NAME=~"Inst_freq_change_swait_on_hw_ila [get_hw_ilas upload_hw_ila_data [get_hw_ilas -of_objects [get_hw_devices xc7vx690t_0] -filter {CELL_NAME=~"Inst_freq_change_upload_hw_ila_data [get_hw_ilas INFO: [Labtools 27-1966] The ILA core 'hw_ila_4' triggered at 2024-Mar-25 22:59:18
write_hw_ila_data -csv_file {E:\wx\2_projects\caishu\AD\process0_5#2.csv} hw_ila_data_4
setset_property OUTPUT_VALUE 6 [get_hw_probes Inst_freq_change_syn/CNTVALUEIN -of_objects [get_hw_vios -of_objeset_property OUTPUT_VALUE 6 [get_hw_probes Inst_freq_change_syn/CNTVALUEIN -of_objects [get_hwcommit_hw_vio [get_hw_probes {Inst_freq_change_syn/CNTVALUEIN} -of_objects [get_hw_vios -of_objects [get_hw_devices xc7vx690t_0] -filter {CELL_NAME=~"Inst_freq_change_syn/Inst_freq_vio_syn"}]]
runrun_hw_ila [get_hw_ilas -of_objects [get_hw_devices xc7vx690t_0] -filter {CELL_NAME=~"Inst_freq_change_syn/Inst_ila_freq_change_syn"INFO: [Labtools 27-1964] The ILA core 'hw_ila_4' trigger was armed at 2024-Mar-25 22:59:32
waiwait_on_hw_ila [get_hw_ilas -of_objects [get_hw_devices xc7vx690t_0] -filter {CELL_NAME=~"Inst_freq_change_swait_on_hw_ila [get_hw_ilas upload_hw_ila_data [get_hw_ilas -of_objects [get_hw_devices xc7vx690t_0] -filter {CELL_NAME=~"Inst_freq_change_upload_hw_ila_data [get_hw_ilas INFINFO: [Labtools 27-1966] The ILA core 'hw_ila_4' triggered at 2024-Mar-25 22:59:write_hw_ila_data -csv_file {E:\wx\2_projects\caishu\AD\process0_6#0.csv} hw_ila_data_4
runrun_hw_ila [get_hw_ilas -of_objects [get_hw_devices xc7vx690t_0] -filter {CELL_NAME=~"Inst_freq_change_syn/Irun_hw_ila [get_hw_ilas INFO: [Labtools 27-1964] The ILA core 'hw_ila_4' trigger was armed at 2024-Mar-25 22:59:43
wait_on_hw_ila [get_hw_ilas -of_objects [get_hw_devices xc7vx690t_0] -filter {CELL_NAME=~"Inst_freq_change_syn/Inst_ila_freq_change_syn"}]
upload_hw_ila_data [get_hw_ilas -of_objects [get_hw_devices xc7vx690t_0] -filter {CELL_NAME=~"Inst_freq_change_syn/Inst_ila_freq_change_syn"}]
INFO: [Labtools 27-1966] The ILA core 'hw_ila_4' triggered at 2024-Mar-25 22:59:45
wriwrite_hw_ila_data -csv_file {E:\wx\2_projects\caishu\AD\process2_6#1.csv} hw_ila_datarunrun_hw_ila [get_hw_ilas -of_objects [get_hw_devices xc7vx690t_0] -filter {CELL_NAME=~"Inst_freq_change_syn/Irun_hw_ila [get_hw_ilas INFINFO: [Labtools 27-1964] The ILA core 'hw_ila_4' trigger was armed at 2024-Mar-25 22:59:waiwait_on_hw_ila [get_hw_ilas -of_objects [get_hw_devices xc7vx690t_0] -filter {CELL_NAME=~"Inst_freq_change_swait_on_hw_ila [get_hw_ilas uplupload_hw_ila_data [get_hw_ilas -of_objects [get_hw_devices xc7vx690t_0] -filter {CELL_NAME=~"Inst_freq_chanupload_hw_ila_data [get_hw_ilas INFO: [Labtools 27-1966] The ILA core 'hw_ila_4' triggered at 2024-Mar-25 23:00:00
write_hw_ila_data -csv_file {E:\wx\2_projects\caishu\AD\process0_6#2.csv} hw_ila_data_4
setset_property OUTPUT_VALUE 7 [get_hw_probes Inst_freq_change_syn/CNTVALUEIN -of_objects [get_hw_vios -of_objects [get_hw_devices xc7vx690t_0] -filter {CELL_NAME=~"Inst_freq_change_syn/Inst_freq_vio_syn"}commit_hw_vio [get_hw_probes {Inst_freq_change_syn/CNTVALUEIN} -of_objects [get_hw_vios -of_objects [get_hw_devices xc7vx690t_0] -filter {CELL_NAME=~"Inst_freq_change_syn/Inst_freq_vio_syn"}]]
runrun_hw_ila [get_hw_ilas -of_objects [get_hw_devices xc7vx690t_0] -filter {CELL_NAME=~"Inst_freq_change_syn/Irun_hw_ila [get_hw_ilas INFINFO: [Labtools 27-1964] The ILA core 'hw_ila_4' trigger was armed at 2024-Mar-25 23:00:waiwait_on_hw_ila [get_hw_ilas -of_objects [get_hw_devices xc7vx690t_0] -filter {CELL_NAME=~"Inst_freq_change_swait_on_hw_ila [get_hw_ilas INFO: [Common 17-206] Exiting Vivado at Mon Mar 25 23:00:17 2024...
..
_change_syn/Inst_ila_freq_change_syn"}]
upload_hw_ila_data [get_hw_ilas -of_objects [get_hw_devices xc7vx690t_0] -filter {CELL_NAME=~"Inst_freq_change_syn/Inst_ila_freq_change_syn"}]
INFO: [Labtools 27-1966] The ILA core 'hw_ila_4' triggered at 2024-Mar-25 23:00:12
INFO: [Common 17-206] Exiting Vivado at Mon Mar 25 23:00:18 2024...
la_rec_freq_change_syn"}]
INFO: [Labtools 27-1964] The ILA core 'hw_ila_2' trigger was armed at 2024-Mar-25 22:57:44
set_property OUTPUT_VALUE 1 [get_hw_probes rec_freq_change_flag -of_objects [get_hw_vios -of_objects [get_hw_devices xc7vx690t_0] -filter {CELL_NAME=~"Inst_freq_change_flag"}]]
commit_hw_vio [get_hw_probes {rec_freq_change_flag} -of_objects [get_hw_vios -of_objects [get_hw_devices xc7vx690t_0] -filter {CELL_NAME=~"Inst_freq_change_flag"}]]
wait_on_hw_ila [get_hw_ilas -of_objects [get_hw_devices xc7vx690t_0] -filter {CELL_NAME=~"Inst_rec_freq_change_syn/Inst_ila_rec_freq_change_syn"}]
upload_hw_ila_data [get_hw_ilas -of_objects [get_hw_devices xc7vx690t_0] -filter {CELL_NAME=~"Inst_rec_freq_change_syn/Inst_ila_rec_freq_change_syn"}]
INFO: [Labtools 27-1966] The ILA core 'hw_ila_2' triggered at 2024-Mar-25 22:57:47
upload_hw_ila_data: Time (s): cpu = 00:00:00 ; elapsed = 00:00:13 . Memory (MB): peak = 1265.961 ; gain = 0.039
write_hw_ila_data -csv_file {E:\wx\2_projects\caishu\AD\process3_3#2.csv} hw_ila_data_2
set_property OUTPUT_VALUE 0 [get_hw_probes rec_freq_change_flag -of_objects [get_hw_vios -of_objects [get_hw_devices xc7vx690t_0] -filter {CELL_NAME=~"Inst_freq_change_flag"}]]
commit_hw_vio [get_hw_probes {rec_freq_change_flag} -of_objects [get_hw_vios -of_objects [get_hw_devices xc7vx690t_0] -filter {CELL_NAME=~"Inst_freq_change_flag"}]]
set_property OUTPUT_VALUE 0 [get_hw_probes rec_freq_change_flag -of_objects [get_hw_vios -of_objects [get_hw_devices xc7vx690t_0] -filter {CELL_NAME=~"Inst_freq_change_flag"}]]
commit_hw_vio [get_hw_probes {rec_freq_change_flag} -of_objects [get_hw_vios -of_objects [get_hw_devices xc7vx690t_0] -filter {CELL_NAME=~"Inst_freq_change_flag"}]]
run_hw_ila [get_hw_ilas -of_objects [get_hw_devices xc7vx690t_0] -filter {CELL_NAME=~"Inst_rec_freq_change_syn/Inst_ila_rec_freq_change_syn"}]
INFO: [Labtools 27-1964] The ILA core 'hw_ila_2' trigger was armed at 2024-Mar-25 22:58:15
set_property OUTPUT_VALUE 1 [get_hw_probes rec_freq_change_flag -of_objects [get_hw_vios -of_objects [get_hw_devices xc7vx690t_0] -filter {CELL_NAME=~"Inst_freq_change_flag"}]]
commit_hw_vio [get_hw_probes {rec_freq_change_flag} -of_objects [get_hw_vios -of_objects [get_hw_devices xc7vx690t_0] -filter {CELL_NAME=~"Inst_freq_change_flag"}]]
wait_on_hw_ila [get_hw_ilas -of_objects [get_hw_devices xc7vx690t_0] -filter {CELL_NAME=~"Inst_rec_freq_change_syn/Inst_ila_rec_freq_change_syn"}]
upload_hw_ila_data [get_hw_ilas -of_objects [get_hw_devices xc7vx690t_0] -filter {CELL_NAME=~"Inst_rec_freq_change_syn/Inst_ila_rec_freq_change_syn"}]
INFO: [Labtools 27-1966] The ILA core 'hw_ila_2' triggered at 2024-Mar-25 22:58:18
write_hw_ila_data -csv_file {E:\wx\2_projects\caishu\AD\process3_4#0.csv} hw_ila_data_2
set_property OUTPUT_VALUE 0 [get_hw_probes rec_freq_change_flag -of_objects [get_hw_vios -of_objects [get_hw_devices xc7vx690t_0] -filter {CELL_NAME=~"Inst_freq_change_flag"}]]
commit_hw_vio [get_hw_probes {rec_freq_change_flag} -of_objects [get_hw_vios -of_objects [get_hw_devices xc7vx690t_0] -filter {CELL_NAME=~"Inst_freq_change_flag"}]]
run_hw_ila [get_hw_ilas -of_objects [get_hw_devices xc7vx690t_0] -filter {CELL_NAME=~"Inst_rec_freq_change_syn/Inst_ila_rec_freq_change_syn"}]
INFO: [Labtools 27-1964] The ILA core 'hw_ila_2' trigger was armed at 2024-Mar-25 22:58:27
set_property OUTPUT_VALUE 1 [get_hw_probes rec_freq_change_flag -of_objects [get_hw_vios -of_objects [get_hw_devices xc7vx690t_0] -filter {CELL_NAME=~"Inst_freq_change_flag"}]]
commit_hw_vio [get_hw_probes {rec_freq_change_flag} -of_objects [get_hw_vios -of_objects [get_hw_devices xc7vx690t_0] -filter {CELL_NAME=~"Inst_freq_change_flag"}]]
wait_on_hw_ila [get_hw_ilas -of_objects [get_hw_devices xc7vx690t_0] -filter {CELL_NAME=~"Inst_rec_freq_change_syn/Inst_ila_rec_freq_change_syn"}]
upload_hw_ila_data [get_hw_ilas -of_objects [get_hw_devices xc7vx690t_0] -filter {CELL_NAME=~"Inst_rec_freq_change_syn/Inst_ila_rec_freq_change_syn"}]
INFO: [Labtools 27-1966] The ILA core 'hw_ila_2' triggered at 2024-Mar-25 22:58:29
write_hw_ila_data -csv_file {E:\wx\2_projects\caishu\AD\process3_4#1.csv} hw_ila_data_2
set_property OUTPUT_VALUE 0 [get_hw_probes rec_freq_change_flag -of_objects [get_hw_vios -of_objects [get_hw_devices xc7vx690t_0] -filter {CELL_NAME=~"Inst_freq_change_flag"}]]
commit_hw_vio [get_hw_probes {rec_freq_change_flag} -of_objects [get_hw_vios -of_objects [get_hw_devices xc7vx690t_0] -filter {CELL_NAME=~"Inst_freq_change_flag"}]]
run_hw_ila [get_hw_ilas -of_objects [get_hw_devices xc7vx690t_0] -filter {CELL_NAME=~"Inst_rec_freq_change_syn/Inst_ila_rec_freq_change_syn"}]
INFO: [Labtools 27-1964] The ILA core 'hw_ila_2' trigger was armed at 2024-Mar-25 22:58:38
set_property OUTPUT_VALUE 1 [get_hw_probes rec_freq_change_flag -of_objects [get_hw_vios -of_objects [get_hw_devices xc7vx690t_0] -filter {CELL_NAME=~"Inst_freq_change_flag"}]]
commit_hw_vio [get_hw_probes {rec_freq_change_flag} -of_objects [get_hw_vios -of_objects [get_hw_devices xc7vx690t_0] -filter {CELL_NAME=~"Inst_freq_change_flag"}]]
wait_on_hw_ila [get_hw_ilas -of_objects [get_hw_devices xc7vx690t_0] -filter {CELL_NAME=~"Inst_rec_freq_change_syn/Inst_ila_rec_freq_change_syn"}]
upload_hw_ila_data [get_hw_ilas -of_objects [get_hw_devices xc7vx690t_0] -filter {CELL_NAME=~"Inst_rec_freq_change_syn/Inst_ila_rec_freq_change_syn"}]
INFO: [Labtools 27-1966] The ILA core 'hw_ila_2' triggered at 2024-Mar-25 22:58:41
write_hw_ila_data -csv_file {E:\wx\2_projects\caishu\AD\process3_4#2.csv} hw_ila_data_2
set_property OUTPUT_VALUE 0 [get_hw_probes rec_freq_change_flag -of_objects [get_hw_vios -of_objects [get_hw_devices xc7vx690t_0] -filter {CELL_NAME=~"Inst_freq_change_flag"}]]
commit_hw_vio [get_hw_probes {rec_freq_change_flag} -of_objects [get_hw_vios -of_objects [get_hw_devices xc7vx690t_0] -filter {CELL_NAME=~"Inst_freq_change_flag"}]]
set_property OUTPUT_VALUE 0 [get_hw_probes rec_freq_change_flag -of_objects [get_hw_vios -of_objects [get_hw_devices xc7vx690t_0] -filter {CELL_NAME=~"Inst_freq_change_flag"}]]
commit_hw_vio [get_hw_probes {rec_freq_change_flag} -of_objects [get_hw_vios -of_objects [get_hw_devices xc7vx690t_0] -filter {CELL_NAME=~"Inst_freq_change_flag"}]]
run_hw_ila [get_hw_ilas -of_objects [get_hw_devices xc7vx690t_0] -filter {CELL_NAME=~"Inst_rec_freq_change_syn/Inst_ila_rec_freq_change_syn"}]
INFO: [Labtools 27-1964] The ILA core 'hw_ila_2' trigger was armed at 2024-Mar-25 22:58:54
set_property OUTPUT_VALUE 1 [get_hw_probes rec_freq_change_flag -of_objects [get_hw_vios -of_objects [get_hw_devices xc7vx690t_0] -filter {CELL_NAME=~"Inst_freq_change_flag"}]]
commit_hw_vio [get_hw_probes {rec_freq_change_flag} -of_objects [get_hw_vios -of_objects [get_hw_devices xc7vx690t_0] -filter {CELL_NAME=~"Inst_freq_change_flag"}]]
wait_on_hw_ila [get_hw_ilas -of_objects [get_hw_devices xc7vx690t_0] -filter {CELL_NAME=~"Inst_rec_freq_change_syn/Inst_ila_rec_freq_change_syn"}]
upload_hw_ila_data [get_hw_ilas -of_objects [get_hw_devices xc7vx690t_0] -filter {CELL_NAME=~"Inst_rec_freq_change_syn/Inst_ila_rec_freq_change_syn"}]
INFO: [Labtools 27-1966] The ILA core 'hw_ila_2' triggered at 2024-Mar-25 22:58:56
write_hw_ila_data -csv_file {E:\wx\2_projects\caishu\AD\process3_5#0.csv} hw_ila_data_2
set_property OUTPUT_VALUE 0 [get_hw_probes rec_freq_change_flag -of_objects [get_hw_vios -of_objects [get_hw_devices xc7vx690t_0] -filter {CELL_NAME=~"Inst_freq_change_flag"}]]
commit_hw_vio [get_hw_probes {rec_freq_change_flag} -of_objects [get_hw_vios -of_objects [get_hw_devices xc7vx690t_0] -filter {CELL_NAME=~"Inst_freq_change_flag"}]]
run_hw_ila [get_hw_ilas -of_objects [get_hw_devices xc7vx690t_0] -filter {CELL_NAME=~"Inst_rec_freq_change_syn/Inst_ila_rec_freq_change_syn"}]
INFO: [Labtools 27-1964] The ILA core 'hw_ila_2' trigger was armed at 2024-Mar-25 22:59:05
set_property OUTPUT_VALUE 1 [get_hw_probes rec_freq_change_flag -of_objects [get_hw_vios -of_objects [get_hw_devices xc7vx690t_0] -filter {CELL_NAME=~"Inst_freq_change_flag"}]]
commit_hw_vio [get_hw_probes {rec_freq_change_flag} -of_objects [get_hw_vios -of_objects [get_hw_devices xc7vx690t_0] -filter {CELL_NAME=~"Inst_freq_change_flag"}]]
wait_on_hw_ila [get_hw_ilas -of_objects [get_hw_devices xc7vx690t_0] -filter {CELL_NAME=~"Inst_rec_freq_change_syn/Inst_ila_rec_freq_change_syn"}]
upload_hw_ila_data [get_hw_ilas -of_objects [get_hw_devices xc7vx690t_0] -filter {CELL_NAME=~"Inst_rec_freq_change_syn/Inst_ila_rec_freq_change_syn"}]
INFO: [Labtools 27-1966] The ILA core 'hw_ila_2' triggered at 2024-Mar-25 22:59:07
write_hw_ila_data -csv_file {E:\wx\2_projects\caishu\AD\process3_5#1.csv} hw_ila_data_2
set_property OUTPUT_VALUE 0 [get_hw_probes rec_freq_change_flag -of_objects [get_hw_vios -of_objects [get_hw_devices xc7vx690t_0] -filter {CELL_NAME=~"Inst_freq_change_flag"}]]
commit_hw_vio [get_hw_probes {rec_freq_change_flag} -of_objects [get_hw_vios -of_objects [get_hw_devices xc7vx690t_0] -filter {CELL_NAME=~"Inst_freq_change_flag"}]]
run_hw_ila [get_hw_ilas -of_objects [get_hw_devices xc7vx690t_0] -filter {CELL_NAME=~"Inst_rec_freq_change_syn/Inst_ila_rec_freq_change_syn"}]
INFO: [Labtools 27-1964] The ILA core 'hw_ila_2' trigger was armed at 2024-Mar-25 22:59:16
set_property OUTPUT_VALUE 1 [get_hw_probes rec_freq_change_flag -of_objects [get_hw_vios -of_objects [get_hw_devices xc7vx690t_0] -filter {CELL_NAME=~"Inst_freq_change_flag"}]]
commit_hw_vio [get_hw_probes {rec_freq_change_flag} -of_objects [get_hw_vios -of_objects [get_hw_devices xc7vx690t_0] -filter {CELL_NAME=~"Inst_freq_change_flag"}]]
wait_on_hw_ila [get_hw_ilas -of_objects [get_hw_devices xc7vx690t_0] -filter {CELL_NAME=~"Inst_rec_freq_change_syn/Inst_ila_rec_freq_change_syn"}]
upload_hw_ila_data [get_hw_ilas -of_objects [get_hw_devices xc7vx690t_0] -filter {CELL_NAME=~"Inst_rec_freq_change_syn/Inst_ila_rec_freq_change_syn"}]
INFO: [Labtools 27-1966] The ILA core 'hw_ila_2' triggered at 2024-Mar-25 22:59:19
write_hw_ila_data -csv_file {E:\wx\2_projects\caishu\AD\process3_5#2.csv} hw_ila_data_2
set_property OUTPUT_VALUE 0 [get_hw_probes rec_freq_change_flag -of_objects [get_hw_vios -of_objects [get_hw_devices xc7vx690t_0] -filter {CELL_NAME=~"Inst_freq_change_flag"}]]
commit_hw_vio [get_hw_probes {rec_freq_change_flag} -of_objects [get_hw_vios -of_objects [get_hw_devices xc7vx690t_0] -filter {CELL_NAME=~"Inst_freq_change_flag"}]]
set_property OUTPUT_VALUE 0 [get_hw_probes rec_freq_change_flag -of_objects [get_hw_vios -of_objects [get_hw_devices xc7vx690t_0] -filter {CELL_NAME=~"Inst_freq_change_flag"}]]
commit_hw_vio [get_hw_probes {rec_freq_change_flag} -of_objects [get_hw_vios -of_objects [get_hw_devices xc7vx690t_0] -filter {CELL_NAME=~"Inst_freq_change_flag"}]]
run_hw_ila [get_hw_ilas -of_objects [get_hw_devices xc7vx690t_0] -filter {CELL_NAME=~"Inst_rec_freq_change_syn/Inst_ila_rec_freq_change_syn"}]
INFO: [Labtools 27-1964] The ILA core 'hw_ila_2' trigger was armed at 2024-Mar-25 22:59:32
set_property OUTPUT_VALUE 1 [get_hw_probes rec_freq_change_flag -of_objects [get_hw_vios -of_objects [get_hw_devices xc7vx690t_0] -filter {CELL_NAME=~"Inst_freq_change_flag"}]]
commit_hw_vio [get_hw_probes {rec_freq_change_flag} -of_objects [get_hw_vios -of_objects [get_hw_devices xc7vx690t_0] -filter {CELL_NAME=~"Inst_freq_change_flag"}]]
wait_on_hw_ila [get_hw_ilas -of_objects [get_hw_devices xc7vx690t_0] -filter {CELL_NAME=~"Inst_rec_freq_change_syn/Inst_ila_rec_freq_change_syn"}]
upload_hw_ila_data [get_hw_ilas -of_objects [get_hw_devices xc7vx690t_0] -filter {CELL_NAME=~"Inst_rec_freq_change_syn/Inst_ila_rec_freq_change_syn"}]
INFO: [Labtools 27-1966] The ILA core 'hw_ila_2' triggered at 2024-Mar-25 22:59:34
write_hw_ila_data -csv_file {E:\wx\2_projects\caishu\AD\process3_6#0.csv} hw_ila_data_2
set_property OUTPUT_VALUE 0 [get_hw_probes rec_freq_change_flag -of_objects [get_hw_vios -of_objects [get_hw_devices xc7vx690t_0] -filter {CELL_NAME=~"Inst_freq_change_flag"}]]
commit_hw_vio [get_hw_probes {rec_freq_change_flag} -of_objects [get_hw_vios -of_objects [get_hw_devices xc7vx690t_0] -filter {CELL_NAME=~"Inst_freq_change_flag"}]]
run_hw_ila [get_hw_ilas -of_objects [get_hw_devices xc7vx690t_0] -filter {CELL_NAME=~"Inst_rec_freq_change_syn/Inst_ila_rec_freq_change_syn"}]
INFO: [Labtools 27-1964] The ILA core 'hw_ila_2' trigger was armed at 2024-Mar-25 22:59:43
set_property OUTPUT_VALUE 1 [get_hw_probes rec_freq_change_flag -of_objects [get_hw_vios -of_objects [get_hw_devices xc7vx690t_0] -filter {CELL_NAME=~"Inst_freq_change_flag"}]]
commit_hw_vio [get_hw_probes {rec_freq_change_flag} -of_objects [get_hw_vios -of_objects [get_hw_devices xc7vx690t_0] -filter {CELL_NAME=~"Inst_freq_change_flag"}]]
wait_on_hw_ila [get_hw_ilas -of_objects [get_hw_devices xc7vx690t_0] -filter {CELL_NAME=~"Inst_rec_freq_change_syn/Inst_ila_rec_freq_change_syn"}]
upload_hw_ila_data [get_hw_ilas -of_objects [get_hw_devices xc7vx690t_0] -filter {CELL_NAME=~"Inst_rec_freq_change_syn/Inst_ila_rec_freq_change_syn"}]
INFO: [Labtools 27-1966] The ILA core 'hw_ila_2' triggered at 2024-Mar-25 22:59:45
write_hw_ila_data -csv_file {E:\wx\2_projects\caishu\AD\process3_6#1.csv} hw_ila_data_2
set_property OUTPUT_VALUE 0 [get_hw_probes rec_freq_change_flag -of_objects [get_hw_vios -of_objects [get_hw_devices xc7vx690t_0] -filter {CELL_NAME=~"Inst_freq_change_flag"}]]
commit_hw_vio [get_hw_probes {rec_freq_change_flag} -of_objects [get_hw_vios -of_objects [get_hw_devices xc7vx690t_0] -filter {CELL_NAME=~"Inst_freq_change_flag"}]]
run_hw_ila [get_hw_ilas -of_objects [get_hw_devices xc7vx690t_0] -filter {CELL_NAME=~"Inst_rec_freq_change_syn/Inst_ila_rec_freq_change_syn"}]
INFO: [Labtools 27-1964] The ILA core 'hw_ila_2' trigger was armed at 2024-Mar-25 22:59:54
set_property OUTPUT_VALUE 1 [get_hw_probes rec_freq_change_flag -of_objects [get_hw_vios -of_objects [get_hw_devices xc7vx690t_0] -filter {CELL_NAME=~"Inst_freq_change_flag"}]]
commit_hw_vio [get_hw_probes {rec_freq_change_flag} -of_objects [get_hw_vios -of_objects [get_hw_devices xc7vx690t_0] -filter {CELL_NAME=~"Inst_freq_change_flag"}]]
wait_on_hw_ila [get_hw_ilas -of_objects [get_hw_devices xc7vx690t_0] -filter {CELL_NAME=~"Inst_rec_freq_change_syn/Inst_ila_rec_freq_change_syn"}]
upload_hw_ila_data [get_hw_ilas -of_objects [get_hw_devices xc7vx690t_0] -filter {CELL_NAME=~"Inst_rec_freq_change_syn/Inst_ila_rec_freq_change_syn"}]
INFO: [Labtools 27-1966] The ILA core 'hw_ila_2' triggered at 2024-Mar-25 22:59:56
write_hw_ila_data -csv_file {E:\wx\2_projects\caishu\AD\process3_6#2.csv} hw_ila_data_2
set_property OUTPUT_VALUE 0 [get_hw_probes rec_freq_change_flag -of_objects [get_hw_vios -of_objects [get_hw_devices xc7vx690t_0] -filter {CELL_NAME=~"Inst_freq_change_flag"}]]
commit_hw_vio [get_hw_probes {rec_freq_change_flag} -of_objects [get_hw_vios -of_objects [get_hw_devices xc7vx690t_0] -filter {CELL_NAME=~"Inst_freq_change_flag"}]]
set_property OUTPUT_VALUE 0 [get_hw_probes rec_freq_change_flag -of_objects [get_hw_vios -of_objects [get_hw_devices xc7vx690t_0] -filter {CELL_NAME=~"Inst_freq_change_flag"}]]
commit_hw_vio [get_hw_probes {rec_freq_change_flag} -of_objects [get_hw_vios -of_objects [get_hw_devices xc7vx690t_0] -filter {CELL_NAME=~"Inst_freq_change_flag"}]]
run_hw_ila [get_hw_ilas -of_objects [get_hw_devices xc7vx690t_0] -filter {CELL_NAME=~"Inst_rec_freq_change_syn/Inst_ila_rec_freq_change_syn"}]
INFO: [Labtools 27-1964] The ILA core 'hw_ila_2' trigger was armed at 2024-Mar-25 23:00:10
set_property OUTPUT_VALUE 1 [get_hw_probes rec_freq_change_flag -of_objects [get_hw_vios -of_objects [get_hw_devices xc7vx690t_0] -filter {CELL_NAME=~"Inst_freq_change_flag"}]]
commit_hw_vio [get_hw_probes {rec_freq_change_flag} -of_objects [get_hw_vios -of_objects [get_hw_devices xc7vx690t_0] -filter {CELL_NAME=~"Inst_freq_change_flag"}]]
wait_on_hw_ila [get_hw_ilas -of_objects [get_hw_devices xc7vx690t_0] -filter {CELL_NAME=~"Inst_rec_freq_change_syn/Inst_ila_rec_freq_change_syn"}]
INFO: [Common 17-206] Exiting Vivado at Mon Mar 25 23:00:17 2024...
